srun: Job step aborted: Waiting up to 32 seconds for job step to finish.
slurmstepd-cn01: error: *** STEP 154273.0 ON cn01 CANCELLED AT 2025-12-22T12:58:12 ***
slurmstepd-cn01: error: *** JOB 154273 ON cn01 CANCELLED AT 2025-12-22T12:58:12 ***
