[ERROR] Command file not found: commands/run_commands_10.txt
srun: error: cn25: task 0: Exited with exit code 1
