[INFO] Activating existing environment...
==========================================
 SLURM JOB STATISTICS
==========================================
Job ID:        154793
Node:          cn25
User:          ulvi.findik
Date:          Thu Jan 15 15:53:34 +03 2026
Input File:    grasp_single_thread_commands/run_commands_3.txt
------------------------------------------
 CPU Details:
Model name:          Intel(R) Xeon(R) Gold 6130 CPU @ 2.10GHz
CPU Cores:     31
------------------------------------------
 Memory Details:
              total        used        free      shared  buff/cache   available
Mem:          251Gi       1.4Gi       238Gi        11Gi        11Gi       237Gi
Swap:            0B          0B          0B
==========================================

Starting execution of 240 commands...

[1/240] Starting command 1...
Executing: ./gradlew runGrasp -PinstancePath="instances/density=LOW_nInventory=15_nHours=4_seed=9.json" -PoutputPath="output/singleThreadGrasp" -PtimeLimit=300 -PsearchMode="BEST_IMPROVEMENT" -PskipProbability=0 -PlocalSearchMoves="insert,outOfPool,interSwap,shift,transfer,intraSwap" -Pseed=0 -PalphaType="FIXED" -Palpha=0.25
Command failed with return code: 1
Error: WARNING: A restricted method in java.lang.System has been called
WARNING: java.lang.System::load has been called by net.rubygrapefruit.platform.internal.NativeLibraryLoader in an unnamed module (file:/cta/users/ulvi.findik/.gradle/wrapper/dists/gradle-9.2.1-bin/2t0n5ozlw9xmuyvbp7dnzaxug/gradle-9.2.1/lib/native-platform-0.22-milestone-29.jar)
WARNING: Use --enable-native-access=ALL-UNNAMED to avoid a warning for callers in this module
WARNING: Restricted methods will be blocked in a future release unless native access is enabled


FAILURE: Build failed with an exception.

* What went wrong:
A problem occurred configuring root project 'TVCommercialScheduling'.
> The contents of the immutable workspace '/cta/users/ulvi.findik/.gradle/caches/9.2.1/kotlin-dsl/accessors/e62d795655a7a373a371bad09d6868a0' have been modified. These workspace directories are not supposed to be modified once they are created. The modification might have been caused by an external process, or could be the result of disk corruption.
  classes:
   - classes (Directory, 56d4cba66ed6400d0dd209bad3b2f0ab)
     - META-INF (Directory, a021cdceccb96ea494b131a537c4d45a)
       - classes.kotlin_module (RegularFile, 1d01a6cfb72158c529ba6fc68a75ea5d)
     - org (Directory, b82f0102920b0937c1866605bf995e51)
       - gradle (Directory, 8af5026f34e0059531b15aac70327a26)
         - kotlin (Directory, 32dd5c4212078d89d89d199df9d05925)
           - dsl (Directory, 68251082821970e3f2c80a7e4c249502)
             - Accessors1fs3wrxdosf2ka31sf0gje7j1Kt.class (RegularFile, 367ea254a452ce426fb6de3f60995698)
             - Accessors1vc5ojqnd7f0dgmcaq6blw3npKt.class (RegularFile, 7d1e406373f4ff434cd5a5dfc9fea9c6)
             - Accessors22lqpdpak3qpmy37wqy1qw17lKt.class (RegularFile, e4b421a4d81305ca295ff84cb6017424)
             - Accessors25gzmrwvti7g9wlfaiaxtb3a2Kt.class (RegularFile, 22db5f39ddc35aea439052d84c837068)
             - Accessors2g5epxeyye0j2zlp62h6aad2oKt.class (RegularFile, 175ea3a320d4cad6dd6c69496e094c7f)
             - Accessors2g7vjsrso8j52iodhg0tff11gKt.class (RegularFile, ee20ef85c81aa324076a4de8714885e7)
             - Accessors2qky2eojh91w0xj5jyia7c9ltKt.class (RegularFile, 9bc36ee09c2f554c8d5e38880b8630f3)
             - Accessors2y3qmtkmk3qb3zvtsnb7mkugkKt.class (RegularFile, 2aa40c82906ac6a5def82648bb986d84)
             - Accessors30t2f6yfiutsmabi1tmq15qw8Kt.class (RegularFile, a688d12071f6aab6db5c151ac32eb1ab)
             - Accessors337zjoz5qsbasch1okns2ran3Kt.class (RegularFile, 7965c9797d5eb4f412d61b9484a9ef9a)
             - Accessors37tjhwvheu8bq0e6jokqe7tfxKt.class (RegularFile, 48f3a92ecece1971f49ce199fc440e9b)
             - Accessors3g8bczlt7g0zdc4zg06md12mzKt.class (RegularFile, 7f0d94dfcccf48ea03dc76c79dbb3b90)
             - Accessors3r9f54p789zj6hip6vw8mm2voKt.class (RegularFile, e6aa8359d6307b980703f02920804f2c)
             - Accessors3u8ph69ek2e5jp540mhz6dpxeKt.class (RegularFile, 049b135ebf00b6c1a114ebf5acbd2f8f)
             - Accessors3z43w53nnfonayurfzc8m4wnjKt.class (RegularFile, a116c69476dc5bfda52740ca1275fa73)
             - Accessors3zugebwx2u26vj4mwb94vmnhkKt.class (RegularFile, dc4477f6971a565a1cf29fe36c1ecace)
             - Accessors400p2vbr8w1trtjqiz0qkgrnlKt.class (RegularFile, 2aae464b22fafb6fb2b4251fe6057f21)
             - Accessors41753bxofjksfm0ve2v107ce1Kt.class (RegularFile, fd8a234acbc7b307c59e8909fd0e7207)
             - Accessors4ilah3ljo6b81jica4fxpg06hKt.class (RegularFile, 02663bbff9ba431d47c5a419ecc35fe2)
             - Accessors4qehku0p9fscm3xeaddworifcKt.class (RegularFile, 516f49c2babf81514a0c27b8bd06ed3a)
             - Accessors4rsxn4bfjbbqlphw7xb39mbg2Kt.class (RegularFile, e5013be4a4e87c1873108c4304736eed)
             - Accessors4srkv7t7zutu0cgxiycjjfmktKt.class (RegularFile, a2f1c7fab648d611a3c730c372f2d1aa)
             - Accessors4utk9s9wkq1gwnfaumz2ci2i4Kt.class (RegularFile, e4b421a4d81305ca295ff84cb6017424)
             - Accessors4vifg8gzy2a7k2v5ombthh1q1Kt.class (RegularFile, 71947af2708c05b31e1474d237d0285a)
             - Accessors4xjj5cwoccnv1ueo1z57aygvyKt.class (RegularFile, 9a4e3014e219cf8c0dbe42c3d3465a80)
             - Accessors4xsvbsv0xr5dr62eja7ywms6fKt.class (RegularFile, 42f651b3c5e6716e587da32410f7c3bd)
             - Accessors4yaxtnbpkg64y49crl7pfoiphKt.class (RegularFile, 68cc60419b0f8dbb3aa77cedf990f0b6)
             - Accessors54jzbiw56ns2oqpcbh1elzsroKt.class (RegularFile, bc5c54ca8394ac3e5318c6e0d795e660)
             - Accessors5ahnjddwfewopj5p9tcumx3nzKt.class (RegularFile, 05ac085d943d3b828c710af94e90ca57)
             - Accessors5n84r8d0wlgk7ty6rfnleln5aKt.class (RegularFile, 70a38e8ad9c6fc34d26f1c48cac516f2)
             - Accessors5smabyp1q8mjtmxogm0ieruhwKt.class (RegularFile, 9cd136d8cb50a14910dab8e5a9bd4d27)
             - Accessors5urrp1ncojq9oq026jmbw5g2zKt.class (RegularFile, 2ebe6dcc3e7365a4028cd4f12e40ccdb)
             - Accessors68w2nqo390wbm2ixo92v280ggKt.class (RegularFile, ae94c0acd6ca2e4210e35083eb91a5cf)
             - Accessors6bde16w5s47vxiwgcklnuvsgcKt.class (RegularFile, 2b1f52f3ba48f9f3e7597e855459b7d8)
             - Accessors6vdwjhcp8dvjsg2xoo69liytfKt.class (RegularFile, e6309c21cede71a6edff6ae09387daca)
             - Accessors755qfgs1mebxgj2rkmtzq31iwKt.class (RegularFile, de259e289849897f847a5c2ac6ba4a28)
             - Accessors75xkem3lde4pem4br2cwiigylKt.class (RegularFile, e1053bf302a872b42cd667104a58be75)
             - Accessors79i8yl1a3cgxa33y37u942becKt.class (RegularFile, 25cbccd7537fab6cb03c508a45e0ae7c)
             - Accessors7aku3vjeg8daft93gf2grwhmtKt.class (RegularFile, 9bf10e43a5168f5a4fa7dba23f6a4e82)
             - Accessors7gwyi5l0uer6owf7iu635a0mlKt.class (RegularFile, 2e861506a573f043812b7adc856ebba7)
             - Accessors81bx44mzozzdlqoz1grrvxzbgKt.class (RegularFile, 00ae6ae71d147d49919afe75ce69bbb6)
             - Accessors88qjd5uw9hopt5h269yhdp7xkKt.class (RegularFile, 35cccc06646b8c1e048a7ce438bb44ce)
             - Accessors8nbd8gvna76ul0d0a5vb0ey5fKt.class (RegularFile, 7d5e042d897c87b383e00958983f42fc)
             - Accessors8pc1hh5jxh28xkm7zjz6bf1vkKt.class (RegularFile, f214604d19455febbcd23c7ec888874e)
             - Accessors8r3pzu8s5dgb513rury213rqpKt.class (RegularFile, 6d4b2139c9210405ec0e9a3f01439ee2)
             - Accessors8td4devrrwikhzxu1to1g92gqKt.class (RegularFile, 3da440cfa7a0d5b9f8d899270a598a59)
             - Accessors94wlxq8xekin31xjbkefz82d3Kt.class (RegularFile, 14f220ce66a65d8929f0dc8f6f089b8d)
             - Accessors967wex44zqy70zm5u1wde8ntbKt.class (RegularFile, 9570b4097beb2255e418dcd5cb724b85)
             - Accessors98whoj51ui4r5h8p91zbn54pjKt.class (RegularFile, bc27685992d3efa374f3fd268825bc07)
             - Accessors9adivy4f6l6d8g56phbztb03mKt.class (RegularFile, 92e6854b934a57ffdb59e2627fb39fab)
             - Accessors9tta56tlj7j7pbo2zpo3u1i94Kt.class (RegularFile, 5c1fd150ab48a7bd44450b0286f40f2e)
             - Accessors9vima736ghgz222gu2to8zzdxKt.class (RegularFile, 1707ab4a98408b8eb638061b91882235)
             - Accessorsakm04274c22y1kwaaolwod9e9Kt.class (RegularFile, 58f6fe6f50129c7763c206b9e16d2343)
             - Accessorsarn1h9iwtq4k7nkbaatlvxnbcKt.class (RegularFile, 5e16741d77a6a63ee2979f56c803a6c3)
             - Accessorsb79i79k7aviornwuvyq7l346vKt.class (RegularFile, cec84a6a85ad6fc6fea74d469c337351)
             - Accessorsb94ps7g8m8ustkyppkzez48xpKt.class (RegularFile, e4702570c1fbcadd4578b3fd173bc613)
             - Accessorsbhj18kij3h6d7ssnuczhux6xmKt.class (RegularFile, 131de271431a94579e28f5efcbbb3e19)
             - Accessorsbinuh2dmy82szfgqwl4ef9ib0Kt.class (RegularFile, 0b8331f183e934e3c8f7b350b83d7329)
             - Accessorsbkp53nj6ofivd4brca1h7g7kjKt.class (RegularFile, e5c3e310ec41a17c9d3ede7b8178f242)
             - Accessorsbrpmg1lsvr4drchx946gy7gfcKt.class (RegularFile, b7329e8216e25aeda6582c649e5c3bbc)
             - Accessorsbu4celzmx94h5ebu8epruan0bKt.class (RegularFile, 7c12af82ef00e0ea0cff3114a3c017e4)
             - Accessorsc55rdf2hvf7q237ib6mck2q7Kt.class (RegularFile, 4cc319e1487c6b74fbd720ebd25ace20)
             - Accessorscezdufs7l7p6s9szrj0wtc3s7Kt.class (RegularFile, 3598082ebfc94accadad1b3bbd1698ba)
             - Accessorscmejyt0dpu7fa2wz9lzfkhl96Kt.class (RegularFile, fee9d356818fec46f67cd6e123d803ea)
             - Accessorscrn1jef4u3rcf4o72a8wsn7n0Kt.class (RegularFile, 44937179b5601ee9feaf52101794ab65)
             - Accessorsd9m6fkxq7ghqiwg81lfnu9t5Kt.class (RegularFile, c619c3e90a937f0bbd137f980c7c7b79)
             - Accessorsd9v5jc44ay2w45lzvv9lvk5anKt.class (RegularFile, 70ccf597f8b48aa6333d7d6380e01d34)
             - Accessorsdcugyag3mkhmw72niu0q0oab8Kt.class (RegularFile, 4a5f28bb78619f5414923e171774ff93)
             - Accessorsdk8bu47ke6eti4t7vniq1ydwKt.class (RegularFile, 1dcaf763b9d8b38c19f052f318b04adc)
             - Accessorsdmi6n01qn38y8s4gxjoau9usoKt.class (RegularFile, 77128e7cf2dd054eefb99c221f649591)
             - Accessorsdrmm11332nlkjzc9h83jsq6zxKt.class (RegularFile, 005cd30c0a3ef611aeca09d88d6f94fd)
             - Accessorse1mcln29pxvklev73nhcsm2qaKt.class (RegularFile, 5d33997227085ec2c1a5383284381584)
             - Accessorse8t42x25xgc337ayyrtxu0b51Kt.class (RegularFile, 9979ab2abc1d7e98e5e4cae746eab61a)
             - Accessorsefaf4qyddh684d3vhn1r8m4c8Kt.class (RegularFile, 3dd280342d85f9b0841eafe2492aba7f)
             - Accessorserpuo9ri63i4ut3d5pyptv112Kt.class (RegularFile, 7e9b2092ece1d55863964d2efd8ab738)
             - Accessorsexiottiqdoq5rm4qirwgv19flKt.class (RegularFile, 42ec4c31078d2135062ed8dcd0f48ba4)
             - Accessorsf11l8bkjl2p5umjgiuxwmgh3sKt.class (RegularFile, 11d3712c9969e742de061a9c1aefd432)
             - Accessorsnmns7jvnets03na1atu2vvojKt.class (RegularFile, 8ae3c8d4dd3f999fc60d4a9c3d408757)
             - Accessorsru6gx7sfokphljom41w3ebxjKt.class (RegularFile, cb1950ae5ff9cc7d349416f2d42c9248)
             - Accessorsrwr6d9uymuyi3y62uh7abazrKt.class (RegularFile, 11604ac7a47dc2d49b54949660c50cea)
             - Accessorss4mv13p2vk44hu1562ndrq1nKt.class (RegularFile, ad3d879f6956677e33bc48124448182e)
             - Accessorsspgwg3tig051v3x33c5t7bdcKt.class (RegularFile, bf8eda823fd15043b8b3346d6c779a9a)
             - AnnotationProcessorConfigurationAccessorsKt.class (RegularFile, 8dbc27280d0c93338a31ba54e647a0f6)
             - ApiElementsConfigurationAccessorsKt.class (RegularFile, 6ccf7976a6d46c7f7c96a457f071cad9)
             - ArchivesConfigurationAccessorsKt.class (RegularFile, 36ad2d3d717b1d7dc2d1228e9a0266a5)
             - CompileClasspathConfigurationAccessorsKt.class (RegularFile, f94a004a8f156d0aec9544e6ddf4ddf6)
             - CompileOnlyConfigurationAccessorsKt.class (RegularFile, 45d0a290de5a3ac5ff4733c1f8a1218c)
             - DefaultConfigurationAccessorsKt.class (RegularFile, c5386595efab3a6b04d904a80b12ff2d)
             - ImplementationConfigurationAccessorsKt.class (RegularFile, 9f5e34c0f1dcd32c723d32f3211763d9)
             - MainSourceElementsConfigurationAccessorsKt.class (RegularFile, 23c2a161af7de7c45e522e91e9538fed)
             - RuntimeClasspathConfigurationAccessorsKt.class (RegularFile, 611b08bb01b560f5e4981294ce50420e)
             - RuntimeElementsConfigurationAccessorsKt.class (RegularFile, e60a7ecffbc03d52d1385b7454b82916)
             - RuntimeOnlyConfigurationAccessorsKt.class (RegularFile, 5aef89a959768288eae2c4a94f1e1c99)
             - TestAnnotationProcessorConfigurationAccessorsKt.class (RegularFile, 59cbc27ada2239d54754b47852c49503)
             - TestCompileClasspathConfigurationAccessorsKt.class (RegularFile, f722731f7f1a793defb5bfd10b7f836a)
             - TestCompileOnlyConfigurationAccessorsKt.class (RegularFile, d2e2325ab8058f34d8700a24d4df0295)
             - TestImplementationConfigurationAccessorsKt.class (RegularFile, d64db99df8d9c7a8fde711d1bd4f6445)
             - TestResultsElementsForTestConfigurationAccessorsKt.class (RegularFile, 81b5f8783938d16a85acea799cd9b6ec)
             - TestRuntimeClasspathConfigurationAccessorsKt.class (RegularFile, 4e3a77dd83b4ad4be82bfcf11e02c926)
             - TestRuntimeOnlyConfigurationAccessorsKt.class (RegularFile, 82eefd9fdc8b5e93fe81156cf1d7680d)
  
  sources:
   - sources (Directory, 0cbd0065595034480e44098dec78ced2)
     - org (Directory, 407610e6939b872c13f2d6321b0fd56a)
       - gradle (Directory, 01b78e41f9dfba34beb88cb7e48f9907)
         - kotlin (Directory, df08337ccd569f8da97252b0549c19cf)
           - dsl (Directory, a25528d902be984f9ea1104306a667f0)
             - Accessors1fs3wrxdosf2ka31sf0gje7j1.kt (RegularFile, a928b706ac4467ce6f7e304d3daf9b69)
             - Accessors1vc5ojqnd7f0dgmcaq6blw3np.kt (RegularFile, 5254fc2b135bf1ace1f0fa0e9dc6a694)
             - Accessors22lqpdpak3qpmy37wqy1qw17l.kt (RegularFile, fa93545b8ca4b30cec104018ae8bd6ec)
             - Accessors25gzmrwvti7g9wlfaiaxtb3a2.kt (RegularFile, 8efdbd6a40f22d2693e625ac8f3a547d)
             - Accessors2g5epxeyye0j2zlp62h6aad2o.kt (RegularFile, edd2212c77c37d7a0a23e44fff32cd06)
             - Accessors2g7vjsrso8j52iodhg0tff11g.kt (RegularFile, 9758e19278d6b5f593d576856659c795)
             - Accessors2qky2eojh91w0xj5jyia7c9lt.kt (RegularFile, c804a1ff9bf8c0a2a10e94a3e8cef284)
             - Accessors2y3qmtkmk3qb3zvtsnb7mkugk.kt (RegularFile, b98976829115e203ae5697641c904cb3)
             - Accessors30t2f6yfiutsmabi1tmq15qw8.kt (RegularFile, 92dca26f97269b00f5b0e7088d1c1a0d)
             - Accessors337zjoz5qsbasch1okns2ran3.kt (RegularFile, e3148dcdc7553cc420415ff4a3a58154)
             - Accessors37tjhwvheu8bq0e6jokqe7tfx.kt (RegularFile, 02dce6a65f7fc15e448d99866d48a3ad)
             - Accessors3g8bczlt7g0zdc4zg06md12mz.kt (RegularFile, 0e474f2f2bab2c888a6ce635139033e9)
             - Accessors3r9f54p789zj6hip6vw8mm2vo.kt (RegularFile, 4220a210754989b5caa7963920a767fd)
             - Accessors3u8ph69ek2e5jp540mhz6dpxe.kt (RegularFile, 0ba93dd92a3bdd7a50d9e245e8daeff9)
             - Accessors3z43w53nnfonayurfzc8m4wnj.kt (RegularFile, ee304146cf0ba99c877c3ab841d3bb22)
             - Accessors3zugebwx2u26vj4mwb94vmnhk.kt (RegularFile, 10e03a789ad2100872362cbb338539fe)
             - Accessors400p2vbr8w1trtjqiz0qkgrnl.kt (RegularFile, 053a1ec94f533d7ee9a5c14199c7f485)
             - Accessors41753bxofjksfm0ve2v107ce1.kt (RegularFile, dada493041ebe7c7e43cd1c929c2b96d)
             - Accessors4ilah3ljo6b81jica4fxpg06h.kt (RegularFile, cdf99ba9fd1be7a66d37f96086425fc3)
             - Accessors4qehku0p9fscm3xeaddworifc.kt (RegularFile, 08d8f09ed7f8315334fb3b020188bf92)
             - Accessors4rsxn4bfjbbqlphw7xb39mbg2.kt (RegularFile, dac7bacc3d7a79a746a86f16cf80a4dc)
             - Accessors4srkv7t7zutu0cgxiycjjfmkt.kt (RegularFile, 9b5ba4ef02f3a2020081f51be4202079)
             - Accessors4utk9s9wkq1gwnfaumz2ci2i4.kt (RegularFile, b431d336c1c5af61e1e0122034f61237)
             - Accessors4vifg8gzy2a7k2v5ombthh1q1.kt (RegularFile, 98dad838853b4a869f9220e354b21cda)
             - Accessors4xjj5cwoccnv1ueo1z57aygvy.kt (RegularFile, e0131978f11565c81a4f99b84ce43a64)
             - Accessors4xsvbsv0xr5dr62eja7ywms6f.kt (RegularFile, 276672a97be96132e2e5fc63f6650415)
             - Accessors4yaxtnbpkg64y49crl7pfoiph.kt (RegularFile, ec120ddd4747b11a9dff605fd62aa1bf)
             - Accessors54jzbiw56ns2oqpcbh1elzsro.kt (RegularFile, 9ae0d525bda5ee11562b876f8f1f7a99)
             - Accessors5ahnjddwfewopj5p9tcumx3nz.kt (RegularFile, 8c8e4dade8eb5c2be0676d1c4a8a5337)
             - Accessors5n84r8d0wlgk7ty6rfnleln5a.kt (RegularFile, a9d4f05ee58f9c5c82306cb06e67ab51)
             - Accessors5smabyp1q8mjtmxogm0ieruhw.kt (RegularFile, af0380244da3ca19c1154a7a130a2677)
             - Accessors5urrp1ncojq9oq026jmbw5g2z.kt (RegularFile, d2c74a09004a01226fc1f00fd0e76657)
             - Accessors68w2nqo390wbm2ixo92v280gg.kt (RegularFile, 78ad49b00cb2d6c0b66414d67e990333)
             - Accessors6bde16w5s47vxiwgcklnuvsgc.kt (RegularFile, 520f0b160bd45413be17f1b82dcc318d)
             - Accessors6vdwjhcp8dvjsg2xoo69liytf.kt (RegularFile, c1c712cecf515cb408f6824180090991)
             - Accessors755qfgs1mebxgj2rkmtzq31iw.kt (RegularFile, a5add187e1ab04c8e66b6efcb0c920fb)
             - Accessors75xkem3lde4pem4br2cwiigyl.kt (RegularFile, cb656528370a48e610eaf3cc900e6098)
             - Accessors79i8yl1a3cgxa33y37u942bec.kt (RegularFile, cd84fd7c220e482b534396c9e98cab2a)
             - Accessors7aku3vjeg8daft93gf2grwhmt.kt (RegularFile, f095dc0b190c735062e812322f62de55)
             - Accessors7gwyi5l0uer6owf7iu635a0ml.kt (RegularFile, a03094c087a77b34b7b0d4e62c9bceb1)
             - Accessors81bx44mzozzdlqoz1grrvxzbg.kt (RegularFile, b1fc509afa5282c5655e43771325540b)
             - Accessors88qjd5uw9hopt5h269yhdp7xk.kt (RegularFile, c74782aaed15bc3f1190c54bdc44484c)
             - Accessors8nbd8gvna76ul0d0a5vb0ey5f.kt (RegularFile, 6636ffe88f05884ded3d0e180c836363)
             - Accessors8pc1hh5jxh28xkm7zjz6bf1vk.kt (RegularFile, e28dbfb6a315d968b979bbae8b5b02ff)
             - Accessors8r3pzu8s5dgb513rury213rqp.kt (RegularFile, 979d24b24ca5d784573da9d6f240e84e)
             - Accessors8td4devrrwikhzxu1to1g92gq.kt (RegularFile, af0234cb7dc698ecab5e741192241dab)
             - Accessors94wlxq8xekin31xjbkefz82d3.kt (RegularFile, 6d5b64041e248ac9f1054c27654b809d)
             - Accessors967wex44zqy70zm5u1wde8ntb.kt (RegularFile, c871768a385c762b46edb38404ef4ffd)
             - Accessors98whoj51ui4r5h8p91zbn54pj.kt (RegularFile, 65b7cfe900f4c051e99323d969c39389)
             - Accessors9adivy4f6l6d8g56phbztb03m.kt (RegularFile, d7cafa5b61d64e77183cfc8898c4513e)
             - Accessors9tta56tlj7j7pbo2zpo3u1i94.kt (RegularFile, 5b78431174b092da74c24b780993ab61)
             - Accessors9vima736ghgz222gu2to8zzdx.kt (RegularFile, 5c850e515c464a2beabe617c2061336b)
             - Accessorsakm04274c22y1kwaaolwod9e9.kt (RegularFile, aee6aa48b64bd431e8b456a3faf75f51)
             - Accessorsarn1h9iwtq4k7nkbaatlvxnbc.kt (RegularFile, 69dfe97668e75261d55c406192d2c5b8)
             - Accessorsb79i79k7aviornwuvyq7l346v.kt (RegularFile, 33f9240f26beac7f2487f732b4032f78)
             - Accessorsb94ps7g8m8ustkyppkzez48xp.kt (RegularFile, c0b52afaaa152f330ca513f117673f73)
             - Accessorsbhj18kij3h6d7ssnuczhux6xm.kt (RegularFile, 0ba93dd92a3bdd7a50d9e245e8daeff9)
             - Accessorsbinuh2dmy82szfgqwl4ef9ib0.kt (RegularFile, 164a167d661d543dc50a417b17011400)
             - Accessorsbkp53nj6ofivd4brca1h7g7kj.kt (RegularFile, 9a331b377697b0660fb05ffbc8cf1b2a)
             - Accessorsbrpmg1lsvr4drchx946gy7gfc.kt (RegularFile, 67054fbfe8da6e16ca69538493743e25)
             - Accessorsbu4celzmx94h5ebu8epruan0b.kt (RegularFile, 8dec27238300221e55b9fe8459ecc61f)
             - Accessorsc55rdf2hvf7q237ib6mck2q7.kt (RegularFile, d586280a00f541588bfae3cf2ddc1e8a)
             - Accessorscezdufs7l7p6s9szrj0wtc3s7.kt (RegularFile, a00624b6cfb11f50cec97cbda3565dc0)
             - Accessorscmejyt0dpu7fa2wz9lzfkhl96.kt (RegularFile, e613361b2360466d63353725b9161b3c)
             - Accessorscrn1jef4u3rcf4o72a8wsn7n0.kt (RegularFile, f26ce3b2418493818d507b0e1b542850)
             - Accessorsd9m6fkxq7ghqiwg81lfnu9t5.kt (RegularFile, ec81177fd28406bd3f425fe61e7a4f84)
             - Accessorsd9v5jc44ay2w45lzvv9lvk5an.kt (RegularFile, d631edd2909f8b2770bc9b767025011a)
             - Accessorsdcugyag3mkhmw72niu0q0oab8.kt (RegularFile, d8b8d0031eeae3435c72007d7887bffc)
             - Accessorsdk8bu47ke6eti4t7vniq1ydw.kt (RegularFile, 8857eb97b5d89a34f6b7d4ad7ed64abf)
             - Accessorsdmi6n01qn38y8s4gxjoau9uso.kt (RegularFile, 33837e613a031615092b1afb8cdc1491)
             - Accessorsdrmm11332nlkjzc9h83jsq6zx.kt (RegularFile, babb16d4bf49e957eb0f39ff1415440e)
             - Accessorse1mcln29pxvklev73nhcsm2qa.kt (RegularFile, a03094c087a77b34b7b0d4e62c9bceb1)
             - Accessorse8t42x25xgc337ayyrtxu0b51.kt (RegularFile, 14e8196a4d81ff7ad0ad7df1fd3c24f5)
             - Accessorsefaf4qyddh684d3vhn1r8m4c8.kt (RegularFile, 5bc93a32c8bae605361b5087dc203fe1)
             - Accessorserpuo9ri63i4ut3d5pyptv112.kt (RegularFile, a6f81a9199f84247be16742a7561e940)
             - Accessorsexiottiqdoq5rm4qirwgv19fl.kt (RegularFile, e046e08cfa55f4810eead4f14bbe5546)
             - Accessorsf11l8bkjl2p5umjgiuxwmgh3s.kt (RegularFile, 36364430784c1bba4d63c67d2ffe394d)
             - Accessorsnmns7jvnets03na1atu2vvoj.kt (RegularFile, 5b86b7f8c215e4e793fa2b09f920e6cb)
             - Accessorsru6gx7sfokphljom41w3ebxj.kt (RegularFile, 5690dac28298bbac0c1c37569bf2b796)
             - Accessorsrwr6d9uymuyi3y62uh7abazr.kt (RegularFile, ef47b3a4574998282e466ee680a8ec63)
             - Accessorss4mv13p2vk44hu1562ndrq1n.kt (RegularFile, e15b25cb7fb9356c7ca2573ac1706ad6)
             - Accessorsspgwg3tig051v3x33c5t7bdc.kt (RegularFile, 5aa6a91aeb64468df116b263ed744746)
             - AnnotationProcessorConfigurationAccessors.kt (RegularFile, 4505f64a66ca3712ca76d504bdab01b2)
             - ApiElementsConfigurationAccessors.kt (RegularFile, 80592564708e2edaf535ee809a12267c)
             - ArchivesConfigurationAccessors.kt (RegularFile, c45eb93e0a679fa8f8e63c61b74510e0)
             - CompileClasspathConfigurationAccessors.kt (RegularFile, e69f848f9fa9f070e9b4d2c22a5fce96)
             - CompileOnlyConfigurationAccessors.kt (RegularFile, 6c3b1d9ada4333eec8f4fc792826d23e)
             - DefaultConfigurationAccessors.kt (RegularFile, c7ec6fc11dac4ee5d7036fa70875d892)
             - ImplementationConfigurationAccessors.kt (RegularFile, 1d0141816d2c5b39d84acd1c9f965dd5)
             - MainSourceElementsConfigurationAccessors.kt (RegularFile, 765a11b46c9d5e17022cbb0bc192453f)
             - RuntimeClasspathConfigurationAccessors.kt (RegularFile, c2a781f33536cd5d7c2b9ef38edd7d13)
             - RuntimeElementsConfigurationAccessors.kt (RegularFile, 6b1df2c8ed9cd1505e0c1767d42f26bc)
             - RuntimeOnlyConfigurationAccessors.kt (RegularFile, 2fc23a2b3fd664001528a13764db500d)
             - TestAnnotationProcessorConfigurationAccessors.kt (RegularFile, 46c2f7b8319818cfe462c17e989846c4)
             - TestCompileClasspathConfigurationAccessors.kt (RegularFile, a22436e403c2ce5381df95cd47f94594)
             - TestCompileOnlyConfigurationAccessors.kt (RegularFile, 4ce55d633a256285feb8699fec3aa77f)
             - TestImplementationConfigurationAccessors.kt (RegularFile, 09de12c21afc68cedd1074e90b31df30)
             - TestResultsElementsForTestConfigurationAccessors.kt (RegularFile, 9184d1a302cac3d4647935a5f7f9178d)
             - TestRuntimeClasspathConfigurationAccessors.kt (RegularFile, bb7d5741eb6ee840ac7eec2669c5a42a)
             - TestRuntimeOnlyConfigurationAccessors.kt (RegularFile, 4d4556b71a95d9f3809905700a95bfd8)


* Try:
> Run with --stacktrace option to get the stack trace.
> Run with --info or --debug option to get more log output.
> Run with --scan to generate a Build Scan (powered by Develocity).
> Get more help at https://help.gradle.org.

BUILD FAILED in 21s

Starting a Gradle Daemon, 1 busy and 1 incompatible and 42 stopped Daemons could not be reused, use --status for details

Command 1 FAILED (Duration: 21.78s)

[2/240] Starting command 2...
Executing: ./gradlew runGrasp -PinstancePath="instances/density=LOW_nInventory=15_nHours=4_seed=9.json" -PoutputPath="output/singleThreadGrasp" -PtimeLimit=300 -PsearchMode="BEST_IMPROVEMENT" -PskipProbability=0.25 -PlocalSearchMoves="insert,outOfPool,interSwap,shift,transfer,intraSwap" -Pseed=0 -PalphaType="FIXED" -Palpha=0.25
Command failed with return code: 1
Error: WARNING: A restricted method in java.lang.System has been called
WARNING: java.lang.System::load has been called by net.rubygrapefruit.platform.internal.NativeLibraryLoader in an unnamed module (file:/cta/users/ulvi.findik/.gradle/wrapper/dists/gradle-9.2.1-bin/2t0n5ozlw9xmuyvbp7dnzaxug/gradle-9.2.1/lib/native-platform-0.22-milestone-29.jar)
WARNING: Use --enable-native-access=ALL-UNNAMED to avoid a warning for callers in this module
WARNING: Restricted methods will be blocked in a future release unless native access is enabled


FAILURE: Build failed with an exception.

* What went wrong:
A problem occurred configuring root project 'TVCommercialScheduling'.
> The contents of the immutable workspace '/cta/users/ulvi.findik/.gradle/caches/9.2.1/kotlin-dsl/accessors/e62d795655a7a373a371bad09d6868a0' have been modified. These workspace directories are not supposed to be modified once they are created. The modification might have been caused by an external process, or could be the result of disk corruption.
  classes:
   - classes (Directory, 56d4cba66ed6400d0dd209bad3b2f0ab)
     - META-INF (Directory, a021cdceccb96ea494b131a537c4d45a)
       - classes.kotlin_module (RegularFile, 1d01a6cfb72158c529ba6fc68a75ea5d)
     - org (Directory, b82f0102920b0937c1866605bf995e51)
       - gradle (Directory, 8af5026f34e0059531b15aac70327a26)
         - kotlin (Directory, 32dd5c4212078d89d89d199df9d05925)
           - dsl (Directory, 68251082821970e3f2c80a7e4c249502)
             - Accessors1fs3wrxdosf2ka31sf0gje7j1Kt.class (RegularFile, 367ea254a452ce426fb6de3f60995698)
             - Accessors1vc5ojqnd7f0dgmcaq6blw3npKt.class (RegularFile, 7d1e406373f4ff434cd5a5dfc9fea9c6)
             - Accessors22lqpdpak3qpmy37wqy1qw17lKt.class (RegularFile, e4b421a4d81305ca295ff84cb6017424)
             - Accessors25gzmrwvti7g9wlfaiaxtb3a2Kt.class (RegularFile, 22db5f39ddc35aea439052d84c837068)
             - Accessors2g5epxeyye0j2zlp62h6aad2oKt.class (RegularFile, 175ea3a320d4cad6dd6c69496e094c7f)
             - Accessors2g7vjsrso8j52iodhg0tff11gKt.class (RegularFile, ee20ef85c81aa324076a4de8714885e7)
             - Accessors2qky2eojh91w0xj5jyia7c9ltKt.class (RegularFile, 9bc36ee09c2f554c8d5e38880b8630f3)
             - Accessors2y3qmtkmk3qb3zvtsnb7mkugkKt.class (RegularFile, 2aa40c82906ac6a5def82648bb986d84)
             - Accessors30t2f6yfiutsmabi1tmq15qw8Kt.class (RegularFile, a688d12071f6aab6db5c151ac32eb1ab)
             - Accessors337zjoz5qsbasch1okns2ran3Kt.class (RegularFile, 7965c9797d5eb4f412d61b9484a9ef9a)
             - Accessors37tjhwvheu8bq0e6jokqe7tfxKt.class (RegularFile, 48f3a92ecece1971f49ce199fc440e9b)
             - Accessors3g8bczlt7g0zdc4zg06md12mzKt.class (RegularFile, 7f0d94dfcccf48ea03dc76c79dbb3b90)
             - Accessors3r9f54p789zj6hip6vw8mm2voKt.class (RegularFile, e6aa8359d6307b980703f02920804f2c)
             - Accessors3u8ph69ek2e5jp540mhz6dpxeKt.class (RegularFile, 049b135ebf00b6c1a114ebf5acbd2f8f)
             - Accessors3z43w53nnfonayurfzc8m4wnjKt.class (RegularFile, a116c69476dc5bfda52740ca1275fa73)
             - Accessors3zugebwx2u26vj4mwb94vmnhkKt.class (RegularFile, dc4477f6971a565a1cf29fe36c1ecace)
             - Accessors400p2vbr8w1trtjqiz0qkgrnlKt.class (RegularFile, 2aae464b22fafb6fb2b4251fe6057f21)
             - Accessors41753bxofjksfm0ve2v107ce1Kt.class (RegularFile, fd8a234acbc7b307c59e8909fd0e7207)
             - Accessors4ilah3ljo6b81jica4fxpg06hKt.class (RegularFile, 02663bbff9ba431d47c5a419ecc35fe2)
             - Accessors4qehku0p9fscm3xeaddworifcKt.class (RegularFile, 516f49c2babf81514a0c27b8bd06ed3a)
             - Accessors4rsxn4bfjbbqlphw7xb39mbg2Kt.class (RegularFile, e5013be4a4e87c1873108c4304736eed)
             - Accessors4srkv7t7zutu0cgxiycjjfmktKt.class (RegularFile, a2f1c7fab648d611a3c730c372f2d1aa)
             - Accessors4utk9s9wkq1gwnfaumz2ci2i4Kt.class (RegularFile, e4b421a4d81305ca295ff84cb6017424)
             - Accessors4vifg8gzy2a7k2v5ombthh1q1Kt.class (RegularFile, 71947af2708c05b31e1474d237d0285a)
             - Accessors4xjj5cwoccnv1ueo1z57aygvyKt.class (RegularFile, 9a4e3014e219cf8c0dbe42c3d3465a80)
             - Accessors4xsvbsv0xr5dr62eja7ywms6fKt.class (RegularFile, 42f651b3c5e6716e587da32410f7c3bd)
             - Accessors4yaxtnbpkg64y49crl7pfoiphKt.class (RegularFile, 68cc60419b0f8dbb3aa77cedf990f0b6)
             - Accessors54jzbiw56ns2oqpcbh1elzsroKt.class (RegularFile, bc5c54ca8394ac3e5318c6e0d795e660)
             - Accessors5ahnjddwfewopj5p9tcumx3nzKt.class (RegularFile, 05ac085d943d3b828c710af94e90ca57)
             - Accessors5n84r8d0wlgk7ty6rfnleln5aKt.class (RegularFile, 70a38e8ad9c6fc34d26f1c48cac516f2)
             - Accessors5smabyp1q8mjtmxogm0ieruhwKt.class (RegularFile, 9cd136d8cb50a14910dab8e5a9bd4d27)
             - Accessors5urrp1ncojq9oq026jmbw5g2zKt.class (RegularFile, 2ebe6dcc3e7365a4028cd4f12e40ccdb)
             - Accessors68w2nqo390wbm2ixo92v280ggKt.class (RegularFile, ae94c0acd6ca2e4210e35083eb91a5cf)
             - Accessors6bde16w5s47vxiwgcklnuvsgcKt.class (RegularFile, 2b1f52f3ba48f9f3e7597e855459b7d8)
             - Accessors6vdwjhcp8dvjsg2xoo69liytfKt.class (RegularFile, e6309c21cede71a6edff6ae09387daca)
             - Accessors755qfgs1mebxgj2rkmtzq31iwKt.class (RegularFile, de259e289849897f847a5c2ac6ba4a28)
             - Accessors75xkem3lde4pem4br2cwiigylKt.class (RegularFile, e1053bf302a872b42cd667104a58be75)
             - Accessors79i8yl1a3cgxa33y37u942becKt.class (RegularFile, 25cbccd7537fab6cb03c508a45e0ae7c)
             - Accessors7aku3vjeg8daft93gf2grwhmtKt.class (RegularFile, 9bf10e43a5168f5a4fa7dba23f6a4e82)
             - Accessors7gwyi5l0uer6owf7iu635a0mlKt.class (RegularFile, 2e861506a573f043812b7adc856ebba7)
             - Accessors81bx44mzozzdlqoz1grrvxzbgKt.class (RegularFile, 00ae6ae71d147d49919afe75ce69bbb6)
             - Accessors88qjd5uw9hopt5h269yhdp7xkKt.class (RegularFile, 35cccc06646b8c1e048a7ce438bb44ce)
             - Accessors8nbd8gvna76ul0d0a5vb0ey5fKt.class (RegularFile, 7d5e042d897c87b383e00958983f42fc)
             - Accessors8pc1hh5jxh28xkm7zjz6bf1vkKt.class (RegularFile, f214604d19455febbcd23c7ec888874e)
             - Accessors8r3pzu8s5dgb513rury213rqpKt.class (RegularFile, 6d4b2139c9210405ec0e9a3f01439ee2)
             - Accessors8td4devrrwikhzxu1to1g92gqKt.class (RegularFile, 3da440cfa7a0d5b9f8d899270a598a59)
             - Accessors94wlxq8xekin31xjbkefz82d3Kt.class (RegularFile, 14f220ce66a65d8929f0dc8f6f089b8d)
             - Accessors967wex44zqy70zm5u1wde8ntbKt.class (RegularFile, 9570b4097beb2255e418dcd5cb724b85)
             - Accessors98whoj51ui4r5h8p91zbn54pjKt.class (RegularFile, bc27685992d3efa374f3fd268825bc07)
             - Accessors9adivy4f6l6d8g56phbztb03mKt.class (RegularFile, 92e6854b934a57ffdb59e2627fb39fab)
             - Accessors9tta56tlj7j7pbo2zpo3u1i94Kt.class (RegularFile, 5c1fd150ab48a7bd44450b0286f40f2e)
             - Accessors9vima736ghgz222gu2to8zzdxKt.class (RegularFile, 1707ab4a98408b8eb638061b91882235)
             - Accessorsakm04274c22y1kwaaolwod9e9Kt.class (RegularFile, 58f6fe6f50129c7763c206b9e16d2343)
             - Accessorsarn1h9iwtq4k7nkbaatlvxnbcKt.class (RegularFile, 5e16741d77a6a63ee2979f56c803a6c3)
             - Accessorsb79i79k7aviornwuvyq7l346vKt.class (RegularFile, cec84a6a85ad6fc6fea74d469c337351)
             - Accessorsb94ps7g8m8ustkyppkzez48xpKt.class (RegularFile, e4702570c1fbcadd4578b3fd173bc613)
             - Accessorsbhj18kij3h6d7ssnuczhux6xmKt.class (RegularFile, 131de271431a94579e28f5efcbbb3e19)
             - Accessorsbinuh2dmy82szfgqwl4ef9ib0Kt.class (RegularFile, 0b8331f183e934e3c8f7b350b83d7329)
             - Accessorsbkp53nj6ofivd4brca1h7g7kjKt.class (RegularFile, e5c3e310ec41a17c9d3ede7b8178f242)
             - Accessorsbrpmg1lsvr4drchx946gy7gfcKt.class (RegularFile, b7329e8216e25aeda6582c649e5c3bbc)
             - Accessorsbu4celzmx94h5ebu8epruan0bKt.class (RegularFile, 7c12af82ef00e0ea0cff3114a3c017e4)
             - Accessorsc55rdf2hvf7q237ib6mck2q7Kt.class (RegularFile, 4cc319e1487c6b74fbd720ebd25ace20)
             - Accessorscezdufs7l7p6s9szrj0wtc3s7Kt.class (RegularFile, 3598082ebfc94accadad1b3bbd1698ba)
             - Accessorscmejyt0dpu7fa2wz9lzfkhl96Kt.class (RegularFile, fee9d356818fec46f67cd6e123d803ea)
             - Accessorscrn1jef4u3rcf4o72a8wsn7n0Kt.class (RegularFile, 44937179b5601ee9feaf52101794ab65)
             - Accessorsd9m6fkxq7ghqiwg81lfnu9t5Kt.class (RegularFile, c619c3e90a937f0bbd137f980c7c7b79)
             - Accessorsd9v5jc44ay2w45lzvv9lvk5anKt.class (RegularFile, 70ccf597f8b48aa6333d7d6380e01d34)
             - Accessorsdcugyag3mkhmw72niu0q0oab8Kt.class (RegularFile, 4a5f28bb78619f5414923e171774ff93)
             - Accessorsdk8bu47ke6eti4t7vniq1ydwKt.class (RegularFile, 1dcaf763b9d8b38c19f052f318b04adc)
             - Accessorsdmi6n01qn38y8s4gxjoau9usoKt.class (RegularFile, 77128e7cf2dd054eefb99c221f649591)
             - Accessorsdrmm11332nlkjzc9h83jsq6zxKt.class (RegularFile, 005cd30c0a3ef611aeca09d88d6f94fd)
             - Accessorse1mcln29pxvklev73nhcsm2qaKt.class (RegularFile, 5d33997227085ec2c1a5383284381584)
             - Accessorse8t42x25xgc337ayyrtxu0b51Kt.class (RegularFile, 9979ab2abc1d7e98e5e4cae746eab61a)
             - Accessorsefaf4qyddh684d3vhn1r8m4c8Kt.class (RegularFile, 3dd280342d85f9b0841eafe2492aba7f)
             - Accessorserpuo9ri63i4ut3d5pyptv112Kt.class (RegularFile, 7e9b2092ece1d55863964d2efd8ab738)
             - Accessorsexiottiqdoq5rm4qirwgv19flKt.class (RegularFile, 42ec4c31078d2135062ed8dcd0f48ba4)
             - Accessorsf11l8bkjl2p5umjgiuxwmgh3sKt.class (RegularFile, 11d3712c9969e742de061a9c1aefd432)
             - Accessorsnmns7jvnets03na1atu2vvojKt.class (RegularFile, 8ae3c8d4dd3f999fc60d4a9c3d408757)
             - Accessorsru6gx7sfokphljom41w3ebxjKt.class (RegularFile, cb1950ae5ff9cc7d349416f2d42c9248)
             - Accessorsrwr6d9uymuyi3y62uh7abazrKt.class (RegularFile, 11604ac7a47dc2d49b54949660c50cea)
             - Accessorss4mv13p2vk44hu1562ndrq1nKt.class (RegularFile, ad3d879f6956677e33bc48124448182e)
             - Accessorsspgwg3tig051v3x33c5t7bdcKt.class (RegularFile, bf8eda823fd15043b8b3346d6c779a9a)
             - AnnotationProcessorConfigurationAccessorsKt.class (RegularFile, 8dbc27280d0c93338a31ba54e647a0f6)
             - ApiElementsConfigurationAccessorsKt.class (RegularFile, 6ccf7976a6d46c7f7c96a457f071cad9)
             - ArchivesConfigurationAccessorsKt.class (RegularFile, 36ad2d3d717b1d7dc2d1228e9a0266a5)
             - CompileClasspathConfigurationAccessorsKt.class (RegularFile, f94a004a8f156d0aec9544e6ddf4ddf6)
             - CompileOnlyConfigurationAccessorsKt.class (RegularFile, 45d0a290de5a3ac5ff4733c1f8a1218c)
             - DefaultConfigurationAccessorsKt.class (RegularFile, c5386595efab3a6b04d904a80b12ff2d)
             - ImplementationConfigurationAccessorsKt.class (RegularFile, 9f5e34c0f1dcd32c723d32f3211763d9)
             - MainSourceElementsConfigurationAccessorsKt.class (RegularFile, 23c2a161af7de7c45e522e91e9538fed)
             - RuntimeClasspathConfigurationAccessorsKt.class (RegularFile, 611b08bb01b560f5e4981294ce50420e)
             - RuntimeElementsConfigurationAccessorsKt.class (RegularFile, e60a7ecffbc03d52d1385b7454b82916)
             - RuntimeOnlyConfigurationAccessorsKt.class (RegularFile, 5aef89a959768288eae2c4a94f1e1c99)
             - TestAnnotationProcessorConfigurationAccessorsKt.class (RegularFile, 59cbc27ada2239d54754b47852c49503)
             - TestCompileClasspathConfigurationAccessorsKt.class (RegularFile, f722731f7f1a793defb5bfd10b7f836a)
             - TestCompileOnlyConfigurationAccessorsKt.class (RegularFile, d2e2325ab8058f34d8700a24d4df0295)
             - TestImplementationConfigurationAccessorsKt.class (RegularFile, d64db99df8d9c7a8fde711d1bd4f6445)
             - TestResultsElementsForTestConfigurationAccessorsKt.class (RegularFile, 81b5f8783938d16a85acea799cd9b6ec)
             - TestRuntimeClasspathConfigurationAccessorsKt.class (RegularFile, 4e3a77dd83b4ad4be82bfcf11e02c926)
             - TestRuntimeOnlyConfigurationAccessorsKt.class (RegularFile, 82eefd9fdc8b5e93fe81156cf1d7680d)
  
  sources:
   - sources (Directory, 0cbd0065595034480e44098dec78ced2)
     - org (Directory, 407610e6939b872c13f2d6321b0fd56a)
       - gradle (Directory, 01b78e41f9dfba34beb88cb7e48f9907)
         - kotlin (Directory, df08337ccd569f8da97252b0549c19cf)
           - dsl (Directory, a25528d902be984f9ea1104306a667f0)
             - Accessors1fs3wrxdosf2ka31sf0gje7j1.kt (RegularFile, a928b706ac4467ce6f7e304d3daf9b69)
             - Accessors1vc5ojqnd7f0dgmcaq6blw3np.kt (RegularFile, 5254fc2b135bf1ace1f0fa0e9dc6a694)
             - Accessors22lqpdpak3qpmy37wqy1qw17l.kt (RegularFile, fa93545b8ca4b30cec104018ae8bd6ec)
             - Accessors25gzmrwvti7g9wlfaiaxtb3a2.kt (RegularFile, 8efdbd6a40f22d2693e625ac8f3a547d)
             - Accessors2g5epxeyye0j2zlp62h6aad2o.kt (RegularFile, edd2212c77c37d7a0a23e44fff32cd06)
             - Accessors2g7vjsrso8j52iodhg0tff11g.kt (RegularFile, 9758e19278d6b5f593d576856659c795)
             - Accessors2qky2eojh91w0xj5jyia7c9lt.kt (RegularFile, c804a1ff9bf8c0a2a10e94a3e8cef284)
             - Accessors2y3qmtkmk3qb3zvtsnb7mkugk.kt (RegularFile, b98976829115e203ae5697641c904cb3)
             - Accessors30t2f6yfiutsmabi1tmq15qw8.kt (RegularFile, 92dca26f97269b00f5b0e7088d1c1a0d)
             - Accessors337zjoz5qsbasch1okns2ran3.kt (RegularFile, e3148dcdc7553cc420415ff4a3a58154)
             - Accessors37tjhwvheu8bq0e6jokqe7tfx.kt (RegularFile, 02dce6a65f7fc15e448d99866d48a3ad)
             - Accessors3g8bczlt7g0zdc4zg06md12mz.kt (RegularFile, 0e474f2f2bab2c888a6ce635139033e9)
             - Accessors3r9f54p789zj6hip6vw8mm2vo.kt (RegularFile, 4220a210754989b5caa7963920a767fd)
             - Accessors3u8ph69ek2e5jp540mhz6dpxe.kt (RegularFile, 0ba93dd92a3bdd7a50d9e245e8daeff9)
             - Accessors3z43w53nnfonayurfzc8m4wnj.kt (RegularFile, ee304146cf0ba99c877c3ab841d3bb22)
             - Accessors3zugebwx2u26vj4mwb94vmnhk.kt (RegularFile, 10e03a789ad2100872362cbb338539fe)
             - Accessors400p2vbr8w1trtjqiz0qkgrnl.kt (RegularFile, 053a1ec94f533d7ee9a5c14199c7f485)
             - Accessors41753bxofjksfm0ve2v107ce1.kt (RegularFile, dada493041ebe7c7e43cd1c929c2b96d)
             - Accessors4ilah3ljo6b81jica4fxpg06h.kt (RegularFile, cdf99ba9fd1be7a66d37f96086425fc3)
             - Accessors4qehku0p9fscm3xeaddworifc.kt (RegularFile, 08d8f09ed7f8315334fb3b020188bf92)
             - Accessors4rsxn4bfjbbqlphw7xb39mbg2.kt (RegularFile, dac7bacc3d7a79a746a86f16cf80a4dc)
             - Accessors4srkv7t7zutu0cgxiycjjfmkt.kt (RegularFile, 9b5ba4ef02f3a2020081f51be4202079)
             - Accessors4utk9s9wkq1gwnfaumz2ci2i4.kt (RegularFile, b431d336c1c5af61e1e0122034f61237)
             - Accessors4vifg8gzy2a7k2v5ombthh1q1.kt (RegularFile, 98dad838853b4a869f9220e354b21cda)
             - Accessors4xjj5cwoccnv1ueo1z57aygvy.kt (RegularFile, e0131978f11565c81a4f99b84ce43a64)
             - Accessors4xsvbsv0xr5dr62eja7ywms6f.kt (RegularFile, 276672a97be96132e2e5fc63f6650415)
             - Accessors4yaxtnbpkg64y49crl7pfoiph.kt (RegularFile, ec120ddd4747b11a9dff605fd62aa1bf)
             - Accessors54jzbiw56ns2oqpcbh1elzsro.kt (RegularFile, 9ae0d525bda5ee11562b876f8f1f7a99)
             - Accessors5ahnjddwfewopj5p9tcumx3nz.kt (RegularFile, 8c8e4dade8eb5c2be0676d1c4a8a5337)
             - Accessors5n84r8d0wlgk7ty6rfnleln5a.kt (RegularFile, a9d4f05ee58f9c5c82306cb06e67ab51)
             - Accessors5smabyp1q8mjtmxogm0ieruhw.kt (RegularFile, af0380244da3ca19c1154a7a130a2677)
             - Accessors5urrp1ncojq9oq026jmbw5g2z.kt (RegularFile, d2c74a09004a01226fc1f00fd0e76657)
             - Accessors68w2nqo390wbm2ixo92v280gg.kt (RegularFile, 78ad49b00cb2d6c0b66414d67e990333)
             - Accessors6bde16w5s47vxiwgcklnuvsgc.kt (RegularFile, 520f0b160bd45413be17f1b82dcc318d)
             - Accessors6vdwjhcp8dvjsg2xoo69liytf.kt (RegularFile, c1c712cecf515cb408f6824180090991)
             - Accessors755qfgs1mebxgj2rkmtzq31iw.kt (RegularFile, a5add187e1ab04c8e66b6efcb0c920fb)
             - Accessors75xkem3lde4pem4br2cwiigyl.kt (RegularFile, cb656528370a48e610eaf3cc900e6098)
             - Accessors79i8yl1a3cgxa33y37u942bec.kt (RegularFile, cd84fd7c220e482b534396c9e98cab2a)
             - Accessors7aku3vjeg8daft93gf2grwhmt.kt (RegularFile, f095dc0b190c735062e812322f62de55)
             - Accessors7gwyi5l0uer6owf7iu635a0ml.kt (RegularFile, a03094c087a77b34b7b0d4e62c9bceb1)
             - Accessors81bx44mzozzdlqoz1grrvxzbg.kt (RegularFile, b1fc509afa5282c5655e43771325540b)
             - Accessors88qjd5uw9hopt5h269yhdp7xk.kt (RegularFile, c74782aaed15bc3f1190c54bdc44484c)
             - Accessors8nbd8gvna76ul0d0a5vb0ey5f.kt (RegularFile, 6636ffe88f05884ded3d0e180c836363)
             - Accessors8pc1hh5jxh28xkm7zjz6bf1vk.kt (RegularFile, e28dbfb6a315d968b979bbae8b5b02ff)
             - Accessors8r3pzu8s5dgb513rury213rqp.kt (RegularFile, 979d24b24ca5d784573da9d6f240e84e)
             - Accessors8td4devrrwikhzxu1to1g92gq.kt (RegularFile, af0234cb7dc698ecab5e741192241dab)
             - Accessors94wlxq8xekin31xjbkefz82d3.kt (RegularFile, 6d5b64041e248ac9f1054c27654b809d)
             - Accessors967wex44zqy70zm5u1wde8ntb.kt (RegularFile, c871768a385c762b46edb38404ef4ffd)
             - Accessors98whoj51ui4r5h8p91zbn54pj.kt (RegularFile, 65b7cfe900f4c051e99323d969c39389)
             - Accessors9adivy4f6l6d8g56phbztb03m.kt (RegularFile, d7cafa5b61d64e77183cfc8898c4513e)
             - Accessors9tta56tlj7j7pbo2zpo3u1i94.kt (RegularFile, 5b78431174b092da74c24b780993ab61)
             - Accessors9vima736ghgz222gu2to8zzdx.kt (RegularFile, 5c850e515c464a2beabe617c2061336b)
             - Accessorsakm04274c22y1kwaaolwod9e9.kt (RegularFile, aee6aa48b64bd431e8b456a3faf75f51)
             - Accessorsarn1h9iwtq4k7nkbaatlvxnbc.kt (RegularFile, 69dfe97668e75261d55c406192d2c5b8)
             - Accessorsb79i79k7aviornwuvyq7l346v.kt (RegularFile, 33f9240f26beac7f2487f732b4032f78)
             - Accessorsb94ps7g8m8ustkyppkzez48xp.kt (RegularFile, c0b52afaaa152f330ca513f117673f73)
             - Accessorsbhj18kij3h6d7ssnuczhux6xm.kt (RegularFile, 0ba93dd92a3bdd7a50d9e245e8daeff9)
             - Accessorsbinuh2dmy82szfgqwl4ef9ib0.kt (RegularFile, 164a167d661d543dc50a417b17011400)
             - Accessorsbkp53nj6ofivd4brca1h7g7kj.kt (RegularFile, 9a331b377697b0660fb05ffbc8cf1b2a)
             - Accessorsbrpmg1lsvr4drchx946gy7gfc.kt (RegularFile, 67054fbfe8da6e16ca69538493743e25)
             - Accessorsbu4celzmx94h5ebu8epruan0b.kt (RegularFile, 8dec27238300221e55b9fe8459ecc61f)
             - Accessorsc55rdf2hvf7q237ib6mck2q7.kt (RegularFile, d586280a00f541588bfae3cf2ddc1e8a)
             - Accessorscezdufs7l7p6s9szrj0wtc3s7.kt (RegularFile, a00624b6cfb11f50cec97cbda3565dc0)
             - Accessorscmejyt0dpu7fa2wz9lzfkhl96.kt (RegularFile, e613361b2360466d63353725b9161b3c)
             - Accessorscrn1jef4u3rcf4o72a8wsn7n0.kt (RegularFile, f26ce3b2418493818d507b0e1b542850)
             - Accessorsd9m6fkxq7ghqiwg81lfnu9t5.kt (RegularFile, ec81177fd28406bd3f425fe61e7a4f84)
             - Accessorsd9v5jc44ay2w45lzvv9lvk5an.kt (RegularFile, d631edd2909f8b2770bc9b767025011a)
             - Accessorsdcugyag3mkhmw72niu0q0oab8.kt (RegularFile, d8b8d0031eeae3435c72007d7887bffc)
             - Accessorsdk8bu47ke6eti4t7vniq1ydw.kt (RegularFile, 8857eb97b5d89a34f6b7d4ad7ed64abf)
             - Accessorsdmi6n01qn38y8s4gxjoau9uso.kt (RegularFile, 33837e613a031615092b1afb8cdc1491)
             - Accessorsdrmm11332nlkjzc9h83jsq6zx.kt (RegularFile, babb16d4bf49e957eb0f39ff1415440e)
             - Accessorse1mcln29pxvklev73nhcsm2qa.kt (RegularFile, a03094c087a77b34b7b0d4e62c9bceb1)
             - Accessorse8t42x25xgc337ayyrtxu0b51.kt (RegularFile, 14e8196a4d81ff7ad0ad7df1fd3c24f5)
             - Accessorsefaf4qyddh684d3vhn1r8m4c8.kt (RegularFile, 5bc93a32c8bae605361b5087dc203fe1)
             - Accessorserpuo9ri63i4ut3d5pyptv112.kt (RegularFile, a6f81a9199f84247be16742a7561e940)
             - Accessorsexiottiqdoq5rm4qirwgv19fl.kt (RegularFile, e046e08cfa55f4810eead4f14bbe5546)
             - Accessorsf11l8bkjl2p5umjgiuxwmgh3s.kt (RegularFile, 36364430784c1bba4d63c67d2ffe394d)
             - Accessorsnmns7jvnets03na1atu2vvoj.kt (RegularFile, 5b86b7f8c215e4e793fa2b09f920e6cb)
             - Accessorsru6gx7sfokphljom41w3ebxj.kt (RegularFile, 5690dac28298bbac0c1c37569bf2b796)
             - Accessorsrwr6d9uymuyi3y62uh7abazr.kt (RegularFile, ef47b3a4574998282e466ee680a8ec63)
             - Accessorss4mv13p2vk44hu1562ndrq1n.kt (RegularFile, e15b25cb7fb9356c7ca2573ac1706ad6)
             - Accessorsspgwg3tig051v3x33c5t7bdc.kt (RegularFile, 5aa6a91aeb64468df116b263ed744746)
             - AnnotationProcessorConfigurationAccessors.kt (RegularFile, 4505f64a66ca3712ca76d504bdab01b2)
             - ApiElementsConfigurationAccessors.kt (RegularFile, 80592564708e2edaf535ee809a12267c)
             - ArchivesConfigurationAccessors.kt (RegularFile, c45eb93e0a679fa8f8e63c61b74510e0)
             - CompileClasspathConfigurationAccessors.kt (RegularFile, e69f848f9fa9f070e9b4d2c22a5fce96)
             - CompileOnlyConfigurationAccessors.kt (RegularFile, 6c3b1d9ada4333eec8f4fc792826d23e)
             - DefaultConfigurationAccessors.kt (RegularFile, c7ec6fc11dac4ee5d7036fa70875d892)
             - ImplementationConfigurationAccessors.kt (RegularFile, 1d0141816d2c5b39d84acd1c9f965dd5)
             - MainSourceElementsConfigurationAccessors.kt (RegularFile, 765a11b46c9d5e17022cbb0bc192453f)
             - RuntimeClasspathConfigurationAccessors.kt (RegularFile, c2a781f33536cd5d7c2b9ef38edd7d13)
             - RuntimeElementsConfigurationAccessors.kt (RegularFile, 6b1df2c8ed9cd1505e0c1767d42f26bc)
             - RuntimeOnlyConfigurationAccessors.kt (RegularFile, 2fc23a2b3fd664001528a13764db500d)
             - TestAnnotationProcessorConfigurationAccessors.kt (RegularFile, 46c2f7b8319818cfe462c17e989846c4)
             - TestCompileClasspathConfigurationAccessors.kt (RegularFile, a22436e403c2ce5381df95cd47f94594)
             - TestCompileOnlyConfigurationAccessors.kt (RegularFile, 4ce55d633a256285feb8699fec3aa77f)
             - TestImplementationConfigurationAccessors.kt (RegularFile, 09de12c21afc68cedd1074e90b31df30)
             - TestResultsElementsForTestConfigurationAccessors.kt (RegularFile, 9184d1a302cac3d4647935a5f7f9178d)
             - TestRuntimeClasspathConfigurationAccessors.kt (RegularFile, bb7d5741eb6ee840ac7eec2669c5a42a)
             - TestRuntimeOnlyConfigurationAccessors.kt (RegularFile, 4d4556b71a95d9f3809905700a95bfd8)


* Try:
> Run with --stacktrace option to get the stack trace.
> Run with --info or --debug option to get more log output.
> Run with --scan to generate a Build Scan (powered by Develocity).
> Get more help at https://help.gradle.org.

BUILD FAILED in 2s


Command 2 FAILED (Duration: 2.86s)

[3/240] Starting command 3...
Executing: ./gradlew runGrasp -PinstancePath="instances/density=LOW_nInventory=15_nHours=4_seed=9.json" -PoutputPath="output/singleThreadGrasp" -PtimeLimit=300 -PsearchMode="BEST_IMPROVEMENT" -PskipProbability=0.5 -PlocalSearchMoves="insert,outOfPool,interSwap,shift,transfer,intraSwap" -Pseed=0 -PalphaType="FIXED" -Palpha=0.25
Command failed with return code: 1
Error: WARNING: A restricted method in java.lang.System has been called
WARNING: java.lang.System::load has been called by net.rubygrapefruit.platform.internal.NativeLibraryLoader in an unnamed module (file:/cta/users/ulvi.findik/.gradle/wrapper/dists/gradle-9.2.1-bin/2t0n5ozlw9xmuyvbp7dnzaxug/gradle-9.2.1/lib/native-platform-0.22-milestone-29.jar)
WARNING: Use --enable-native-access=ALL-UNNAMED to avoid a warning for callers in this module
WARNING: Restricted methods will be blocked in a future release unless native access is enabled


FAILURE: Build failed with an exception.

* What went wrong:
Class org.gradle.jvm.toolchain.JvmVendorSpec does not have member field 'org.gradle.jvm.toolchain.JvmVendorSpec IBM_SEMERU'

* Try:
> Run with --stacktrace option to get the stack trace.
> Run with --info or --debug option to get more log output.
> Run with --scan to generate a Build Scan (powered by Develocity).
> Get more help at https://help.gradle.org.

BUILD FAILED in 29s

Starting a Gradle Daemon, 1 busy and 1 incompatible and 46 stopped Daemons could not be reused, use --status for details

Command 3 FAILED (Duration: 29.82s)

[4/240] Starting command 4...
Executing: ./gradlew runGrasp -PinstancePath="instances/density=LOW_nInventory=15_nHours=4_seed=9.json" -PoutputPath="output/singleThreadGrasp" -PtimeLimit=300 -PsearchMode="BEST_IMPROVEMENT" -PskipProbability=0 -PlocalSearchMoves="insert,outOfPool,interSwap,shift,transfer,intraSwap" -Pseed=0 -PalphaType="FIXED" -Palpha=0.5
Command failed with return code: 1
Error: WARNING: A restricted method in java.lang.System has been called
WARNING: java.lang.System::load has been called by net.rubygrapefruit.platform.internal.NativeLibraryLoader in an unnamed module (file:/cta/users/ulvi.findik/.gradle/wrapper/dists/gradle-9.2.1-bin/2t0n5ozlw9xmuyvbp7dnzaxug/gradle-9.2.1/lib/native-platform-0.22-milestone-29.jar)
WARNING: Use --enable-native-access=ALL-UNNAMED to avoid a warning for callers in this module
WARNING: Restricted methods will be blocked in a future release unless native access is enabled


FAILURE: Build failed with an exception.

* What went wrong:
Could not initialize class org.gradle.toolchains.foojay.DistributionsKt
> Exception java.lang.NoSuchFieldError: Class org.gradle.jvm.toolchain.JvmVendorSpec does not have member field 'org.gradle.jvm.toolchain.JvmVendorSpec IBM_SEMERU' [in thread "Daemon worker"]

* Try:
> Run with --stacktrace option to get the stack trace.
> Run with --info or --debug option to get more log output.
> Run with --scan to generate a Build Scan (powered by Develocity).
> Get more help at https://help.gradle.org.

BUILD FAILED in 3s


Command 4 FAILED (Duration: 4.28s)

[5/240] Starting command 5...
Executing: ./gradlew runGrasp -PinstancePath="instances/density=LOW_nInventory=15_nHours=4_seed=9.json" -PoutputPath="output/singleThreadGrasp" -PtimeLimit=300 -PsearchMode="BEST_IMPROVEMENT" -PskipProbability=0.25 -PlocalSearchMoves="insert,outOfPool,interSwap,shift,transfer,intraSwap" -Pseed=0 -PalphaType="FIXED" -Palpha=0.5
Command failed with return code: 1
Error: WARNING: A restricted method in java.lang.System has been called
WARNING: java.lang.System::load has been called by net.rubygrapefruit.platform.internal.NativeLibraryLoader in an unnamed module (file:/cta/users/ulvi.findik/.gradle/wrapper/dists/gradle-9.2.1-bin/2t0n5ozlw9xmuyvbp7dnzaxug/gradle-9.2.1/lib/native-platform-0.22-milestone-29.jar)
WARNING: Use --enable-native-access=ALL-UNNAMED to avoid a warning for callers in this module
WARNING: Restricted methods will be blocked in a future release unless native access is enabled


FAILURE: Build failed with an exception.

* What went wrong:
Class org.gradle.jvm.toolchain.JvmVendorSpec does not have member field 'org.gradle.jvm.toolchain.JvmVendorSpec IBM_SEMERU'

* Try:
> Run with --stacktrace option to get the stack trace.
> Run with --info or --debug option to get more log output.
> Run with --scan to generate a Build Scan (powered by Develocity).
> Get more help at https://help.gradle.org.

BUILD FAILED in 18s

Starting a Gradle Daemon, 2 busy and 1 incompatible and 50 stopped Daemons could not be reused, use --status for details

Command 5 FAILED (Duration: 19.51s)

[6/240] Starting command 6...
Executing: ./gradlew runGrasp -PinstancePath="instances/density=LOW_nInventory=15_nHours=4_seed=9.json" -PoutputPath="output/singleThreadGrasp" -PtimeLimit=300 -PsearchMode="BEST_IMPROVEMENT" -PskipProbability=0.5 -PlocalSearchMoves="insert,outOfPool,interSwap,shift,transfer,intraSwap" -Pseed=0 -PalphaType="FIXED" -Palpha=0.5
Command failed with return code: 1
Error: WARNING: A restricted method in java.lang.System has been called
WARNING: java.lang.System::load has been called by net.rubygrapefruit.platform.internal.NativeLibraryLoader in an unnamed module (file:/cta/users/ulvi.findik/.gradle/wrapper/dists/gradle-9.2.1-bin/2t0n5ozlw9xmuyvbp7dnzaxug/gradle-9.2.1/lib/native-platform-0.22-milestone-29.jar)
WARNING: Use --enable-native-access=ALL-UNNAMED to avoid a warning for callers in this module
WARNING: Restricted methods will be blocked in a future release unless native access is enabled


FAILURE: Build failed with an exception.

* What went wrong:
Class org.gradle.jvm.toolchain.JvmVendorSpec does not have member field 'org.gradle.jvm.toolchain.JvmVendorSpec IBM_SEMERU'

* Try:
> Run with --stacktrace option to get the stack trace.
> Run with --info or --debug option to get more log output.
> Run with --scan to generate a Build Scan (powered by Develocity).
> Get more help at https://help.gradle.org.

BUILD FAILED in 18s

Starting a Gradle Daemon, 1 stopped Daemon could not be reused, use --status for details

Command 6 FAILED (Duration: 19.13s)

[7/240] Starting command 7...
Executing: ./gradlew runGrasp -PinstancePath="instances/density=LOW_nInventory=15_nHours=4_seed=9.json" -PoutputPath="output/singleThreadGrasp" -PtimeLimit=300 -PsearchMode="BEST_IMPROVEMENT" -PskipProbability=0 -PlocalSearchMoves="insert,outOfPool,interSwap,shift,transfer,intraSwap" -Pseed=0 -PalphaType="UNIFORM" -PminAlpha=0.1 -PmaxAlpha=1.0
Command failed with return code: 1
Error: WARNING: A restricted method in java.lang.System has been called
WARNING: java.lang.System::load has been called by net.rubygrapefruit.platform.internal.NativeLibraryLoader in an unnamed module (file:/cta/users/ulvi.findik/.gradle/wrapper/dists/gradle-9.2.1-bin/2t0n5ozlw9xmuyvbp7dnzaxug/gradle-9.2.1/lib/native-platform-0.22-milestone-29.jar)
WARNING: Use --enable-native-access=ALL-UNNAMED to avoid a warning for callers in this module
WARNING: Restricted methods will be blocked in a future release unless native access is enabled


FAILURE: Build failed with an exception.

* What went wrong:
Could not initialize class org.gradle.toolchains.foojay.DistributionsKt
> Exception java.lang.NoSuchFieldError: Class org.gradle.jvm.toolchain.JvmVendorSpec does not have member field 'org.gradle.jvm.toolchain.JvmVendorSpec IBM_SEMERU' [in thread "Daemon worker"]

* Try:
> Run with --stacktrace option to get the stack trace.
> Run with --info or --debug option to get more log output.
> Run with --scan to generate a Build Scan (powered by Develocity).
> Get more help at https://help.gradle.org.

BUILD FAILED in 4s


Command 7 FAILED (Duration: 4.59s)

[8/240] Starting command 8...
Executing: ./gradlew runGrasp -PinstancePath="instances/density=LOW_nInventory=15_nHours=4_seed=9.json" -PoutputPath="output/singleThreadGrasp" -PtimeLimit=300 -PsearchMode="BEST_IMPROVEMENT" -PskipProbability=0.25 -PlocalSearchMoves="insert,outOfPool,interSwap,shift,transfer,intraSwap" -Pseed=0 -PalphaType="UNIFORM" -PminAlpha=0.1 -PmaxAlpha=1.0
Command failed with return code: 1
Error: WARNING: A restricted method in java.lang.System has been called
WARNING: java.lang.System::load has been called by net.rubygrapefruit.platform.internal.NativeLibraryLoader in an unnamed module (file:/cta/users/ulvi.findik/.gradle/wrapper/dists/gradle-9.2.1-bin/2t0n5ozlw9xmuyvbp7dnzaxug/gradle-9.2.1/lib/native-platform-0.22-milestone-29.jar)
WARNING: Use --enable-native-access=ALL-UNNAMED to avoid a warning for callers in this module
WARNING: Restricted methods will be blocked in a future release unless native access is enabled


FAILURE: Build failed with an exception.

* What went wrong:
Class org.gradle.jvm.toolchain.JvmVendorSpec does not have member field 'org.gradle.jvm.toolchain.JvmVendorSpec IBM_SEMERU'

* Try:
> Run with --stacktrace option to get the stack trace.
> Run with --info or --debug option to get more log output.
> Run with --scan to generate a Build Scan (powered by Develocity).
> Get more help at https://help.gradle.org.

BUILD FAILED in 18s

Starting a Gradle Daemon, 1 busy and 4 incompatible and 11 stopped Daemons could not be reused, use --status for details

Command 8 FAILED (Duration: 18.84s)

[9/240] Starting command 9...
Executing: ./gradlew runGrasp -PinstancePath="instances/density=LOW_nInventory=15_nHours=4_seed=9.json" -PoutputPath="output/singleThreadGrasp" -PtimeLimit=300 -PsearchMode="BEST_IMPROVEMENT" -PskipProbability=0.5 -PlocalSearchMoves="insert,outOfPool,interSwap,shift,transfer,intraSwap" -Pseed=0 -PalphaType="UNIFORM" -PminAlpha=0.1 -PmaxAlpha=1.0
Command failed with return code: 1
Error: WARNING: A restricted method in java.lang.System has been called
WARNING: java.lang.System::load has been called by net.rubygrapefruit.platform.internal.NativeLibraryLoader in an unnamed module (file:/cta/users/ulvi.findik/.gradle/wrapper/dists/gradle-9.2.1-bin/2t0n5ozlw9xmuyvbp7dnzaxug/gradle-9.2.1/lib/native-platform-0.22-milestone-29.jar)
WARNING: Use --enable-native-access=ALL-UNNAMED to avoid a warning for callers in this module
WARNING: Restricted methods will be blocked in a future release unless native access is enabled


FAILURE: Build failed with an exception.

* What went wrong:
Could not initialize class org.gradle.toolchains.foojay.DistributionsKt
> Exception java.lang.NoSuchFieldError: Class org.gradle.jvm.toolchain.JvmVendorSpec does not have member field 'org.gradle.jvm.toolchain.JvmVendorSpec IBM_SEMERU' [in thread "Daemon worker"]

* Try:
> Run with --stacktrace option to get the stack trace.
> Run with --info or --debug option to get more log output.
> Run with --scan to generate a Build Scan (powered by Develocity).
> Get more help at https://help.gradle.org.

BUILD FAILED in 4s


Command 9 FAILED (Duration: 4.37s)

[10/240] Starting command 10...
Executing: ./gradlew runGrasp -PinstancePath="instances/density=LOW_nInventory=15_nHours=4_seed=9.json" -PoutputPath="output/singleThreadGrasp" -PtimeLimit=300 -PsearchMode="BEST_IMPROVEMENT" -PskipProbability=0 -PlocalSearchMoves="insert,outOfPool,interSwap,shift,transfer,intraSwap" -Pseed=0 -PalphaType="UNIFORM" -PminAlpha=0.1 -PmaxAlpha=0.5
Command failed with return code: 1
Error: WARNING: A restricted method in java.lang.System has been called
WARNING: java.lang.System::load has been called by net.rubygrapefruit.platform.internal.NativeLibraryLoader in an unnamed module (file:/cta/users/ulvi.findik/.gradle/wrapper/dists/gradle-9.2.1-bin/2t0n5ozlw9xmuyvbp7dnzaxug/gradle-9.2.1/lib/native-platform-0.22-milestone-29.jar)
WARNING: Use --enable-native-access=ALL-UNNAMED to avoid a warning for callers in this module
WARNING: Restricted methods will be blocked in a future release unless native access is enabled


FAILURE: Build failed with an exception.

* What went wrong:
Class org.gradle.jvm.toolchain.JvmVendorSpec does not have member field 'org.gradle.jvm.toolchain.JvmVendorSpec IBM_SEMERU'

* Try:
> Run with --stacktrace option to get the stack trace.
> Run with --info or --debug option to get more log output.
> Run with --scan to generate a Build Scan (powered by Develocity).
> Get more help at https://help.gradle.org.

BUILD FAILED in 17s

Starting a Gradle Daemon, 2 busy and 3 incompatible and 16 stopped Daemons could not be reused, use --status for details

Command 10 FAILED (Duration: 18.55s)

[11/240] Starting command 11...
Executing: ./gradlew runGrasp -PinstancePath="instances/density=LOW_nInventory=15_nHours=4_seed=9.json" -PoutputPath="output/singleThreadGrasp" -PtimeLimit=300 -PsearchMode="BEST_IMPROVEMENT" -PskipProbability=0.25 -PlocalSearchMoves="insert,outOfPool,interSwap,shift,transfer,intraSwap" -Pseed=0 -PalphaType="UNIFORM" -PminAlpha=0.1 -PmaxAlpha=0.5
Command failed with return code: 1
Error: WARNING: A restricted method in java.lang.System has been called
WARNING: java.lang.System::load has been called by net.rubygrapefruit.platform.internal.NativeLibraryLoader in an unnamed module (file:/cta/users/ulvi.findik/.gradle/wrapper/dists/gradle-9.2.1-bin/2t0n5ozlw9xmuyvbp7dnzaxug/gradle-9.2.1/lib/native-platform-0.22-milestone-29.jar)
WARNING: Use --enable-native-access=ALL-UNNAMED to avoid a warning for callers in this module
WARNING: Restricted methods will be blocked in a future release unless native access is enabled


FAILURE: Build failed with an exception.

* What went wrong:
Could not initialize class org.gradle.toolchains.foojay.DistributionsKt
> Exception java.lang.NoSuchFieldError: Class org.gradle.jvm.toolchain.JvmVendorSpec does not have member field 'org.gradle.jvm.toolchain.JvmVendorSpec IBM_SEMERU' [in thread "Daemon worker"]

* Try:
> Run with --stacktrace option to get the stack trace.
> Run with --info or --debug option to get more log output.
> Run with --scan to generate a Build Scan (powered by Develocity).
> Get more help at https://help.gradle.org.

BUILD FAILED in 4s


Command 11 FAILED (Duration: 4.37s)

[12/240] Starting command 12...
Executing: ./gradlew runGrasp -PinstancePath="instances/density=LOW_nInventory=15_nHours=4_seed=9.json" -PoutputPath="output/singleThreadGrasp" -PtimeLimit=300 -PsearchMode="BEST_IMPROVEMENT" -PskipProbability=0.5 -PlocalSearchMoves="insert,outOfPool,interSwap,shift,transfer,intraSwap" -Pseed=0 -PalphaType="UNIFORM" -PminAlpha=0.1 -PmaxAlpha=0.5
Command failed with return code: 1
Error: WARNING: A restricted method in java.lang.System has been called
WARNING: java.lang.System::load has been called by net.rubygrapefruit.platform.internal.NativeLibraryLoader in an unnamed module (file:/cta/users/ulvi.findik/.gradle/wrapper/dists/gradle-9.2.1-bin/2t0n5ozlw9xmuyvbp7dnzaxug/gradle-9.2.1/lib/native-platform-0.22-milestone-29.jar)
WARNING: Use --enable-native-access=ALL-UNNAMED to avoid a warning for callers in this module
WARNING: Restricted methods will be blocked in a future release unless native access is enabled


FAILURE: Build failed with an exception.

* What went wrong:
Class org.gradle.jvm.toolchain.JvmVendorSpec does not have member field 'org.gradle.jvm.toolchain.JvmVendorSpec IBM_SEMERU'

* Try:
> Run with --stacktrace option to get the stack trace.
> Run with --info or --debug option to get more log output.
> Run with --scan to generate a Build Scan (powered by Develocity).
> Get more help at https://help.gradle.org.

BUILD FAILED in 18s

Starting a Gradle Daemon, 4 busy and 1 incompatible and 20 stopped Daemons could not be reused, use --status for details

Command 12 FAILED (Duration: 18.92s)

[13/240] Starting command 13...
Executing: ./gradlew runGrasp -PinstancePath="instances/density=LOW_nInventory=15_nHours=4_seed=9.json" -PoutputPath="output/singleThreadGrasp" -PtimeLimit=300 -PsearchMode="FIRST_IMPROVEMENT" -PskipProbability=0 -PlocalSearchMoves="insert,outOfPool,interSwap,shift,transfer,intraSwap" -Pseed=0 -PalphaType="FIXED" -Palpha=0.25
Command failed with return code: 1
Error: WARNING: A restricted method in java.lang.System has been called
WARNING: java.lang.System::load has been called by net.rubygrapefruit.platform.internal.NativeLibraryLoader in an unnamed module (file:/cta/users/ulvi.findik/.gradle/wrapper/dists/gradle-9.2.1-bin/2t0n5ozlw9xmuyvbp7dnzaxug/gradle-9.2.1/lib/native-platform-0.22-milestone-29.jar)
WARNING: Use --enable-native-access=ALL-UNNAMED to avoid a warning for callers in this module
WARNING: Restricted methods will be blocked in a future release unless native access is enabled


FAILURE: Build failed with an exception.

* What went wrong:
Could not initialize class org.gradle.toolchains.foojay.DistributionsKt
> Exception java.lang.NoSuchFieldError: Class org.gradle.jvm.toolchain.JvmVendorSpec does not have member field 'org.gradle.jvm.toolchain.JvmVendorSpec IBM_SEMERU' [in thread "Daemon worker"]

* Try:
> Run with --stacktrace option to get the stack trace.
> Run with --info or --debug option to get more log output.
> Run with --scan to generate a Build Scan (powered by Develocity).
> Get more help at https://help.gradle.org.

BUILD FAILED in 4s


Command 13 FAILED (Duration: 4.60s)

[14/240] Starting command 14...
Executing: ./gradlew runGrasp -PinstancePath="instances/density=LOW_nInventory=15_nHours=4_seed=9.json" -PoutputPath="output/singleThreadGrasp" -PtimeLimit=300 -PsearchMode="FIRST_IMPROVEMENT" -PskipProbability=0.25 -PlocalSearchMoves="insert,outOfPool,interSwap,shift,transfer,intraSwap" -Pseed=0 -PalphaType="FIXED" -Palpha=0.25
Command failed with return code: 1
Error: WARNING: A restricted method in java.lang.System has been called
WARNING: java.lang.System::load has been called by net.rubygrapefruit.platform.internal.NativeLibraryLoader in an unnamed module (file:/cta/users/ulvi.findik/.gradle/wrapper/dists/gradle-9.2.1-bin/2t0n5ozlw9xmuyvbp7dnzaxug/gradle-9.2.1/lib/native-platform-0.22-milestone-29.jar)
WARNING: Use --enable-native-access=ALL-UNNAMED to avoid a warning for callers in this module
WARNING: Restricted methods will be blocked in a future release unless native access is enabled


FAILURE: Build failed with an exception.

* What went wrong:
Could not initialize class org.gradle.toolchains.foojay.DistributionsKt
> Exception java.lang.NoSuchFieldError: Class org.gradle.jvm.toolchain.JvmVendorSpec does not have member field 'org.gradle.jvm.toolchain.JvmVendorSpec IBM_SEMERU' [in thread "Daemon worker"]

* Try:
> Run with --stacktrace option to get the stack trace.
> Run with --info or --debug option to get more log output.
> Run with --scan to generate a Build Scan (powered by Develocity).
> Get more help at https://help.gradle.org.

BUILD FAILED in 3s


Command 14 FAILED (Duration: 4.09s)

[15/240] Starting command 15...
Executing: ./gradlew runGrasp -PinstancePath="instances/density=LOW_nInventory=15_nHours=4_seed=9.json" -PoutputPath="output/singleThreadGrasp" -PtimeLimit=300 -PsearchMode="FIRST_IMPROVEMENT" -PskipProbability=0.5 -PlocalSearchMoves="insert,outOfPool,interSwap,shift,transfer,intraSwap" -Pseed=0 -PalphaType="FIXED" -Palpha=0.25
Command failed with return code: 1
Error: WARNING: A restricted method in java.lang.System has been called
WARNING: java.lang.System::load has been called by net.rubygrapefruit.platform.internal.NativeLibraryLoader in an unnamed module (file:/cta/users/ulvi.findik/.gradle/wrapper/dists/gradle-9.2.1-bin/2t0n5ozlw9xmuyvbp7dnzaxug/gradle-9.2.1/lib/native-platform-0.22-milestone-29.jar)
WARNING: Use --enable-native-access=ALL-UNNAMED to avoid a warning for callers in this module
WARNING: Restricted methods will be blocked in a future release unless native access is enabled


FAILURE: Build failed with an exception.

* What went wrong:
Class org.gradle.jvm.toolchain.JvmVendorSpec does not have member field 'org.gradle.jvm.toolchain.JvmVendorSpec IBM_SEMERU'

* Try:
> Run with --stacktrace option to get the stack trace.
> Run with --info or --debug option to get more log output.
> Run with --scan to generate a Build Scan (powered by Develocity).
> Get more help at https://help.gradle.org.

BUILD FAILED in 19s

Starting a Gradle Daemon, 2 busy and 3 incompatible and 28 stopped Daemons could not be reused, use --status for details

Command 15 FAILED (Duration: 20.67s)

[16/240] Starting command 16...
Executing: ./gradlew runGrasp -PinstancePath="instances/density=LOW_nInventory=15_nHours=4_seed=9.json" -PoutputPath="output/singleThreadGrasp" -PtimeLimit=300 -PsearchMode="FIRST_IMPROVEMENT" -PskipProbability=0 -PlocalSearchMoves="insert,outOfPool,interSwap,shift,transfer,intraSwap" -Pseed=0 -PalphaType="FIXED" -Palpha=0.5
Command failed with return code: 1
Error: WARNING: A restricted method in java.lang.System has been called
WARNING: java.lang.System::load has been called by net.rubygrapefruit.platform.internal.NativeLibraryLoader in an unnamed module (file:/cta/users/ulvi.findik/.gradle/wrapper/dists/gradle-9.2.1-bin/2t0n5ozlw9xmuyvbp7dnzaxug/gradle-9.2.1/lib/native-platform-0.22-milestone-29.jar)
WARNING: Use --enable-native-access=ALL-UNNAMED to avoid a warning for callers in this module
WARNING: Restricted methods will be blocked in a future release unless native access is enabled


FAILURE: Build failed with an exception.

* What went wrong:
Could not initialize class org.gradle.toolchains.foojay.DistributionsKt
> Exception java.lang.NoSuchFieldError: Class org.gradle.jvm.toolchain.JvmVendorSpec does not have member field 'org.gradle.jvm.toolchain.JvmVendorSpec IBM_SEMERU' [in thread "Daemon worker"]

* Try:
> Run with --stacktrace option to get the stack trace.
> Run with --info or --debug option to get more log output.
> Run with --scan to generate a Build Scan (powered by Develocity).
> Get more help at https://help.gradle.org.

BUILD FAILED in 3s


Command 16 FAILED (Duration: 4.24s)

[17/240] Starting command 17...
Executing: ./gradlew runGrasp -PinstancePath="instances/density=LOW_nInventory=15_nHours=4_seed=9.json" -PoutputPath="output/singleThreadGrasp" -PtimeLimit=300 -PsearchMode="FIRST_IMPROVEMENT" -PskipProbability=0.25 -PlocalSearchMoves="insert,outOfPool,interSwap,shift,transfer,intraSwap" -Pseed=0 -PalphaType="FIXED" -Palpha=0.5
Command failed with return code: 1
Error: WARNING: A restricted method in java.lang.System has been called
WARNING: java.lang.System::load has been called by net.rubygrapefruit.platform.internal.NativeLibraryLoader in an unnamed module (file:/cta/users/ulvi.findik/.gradle/wrapper/dists/gradle-9.2.1-bin/2t0n5ozlw9xmuyvbp7dnzaxug/gradle-9.2.1/lib/native-platform-0.22-milestone-29.jar)
WARNING: Use --enable-native-access=ALL-UNNAMED to avoid a warning for callers in this module
WARNING: Restricted methods will be blocked in a future release unless native access is enabled


FAILURE: Build failed with an exception.

* What went wrong:
Class org.gradle.jvm.toolchain.JvmVendorSpec does not have member field 'org.gradle.jvm.toolchain.JvmVendorSpec IBM_SEMERU'

* Try:
> Run with --stacktrace option to get the stack trace.
> Run with --info or --debug option to get more log output.
> Run with --scan to generate a Build Scan (powered by Develocity).
> Get more help at https://help.gradle.org.

BUILD FAILED in 17s

Starting a Gradle Daemon, 2 busy and 3 incompatible and 34 stopped Daemons could not be reused, use --status for details

Command 17 FAILED (Duration: 18.76s)

[18/240] Starting command 18...
Executing: ./gradlew runGrasp -PinstancePath="instances/density=LOW_nInventory=15_nHours=4_seed=9.json" -PoutputPath="output/singleThreadGrasp" -PtimeLimit=300 -PsearchMode="FIRST_IMPROVEMENT" -PskipProbability=0.5 -PlocalSearchMoves="insert,outOfPool,interSwap,shift,transfer,intraSwap" -Pseed=0 -PalphaType="FIXED" -Palpha=0.5
Command failed with return code: 1
Error: WARNING: A restricted method in java.lang.System has been called
WARNING: java.lang.System::load has been called by net.rubygrapefruit.platform.internal.NativeLibraryLoader in an unnamed module (file:/cta/users/ulvi.findik/.gradle/wrapper/dists/gradle-9.2.1-bin/2t0n5ozlw9xmuyvbp7dnzaxug/gradle-9.2.1/lib/native-platform-0.22-milestone-29.jar)
WARNING: Use --enable-native-access=ALL-UNNAMED to avoid a warning for callers in this module
WARNING: Restricted methods will be blocked in a future release unless native access is enabled


FAILURE: Build failed with an exception.

* What went wrong:
Could not initialize class org.gradle.toolchains.foojay.DistributionsKt
> Exception java.lang.NoSuchFieldError: Class org.gradle.jvm.toolchain.JvmVendorSpec does not have member field 'org.gradle.jvm.toolchain.JvmVendorSpec IBM_SEMERU' [in thread "Daemon worker"]

* Try:
> Run with --stacktrace option to get the stack trace.
> Run with --info or --debug option to get more log output.
> Run with --scan to generate a Build Scan (powered by Develocity).
> Get more help at https://help.gradle.org.

BUILD FAILED in 4s


Command 18 FAILED (Duration: 4.41s)

[19/240] Starting command 19...
Executing: ./gradlew runGrasp -PinstancePath="instances/density=LOW_nInventory=15_nHours=4_seed=9.json" -PoutputPath="output/singleThreadGrasp" -PtimeLimit=300 -PsearchMode="FIRST_IMPROVEMENT" -PskipProbability=0 -PlocalSearchMoves="insert,outOfPool,interSwap,shift,transfer,intraSwap" -Pseed=0 -PalphaType="UNIFORM" -PminAlpha=0.1 -PmaxAlpha=1.0
Command failed with return code: 1
Error: WARNING: A restricted method in java.lang.System has been called
WARNING: java.lang.System::load has been called by net.rubygrapefruit.platform.internal.NativeLibraryLoader in an unnamed module (file:/cta/users/ulvi.findik/.gradle/wrapper/dists/gradle-9.2.1-bin/2t0n5ozlw9xmuyvbp7dnzaxug/gradle-9.2.1/lib/native-platform-0.22-milestone-29.jar)
WARNING: Use --enable-native-access=ALL-UNNAMED to avoid a warning for callers in this module
WARNING: Restricted methods will be blocked in a future release unless native access is enabled


FAILURE: Build failed with an exception.

* What went wrong:
Class org.gradle.jvm.toolchain.JvmVendorSpec does not have member field 'org.gradle.jvm.toolchain.JvmVendorSpec IBM_SEMERU'

* Try:
> Run with --stacktrace option to get the stack trace.
> Run with --info or --debug option to get more log output.
> Run with --scan to generate a Build Scan (powered by Develocity).
> Get more help at https://help.gradle.org.

BUILD FAILED in 18s

Starting a Gradle Daemon, 3 busy and 38 stopped Daemons could not be reused, use --status for details

Command 19 FAILED (Duration: 19.25s)

[20/240] Starting command 20...
Executing: ./gradlew runGrasp -PinstancePath="instances/density=LOW_nInventory=15_nHours=4_seed=9.json" -PoutputPath="output/singleThreadGrasp" -PtimeLimit=300 -PsearchMode="FIRST_IMPROVEMENT" -PskipProbability=0.25 -PlocalSearchMoves="insert,outOfPool,interSwap,shift,transfer,intraSwap" -Pseed=0 -PalphaType="UNIFORM" -PminAlpha=0.1 -PmaxAlpha=1.0
Command failed with return code: 1
Error: WARNING: A restricted method in java.lang.System has been called
WARNING: java.lang.System::load has been called by net.rubygrapefruit.platform.internal.NativeLibraryLoader in an unnamed module (file:/cta/users/ulvi.findik/.gradle/wrapper/dists/gradle-9.2.1-bin/2t0n5ozlw9xmuyvbp7dnzaxug/gradle-9.2.1/lib/native-platform-0.22-milestone-29.jar)
WARNING: Use --enable-native-access=ALL-UNNAMED to avoid a warning for callers in this module
WARNING: Restricted methods will be blocked in a future release unless native access is enabled


FAILURE: Build failed with an exception.

* What went wrong:
Could not initialize class org.gradle.toolchains.foojay.DistributionsKt
> Exception java.lang.NoSuchFieldError: Class org.gradle.jvm.toolchain.JvmVendorSpec does not have member field 'org.gradle.jvm.toolchain.JvmVendorSpec IBM_SEMERU' [in thread "Daemon worker"]

* Try:
> Run with --stacktrace option to get the stack trace.
> Run with --info or --debug option to get more log output.
> Run with --scan to generate a Build Scan (powered by Develocity).
> Get more help at https://help.gradle.org.

BUILD FAILED in 4s


Command 20 FAILED (Duration: 4.87s)

[21/240] Starting command 21...
Executing: ./gradlew runGrasp -PinstancePath="instances/density=LOW_nInventory=15_nHours=4_seed=9.json" -PoutputPath="output/singleThreadGrasp" -PtimeLimit=300 -PsearchMode="FIRST_IMPROVEMENT" -PskipProbability=0.5 -PlocalSearchMoves="insert,outOfPool,interSwap,shift,transfer,intraSwap" -Pseed=0 -PalphaType="UNIFORM" -PminAlpha=0.1 -PmaxAlpha=1.0
Command failed with return code: 1
Error: WARNING: A restricted method in java.lang.System has been called
WARNING: java.lang.System::load has been called by net.rubygrapefruit.platform.internal.NativeLibraryLoader in an unnamed module (file:/cta/users/ulvi.findik/.gradle/wrapper/dists/gradle-9.2.1-bin/2t0n5ozlw9xmuyvbp7dnzaxug/gradle-9.2.1/lib/native-platform-0.22-milestone-29.jar)
WARNING: Use --enable-native-access=ALL-UNNAMED to avoid a warning for callers in this module
WARNING: Restricted methods will be blocked in a future release unless native access is enabled


FAILURE: Build failed with an exception.

* What went wrong:
Could not initialize class org.gradle.toolchains.foojay.DistributionsKt
> Exception java.lang.NoSuchFieldError: Class org.gradle.jvm.toolchain.JvmVendorSpec does not have member field 'org.gradle.jvm.toolchain.JvmVendorSpec IBM_SEMERU' [in thread "Daemon worker"]

* Try:
> Run with --stacktrace option to get the stack trace.
> Run with --info or --debug option to get more log output.
> Run with --scan to generate a Build Scan (powered by Develocity).
> Get more help at https://help.gradle.org.

BUILD FAILED in 4s


Command 21 FAILED (Duration: 4.59s)

[22/240] Starting command 22...
Executing: ./gradlew runGrasp -PinstancePath="instances/density=LOW_nInventory=15_nHours=4_seed=9.json" -PoutputPath="output/singleThreadGrasp" -PtimeLimit=300 -PsearchMode="FIRST_IMPROVEMENT" -PskipProbability=0 -PlocalSearchMoves="insert,outOfPool,interSwap,shift,transfer,intraSwap" -Pseed=0 -PalphaType="UNIFORM" -PminAlpha=0.1 -PmaxAlpha=0.5
Command failed with return code: 1
Error: WARNING: A restricted method in java.lang.System has been called
WARNING: java.lang.System::load has been called by net.rubygrapefruit.platform.internal.NativeLibraryLoader in an unnamed module (file:/cta/users/ulvi.findik/.gradle/wrapper/dists/gradle-9.2.1-bin/2t0n5ozlw9xmuyvbp7dnzaxug/gradle-9.2.1/lib/native-platform-0.22-milestone-29.jar)
WARNING: Use --enable-native-access=ALL-UNNAMED to avoid a warning for callers in this module
WARNING: Restricted methods will be blocked in a future release unless native access is enabled


FAILURE: Build failed with an exception.

* What went wrong:
Could not initialize class org.gradle.toolchains.foojay.DistributionsKt
> Exception java.lang.NoSuchFieldError: Class org.gradle.jvm.toolchain.JvmVendorSpec does not have member field 'org.gradle.jvm.toolchain.JvmVendorSpec IBM_SEMERU' [in thread "Daemon worker"]

* Try:
> Run with --stacktrace option to get the stack trace.
> Run with --info or --debug option to get more log output.
> Run with --scan to generate a Build Scan (powered by Develocity).
> Get more help at https://help.gradle.org.

BUILD FAILED in 3s


Command 22 FAILED (Duration: 4.21s)

[23/240] Starting command 23...
Executing: ./gradlew runGrasp -PinstancePath="instances/density=LOW_nInventory=15_nHours=4_seed=9.json" -PoutputPath="output/singleThreadGrasp" -PtimeLimit=300 -PsearchMode="FIRST_IMPROVEMENT" -PskipProbability=0.25 -PlocalSearchMoves="insert,outOfPool,interSwap,shift,transfer,intraSwap" -Pseed=0 -PalphaType="UNIFORM" -PminAlpha=0.1 -PmaxAlpha=0.5
Command failed with return code: 1
Error: WARNING: A restricted method in java.lang.System has been called
WARNING: java.lang.System::load has been called by net.rubygrapefruit.platform.internal.NativeLibraryLoader in an unnamed module (file:/cta/users/ulvi.findik/.gradle/wrapper/dists/gradle-9.2.1-bin/2t0n5ozlw9xmuyvbp7dnzaxug/gradle-9.2.1/lib/native-platform-0.22-milestone-29.jar)
WARNING: Use --enable-native-access=ALL-UNNAMED to avoid a warning for callers in this module
WARNING: Restricted methods will be blocked in a future release unless native access is enabled


FAILURE: Build failed with an exception.

* What went wrong:
Could not initialize class org.gradle.toolchains.foojay.DistributionsKt
> Exception java.lang.NoSuchFieldError: Class org.gradle.jvm.toolchain.JvmVendorSpec does not have member field 'org.gradle.jvm.toolchain.JvmVendorSpec IBM_SEMERU' [in thread "Daemon worker"]

* Try:
> Run with --stacktrace option to get the stack trace.
> Run with --info or --debug option to get more log output.
> Run with --scan to generate a Build Scan (powered by Develocity).
> Get more help at https://help.gradle.org.

BUILD FAILED in 4s


Command 23 FAILED (Duration: 4.75s)

[24/240] Starting command 24...
Executing: ./gradlew runGrasp -PinstancePath="instances/density=LOW_nInventory=15_nHours=4_seed=9.json" -PoutputPath="output/singleThreadGrasp" -PtimeLimit=300 -PsearchMode="FIRST_IMPROVEMENT" -PskipProbability=0.5 -PlocalSearchMoves="insert,outOfPool,interSwap,shift,transfer,intraSwap" -Pseed=0 -PalphaType="UNIFORM" -PminAlpha=0.1 -PmaxAlpha=0.5
Command failed with return code: 1
Error: WARNING: A restricted method in java.lang.System has been called
WARNING: java.lang.System::load has been called by net.rubygrapefruit.platform.internal.NativeLibraryLoader in an unnamed module (file:/cta/users/ulvi.findik/.gradle/wrapper/dists/gradle-9.2.1-bin/2t0n5ozlw9xmuyvbp7dnzaxug/gradle-9.2.1/lib/native-platform-0.22-milestone-29.jar)
WARNING: Use --enable-native-access=ALL-UNNAMED to avoid a warning for callers in this module
WARNING: Restricted methods will be blocked in a future release unless native access is enabled


FAILURE: Build failed with an exception.

* What went wrong:
Class org.gradle.jvm.toolchain.JvmVendorSpec does not have member field 'org.gradle.jvm.toolchain.JvmVendorSpec IBM_SEMERU'

* Try:
> Run with --stacktrace option to get the stack trace.
> Run with --info or --debug option to get more log output.
> Run with --scan to generate a Build Scan (powered by Develocity).
> Get more help at https://help.gradle.org.

BUILD FAILED in 20s

Starting a Gradle Daemon, 3 busy and 2 incompatible and 46 stopped Daemons could not be reused, use --status for details

Command 24 FAILED (Duration: 20.71s)

[25/240] Starting command 25...
Executing: ./gradlew runGrasp -PinstancePath="instances/density=MEDIUM_nInventory=15_nHours=4_seed=10.json" -PoutputPath="output/singleThreadGrasp" -PtimeLimit=300 -PsearchMode="BEST_IMPROVEMENT" -PskipProbability=0 -PlocalSearchMoves="insert,outOfPool,interSwap,shift,transfer,intraSwap" -Pseed=0 -PalphaType="FIXED" -Palpha=0.25
Command failed with return code: 1
Error: WARNING: A restricted method in java.lang.System has been called
WARNING: java.lang.System::load has been called by net.rubygrapefruit.platform.internal.NativeLibraryLoader in an unnamed module (file:/cta/users/ulvi.findik/.gradle/wrapper/dists/gradle-9.2.1-bin/2t0n5ozlw9xmuyvbp7dnzaxug/gradle-9.2.1/lib/native-platform-0.22-milestone-29.jar)
WARNING: Use --enable-native-access=ALL-UNNAMED to avoid a warning for callers in this module
WARNING: Restricted methods will be blocked in a future release unless native access is enabled


FAILURE: Build failed with an exception.

* What went wrong:
Class org.gradle.jvm.toolchain.JvmVendorSpec does not have member field 'org.gradle.jvm.toolchain.JvmVendorSpec IBM_SEMERU'

* Try:
> Run with --stacktrace option to get the stack trace.
> Run with --info or --debug option to get more log output.
> Run with --scan to generate a Build Scan (powered by Develocity).
> Get more help at https://help.gradle.org.

BUILD FAILED in 17s

Starting a Gradle Daemon, 4 busy and 1 incompatible and 50 stopped Daemons could not be reused, use --status for details

Command 25 FAILED (Duration: 18.50s)

[26/240] Starting command 26...
Executing: ./gradlew runGrasp -PinstancePath="instances/density=MEDIUM_nInventory=15_nHours=4_seed=10.json" -PoutputPath="output/singleThreadGrasp" -PtimeLimit=300 -PsearchMode="BEST_IMPROVEMENT" -PskipProbability=0.25 -PlocalSearchMoves="insert,outOfPool,interSwap,shift,transfer,intraSwap" -Pseed=0 -PalphaType="FIXED" -Palpha=0.25
Command failed with return code: 1
Error: WARNING: A restricted method in java.lang.System has been called
WARNING: java.lang.System::load has been called by net.rubygrapefruit.platform.internal.NativeLibraryLoader in an unnamed module (file:/cta/users/ulvi.findik/.gradle/wrapper/dists/gradle-9.2.1-bin/2t0n5ozlw9xmuyvbp7dnzaxug/gradle-9.2.1/lib/native-platform-0.22-milestone-29.jar)
WARNING: Use --enable-native-access=ALL-UNNAMED to avoid a warning for callers in this module
WARNING: Restricted methods will be blocked in a future release unless native access is enabled


FAILURE: Build failed with an exception.

* What went wrong:
Could not initialize class org.gradle.toolchains.foojay.DistributionsKt
> Exception java.lang.NoSuchFieldError: Class org.gradle.jvm.toolchain.JvmVendorSpec does not have member field 'org.gradle.jvm.toolchain.JvmVendorSpec IBM_SEMERU' [in thread "Daemon worker"]

* Try:
> Run with --stacktrace option to get the stack trace.
> Run with --info or --debug option to get more log output.
> Run with --scan to generate a Build Scan (powered by Develocity).
> Get more help at https://help.gradle.org.

BUILD FAILED in 4s


Command 26 FAILED (Duration: 4.37s)

[27/240] Starting command 27...
Executing: ./gradlew runGrasp -PinstancePath="instances/density=MEDIUM_nInventory=15_nHours=4_seed=10.json" -PoutputPath="output/singleThreadGrasp" -PtimeLimit=300 -PsearchMode="BEST_IMPROVEMENT" -PskipProbability=0.5 -PlocalSearchMoves="insert,outOfPool,interSwap,shift,transfer,intraSwap" -Pseed=0 -PalphaType="FIXED" -Palpha=0.25
Command failed with return code: 1
Error: WARNING: A restricted method in java.lang.System has been called
WARNING: java.lang.System::load has been called by net.rubygrapefruit.platform.internal.NativeLibraryLoader in an unnamed module (file:/cta/users/ulvi.findik/.gradle/wrapper/dists/gradle-9.2.1-bin/2t0n5ozlw9xmuyvbp7dnzaxug/gradle-9.2.1/lib/native-platform-0.22-milestone-29.jar)
WARNING: Use --enable-native-access=ALL-UNNAMED to avoid a warning for callers in this module
WARNING: Restricted methods will be blocked in a future release unless native access is enabled


FAILURE: Build failed with an exception.

* What went wrong:
Class org.gradle.jvm.toolchain.JvmVendorSpec does not have member field 'org.gradle.jvm.toolchain.JvmVendorSpec IBM_SEMERU'

* Try:
> Run with --stacktrace option to get the stack trace.
> Run with --info or --debug option to get more log output.
> Run with --scan to generate a Build Scan (powered by Develocity).
> Get more help at https://help.gradle.org.

BUILD FAILED in 17s

Starting a Gradle Daemon, 2 busy and 56 stopped Daemons could not be reused, use --status for details

Command 27 FAILED (Duration: 18.44s)

[28/240] Starting command 28...
Executing: ./gradlew runGrasp -PinstancePath="instances/density=MEDIUM_nInventory=15_nHours=4_seed=10.json" -PoutputPath="output/singleThreadGrasp" -PtimeLimit=300 -PsearchMode="BEST_IMPROVEMENT" -PskipProbability=0 -PlocalSearchMoves="insert,outOfPool,interSwap,shift,transfer,intraSwap" -Pseed=0 -PalphaType="FIXED" -Palpha=0.5
Command failed with return code: 1
Error: WARNING: A restricted method in java.lang.System has been called
WARNING: java.lang.System::load has been called by net.rubygrapefruit.platform.internal.NativeLibraryLoader in an unnamed module (file:/cta/users/ulvi.findik/.gradle/wrapper/dists/gradle-9.2.1-bin/2t0n5ozlw9xmuyvbp7dnzaxug/gradle-9.2.1/lib/native-platform-0.22-milestone-29.jar)
WARNING: Use --enable-native-access=ALL-UNNAMED to avoid a warning for callers in this module
WARNING: Restricted methods will be blocked in a future release unless native access is enabled


FAILURE: Build failed with an exception.

* What went wrong:
Class org.gradle.jvm.toolchain.JvmVendorSpec does not have member field 'org.gradle.jvm.toolchain.JvmVendorSpec IBM_SEMERU'

* Try:
> Run with --stacktrace option to get the stack trace.
> Run with --info or --debug option to get more log output.
> Run with --scan to generate a Build Scan (powered by Develocity).
> Get more help at https://help.gradle.org.

BUILD FAILED in 18s

Starting a Gradle Daemon, 1 busy and 2 incompatible and 61 stopped Daemons could not be reused, use --status for details

Command 28 FAILED (Duration: 19.68s)

[29/240] Starting command 29...
Executing: ./gradlew runGrasp -PinstancePath="instances/density=MEDIUM_nInventory=15_nHours=4_seed=10.json" -PoutputPath="output/singleThreadGrasp" -PtimeLimit=300 -PsearchMode="BEST_IMPROVEMENT" -PskipProbability=0.25 -PlocalSearchMoves="insert,outOfPool,interSwap,shift,transfer,intraSwap" -Pseed=0 -PalphaType="FIXED" -Palpha=0.5
Command failed with return code: 1
Error: WARNING: A restricted method in java.lang.System has been called
WARNING: java.lang.System::load has been called by net.rubygrapefruit.platform.internal.NativeLibraryLoader in an unnamed module (file:/cta/users/ulvi.findik/.gradle/wrapper/dists/gradle-9.2.1-bin/2t0n5ozlw9xmuyvbp7dnzaxug/gradle-9.2.1/lib/native-platform-0.22-milestone-29.jar)
WARNING: Use --enable-native-access=ALL-UNNAMED to avoid a warning for callers in this module
WARNING: Restricted methods will be blocked in a future release unless native access is enabled


FAILURE: Build failed with an exception.

* What went wrong:
Could not initialize class org.gradle.toolchains.foojay.DistributionsKt
> Exception java.lang.NoSuchFieldError: Class org.gradle.jvm.toolchain.JvmVendorSpec does not have member field 'org.gradle.jvm.toolchain.JvmVendorSpec IBM_SEMERU' [in thread "Daemon worker"]

* Try:
> Run with --stacktrace option to get the stack trace.
> Run with --info or --debug option to get more log output.
> Run with --scan to generate a Build Scan (powered by Develocity).
> Get more help at https://help.gradle.org.

BUILD FAILED in 4s


Command 29 FAILED (Duration: 5.04s)

[30/240] Starting command 30...
Executing: ./gradlew runGrasp -PinstancePath="instances/density=MEDIUM_nInventory=15_nHours=4_seed=10.json" -PoutputPath="output/singleThreadGrasp" -PtimeLimit=300 -PsearchMode="BEST_IMPROVEMENT" -PskipProbability=0.5 -PlocalSearchMoves="insert,outOfPool,interSwap,shift,transfer,intraSwap" -Pseed=0 -PalphaType="FIXED" -Palpha=0.5
Command failed with return code: 1
Error: WARNING: A restricted method in java.lang.System has been called
WARNING: java.lang.System::load has been called by net.rubygrapefruit.platform.internal.NativeLibraryLoader in an unnamed module (file:/cta/users/ulvi.findik/.gradle/wrapper/dists/gradle-9.2.1-bin/2t0n5ozlw9xmuyvbp7dnzaxug/gradle-9.2.1/lib/native-platform-0.22-milestone-29.jar)
WARNING: Use --enable-native-access=ALL-UNNAMED to avoid a warning for callers in this module
WARNING: Restricted methods will be blocked in a future release unless native access is enabled


FAILURE: Build failed with an exception.

* What went wrong:
Class org.gradle.jvm.toolchain.JvmVendorSpec does not have member field 'org.gradle.jvm.toolchain.JvmVendorSpec IBM_SEMERU'

* Try:
> Run with --stacktrace option to get the stack trace.
> Run with --info or --debug option to get more log output.
> Run with --scan to generate a Build Scan (powered by Develocity).
> Get more help at https://help.gradle.org.

BUILD FAILED in 17s

Starting a Gradle Daemon, 1 busy and 1 incompatible and 8 stopped Daemons could not be reused, use --status for details

Command 30 FAILED (Duration: 18.69s)

[31/240] Starting command 31...
Executing: ./gradlew runGrasp -PinstancePath="instances/density=MEDIUM_nInventory=15_nHours=4_seed=10.json" -PoutputPath="output/singleThreadGrasp" -PtimeLimit=300 -PsearchMode="BEST_IMPROVEMENT" -PskipProbability=0 -PlocalSearchMoves="insert,outOfPool,interSwap,shift,transfer,intraSwap" -Pseed=0 -PalphaType="UNIFORM" -PminAlpha=0.1 -PmaxAlpha=1.0
Command failed with return code: 1
Error: WARNING: A restricted method in java.lang.System has been called
WARNING: java.lang.System::load has been called by net.rubygrapefruit.platform.internal.NativeLibraryLoader in an unnamed module (file:/cta/users/ulvi.findik/.gradle/wrapper/dists/gradle-9.2.1-bin/2t0n5ozlw9xmuyvbp7dnzaxug/gradle-9.2.1/lib/native-platform-0.22-milestone-29.jar)
WARNING: Use --enable-native-access=ALL-UNNAMED to avoid a warning for callers in this module
WARNING: Restricted methods will be blocked in a future release unless native access is enabled


FAILURE: Build failed with an exception.

* What went wrong:
Could not initialize class org.gradle.toolchains.foojay.DistributionsKt
> Exception java.lang.NoSuchFieldError: Class org.gradle.jvm.toolchain.JvmVendorSpec does not have member field 'org.gradle.jvm.toolchain.JvmVendorSpec IBM_SEMERU' [in thread "Daemon worker"]

* Try:
> Run with --stacktrace option to get the stack trace.
> Run with --info or --debug option to get more log output.
> Run with --scan to generate a Build Scan (powered by Develocity).
> Get more help at https://help.gradle.org.

BUILD FAILED in 4s


Command 31 FAILED (Duration: 4.41s)

[32/240] Starting command 32...
Executing: ./gradlew runGrasp -PinstancePath="instances/density=MEDIUM_nInventory=15_nHours=4_seed=10.json" -PoutputPath="output/singleThreadGrasp" -PtimeLimit=300 -PsearchMode="BEST_IMPROVEMENT" -PskipProbability=0.25 -PlocalSearchMoves="insert,outOfPool,interSwap,shift,transfer,intraSwap" -Pseed=0 -PalphaType="UNIFORM" -PminAlpha=0.1 -PmaxAlpha=1.0
Command failed with return code: 1
Error: WARNING: A restricted method in java.lang.System has been called
WARNING: java.lang.System::load has been called by net.rubygrapefruit.platform.internal.NativeLibraryLoader in an unnamed module (file:/cta/users/ulvi.findik/.gradle/wrapper/dists/gradle-9.2.1-bin/2t0n5ozlw9xmuyvbp7dnzaxug/gradle-9.2.1/lib/native-platform-0.22-milestone-29.jar)
WARNING: Use --enable-native-access=ALL-UNNAMED to avoid a warning for callers in this module
WARNING: Restricted methods will be blocked in a future release unless native access is enabled


FAILURE: Build failed with an exception.

* What went wrong:
Class org.gradle.jvm.toolchain.JvmVendorSpec does not have member field 'org.gradle.jvm.toolchain.JvmVendorSpec IBM_SEMERU'

* Try:
> Run with --stacktrace option to get the stack trace.
> Run with --info or --debug option to get more log output.
> Run with --scan to generate a Build Scan (powered by Develocity).
> Get more help at https://help.gradle.org.

BUILD FAILED in 17s

Starting a Gradle Daemon, 1 busy and 13 stopped Daemons could not be reused, use --status for details
Daemon will be stopped at the end of the build after the daemon was no longer found in the daemon registry

Command 32 FAILED (Duration: 18.35s)

[33/240] Starting command 33...
Executing: ./gradlew runGrasp -PinstancePath="instances/density=MEDIUM_nInventory=15_nHours=4_seed=10.json" -PoutputPath="output/singleThreadGrasp" -PtimeLimit=300 -PsearchMode="BEST_IMPROVEMENT" -PskipProbability=0.5 -PlocalSearchMoves="insert,outOfPool,interSwap,shift,transfer,intraSwap" -Pseed=0 -PalphaType="UNIFORM" -PminAlpha=0.1 -PmaxAlpha=1.0
Command failed with return code: 1
Error: WARNING: A restricted method in java.lang.System has been called
WARNING: java.lang.System::load has been called by net.rubygrapefruit.platform.internal.NativeLibraryLoader in an unnamed module (file:/cta/users/ulvi.findik/.gradle/wrapper/dists/gradle-9.2.1-bin/2t0n5ozlw9xmuyvbp7dnzaxug/gradle-9.2.1/lib/native-platform-0.22-milestone-29.jar)
WARNING: Use --enable-native-access=ALL-UNNAMED to avoid a warning for callers in this module
WARNING: Restricted methods will be blocked in a future release unless native access is enabled


FAILURE: Build failed with an exception.

* What went wrong:
Class org.gradle.jvm.toolchain.JvmVendorSpec does not have member field 'org.gradle.jvm.toolchain.JvmVendorSpec IBM_SEMERU'

* Try:
> Run with --stacktrace option to get the stack trace.
> Run with --info or --debug option to get more log output.
> Run with --scan to generate a Build Scan (powered by Develocity).
> Get more help at https://help.gradle.org.

BUILD FAILED in 17s

Starting a Gradle Daemon, 2 busy and 1 incompatible and 4 stopped Daemons could not be reused, use --status for details

Command 33 FAILED (Duration: 18.66s)

[34/240] Starting command 34...
Executing: ./gradlew runGrasp -PinstancePath="instances/density=MEDIUM_nInventory=15_nHours=4_seed=10.json" -PoutputPath="output/singleThreadGrasp" -PtimeLimit=300 -PsearchMode="BEST_IMPROVEMENT" -PskipProbability=0 -PlocalSearchMoves="insert,outOfPool,interSwap,shift,transfer,intraSwap" -Pseed=0 -PalphaType="UNIFORM" -PminAlpha=0.1 -PmaxAlpha=0.5
Command failed with return code: 1
Error: WARNING: A restricted method in java.lang.System has been called
WARNING: java.lang.System::load has been called by net.rubygrapefruit.platform.internal.NativeLibraryLoader in an unnamed module (file:/cta/users/ulvi.findik/.gradle/wrapper/dists/gradle-9.2.1-bin/2t0n5ozlw9xmuyvbp7dnzaxug/gradle-9.2.1/lib/native-platform-0.22-milestone-29.jar)
WARNING: Use --enable-native-access=ALL-UNNAMED to avoid a warning for callers in this module
WARNING: Restricted methods will be blocked in a future release unless native access is enabled


FAILURE: Build failed with an exception.

* What went wrong:
Could not initialize class org.gradle.toolchains.foojay.DistributionsKt
> Exception java.lang.NoSuchFieldError: Class org.gradle.jvm.toolchain.JvmVendorSpec does not have member field 'org.gradle.jvm.toolchain.JvmVendorSpec IBM_SEMERU' [in thread "Daemon worker"]

* Try:
> Run with --stacktrace option to get the stack trace.
> Run with --info or --debug option to get more log output.
> Run with --scan to generate a Build Scan (powered by Develocity).
> Get more help at https://help.gradle.org.

BUILD FAILED in 3s


Command 34 FAILED (Duration: 4.27s)

[35/240] Starting command 35...
Executing: ./gradlew runGrasp -PinstancePath="instances/density=MEDIUM_nInventory=15_nHours=4_seed=10.json" -PoutputPath="output/singleThreadGrasp" -PtimeLimit=300 -PsearchMode="BEST_IMPROVEMENT" -PskipProbability=0.25 -PlocalSearchMoves="insert,outOfPool,interSwap,shift,transfer,intraSwap" -Pseed=0 -PalphaType="UNIFORM" -PminAlpha=0.1 -PmaxAlpha=0.5
Command failed with return code: 1
Error: WARNING: A restricted method in java.lang.System has been called
WARNING: java.lang.System::load has been called by net.rubygrapefruit.platform.internal.NativeLibraryLoader in an unnamed module (file:/cta/users/ulvi.findik/.gradle/wrapper/dists/gradle-9.2.1-bin/2t0n5ozlw9xmuyvbp7dnzaxug/gradle-9.2.1/lib/native-platform-0.22-milestone-29.jar)
WARNING: Use --enable-native-access=ALL-UNNAMED to avoid a warning for callers in this module
WARNING: Restricted methods will be blocked in a future release unless native access is enabled


FAILURE: Build failed with an exception.

* What went wrong:
Class org.gradle.jvm.toolchain.JvmVendorSpec does not have member field 'org.gradle.jvm.toolchain.JvmVendorSpec IBM_SEMERU'

* Try:
> Run with --stacktrace option to get the stack trace.
> Run with --info or --debug option to get more log output.
> Run with --scan to generate a Build Scan (powered by Develocity).
> Get more help at https://help.gradle.org.

BUILD FAILED in 17s

Starting a Gradle Daemon, 3 busy and 8 stopped Daemons could not be reused, use --status for details

Command 35 FAILED (Duration: 18.78s)

[36/240] Starting command 36...
Executing: ./gradlew runGrasp -PinstancePath="instances/density=MEDIUM_nInventory=15_nHours=4_seed=10.json" -PoutputPath="output/singleThreadGrasp" -PtimeLimit=300 -PsearchMode="BEST_IMPROVEMENT" -PskipProbability=0.5 -PlocalSearchMoves="insert,outOfPool,interSwap,shift,transfer,intraSwap" -Pseed=0 -PalphaType="UNIFORM" -PminAlpha=0.1 -PmaxAlpha=0.5
Command failed with return code: 1
Error: WARNING: A restricted method in java.lang.System has been called
WARNING: java.lang.System::load has been called by net.rubygrapefruit.platform.internal.NativeLibraryLoader in an unnamed module (file:/cta/users/ulvi.findik/.gradle/wrapper/dists/gradle-9.2.1-bin/2t0n5ozlw9xmuyvbp7dnzaxug/gradle-9.2.1/lib/native-platform-0.22-milestone-29.jar)
WARNING: Use --enable-native-access=ALL-UNNAMED to avoid a warning for callers in this module
WARNING: Restricted methods will be blocked in a future release unless native access is enabled


FAILURE: Build failed with an exception.

* What went wrong:
Could not initialize class org.gradle.toolchains.foojay.DistributionsKt
> Exception java.lang.NoSuchFieldError: Class org.gradle.jvm.toolchain.JvmVendorSpec does not have member field 'org.gradle.jvm.toolchain.JvmVendorSpec IBM_SEMERU' [in thread "Daemon worker"]

* Try:
> Run with --stacktrace option to get the stack trace.
> Run with --info or --debug option to get more log output.
> Run with --scan to generate a Build Scan (powered by Develocity).
> Get more help at https://help.gradle.org.

BUILD FAILED in 4s


Command 36 FAILED (Duration: 4.69s)

[37/240] Starting command 37...
Executing: ./gradlew runGrasp -PinstancePath="instances/density=MEDIUM_nInventory=15_nHours=4_seed=10.json" -PoutputPath="output/singleThreadGrasp" -PtimeLimit=300 -PsearchMode="FIRST_IMPROVEMENT" -PskipProbability=0 -PlocalSearchMoves="insert,outOfPool,interSwap,shift,transfer,intraSwap" -Pseed=0 -PalphaType="FIXED" -Palpha=0.25
Command failed with return code: 1
Error: WARNING: A restricted method in java.lang.System has been called
WARNING: java.lang.System::load has been called by net.rubygrapefruit.platform.internal.NativeLibraryLoader in an unnamed module (file:/cta/users/ulvi.findik/.gradle/wrapper/dists/gradle-9.2.1-bin/2t0n5ozlw9xmuyvbp7dnzaxug/gradle-9.2.1/lib/native-platform-0.22-milestone-29.jar)
WARNING: Use --enable-native-access=ALL-UNNAMED to avoid a warning for callers in this module
WARNING: Restricted methods will be blocked in a future release unless native access is enabled


FAILURE: Build failed with an exception.

* What went wrong:
Class org.gradle.jvm.toolchain.JvmVendorSpec does not have member field 'org.gradle.jvm.toolchain.JvmVendorSpec IBM_SEMERU'

* Try:
> Run with --stacktrace option to get the stack trace.
> Run with --info or --debug option to get more log output.
> Run with --scan to generate a Build Scan (powered by Develocity).
> Get more help at https://help.gradle.org.

BUILD FAILED in 17s

Starting a Gradle Daemon, 1 busy and 14 stopped Daemons could not be reused, use --status for details

Command 37 FAILED (Duration: 18.24s)

[38/240] Starting command 38...
Executing: ./gradlew runGrasp -PinstancePath="instances/density=MEDIUM_nInventory=15_nHours=4_seed=10.json" -PoutputPath="output/singleThreadGrasp" -PtimeLimit=300 -PsearchMode="FIRST_IMPROVEMENT" -PskipProbability=0.25 -PlocalSearchMoves="insert,outOfPool,interSwap,shift,transfer,intraSwap" -Pseed=0 -PalphaType="FIXED" -Palpha=0.25
Command failed with return code: 1
Error: WARNING: A restricted method in java.lang.System has been called
WARNING: java.lang.System::load has been called by net.rubygrapefruit.platform.internal.NativeLibraryLoader in an unnamed module (file:/cta/users/ulvi.findik/.gradle/wrapper/dists/gradle-9.2.1-bin/2t0n5ozlw9xmuyvbp7dnzaxug/gradle-9.2.1/lib/native-platform-0.22-milestone-29.jar)
WARNING: Use --enable-native-access=ALL-UNNAMED to avoid a warning for callers in this module
WARNING: Restricted methods will be blocked in a future release unless native access is enabled


FAILURE: Build failed with an exception.

* What went wrong:
Could not initialize class org.gradle.toolchains.foojay.DistributionsKt
> Exception java.lang.NoSuchFieldError: Class org.gradle.jvm.toolchain.JvmVendorSpec does not have member field 'org.gradle.jvm.toolchain.JvmVendorSpec IBM_SEMERU' [in thread "Daemon worker"]

* Try:
> Run with --stacktrace option to get the stack trace.
> Run with --info or --debug option to get more log output.
> Run with --scan to generate a Build Scan (powered by Develocity).
> Get more help at https://help.gradle.org.

BUILD FAILED in 4s


Command 38 FAILED (Duration: 4.39s)

[39/240] Starting command 39...
Executing: ./gradlew runGrasp -PinstancePath="instances/density=MEDIUM_nInventory=15_nHours=4_seed=10.json" -PoutputPath="output/singleThreadGrasp" -PtimeLimit=300 -PsearchMode="FIRST_IMPROVEMENT" -PskipProbability=0.5 -PlocalSearchMoves="insert,outOfPool,interSwap,shift,transfer,intraSwap" -Pseed=0 -PalphaType="FIXED" -Palpha=0.25
Command failed with return code: 1
Error: WARNING: A restricted method in java.lang.System has been called
WARNING: java.lang.System::load has been called by net.rubygrapefruit.platform.internal.NativeLibraryLoader in an unnamed module (file:/cta/users/ulvi.findik/.gradle/wrapper/dists/gradle-9.2.1-bin/2t0n5ozlw9xmuyvbp7dnzaxug/gradle-9.2.1/lib/native-platform-0.22-milestone-29.jar)
WARNING: Use --enable-native-access=ALL-UNNAMED to avoid a warning for callers in this module
WARNING: Restricted methods will be blocked in a future release unless native access is enabled


FAILURE: Build failed with an exception.

* What went wrong:
Could not initialize class org.gradle.toolchains.foojay.DistributionsKt
> Exception java.lang.NoSuchFieldError: Class org.gradle.jvm.toolchain.JvmVendorSpec does not have member field 'org.gradle.jvm.toolchain.JvmVendorSpec IBM_SEMERU' [in thread "Daemon worker"]

* Try:
> Run with --stacktrace option to get the stack trace.
> Run with --info or --debug option to get more log output.
> Run with --scan to generate a Build Scan (powered by Develocity).
> Get more help at https://help.gradle.org.

BUILD FAILED in 3s


Command 39 FAILED (Duration: 4.14s)

[40/240] Starting command 40...
Executing: ./gradlew runGrasp -PinstancePath="instances/density=MEDIUM_nInventory=15_nHours=4_seed=10.json" -PoutputPath="output/singleThreadGrasp" -PtimeLimit=300 -PsearchMode="FIRST_IMPROVEMENT" -PskipProbability=0 -PlocalSearchMoves="insert,outOfPool,interSwap,shift,transfer,intraSwap" -Pseed=0 -PalphaType="FIXED" -Palpha=0.5
Command failed with return code: 1
Error: WARNING: A restricted method in java.lang.System has been called
WARNING: java.lang.System::load has been called by net.rubygrapefruit.platform.internal.NativeLibraryLoader in an unnamed module (file:/cta/users/ulvi.findik/.gradle/wrapper/dists/gradle-9.2.1-bin/2t0n5ozlw9xmuyvbp7dnzaxug/gradle-9.2.1/lib/native-platform-0.22-milestone-29.jar)
WARNING: Use --enable-native-access=ALL-UNNAMED to avoid a warning for callers in this module
WARNING: Restricted methods will be blocked in a future release unless native access is enabled


FAILURE: Build failed with an exception.

* What went wrong:
Class org.gradle.jvm.toolchain.JvmVendorSpec does not have member field 'org.gradle.jvm.toolchain.JvmVendorSpec IBM_SEMERU'

* Try:
> Run with --stacktrace option to get the stack trace.
> Run with --info or --debug option to get more log output.
> Run with --scan to generate a Build Scan (powered by Develocity).
> Get more help at https://help.gradle.org.

BUILD FAILED in 20s

Starting a Gradle Daemon, 1 busy and 19 stopped Daemons could not be reused, use --status for details

Command 40 FAILED (Duration: 20.74s)

[41/240] Starting command 41...
Executing: ./gradlew runGrasp -PinstancePath="instances/density=MEDIUM_nInventory=15_nHours=4_seed=10.json" -PoutputPath="output/singleThreadGrasp" -PtimeLimit=300 -PsearchMode="FIRST_IMPROVEMENT" -PskipProbability=0.25 -PlocalSearchMoves="insert,outOfPool,interSwap,shift,transfer,intraSwap" -Pseed=0 -PalphaType="FIXED" -Palpha=0.5
Command failed with return code: 1
Error: WARNING: A restricted method in java.lang.System has been called
WARNING: java.lang.System::load has been called by net.rubygrapefruit.platform.internal.NativeLibraryLoader in an unnamed module (file:/cta/users/ulvi.findik/.gradle/wrapper/dists/gradle-9.2.1-bin/2t0n5ozlw9xmuyvbp7dnzaxug/gradle-9.2.1/lib/native-platform-0.22-milestone-29.jar)
WARNING: Use --enable-native-access=ALL-UNNAMED to avoid a warning for callers in this module
WARNING: Restricted methods will be blocked in a future release unless native access is enabled


FAILURE: Build failed with an exception.

* What went wrong:
Could not initialize class org.gradle.toolchains.foojay.DistributionsKt
> Exception java.lang.NoSuchFieldError: Class org.gradle.jvm.toolchain.JvmVendorSpec does not have member field 'org.gradle.jvm.toolchain.JvmVendorSpec IBM_SEMERU' [in thread "Daemon worker"]

* Try:
> Run with --stacktrace option to get the stack trace.
> Run with --info or --debug option to get more log output.
> Run with --scan to generate a Build Scan (powered by Develocity).
> Get more help at https://help.gradle.org.

BUILD FAILED in 4s


Command 41 FAILED (Duration: 4.32s)

[42/240] Starting command 42...
Executing: ./gradlew runGrasp -PinstancePath="instances/density=MEDIUM_nInventory=15_nHours=4_seed=10.json" -PoutputPath="output/singleThreadGrasp" -PtimeLimit=300 -PsearchMode="FIRST_IMPROVEMENT" -PskipProbability=0.5 -PlocalSearchMoves="insert,outOfPool,interSwap,shift,transfer,intraSwap" -Pseed=0 -PalphaType="FIXED" -Palpha=0.5
Command failed with return code: 1
Error: WARNING: A restricted method in java.lang.System has been called
WARNING: java.lang.System::load has been called by net.rubygrapefruit.platform.internal.NativeLibraryLoader in an unnamed module (file:/cta/users/ulvi.findik/.gradle/wrapper/dists/gradle-9.2.1-bin/2t0n5ozlw9xmuyvbp7dnzaxug/gradle-9.2.1/lib/native-platform-0.22-milestone-29.jar)
WARNING: Use --enable-native-access=ALL-UNNAMED to avoid a warning for callers in this module
WARNING: Restricted methods will be blocked in a future release unless native access is enabled


FAILURE: Build failed with an exception.

* What went wrong:
Class org.gradle.jvm.toolchain.JvmVendorSpec does not have member field 'org.gradle.jvm.toolchain.JvmVendorSpec IBM_SEMERU'

* Try:
> Run with --stacktrace option to get the stack trace.
> Run with --info or --debug option to get more log output.
> Run with --scan to generate a Build Scan (powered by Develocity).
> Get more help at https://help.gradle.org.

BUILD FAILED in 17s

Starting a Gradle Daemon, 1 incompatible and 26 stopped Daemons could not be reused, use --status for details

Command 42 FAILED (Duration: 18.11s)

[43/240] Starting command 43...
Executing: ./gradlew runGrasp -PinstancePath="instances/density=MEDIUM_nInventory=15_nHours=4_seed=10.json" -PoutputPath="output/singleThreadGrasp" -PtimeLimit=300 -PsearchMode="FIRST_IMPROVEMENT" -PskipProbability=0 -PlocalSearchMoves="insert,outOfPool,interSwap,shift,transfer,intraSwap" -Pseed=0 -PalphaType="UNIFORM" -PminAlpha=0.1 -PmaxAlpha=1.0
Command failed with return code: 1
Error: WARNING: A restricted method in java.lang.System has been called
WARNING: java.lang.System::load has been called by net.rubygrapefruit.platform.internal.NativeLibraryLoader in an unnamed module (file:/cta/users/ulvi.findik/.gradle/wrapper/dists/gradle-9.2.1-bin/2t0n5ozlw9xmuyvbp7dnzaxug/gradle-9.2.1/lib/native-platform-0.22-milestone-29.jar)
WARNING: Use --enable-native-access=ALL-UNNAMED to avoid a warning for callers in this module
WARNING: Restricted methods will be blocked in a future release unless native access is enabled


FAILURE: Build failed with an exception.

* What went wrong:
Could not initialize class org.gradle.toolchains.foojay.DistributionsKt
> Exception java.lang.NoSuchFieldError: Class org.gradle.jvm.toolchain.JvmVendorSpec does not have member field 'org.gradle.jvm.toolchain.JvmVendorSpec IBM_SEMERU' [in thread "Daemon worker"]

* Try:
> Run with --stacktrace option to get the stack trace.
> Run with --info or --debug option to get more log output.
> Run with --scan to generate a Build Scan (powered by Develocity).
> Get more help at https://help.gradle.org.

BUILD FAILED in 4s


Command 43 FAILED (Duration: 4.57s)

[44/240] Starting command 44...
Executing: ./gradlew runGrasp -PinstancePath="instances/density=MEDIUM_nInventory=15_nHours=4_seed=10.json" -PoutputPath="output/singleThreadGrasp" -PtimeLimit=300 -PsearchMode="FIRST_IMPROVEMENT" -PskipProbability=0.25 -PlocalSearchMoves="insert,outOfPool,interSwap,shift,transfer,intraSwap" -Pseed=0 -PalphaType="UNIFORM" -PminAlpha=0.1 -PmaxAlpha=1.0
Command failed with return code: 1
Error: WARNING: A restricted method in java.lang.System has been called
WARNING: java.lang.System::load has been called by net.rubygrapefruit.platform.internal.NativeLibraryLoader in an unnamed module (file:/cta/users/ulvi.findik/.gradle/wrapper/dists/gradle-9.2.1-bin/2t0n5ozlw9xmuyvbp7dnzaxug/gradle-9.2.1/lib/native-platform-0.22-milestone-29.jar)
WARNING: Use --enable-native-access=ALL-UNNAMED to avoid a warning for callers in this module
WARNING: Restricted methods will be blocked in a future release unless native access is enabled


FAILURE: Build failed with an exception.

* What went wrong:
Class org.gradle.jvm.toolchain.JvmVendorSpec does not have member field 'org.gradle.jvm.toolchain.JvmVendorSpec IBM_SEMERU'

* Try:
> Run with --stacktrace option to get the stack trace.
> Run with --info or --debug option to get more log output.
> Run with --scan to generate a Build Scan (powered by Develocity).
> Get more help at https://help.gradle.org.

BUILD FAILED in 17s

Starting a Gradle Daemon, 2 busy and 30 stopped Daemons could not be reused, use --status for details
Daemon will be stopped at the end of the build after the daemon was no longer found in the daemon registry

Command 44 FAILED (Duration: 18.67s)

[45/240] Starting command 45...
Executing: ./gradlew runGrasp -PinstancePath="instances/density=MEDIUM_nInventory=15_nHours=4_seed=10.json" -PoutputPath="output/singleThreadGrasp" -PtimeLimit=300 -PsearchMode="FIRST_IMPROVEMENT" -PskipProbability=0.5 -PlocalSearchMoves="insert,outOfPool,interSwap,shift,transfer,intraSwap" -Pseed=0 -PalphaType="UNIFORM" -PminAlpha=0.1 -PmaxAlpha=1.0
Command failed with return code: 1
Error: WARNING: A restricted method in java.lang.System has been called
WARNING: java.lang.System::load has been called by net.rubygrapefruit.platform.internal.NativeLibraryLoader in an unnamed module (file:/cta/users/ulvi.findik/.gradle/wrapper/dists/gradle-9.2.1-bin/2t0n5ozlw9xmuyvbp7dnzaxug/gradle-9.2.1/lib/native-platform-0.22-milestone-29.jar)
WARNING: Use --enable-native-access=ALL-UNNAMED to avoid a warning for callers in this module
WARNING: Restricted methods will be blocked in a future release unless native access is enabled


FAILURE: Build failed with an exception.

* What went wrong:
Class org.gradle.jvm.toolchain.JvmVendorSpec does not have member field 'org.gradle.jvm.toolchain.JvmVendorSpec IBM_SEMERU'

* Try:
> Run with --stacktrace option to get the stack trace.
> Run with --info or --debug option to get more log output.
> Run with --scan to generate a Build Scan (powered by Develocity).
> Get more help at https://help.gradle.org.

BUILD FAILED in 17s

Starting a Gradle Daemon, 2 busy and 4 stopped Daemons could not be reused, use --status for details

Command 45 FAILED (Duration: 18.72s)

[46/240] Starting command 46...
Executing: ./gradlew runGrasp -PinstancePath="instances/density=MEDIUM_nInventory=15_nHours=4_seed=10.json" -PoutputPath="output/singleThreadGrasp" -PtimeLimit=300 -PsearchMode="FIRST_IMPROVEMENT" -PskipProbability=0 -PlocalSearchMoves="insert,outOfPool,interSwap,shift,transfer,intraSwap" -Pseed=0 -PalphaType="UNIFORM" -PminAlpha=0.1 -PmaxAlpha=0.5
Command failed with return code: 1
Error: WARNING: A restricted method in java.lang.System has been called
WARNING: java.lang.System::load has been called by net.rubygrapefruit.platform.internal.NativeLibraryLoader in an unnamed module (file:/cta/users/ulvi.findik/.gradle/wrapper/dists/gradle-9.2.1-bin/2t0n5ozlw9xmuyvbp7dnzaxug/gradle-9.2.1/lib/native-platform-0.22-milestone-29.jar)
WARNING: Use --enable-native-access=ALL-UNNAMED to avoid a warning for callers in this module
WARNING: Restricted methods will be blocked in a future release unless native access is enabled


FAILURE: Build failed with an exception.

* What went wrong:
Class org.gradle.jvm.toolchain.JvmVendorSpec does not have member field 'org.gradle.jvm.toolchain.JvmVendorSpec IBM_SEMERU'

* Try:
> Run with --stacktrace option to get the stack trace.
> Run with --info or --debug option to get more log output.
> Run with --scan to generate a Build Scan (powered by Develocity).
> Get more help at https://help.gradle.org.

BUILD FAILED in 19s

Starting a Gradle Daemon, 2 incompatible and 9 stopped Daemons could not be reused, use --status for details

Command 46 FAILED (Duration: 19.75s)

[47/240] Starting command 47...
Executing: ./gradlew runGrasp -PinstancePath="instances/density=MEDIUM_nInventory=15_nHours=4_seed=10.json" -PoutputPath="output/singleThreadGrasp" -PtimeLimit=300 -PsearchMode="FIRST_IMPROVEMENT" -PskipProbability=0.25 -PlocalSearchMoves="insert,outOfPool,interSwap,shift,transfer,intraSwap" -Pseed=0 -PalphaType="UNIFORM" -PminAlpha=0.1 -PmaxAlpha=0.5
Command failed with return code: 1
Error: WARNING: A restricted method in java.lang.System has been called
WARNING: java.lang.System::load has been called by net.rubygrapefruit.platform.internal.NativeLibraryLoader in an unnamed module (file:/cta/users/ulvi.findik/.gradle/wrapper/dists/gradle-9.2.1-bin/2t0n5ozlw9xmuyvbp7dnzaxug/gradle-9.2.1/lib/native-platform-0.22-milestone-29.jar)
WARNING: Use --enable-native-access=ALL-UNNAMED to avoid a warning for callers in this module
WARNING: Restricted methods will be blocked in a future release unless native access is enabled


FAILURE: Build failed with an exception.

* What went wrong:
Class org.gradle.jvm.toolchain.JvmVendorSpec does not have member field 'org.gradle.jvm.toolchain.JvmVendorSpec IBM_SEMERU'

* Try:
> Run with --stacktrace option to get the stack trace.
> Run with --info or --debug option to get more log output.
> Run with --scan to generate a Build Scan (powered by Develocity).
> Get more help at https://help.gradle.org.

BUILD FAILED in 17s

Starting a Gradle Daemon, 4 busy and 12 stopped Daemons could not be reused, use --status for details

Command 47 FAILED (Duration: 18.19s)

[48/240] Starting command 48...
Executing: ./gradlew runGrasp -PinstancePath="instances/density=MEDIUM_nInventory=15_nHours=4_seed=10.json" -PoutputPath="output/singleThreadGrasp" -PtimeLimit=300 -PsearchMode="FIRST_IMPROVEMENT" -PskipProbability=0.5 -PlocalSearchMoves="insert,outOfPool,interSwap,shift,transfer,intraSwap" -Pseed=0 -PalphaType="UNIFORM" -PminAlpha=0.1 -PmaxAlpha=0.5
Command failed with return code: 1
Error: WARNING: A restricted method in java.lang.System has been called
WARNING: java.lang.System::load has been called by net.rubygrapefruit.platform.internal.NativeLibraryLoader in an unnamed module (file:/cta/users/ulvi.findik/.gradle/wrapper/dists/gradle-9.2.1-bin/2t0n5ozlw9xmuyvbp7dnzaxug/gradle-9.2.1/lib/native-platform-0.22-milestone-29.jar)
WARNING: Use --enable-native-access=ALL-UNNAMED to avoid a warning for callers in this module
WARNING: Restricted methods will be blocked in a future release unless native access is enabled


FAILURE: Build failed with an exception.

* What went wrong:
Could not initialize class org.gradle.toolchains.foojay.DistributionsKt
> Exception java.lang.NoSuchFieldError: Class org.gradle.jvm.toolchain.JvmVendorSpec does not have member field 'org.gradle.jvm.toolchain.JvmVendorSpec IBM_SEMERU' [in thread "Daemon worker"]

* Try:
> Run with --stacktrace option to get the stack trace.
> Run with --info or --debug option to get more log output.
> Run with --scan to generate a Build Scan (powered by Develocity).
> Get more help at https://help.gradle.org.

BUILD FAILED in 4s


Command 48 FAILED (Duration: 4.43s)

[49/240] Starting command 49...
Executing: ./gradlew runGrasp -PinstancePath="instances/density=LOW_nInventory=10_nHours=3_seed=6.json" -PoutputPath="output/singleThreadGrasp" -PtimeLimit=300 -PsearchMode="BEST_IMPROVEMENT" -PskipProbability=0 -PlocalSearchMoves="insert,outOfPool,interSwap,shift,transfer,intraSwap" -Pseed=0 -PalphaType="FIXED" -Palpha=0.25
Command failed with return code: 1
Error: WARNING: A restricted method in java.lang.System has been called
WARNING: java.lang.System::load has been called by net.rubygrapefruit.platform.internal.NativeLibraryLoader in an unnamed module (file:/cta/users/ulvi.findik/.gradle/wrapper/dists/gradle-9.2.1-bin/2t0n5ozlw9xmuyvbp7dnzaxug/gradle-9.2.1/lib/native-platform-0.22-milestone-29.jar)
WARNING: Use --enable-native-access=ALL-UNNAMED to avoid a warning for callers in this module
WARNING: Restricted methods will be blocked in a future release unless native access is enabled


FAILURE: Build failed with an exception.

* What went wrong:
Class org.gradle.jvm.toolchain.JvmVendorSpec does not have member field 'org.gradle.jvm.toolchain.JvmVendorSpec IBM_SEMERU'

* Try:
> Run with --stacktrace option to get the stack trace.
> Run with --info or --debug option to get more log output.
> Run with --scan to generate a Build Scan (powered by Develocity).
> Get more help at https://help.gradle.org.

BUILD FAILED in 17s

Starting a Gradle Daemon, 2 busy and 19 stopped Daemons could not be reused, use --status for details

Command 49 FAILED (Duration: 17.73s)

[50/240] Starting command 50...
Executing: ./gradlew runGrasp -PinstancePath="instances/density=LOW_nInventory=10_nHours=3_seed=6.json" -PoutputPath="output/singleThreadGrasp" -PtimeLimit=300 -PsearchMode="BEST_IMPROVEMENT" -PskipProbability=0.25 -PlocalSearchMoves="insert,outOfPool,interSwap,shift,transfer,intraSwap" -Pseed=0 -PalphaType="FIXED" -Palpha=0.25
Command failed with return code: 1
Error: WARNING: A restricted method in java.lang.System has been called
WARNING: java.lang.System::load has been called by net.rubygrapefruit.platform.internal.NativeLibraryLoader in an unnamed module (file:/cta/users/ulvi.findik/.gradle/wrapper/dists/gradle-9.2.1-bin/2t0n5ozlw9xmuyvbp7dnzaxug/gradle-9.2.1/lib/native-platform-0.22-milestone-29.jar)
WARNING: Use --enable-native-access=ALL-UNNAMED to avoid a warning for callers in this module
WARNING: Restricted methods will be blocked in a future release unless native access is enabled


FAILURE: Build failed with an exception.

* What went wrong:
Could not initialize class org.gradle.toolchains.foojay.DistributionsKt
> Exception java.lang.NoSuchFieldError: Class org.gradle.jvm.toolchain.JvmVendorSpec does not have member field 'org.gradle.jvm.toolchain.JvmVendorSpec IBM_SEMERU' [in thread "Daemon worker"]

* Try:
> Run with --stacktrace option to get the stack trace.
> Run with --info or --debug option to get more log output.
> Run with --scan to generate a Build Scan (powered by Develocity).
> Get more help at https://help.gradle.org.

BUILD FAILED in 4s


Command 50 FAILED (Duration: 4.39s)

[51/240] Starting command 51...
Executing: ./gradlew runGrasp -PinstancePath="instances/density=LOW_nInventory=10_nHours=3_seed=6.json" -PoutputPath="output/singleThreadGrasp" -PtimeLimit=300 -PsearchMode="BEST_IMPROVEMENT" -PskipProbability=0.5 -PlocalSearchMoves="insert,outOfPool,interSwap,shift,transfer,intraSwap" -Pseed=0 -PalphaType="FIXED" -Palpha=0.25
Command failed with return code: 1
Error: WARNING: A restricted method in java.lang.System has been called
WARNING: java.lang.System::load has been called by net.rubygrapefruit.platform.internal.NativeLibraryLoader in an unnamed module (file:/cta/users/ulvi.findik/.gradle/wrapper/dists/gradle-9.2.1-bin/2t0n5ozlw9xmuyvbp7dnzaxug/gradle-9.2.1/lib/native-platform-0.22-milestone-29.jar)
WARNING: Use --enable-native-access=ALL-UNNAMED to avoid a warning for callers in this module
WARNING: Restricted methods will be blocked in a future release unless native access is enabled


FAILURE: Build failed with an exception.

* What went wrong:
Could not initialize class org.gradle.toolchains.foojay.DistributionsKt
> Exception java.lang.NoSuchFieldError: Class org.gradle.jvm.toolchain.JvmVendorSpec does not have member field 'org.gradle.jvm.toolchain.JvmVendorSpec IBM_SEMERU' [in thread "Daemon worker"]

* Try:
> Run with --stacktrace option to get the stack trace.
> Run with --info or --debug option to get more log output.
> Run with --scan to generate a Build Scan (powered by Develocity).
> Get more help at https://help.gradle.org.

BUILD FAILED in 3s


Command 51 FAILED (Duration: 4.12s)

[52/240] Starting command 52...
Executing: ./gradlew runGrasp -PinstancePath="instances/density=LOW_nInventory=10_nHours=3_seed=6.json" -PoutputPath="output/singleThreadGrasp" -PtimeLimit=300 -PsearchMode="BEST_IMPROVEMENT" -PskipProbability=0 -PlocalSearchMoves="insert,outOfPool,interSwap,shift,transfer,intraSwap" -Pseed=0 -PalphaType="FIXED" -Palpha=0.5
Command failed with return code: 1
Error: WARNING: A restricted method in java.lang.System has been called
WARNING: java.lang.System::load has been called by net.rubygrapefruit.platform.internal.NativeLibraryLoader in an unnamed module (file:/cta/users/ulvi.findik/.gradle/wrapper/dists/gradle-9.2.1-bin/2t0n5ozlw9xmuyvbp7dnzaxug/gradle-9.2.1/lib/native-platform-0.22-milestone-29.jar)
WARNING: Use --enable-native-access=ALL-UNNAMED to avoid a warning for callers in this module
WARNING: Restricted methods will be blocked in a future release unless native access is enabled


FAILURE: Build failed with an exception.

* What went wrong:
Could not initialize class org.gradle.toolchains.foojay.DistributionsKt
> Exception java.lang.NoSuchFieldError: Class org.gradle.jvm.toolchain.JvmVendorSpec does not have member field 'org.gradle.jvm.toolchain.JvmVendorSpec IBM_SEMERU' [in thread "Daemon worker"]

* Try:
> Run with --stacktrace option to get the stack trace.
> Run with --info or --debug option to get more log output.
> Run with --scan to generate a Build Scan (powered by Develocity).
> Get more help at https://help.gradle.org.

BUILD FAILED in 3s


Command 52 FAILED (Duration: 3.99s)

[53/240] Starting command 53...
Executing: ./gradlew runGrasp -PinstancePath="instances/density=LOW_nInventory=10_nHours=3_seed=6.json" -PoutputPath="output/singleThreadGrasp" -PtimeLimit=300 -PsearchMode="BEST_IMPROVEMENT" -PskipProbability=0.25 -PlocalSearchMoves="insert,outOfPool,interSwap,shift,transfer,intraSwap" -Pseed=0 -PalphaType="FIXED" -Palpha=0.5
Command failed with return code: 1
Error: WARNING: A restricted method in java.lang.System has been called
WARNING: java.lang.System::load has been called by net.rubygrapefruit.platform.internal.NativeLibraryLoader in an unnamed module (file:/cta/users/ulvi.findik/.gradle/wrapper/dists/gradle-9.2.1-bin/2t0n5ozlw9xmuyvbp7dnzaxug/gradle-9.2.1/lib/native-platform-0.22-milestone-29.jar)
WARNING: Use --enable-native-access=ALL-UNNAMED to avoid a warning for callers in this module
WARNING: Restricted methods will be blocked in a future release unless native access is enabled


FAILURE: Build failed with an exception.

* What went wrong:
Class org.gradle.jvm.toolchain.JvmVendorSpec does not have member field 'org.gradle.jvm.toolchain.JvmVendorSpec IBM_SEMERU'

* Try:
> Run with --stacktrace option to get the stack trace.
> Run with --info or --debug option to get more log output.
> Run with --scan to generate a Build Scan (powered by Develocity).
> Get more help at https://help.gradle.org.

BUILD FAILED in 17s

Starting a Gradle Daemon, 5 busy and 24 stopped Daemons could not be reused, use --status for details

Command 53 FAILED (Duration: 18.50s)

[54/240] Starting command 54...
Executing: ./gradlew runGrasp -PinstancePath="instances/density=LOW_nInventory=10_nHours=3_seed=6.json" -PoutputPath="output/singleThreadGrasp" -PtimeLimit=300 -PsearchMode="BEST_IMPROVEMENT" -PskipProbability=0.5 -PlocalSearchMoves="insert,outOfPool,interSwap,shift,transfer,intraSwap" -Pseed=0 -PalphaType="FIXED" -Palpha=0.5
Command failed with return code: 1
Error: WARNING: A restricted method in java.lang.System has been called
WARNING: java.lang.System::load has been called by net.rubygrapefruit.platform.internal.NativeLibraryLoader in an unnamed module (file:/cta/users/ulvi.findik/.gradle/wrapper/dists/gradle-9.2.1-bin/2t0n5ozlw9xmuyvbp7dnzaxug/gradle-9.2.1/lib/native-platform-0.22-milestone-29.jar)
WARNING: Use --enable-native-access=ALL-UNNAMED to avoid a warning for callers in this module
WARNING: Restricted methods will be blocked in a future release unless native access is enabled


FAILURE: Build failed with an exception.

* What went wrong:
Class org.gradle.jvm.toolchain.JvmVendorSpec does not have member field 'org.gradle.jvm.toolchain.JvmVendorSpec IBM_SEMERU'

* Try:
> Run with --stacktrace option to get the stack trace.
> Run with --info or --debug option to get more log output.
> Run with --scan to generate a Build Scan (powered by Develocity).
> Get more help at https://help.gradle.org.

BUILD FAILED in 29s

Starting a Gradle Daemon, 4 busy and 29 stopped Daemons could not be reused, use --status for details

Command 54 FAILED (Duration: 29.74s)

[55/240] Starting command 55...
Executing: ./gradlew runGrasp -PinstancePath="instances/density=LOW_nInventory=10_nHours=3_seed=6.json" -PoutputPath="output/singleThreadGrasp" -PtimeLimit=300 -PsearchMode="BEST_IMPROVEMENT" -PskipProbability=0 -PlocalSearchMoves="insert,outOfPool,interSwap,shift,transfer,intraSwap" -Pseed=0 -PalphaType="UNIFORM" -PminAlpha=0.1 -PmaxAlpha=1.0
Command failed with return code: 1
Error: WARNING: A restricted method in java.lang.System has been called
WARNING: java.lang.System::load has been called by net.rubygrapefruit.platform.internal.NativeLibraryLoader in an unnamed module (file:/cta/users/ulvi.findik/.gradle/wrapper/dists/gradle-9.2.1-bin/2t0n5ozlw9xmuyvbp7dnzaxug/gradle-9.2.1/lib/native-platform-0.22-milestone-29.jar)
WARNING: Use --enable-native-access=ALL-UNNAMED to avoid a warning for callers in this module
WARNING: Restricted methods will be blocked in a future release unless native access is enabled


FAILURE: Build failed with an exception.

* What went wrong:
Could not initialize class org.gradle.toolchains.foojay.DistributionsKt
> Exception java.lang.NoSuchFieldError: Class org.gradle.jvm.toolchain.JvmVendorSpec does not have member field 'org.gradle.jvm.toolchain.JvmVendorSpec IBM_SEMERU' [in thread "Daemon worker"]

* Try:
> Run with --stacktrace option to get the stack trace.
> Run with --info or --debug option to get more log output.
> Run with --scan to generate a Build Scan (powered by Develocity).
> Get more help at https://help.gradle.org.

BUILD FAILED in 3s


Command 55 FAILED (Duration: 4.25s)

[56/240] Starting command 56...
Executing: ./gradlew runGrasp -PinstancePath="instances/density=LOW_nInventory=10_nHours=3_seed=6.json" -PoutputPath="output/singleThreadGrasp" -PtimeLimit=300 -PsearchMode="BEST_IMPROVEMENT" -PskipProbability=0.25 -PlocalSearchMoves="insert,outOfPool,interSwap,shift,transfer,intraSwap" -Pseed=0 -PalphaType="UNIFORM" -PminAlpha=0.1 -PmaxAlpha=1.0
Command failed with return code: 1
Error: WARNING: A restricted method in java.lang.System has been called
WARNING: java.lang.System::load has been called by net.rubygrapefruit.platform.internal.NativeLibraryLoader in an unnamed module (file:/cta/users/ulvi.findik/.gradle/wrapper/dists/gradle-9.2.1-bin/2t0n5ozlw9xmuyvbp7dnzaxug/gradle-9.2.1/lib/native-platform-0.22-milestone-29.jar)
WARNING: Use --enable-native-access=ALL-UNNAMED to avoid a warning for callers in this module
WARNING: Restricted methods will be blocked in a future release unless native access is enabled


FAILURE: Build failed with an exception.

* What went wrong:
Could not initialize class org.gradle.toolchains.foojay.DistributionsKt
> Exception java.lang.NoSuchFieldError: Class org.gradle.jvm.toolchain.JvmVendorSpec does not have member field 'org.gradle.jvm.toolchain.JvmVendorSpec IBM_SEMERU' [in thread "Daemon worker"]

* Try:
> Run with --stacktrace option to get the stack trace.
> Run with --info or --debug option to get more log output.
> Run with --scan to generate a Build Scan (powered by Develocity).
> Get more help at https://help.gradle.org.

BUILD FAILED in 3s


Command 56 FAILED (Duration: 3.96s)

[57/240] Starting command 57...
Executing: ./gradlew runGrasp -PinstancePath="instances/density=LOW_nInventory=10_nHours=3_seed=6.json" -PoutputPath="output/singleThreadGrasp" -PtimeLimit=300 -PsearchMode="BEST_IMPROVEMENT" -PskipProbability=0.5 -PlocalSearchMoves="insert,outOfPool,interSwap,shift,transfer,intraSwap" -Pseed=0 -PalphaType="UNIFORM" -PminAlpha=0.1 -PmaxAlpha=1.0
Command failed with return code: 1
Error: WARNING: A restricted method in java.lang.System has been called
WARNING: java.lang.System::load has been called by net.rubygrapefruit.platform.internal.NativeLibraryLoader in an unnamed module (file:/cta/users/ulvi.findik/.gradle/wrapper/dists/gradle-9.2.1-bin/2t0n5ozlw9xmuyvbp7dnzaxug/gradle-9.2.1/lib/native-platform-0.22-milestone-29.jar)
WARNING: Use --enable-native-access=ALL-UNNAMED to avoid a warning for callers in this module
WARNING: Restricted methods will be blocked in a future release unless native access is enabled


FAILURE: Build failed with an exception.

* What went wrong:
Could not initialize class org.gradle.toolchains.foojay.DistributionsKt
> Exception java.lang.NoSuchFieldError: Class org.gradle.jvm.toolchain.JvmVendorSpec does not have member field 'org.gradle.jvm.toolchain.JvmVendorSpec IBM_SEMERU' [in thread "Daemon worker"]

* Try:
> Run with --stacktrace option to get the stack trace.
> Run with --info or --debug option to get more log output.
> Run with --scan to generate a Build Scan (powered by Develocity).
> Get more help at https://help.gradle.org.

BUILD FAILED in 3s


Command 57 FAILED (Duration: 3.86s)

[58/240] Starting command 58...
Executing: ./gradlew runGrasp -PinstancePath="instances/density=LOW_nInventory=10_nHours=3_seed=6.json" -PoutputPath="output/singleThreadGrasp" -PtimeLimit=300 -PsearchMode="BEST_IMPROVEMENT" -PskipProbability=0 -PlocalSearchMoves="insert,outOfPool,interSwap,shift,transfer,intraSwap" -Pseed=0 -PalphaType="UNIFORM" -PminAlpha=0.1 -PmaxAlpha=0.5
Command failed with return code: 1
Error: WARNING: A restricted method in java.lang.System has been called
WARNING: java.lang.System::load has been called by net.rubygrapefruit.platform.internal.NativeLibraryLoader in an unnamed module (file:/cta/users/ulvi.findik/.gradle/wrapper/dists/gradle-9.2.1-bin/2t0n5ozlw9xmuyvbp7dnzaxug/gradle-9.2.1/lib/native-platform-0.22-milestone-29.jar)
WARNING: Use --enable-native-access=ALL-UNNAMED to avoid a warning for callers in this module
WARNING: Restricted methods will be blocked in a future release unless native access is enabled


FAILURE: Build failed with an exception.

* What went wrong:
Could not initialize class org.gradle.toolchains.foojay.DistributionsKt
> Exception java.lang.NoSuchFieldError: Class org.gradle.jvm.toolchain.JvmVendorSpec does not have member field 'org.gradle.jvm.toolchain.JvmVendorSpec IBM_SEMERU' [in thread "Daemon worker"]

* Try:
> Run with --stacktrace option to get the stack trace.
> Run with --info or --debug option to get more log output.
> Run with --scan to generate a Build Scan (powered by Develocity).
> Get more help at https://help.gradle.org.

BUILD FAILED in 3s


Command 58 FAILED (Duration: 3.94s)

[59/240] Starting command 59...
Executing: ./gradlew runGrasp -PinstancePath="instances/density=LOW_nInventory=10_nHours=3_seed=6.json" -PoutputPath="output/singleThreadGrasp" -PtimeLimit=300 -PsearchMode="BEST_IMPROVEMENT" -PskipProbability=0.25 -PlocalSearchMoves="insert,outOfPool,interSwap,shift,transfer,intraSwap" -Pseed=0 -PalphaType="UNIFORM" -PminAlpha=0.1 -PmaxAlpha=0.5
Command failed with return code: 1
Error: WARNING: A restricted method in java.lang.System has been called
WARNING: java.lang.System::load has been called by net.rubygrapefruit.platform.internal.NativeLibraryLoader in an unnamed module (file:/cta/users/ulvi.findik/.gradle/wrapper/dists/gradle-9.2.1-bin/2t0n5ozlw9xmuyvbp7dnzaxug/gradle-9.2.1/lib/native-platform-0.22-milestone-29.jar)
WARNING: Use --enable-native-access=ALL-UNNAMED to avoid a warning for callers in this module
WARNING: Restricted methods will be blocked in a future release unless native access is enabled


FAILURE: Build failed with an exception.

* What went wrong:
Class org.gradle.jvm.toolchain.JvmVendorSpec does not have member field 'org.gradle.jvm.toolchain.JvmVendorSpec IBM_SEMERU'

* Try:
> Run with --stacktrace option to get the stack trace.
> Run with --info or --debug option to get more log output.
> Run with --scan to generate a Build Scan (powered by Develocity).
> Get more help at https://help.gradle.org.

BUILD FAILED in 18s

Starting a Gradle Daemon, 2 busy and 39 stopped Daemons could not be reused, use --status for details

Command 59 FAILED (Duration: 18.87s)

[60/240] Starting command 60...
Executing: ./gradlew runGrasp -PinstancePath="instances/density=LOW_nInventory=10_nHours=3_seed=6.json" -PoutputPath="output/singleThreadGrasp" -PtimeLimit=300 -PsearchMode="BEST_IMPROVEMENT" -PskipProbability=0.5 -PlocalSearchMoves="insert,outOfPool,interSwap,shift,transfer,intraSwap" -Pseed=0 -PalphaType="UNIFORM" -PminAlpha=0.1 -PmaxAlpha=0.5
Command failed with return code: 1
Error: WARNING: A restricted method in java.lang.System has been called
WARNING: java.lang.System::load has been called by net.rubygrapefruit.platform.internal.NativeLibraryLoader in an unnamed module (file:/cta/users/ulvi.findik/.gradle/wrapper/dists/gradle-9.2.1-bin/2t0n5ozlw9xmuyvbp7dnzaxug/gradle-9.2.1/lib/native-platform-0.22-milestone-29.jar)
WARNING: Use --enable-native-access=ALL-UNNAMED to avoid a warning for callers in this module
WARNING: Restricted methods will be blocked in a future release unless native access is enabled


FAILURE: Build failed with an exception.

* What went wrong:
Could not initialize class org.gradle.toolchains.foojay.DistributionsKt
> Exception java.lang.NoSuchFieldError: Class org.gradle.jvm.toolchain.JvmVendorSpec does not have member field 'org.gradle.jvm.toolchain.JvmVendorSpec IBM_SEMERU' [in thread "Daemon worker"]

* Try:
> Run with --stacktrace option to get the stack trace.
> Run with --info or --debug option to get more log output.
> Run with --scan to generate a Build Scan (powered by Develocity).
> Get more help at https://help.gradle.org.

BUILD FAILED in 4s


Command 60 FAILED (Duration: 4.59s)

[61/240] Starting command 61...
Executing: ./gradlew runGrasp -PinstancePath="instances/density=LOW_nInventory=10_nHours=3_seed=6.json" -PoutputPath="output/singleThreadGrasp" -PtimeLimit=300 -PsearchMode="FIRST_IMPROVEMENT" -PskipProbability=0 -PlocalSearchMoves="insert,outOfPool,interSwap,shift,transfer,intraSwap" -Pseed=0 -PalphaType="FIXED" -Palpha=0.25
Command failed with return code: 1
Error: WARNING: A restricted method in java.lang.System has been called
WARNING: java.lang.System::load has been called by net.rubygrapefruit.platform.internal.NativeLibraryLoader in an unnamed module (file:/cta/users/ulvi.findik/.gradle/wrapper/dists/gradle-9.2.1-bin/2t0n5ozlw9xmuyvbp7dnzaxug/gradle-9.2.1/lib/native-platform-0.22-milestone-29.jar)
WARNING: Use --enable-native-access=ALL-UNNAMED to avoid a warning for callers in this module
WARNING: Restricted methods will be blocked in a future release unless native access is enabled


FAILURE: Build failed with an exception.

* What went wrong:
Class org.gradle.jvm.toolchain.JvmVendorSpec does not have member field 'org.gradle.jvm.toolchain.JvmVendorSpec IBM_SEMERU'

* Try:
> Run with --stacktrace option to get the stack trace.
> Run with --info or --debug option to get more log output.
> Run with --scan to generate a Build Scan (powered by Develocity).
> Get more help at https://help.gradle.org.

BUILD FAILED in 17s

Starting a Gradle Daemon, 1 busy and 45 stopped Daemons could not be reused, use --status for details

Command 61 FAILED (Duration: 18.57s)

[62/240] Starting command 62...
Executing: ./gradlew runGrasp -PinstancePath="instances/density=LOW_nInventory=10_nHours=3_seed=6.json" -PoutputPath="output/singleThreadGrasp" -PtimeLimit=300 -PsearchMode="FIRST_IMPROVEMENT" -PskipProbability=0.25 -PlocalSearchMoves="insert,outOfPool,interSwap,shift,transfer,intraSwap" -Pseed=0 -PalphaType="FIXED" -Palpha=0.25
Command failed with return code: 1
Error: WARNING: A restricted method in java.lang.System has been called
WARNING: java.lang.System::load has been called by net.rubygrapefruit.platform.internal.NativeLibraryLoader in an unnamed module (file:/cta/users/ulvi.findik/.gradle/wrapper/dists/gradle-9.2.1-bin/2t0n5ozlw9xmuyvbp7dnzaxug/gradle-9.2.1/lib/native-platform-0.22-milestone-29.jar)
WARNING: Use --enable-native-access=ALL-UNNAMED to avoid a warning for callers in this module
WARNING: Restricted methods will be blocked in a future release unless native access is enabled


FAILURE: Build failed with an exception.

* What went wrong:
Could not initialize class org.gradle.toolchains.foojay.DistributionsKt
> Exception java.lang.NoSuchFieldError: Class org.gradle.jvm.toolchain.JvmVendorSpec does not have member field 'org.gradle.jvm.toolchain.JvmVendorSpec IBM_SEMERU' [in thread "Daemon worker"]

* Try:
> Run with --stacktrace option to get the stack trace.
> Run with --info or --debug option to get more log output.
> Run with --scan to generate a Build Scan (powered by Develocity).
> Get more help at https://help.gradle.org.

BUILD FAILED in 4s


Command 62 FAILED (Duration: 4.54s)

[63/240] Starting command 63...
Executing: ./gradlew runGrasp -PinstancePath="instances/density=LOW_nInventory=10_nHours=3_seed=6.json" -PoutputPath="output/singleThreadGrasp" -PtimeLimit=300 -PsearchMode="FIRST_IMPROVEMENT" -PskipProbability=0.5 -PlocalSearchMoves="insert,outOfPool,interSwap,shift,transfer,intraSwap" -Pseed=0 -PalphaType="FIXED" -Palpha=0.25
Command failed with return code: 1
Error: WARNING: A restricted method in java.lang.System has been called
WARNING: java.lang.System::load has been called by net.rubygrapefruit.platform.internal.NativeLibraryLoader in an unnamed module (file:/cta/users/ulvi.findik/.gradle/wrapper/dists/gradle-9.2.1-bin/2t0n5ozlw9xmuyvbp7dnzaxug/gradle-9.2.1/lib/native-platform-0.22-milestone-29.jar)
WARNING: Use --enable-native-access=ALL-UNNAMED to avoid a warning for callers in this module
WARNING: Restricted methods will be blocked in a future release unless native access is enabled


FAILURE: Build failed with an exception.

* What went wrong:
Timeout waiting to connect to the Gradle daemon.
Daemon uid: b8015d6d-a403-40cc-96a6-78542cf1d327 with diagnostics:
Daemon pid: 344690
  log file: /cta/users/ulvi.findik/.gradle/daemon/9.2.1/daemon-344690.out.log
----- Last 20 lines from daemon log file - daemon-344690.out.log -----
	at org.gradle.launcher.bootstrap.ProcessBootstrap.runNoExit(ProcessBootstrap.java:72)
	at org.gradle.launcher.bootstrap.ProcessBootstrap.run(ProcessBootstrap.java:39)
	at org.gradle.launcher.daemon.bootstrap.GradleDaemon.main(GradleDaemon.java:22)
Daemon vm is shutting down... The daemon has exited normally or was terminated in response to a user interrupt.
2026-01-15T16:06:02.803+0300 [DEBUG] [org.gradle.launcher.daemon.registry.PersistentDaemonRegistry] Removing daemon address: [0dc8ffb8-751a-4137-b91a-4e76ebfd9601 port:46423, addresses:[localhost/127.0.0.1]]
2026-01-15T16:06:02.804+0300 [DEBUG] [org.gradle.launcher.daemon.server.Daemon] VM shutdown hook was unable to remove the daemon address from the registry. It will be cleaned up later.
java.lang.IllegalStateException: Cannot start managing file contention because this handler has been closed.
	at org.gradle.cache.internal.locklistener.DefaultFileLockContentionHandler.assertNotStopped(DefaultFileLockContentionHandler.java:256)
	at org.gradle.cache.internal.locklistener.DefaultFileLockContentionHandler.reservePort(DefaultFileLockContentionHandler.java:294)
	at org.gradle.cache.internal.DefaultFileLockManager.lock(DefaultFileLockManager.java:124)
	at org.gradle.cache.internal.DefaultFileLockManager.lock(DefaultFileLockManager.java:106)
	at org.gradle.cache.internal.DefaultFileLockManager.lock(DefaultFileLockManager.java:101)
	at org.gradle.cache.internal.OnDemandFileAccess.updateFile(OnDemandFileAccess.java:51)
	at org.gradle.cache.internal.FileBackedObjectHolder.update(FileBackedObjectHolder.java:77)
	at org.gradle.cache.internal.FileIntegrityViolationSuppressingObjectHolderDecorator.lambda$update$0(FileIntegrityViolationSuppressingObjectHolderDecorator.java:48)
	at org.gradle.cache.internal.FileIntegrityViolationSuppressingObjectHolderDecorator.doUpdate(FileIntegrityViolationSuppressingObjectHolderDecorator.java:58)
	at org.gradle.cache.internal.FileIntegrityViolationSuppressingObjectHolderDecorator.update(FileIntegrityViolationSuppressingObjectHolderDecorator.java:48)
	at org.gradle.launcher.daemon.registry.PersistentDaemonRegistry.remove(PersistentDaemonRegistry.java:133)
	at org.gradle.launcher.daemon.server.Daemon$1.run(Daemon.java:133)
	at java.base/java.lang.Thread.run(Thread.java:1474)----- End of the daemon log -----


* Try:
> Run with --stacktrace option to get the stack trace.
> Run with --info or --debug option to get more log output.
> Run with --scan to generate a Build Scan (powered by Develocity).
> Get more help at https://help.gradle.org.

Starting a Gradle Daemon, 51 stopped Daemons could not be reused, use --status for details

Command 63 FAILED (Duration: 36.79s)

[64/240] Starting command 64...
Executing: ./gradlew runGrasp -PinstancePath="instances/density=LOW_nInventory=10_nHours=3_seed=6.json" -PoutputPath="output/singleThreadGrasp" -PtimeLimit=300 -PsearchMode="FIRST_IMPROVEMENT" -PskipProbability=0 -PlocalSearchMoves="insert,outOfPool,interSwap,shift,transfer,intraSwap" -Pseed=0 -PalphaType="FIXED" -Palpha=0.5
Command failed with return code: 1
Error: WARNING: A restricted method in java.lang.System has been called
WARNING: java.lang.System::load has been called by net.rubygrapefruit.platform.internal.NativeLibraryLoader in an unnamed module (file:/cta/users/ulvi.findik/.gradle/wrapper/dists/gradle-9.2.1-bin/2t0n5ozlw9xmuyvbp7dnzaxug/gradle-9.2.1/lib/native-platform-0.22-milestone-29.jar)
WARNING: Use --enable-native-access=ALL-UNNAMED to avoid a warning for callers in this module
WARNING: Restricted methods will be blocked in a future release unless native access is enabled


FAILURE: Build failed with an exception.

* What went wrong:
Class org.gradle.jvm.toolchain.JvmVendorSpec does not have member field 'org.gradle.jvm.toolchain.JvmVendorSpec IBM_SEMERU'

* Try:
> Run with --stacktrace option to get the stack trace.
> Run with --info or --debug option to get more log output.
> Run with --scan to generate a Build Scan (powered by Develocity).
> Get more help at https://help.gradle.org.

BUILD FAILED in 17s

Starting a Gradle Daemon, 4 busy and 1 incompatible and 8 stopped Daemons could not be reused, use --status for details

Command 64 FAILED (Duration: 18.21s)

[65/240] Starting command 65...
Executing: ./gradlew runGrasp -PinstancePath="instances/density=LOW_nInventory=10_nHours=3_seed=6.json" -PoutputPath="output/singleThreadGrasp" -PtimeLimit=300 -PsearchMode="FIRST_IMPROVEMENT" -PskipProbability=0.25 -PlocalSearchMoves="insert,outOfPool,interSwap,shift,transfer,intraSwap" -Pseed=0 -PalphaType="FIXED" -Palpha=0.5
Command failed with return code: 1
Error: WARNING: A restricted method in java.lang.System has been called
WARNING: java.lang.System::load has been called by net.rubygrapefruit.platform.internal.NativeLibraryLoader in an unnamed module (file:/cta/users/ulvi.findik/.gradle/wrapper/dists/gradle-9.2.1-bin/2t0n5ozlw9xmuyvbp7dnzaxug/gradle-9.2.1/lib/native-platform-0.22-milestone-29.jar)
WARNING: Use --enable-native-access=ALL-UNNAMED to avoid a warning for callers in this module
WARNING: Restricted methods will be blocked in a future release unless native access is enabled


FAILURE: Build failed with an exception.

* What went wrong:
Could not initialize class org.gradle.toolchains.foojay.DistributionsKt
> Exception java.lang.NoSuchFieldError: Class org.gradle.jvm.toolchain.JvmVendorSpec does not have member field 'org.gradle.jvm.toolchain.JvmVendorSpec IBM_SEMERU' [in thread "Daemon worker"]

* Try:
> Run with --stacktrace option to get the stack trace.
> Run with --info or --debug option to get more log output.
> Run with --scan to generate a Build Scan (powered by Develocity).
> Get more help at https://help.gradle.org.

BUILD FAILED in 4s


Command 65 FAILED (Duration: 4.33s)

[66/240] Starting command 66...
Executing: ./gradlew runGrasp -PinstancePath="instances/density=LOW_nInventory=10_nHours=3_seed=6.json" -PoutputPath="output/singleThreadGrasp" -PtimeLimit=300 -PsearchMode="FIRST_IMPROVEMENT" -PskipProbability=0.5 -PlocalSearchMoves="insert,outOfPool,interSwap,shift,transfer,intraSwap" -Pseed=0 -PalphaType="FIXED" -Palpha=0.5
Command failed with return code: 1
Error: WARNING: A restricted method in java.lang.System has been called
WARNING: java.lang.System::load has been called by net.rubygrapefruit.platform.internal.NativeLibraryLoader in an unnamed module (file:/cta/users/ulvi.findik/.gradle/wrapper/dists/gradle-9.2.1-bin/2t0n5ozlw9xmuyvbp7dnzaxug/gradle-9.2.1/lib/native-platform-0.22-milestone-29.jar)
WARNING: Use --enable-native-access=ALL-UNNAMED to avoid a warning for callers in this module
WARNING: Restricted methods will be blocked in a future release unless native access is enabled


FAILURE: Build failed with an exception.

* What went wrong:
Class org.gradle.jvm.toolchain.JvmVendorSpec does not have member field 'org.gradle.jvm.toolchain.JvmVendorSpec IBM_SEMERU'

* Try:
> Run with --stacktrace option to get the stack trace.
> Run with --info or --debug option to get more log output.
> Run with --scan to generate a Build Scan (powered by Develocity).
> Get more help at https://help.gradle.org.

BUILD FAILED in 18s

Starting a Gradle Daemon, 15 stopped Daemons could not be reused, use --status for details

Command 66 FAILED (Duration: 18.96s)

[67/240] Starting command 67...
Executing: ./gradlew runGrasp -PinstancePath="instances/density=LOW_nInventory=10_nHours=3_seed=6.json" -PoutputPath="output/singleThreadGrasp" -PtimeLimit=300 -PsearchMode="FIRST_IMPROVEMENT" -PskipProbability=0 -PlocalSearchMoves="insert,outOfPool,interSwap,shift,transfer,intraSwap" -Pseed=0 -PalphaType="UNIFORM" -PminAlpha=0.1 -PmaxAlpha=1.0
Command failed with return code: 1
Error: WARNING: A restricted method in java.lang.System has been called
WARNING: java.lang.System::load has been called by net.rubygrapefruit.platform.internal.NativeLibraryLoader in an unnamed module (file:/cta/users/ulvi.findik/.gradle/wrapper/dists/gradle-9.2.1-bin/2t0n5ozlw9xmuyvbp7dnzaxug/gradle-9.2.1/lib/native-platform-0.22-milestone-29.jar)
WARNING: Use --enable-native-access=ALL-UNNAMED to avoid a warning for callers in this module
WARNING: Restricted methods will be blocked in a future release unless native access is enabled


FAILURE: Build failed with an exception.

* What went wrong:
Could not initialize class org.gradle.toolchains.foojay.DistributionsKt
> Exception java.lang.NoSuchFieldError: Class org.gradle.jvm.toolchain.JvmVendorSpec does not have member field 'org.gradle.jvm.toolchain.JvmVendorSpec IBM_SEMERU' [in thread "Daemon worker"]

* Try:
> Run with --stacktrace option to get the stack trace.
> Run with --info or --debug option to get more log output.
> Run with --scan to generate a Build Scan (powered by Develocity).
> Get more help at https://help.gradle.org.

BUILD FAILED in 3s


Command 67 FAILED (Duration: 4.22s)

[68/240] Starting command 68...
Executing: ./gradlew runGrasp -PinstancePath="instances/density=LOW_nInventory=10_nHours=3_seed=6.json" -PoutputPath="output/singleThreadGrasp" -PtimeLimit=300 -PsearchMode="FIRST_IMPROVEMENT" -PskipProbability=0.25 -PlocalSearchMoves="insert,outOfPool,interSwap,shift,transfer,intraSwap" -Pseed=0 -PalphaType="UNIFORM" -PminAlpha=0.1 -PmaxAlpha=1.0
Command failed with return code: 1
Error: WARNING: A restricted method in java.lang.System has been called
WARNING: java.lang.System::load has been called by net.rubygrapefruit.platform.internal.NativeLibraryLoader in an unnamed module (file:/cta/users/ulvi.findik/.gradle/wrapper/dists/gradle-9.2.1-bin/2t0n5ozlw9xmuyvbp7dnzaxug/gradle-9.2.1/lib/native-platform-0.22-milestone-29.jar)
WARNING: Use --enable-native-access=ALL-UNNAMED to avoid a warning for callers in this module
WARNING: Restricted methods will be blocked in a future release unless native access is enabled


FAILURE: Build failed with an exception.

* What went wrong:
Class org.gradle.jvm.toolchain.JvmVendorSpec does not have member field 'org.gradle.jvm.toolchain.JvmVendorSpec IBM_SEMERU'

* Try:
> Run with --stacktrace option to get the stack trace.
> Run with --info or --debug option to get more log output.
> Run with --scan to generate a Build Scan (powered by Develocity).
> Get more help at https://help.gradle.org.

BUILD FAILED in 17s

Starting a Gradle Daemon, 1 incompatible and 10 stopped Daemons could not be reused, use --status for details

Command 68 FAILED (Duration: 18.34s)

[69/240] Starting command 69...
Executing: ./gradlew runGrasp -PinstancePath="instances/density=LOW_nInventory=10_nHours=3_seed=6.json" -PoutputPath="output/singleThreadGrasp" -PtimeLimit=300 -PsearchMode="FIRST_IMPROVEMENT" -PskipProbability=0.5 -PlocalSearchMoves="insert,outOfPool,interSwap,shift,transfer,intraSwap" -Pseed=0 -PalphaType="UNIFORM" -PminAlpha=0.1 -PmaxAlpha=1.0
Command failed with return code: 1
Error: WARNING: A restricted method in java.lang.System has been called
WARNING: java.lang.System::load has been called by net.rubygrapefruit.platform.internal.NativeLibraryLoader in an unnamed module (file:/cta/users/ulvi.findik/.gradle/wrapper/dists/gradle-9.2.1-bin/2t0n5ozlw9xmuyvbp7dnzaxug/gradle-9.2.1/lib/native-platform-0.22-milestone-29.jar)
WARNING: Use --enable-native-access=ALL-UNNAMED to avoid a warning for callers in this module
WARNING: Restricted methods will be blocked in a future release unless native access is enabled


FAILURE: Build failed with an exception.

* What went wrong:
Could not initialize class org.gradle.toolchains.foojay.DistributionsKt
> Exception java.lang.NoSuchFieldError: Class org.gradle.jvm.toolchain.JvmVendorSpec does not have member field 'org.gradle.jvm.toolchain.JvmVendorSpec IBM_SEMERU' [in thread "Daemon worker"]

* Try:
> Run with --stacktrace option to get the stack trace.
> Run with --info or --debug option to get more log output.
> Run with --scan to generate a Build Scan (powered by Develocity).
> Get more help at https://help.gradle.org.

BUILD FAILED in 3s


Command 69 FAILED (Duration: 4.26s)

[70/240] Starting command 70...
Executing: ./gradlew runGrasp -PinstancePath="instances/density=LOW_nInventory=10_nHours=3_seed=6.json" -PoutputPath="output/singleThreadGrasp" -PtimeLimit=300 -PsearchMode="FIRST_IMPROVEMENT" -PskipProbability=0 -PlocalSearchMoves="insert,outOfPool,interSwap,shift,transfer,intraSwap" -Pseed=0 -PalphaType="UNIFORM" -PminAlpha=0.1 -PmaxAlpha=0.5
Command failed with return code: 1
Error: WARNING: A restricted method in java.lang.System has been called
WARNING: java.lang.System::load has been called by net.rubygrapefruit.platform.internal.NativeLibraryLoader in an unnamed module (file:/cta/users/ulvi.findik/.gradle/wrapper/dists/gradle-9.2.1-bin/2t0n5ozlw9xmuyvbp7dnzaxug/gradle-9.2.1/lib/native-platform-0.22-milestone-29.jar)
WARNING: Use --enable-native-access=ALL-UNNAMED to avoid a warning for callers in this module
WARNING: Restricted methods will be blocked in a future release unless native access is enabled


FAILURE: Build failed with an exception.

* What went wrong:
Could not initialize class org.gradle.toolchains.foojay.DistributionsKt
> Exception java.lang.NoSuchFieldError: Class org.gradle.jvm.toolchain.JvmVendorSpec does not have member field 'org.gradle.jvm.toolchain.JvmVendorSpec IBM_SEMERU' [in thread "Daemon worker"]

* Try:
> Run with --stacktrace option to get the stack trace.
> Run with --info or --debug option to get more log output.
> Run with --scan to generate a Build Scan (powered by Develocity).
> Get more help at https://help.gradle.org.

BUILD FAILED in 3s


Command 70 FAILED (Duration: 4.09s)

[71/240] Starting command 71...
Executing: ./gradlew runGrasp -PinstancePath="instances/density=LOW_nInventory=10_nHours=3_seed=6.json" -PoutputPath="output/singleThreadGrasp" -PtimeLimit=300 -PsearchMode="FIRST_IMPROVEMENT" -PskipProbability=0.25 -PlocalSearchMoves="insert,outOfPool,interSwap,shift,transfer,intraSwap" -Pseed=0 -PalphaType="UNIFORM" -PminAlpha=0.1 -PmaxAlpha=0.5
Command failed with return code: 1
Error: WARNING: A restricted method in java.lang.System has been called
WARNING: java.lang.System::load has been called by net.rubygrapefruit.platform.internal.NativeLibraryLoader in an unnamed module (file:/cta/users/ulvi.findik/.gradle/wrapper/dists/gradle-9.2.1-bin/2t0n5ozlw9xmuyvbp7dnzaxug/gradle-9.2.1/lib/native-platform-0.22-milestone-29.jar)
WARNING: Use --enable-native-access=ALL-UNNAMED to avoid a warning for callers in this module
WARNING: Restricted methods will be blocked in a future release unless native access is enabled


FAILURE: Build failed with an exception.

* What went wrong:
Class org.gradle.jvm.toolchain.JvmVendorSpec does not have member field 'org.gradle.jvm.toolchain.JvmVendorSpec IBM_SEMERU'

* Try:
> Run with --stacktrace option to get the stack trace.
> Run with --info or --debug option to get more log output.
> Run with --scan to generate a Build Scan (powered by Develocity).
> Get more help at https://help.gradle.org.

BUILD FAILED in 20s

Starting a Gradle Daemon, 1 incompatible and 16 stopped Daemons could not be reused, use --status for details

Command 71 FAILED (Duration: 21.13s)

[72/240] Starting command 72...
Executing: ./gradlew runGrasp -PinstancePath="instances/density=LOW_nInventory=10_nHours=3_seed=6.json" -PoutputPath="output/singleThreadGrasp" -PtimeLimit=300 -PsearchMode="FIRST_IMPROVEMENT" -PskipProbability=0.5 -PlocalSearchMoves="insert,outOfPool,interSwap,shift,transfer,intraSwap" -Pseed=0 -PalphaType="UNIFORM" -PminAlpha=0.1 -PmaxAlpha=0.5
Command failed with return code: 1
Error: WARNING: A restricted method in java.lang.System has been called
WARNING: java.lang.System::load has been called by net.rubygrapefruit.platform.internal.NativeLibraryLoader in an unnamed module (file:/cta/users/ulvi.findik/.gradle/wrapper/dists/gradle-9.2.1-bin/2t0n5ozlw9xmuyvbp7dnzaxug/gradle-9.2.1/lib/native-platform-0.22-milestone-29.jar)
WARNING: Use --enable-native-access=ALL-UNNAMED to avoid a warning for callers in this module
WARNING: Restricted methods will be blocked in a future release unless native access is enabled


FAILURE: Build failed with an exception.

* What went wrong:
Could not initialize class org.gradle.toolchains.foojay.DistributionsKt
> Exception java.lang.NoSuchFieldError: Class org.gradle.jvm.toolchain.JvmVendorSpec does not have member field 'org.gradle.jvm.toolchain.JvmVendorSpec IBM_SEMERU' [in thread "Daemon worker"]

* Try:
> Run with --stacktrace option to get the stack trace.
> Run with --info or --debug option to get more log output.
> Run with --scan to generate a Build Scan (powered by Develocity).
> Get more help at https://help.gradle.org.

BUILD FAILED in 3s


Command 72 FAILED (Duration: 4.27s)

[73/240] Starting command 73...
Executing: ./gradlew runGrasp -PinstancePath="instances/density=MEDIUM_nInventory=20_nHours=5_seed=8.json" -PoutputPath="output/singleThreadGrasp" -PtimeLimit=300 -PsearchMode="BEST_IMPROVEMENT" -PskipProbability=0 -PlocalSearchMoves="insert,outOfPool,interSwap,shift,transfer,intraSwap" -Pseed=0 -PalphaType="FIXED" -Palpha=0.25
Command failed with return code: 1
Error: WARNING: A restricted method in java.lang.System has been called
WARNING: java.lang.System::load has been called by net.rubygrapefruit.platform.internal.NativeLibraryLoader in an unnamed module (file:/cta/users/ulvi.findik/.gradle/wrapper/dists/gradle-9.2.1-bin/2t0n5ozlw9xmuyvbp7dnzaxug/gradle-9.2.1/lib/native-platform-0.22-milestone-29.jar)
WARNING: Use --enable-native-access=ALL-UNNAMED to avoid a warning for callers in this module
WARNING: Restricted methods will be blocked in a future release unless native access is enabled


FAILURE: Build failed with an exception.

* What went wrong:
Class org.gradle.jvm.toolchain.JvmVendorSpec does not have member field 'org.gradle.jvm.toolchain.JvmVendorSpec IBM_SEMERU'

* Try:
> Run with --stacktrace option to get the stack trace.
> Run with --info or --debug option to get more log output.
> Run with --scan to generate a Build Scan (powered by Develocity).
> Get more help at https://help.gradle.org.

BUILD FAILED in 17s

Starting a Gradle Daemon, 1 busy and 1 incompatible and 21 stopped Daemons could not be reused, use --status for details

Command 73 FAILED (Duration: 18.07s)

[74/240] Starting command 74...
Executing: ./gradlew runGrasp -PinstancePath="instances/density=MEDIUM_nInventory=20_nHours=5_seed=8.json" -PoutputPath="output/singleThreadGrasp" -PtimeLimit=300 -PsearchMode="BEST_IMPROVEMENT" -PskipProbability=0.25 -PlocalSearchMoves="insert,outOfPool,interSwap,shift,transfer,intraSwap" -Pseed=0 -PalphaType="FIXED" -Palpha=0.25
Command failed with return code: 1
Error: WARNING: A restricted method in java.lang.System has been called
WARNING: java.lang.System::load has been called by net.rubygrapefruit.platform.internal.NativeLibraryLoader in an unnamed module (file:/cta/users/ulvi.findik/.gradle/wrapper/dists/gradle-9.2.1-bin/2t0n5ozlw9xmuyvbp7dnzaxug/gradle-9.2.1/lib/native-platform-0.22-milestone-29.jar)
WARNING: Use --enable-native-access=ALL-UNNAMED to avoid a warning for callers in this module
WARNING: Restricted methods will be blocked in a future release unless native access is enabled


FAILURE: Build failed with an exception.

* What went wrong:
Could not initialize class org.gradle.toolchains.foojay.DistributionsKt
> Exception java.lang.NoSuchFieldError: Class org.gradle.jvm.toolchain.JvmVendorSpec does not have member field 'org.gradle.jvm.toolchain.JvmVendorSpec IBM_SEMERU' [in thread "Daemon worker"]

* Try:
> Run with --stacktrace option to get the stack trace.
> Run with --info or --debug option to get more log output.
> Run with --scan to generate a Build Scan (powered by Develocity).
> Get more help at https://help.gradle.org.

BUILD FAILED in 4s


Command 74 FAILED (Duration: 4.38s)

[75/240] Starting command 75...
Executing: ./gradlew runGrasp -PinstancePath="instances/density=MEDIUM_nInventory=20_nHours=5_seed=8.json" -PoutputPath="output/singleThreadGrasp" -PtimeLimit=300 -PsearchMode="BEST_IMPROVEMENT" -PskipProbability=0.5 -PlocalSearchMoves="insert,outOfPool,interSwap,shift,transfer,intraSwap" -Pseed=0 -PalphaType="FIXED" -Palpha=0.25
Command failed with return code: 1
Error: WARNING: A restricted method in java.lang.System has been called
WARNING: java.lang.System::load has been called by net.rubygrapefruit.platform.internal.NativeLibraryLoader in an unnamed module (file:/cta/users/ulvi.findik/.gradle/wrapper/dists/gradle-9.2.1-bin/2t0n5ozlw9xmuyvbp7dnzaxug/gradle-9.2.1/lib/native-platform-0.22-milestone-29.jar)
WARNING: Use --enable-native-access=ALL-UNNAMED to avoid a warning for callers in this module
WARNING: Restricted methods will be blocked in a future release unless native access is enabled


FAILURE: Build failed with an exception.

* What went wrong:
Class org.gradle.jvm.toolchain.JvmVendorSpec does not have member field 'org.gradle.jvm.toolchain.JvmVendorSpec IBM_SEMERU'

* Try:
> Run with --stacktrace option to get the stack trace.
> Run with --info or --debug option to get more log output.
> Run with --scan to generate a Build Scan (powered by Develocity).
> Get more help at https://help.gradle.org.

BUILD FAILED in 17s

Starting a Gradle Daemon, 3 busy and 25 stopped Daemons could not be reused, use --status for details
Daemon will be stopped at the end of the build after the daemon was no longer found in the daemon registry

Command 75 FAILED (Duration: 18.19s)

[76/240] Starting command 76...
Executing: ./gradlew runGrasp -PinstancePath="instances/density=MEDIUM_nInventory=20_nHours=5_seed=8.json" -PoutputPath="output/singleThreadGrasp" -PtimeLimit=300 -PsearchMode="BEST_IMPROVEMENT" -PskipProbability=0 -PlocalSearchMoves="insert,outOfPool,interSwap,shift,transfer,intraSwap" -Pseed=0 -PalphaType="FIXED" -Palpha=0.5
Command failed with return code: 1
Error: WARNING: A restricted method in java.lang.System has been called
WARNING: java.lang.System::load has been called by net.rubygrapefruit.platform.internal.NativeLibraryLoader in an unnamed module (file:/cta/users/ulvi.findik/.gradle/wrapper/dists/gradle-9.2.1-bin/2t0n5ozlw9xmuyvbp7dnzaxug/gradle-9.2.1/lib/native-platform-0.22-milestone-29.jar)
WARNING: Use --enable-native-access=ALL-UNNAMED to avoid a warning for callers in this module
WARNING: Restricted methods will be blocked in a future release unless native access is enabled


FAILURE: Build failed with an exception.

* What went wrong:
Class org.gradle.jvm.toolchain.JvmVendorSpec does not have member field 'org.gradle.jvm.toolchain.JvmVendorSpec IBM_SEMERU'

* Try:
> Run with --stacktrace option to get the stack trace.
> Run with --info or --debug option to get more log output.
> Run with --scan to generate a Build Scan (powered by Develocity).
> Get more help at https://help.gradle.org.

BUILD FAILED in 17s

Starting a Gradle Daemon, 3 busy and 3 stopped Daemons could not be reused, use --status for details

Command 76 FAILED (Duration: 18.07s)

[77/240] Starting command 77...
Executing: ./gradlew runGrasp -PinstancePath="instances/density=MEDIUM_nInventory=20_nHours=5_seed=8.json" -PoutputPath="output/singleThreadGrasp" -PtimeLimit=300 -PsearchMode="BEST_IMPROVEMENT" -PskipProbability=0.25 -PlocalSearchMoves="insert,outOfPool,interSwap,shift,transfer,intraSwap" -Pseed=0 -PalphaType="FIXED" -Palpha=0.5
Command failed with return code: 1
Error: WARNING: A restricted method in java.lang.System has been called
WARNING: java.lang.System::load has been called by net.rubygrapefruit.platform.internal.NativeLibraryLoader in an unnamed module (file:/cta/users/ulvi.findik/.gradle/wrapper/dists/gradle-9.2.1-bin/2t0n5ozlw9xmuyvbp7dnzaxug/gradle-9.2.1/lib/native-platform-0.22-milestone-29.jar)
WARNING: Use --enable-native-access=ALL-UNNAMED to avoid a warning for callers in this module
WARNING: Restricted methods will be blocked in a future release unless native access is enabled


FAILURE: Build failed with an exception.

* What went wrong:
Could not initialize class org.gradle.toolchains.foojay.DistributionsKt
> Exception java.lang.NoSuchFieldError: Class org.gradle.jvm.toolchain.JvmVendorSpec does not have member field 'org.gradle.jvm.toolchain.JvmVendorSpec IBM_SEMERU' [in thread "Daemon worker"]

* Try:
> Run with --stacktrace option to get the stack trace.
> Run with --info or --debug option to get more log output.
> Run with --scan to generate a Build Scan (powered by Develocity).
> Get more help at https://help.gradle.org.

BUILD FAILED in 4s


Command 77 FAILED (Duration: 4.41s)

[78/240] Starting command 78...
Executing: ./gradlew runGrasp -PinstancePath="instances/density=MEDIUM_nInventory=20_nHours=5_seed=8.json" -PoutputPath="output/singleThreadGrasp" -PtimeLimit=300 -PsearchMode="BEST_IMPROVEMENT" -PskipProbability=0.5 -PlocalSearchMoves="insert,outOfPool,interSwap,shift,transfer,intraSwap" -Pseed=0 -PalphaType="FIXED" -Palpha=0.5
Command failed with return code: 1
Error: WARNING: A restricted method in java.lang.System has been called
WARNING: java.lang.System::load has been called by net.rubygrapefruit.platform.internal.NativeLibraryLoader in an unnamed module (file:/cta/users/ulvi.findik/.gradle/wrapper/dists/gradle-9.2.1-bin/2t0n5ozlw9xmuyvbp7dnzaxug/gradle-9.2.1/lib/native-platform-0.22-milestone-29.jar)
WARNING: Use --enable-native-access=ALL-UNNAMED to avoid a warning for callers in this module
WARNING: Restricted methods will be blocked in a future release unless native access is enabled


FAILURE: Build failed with an exception.

* What went wrong:
Could not initialize class org.gradle.toolchains.foojay.DistributionsKt
> Exception java.lang.NoSuchFieldError: Class org.gradle.jvm.toolchain.JvmVendorSpec does not have member field 'org.gradle.jvm.toolchain.JvmVendorSpec IBM_SEMERU' [in thread "Daemon worker"]

* Try:
> Run with --stacktrace option to get the stack trace.
> Run with --info or --debug option to get more log output.
> Run with --scan to generate a Build Scan (powered by Develocity).
> Get more help at https://help.gradle.org.

BUILD FAILED in 4s


Command 78 FAILED (Duration: 4.30s)

[79/240] Starting command 79...
Executing: ./gradlew runGrasp -PinstancePath="instances/density=MEDIUM_nInventory=20_nHours=5_seed=8.json" -PoutputPath="output/singleThreadGrasp" -PtimeLimit=300 -PsearchMode="BEST_IMPROVEMENT" -PskipProbability=0 -PlocalSearchMoves="insert,outOfPool,interSwap,shift,transfer,intraSwap" -Pseed=0 -PalphaType="UNIFORM" -PminAlpha=0.1 -PmaxAlpha=1.0
Command failed with return code: 1
Error: WARNING: A restricted method in java.lang.System has been called
WARNING: java.lang.System::load has been called by net.rubygrapefruit.platform.internal.NativeLibraryLoader in an unnamed module (file:/cta/users/ulvi.findik/.gradle/wrapper/dists/gradle-9.2.1-bin/2t0n5ozlw9xmuyvbp7dnzaxug/gradle-9.2.1/lib/native-platform-0.22-milestone-29.jar)
WARNING: Use --enable-native-access=ALL-UNNAMED to avoid a warning for callers in this module
WARNING: Restricted methods will be blocked in a future release unless native access is enabled


FAILURE: Build failed with an exception.

* What went wrong:
Could not initialize class org.gradle.toolchains.foojay.DistributionsKt
> Exception java.lang.NoSuchFieldError: Class org.gradle.jvm.toolchain.JvmVendorSpec does not have member field 'org.gradle.jvm.toolchain.JvmVendorSpec IBM_SEMERU' [in thread "Daemon worker"]

* Try:
> Run with --stacktrace option to get the stack trace.
> Run with --info or --debug option to get more log output.
> Run with --scan to generate a Build Scan (powered by Develocity).
> Get more help at https://help.gradle.org.

BUILD FAILED in 3s


Command 79 FAILED (Duration: 3.92s)

[80/240] Starting command 80...
Executing: ./gradlew runGrasp -PinstancePath="instances/density=MEDIUM_nInventory=20_nHours=5_seed=8.json" -PoutputPath="output/singleThreadGrasp" -PtimeLimit=300 -PsearchMode="BEST_IMPROVEMENT" -PskipProbability=0.25 -PlocalSearchMoves="insert,outOfPool,interSwap,shift,transfer,intraSwap" -Pseed=0 -PalphaType="UNIFORM" -PminAlpha=0.1 -PmaxAlpha=1.0
Command failed with return code: 1
Error: WARNING: A restricted method in java.lang.System has been called
WARNING: java.lang.System::load has been called by net.rubygrapefruit.platform.internal.NativeLibraryLoader in an unnamed module (file:/cta/users/ulvi.findik/.gradle/wrapper/dists/gradle-9.2.1-bin/2t0n5ozlw9xmuyvbp7dnzaxug/gradle-9.2.1/lib/native-platform-0.22-milestone-29.jar)
WARNING: Use --enable-native-access=ALL-UNNAMED to avoid a warning for callers in this module
WARNING: Restricted methods will be blocked in a future release unless native access is enabled


FAILURE: Build failed with an exception.

* What went wrong:
Could not initialize class org.gradle.toolchains.foojay.DistributionsKt
> Exception java.lang.NoSuchFieldError: Class org.gradle.jvm.toolchain.JvmVendorSpec does not have member field 'org.gradle.jvm.toolchain.JvmVendorSpec IBM_SEMERU' [in thread "Daemon worker"]

* Try:
> Run with --stacktrace option to get the stack trace.
> Run with --info or --debug option to get more log output.
> Run with --scan to generate a Build Scan (powered by Develocity).
> Get more help at https://help.gradle.org.

BUILD FAILED in 3s


Command 80 FAILED (Duration: 4.00s)

[81/240] Starting command 81...
Executing: ./gradlew runGrasp -PinstancePath="instances/density=MEDIUM_nInventory=20_nHours=5_seed=8.json" -PoutputPath="output/singleThreadGrasp" -PtimeLimit=300 -PsearchMode="BEST_IMPROVEMENT" -PskipProbability=0.5 -PlocalSearchMoves="insert,outOfPool,interSwap,shift,transfer,intraSwap" -Pseed=0 -PalphaType="UNIFORM" -PminAlpha=0.1 -PmaxAlpha=1.0
Command failed with return code: 1
Error: WARNING: A restricted method in java.lang.System has been called
WARNING: java.lang.System::load has been called by net.rubygrapefruit.platform.internal.NativeLibraryLoader in an unnamed module (file:/cta/users/ulvi.findik/.gradle/wrapper/dists/gradle-9.2.1-bin/2t0n5ozlw9xmuyvbp7dnzaxug/gradle-9.2.1/lib/native-platform-0.22-milestone-29.jar)
WARNING: Use --enable-native-access=ALL-UNNAMED to avoid a warning for callers in this module
WARNING: Restricted methods will be blocked in a future release unless native access is enabled


FAILURE: Build failed with an exception.

* What went wrong:
Class org.gradle.jvm.toolchain.JvmVendorSpec does not have member field 'org.gradle.jvm.toolchain.JvmVendorSpec IBM_SEMERU'

* Try:
> Run with --stacktrace option to get the stack trace.
> Run with --info or --debug option to get more log output.
> Run with --scan to generate a Build Scan (powered by Develocity).
> Get more help at https://help.gradle.org.

BUILD FAILED in 17s

Starting a Gradle Daemon, 12 stopped Daemons could not be reused, use --status for details

Command 81 FAILED (Duration: 18.22s)

[82/240] Starting command 82...
Executing: ./gradlew runGrasp -PinstancePath="instances/density=MEDIUM_nInventory=20_nHours=5_seed=8.json" -PoutputPath="output/singleThreadGrasp" -PtimeLimit=300 -PsearchMode="BEST_IMPROVEMENT" -PskipProbability=0 -PlocalSearchMoves="insert,outOfPool,interSwap,shift,transfer,intraSwap" -Pseed=0 -PalphaType="UNIFORM" -PminAlpha=0.1 -PmaxAlpha=0.5
Command failed with return code: 1
Error: WARNING: A restricted method in java.lang.System has been called
WARNING: java.lang.System::load has been called by net.rubygrapefruit.platform.internal.NativeLibraryLoader in an unnamed module (file:/cta/users/ulvi.findik/.gradle/wrapper/dists/gradle-9.2.1-bin/2t0n5ozlw9xmuyvbp7dnzaxug/gradle-9.2.1/lib/native-platform-0.22-milestone-29.jar)
WARNING: Use --enable-native-access=ALL-UNNAMED to avoid a warning for callers in this module
WARNING: Restricted methods will be blocked in a future release unless native access is enabled


FAILURE: Build failed with an exception.

* What went wrong:
Could not initialize class org.gradle.toolchains.foojay.DistributionsKt
> Exception java.lang.NoSuchFieldError: Class org.gradle.jvm.toolchain.JvmVendorSpec does not have member field 'org.gradle.jvm.toolchain.JvmVendorSpec IBM_SEMERU' [in thread "Daemon worker"]

* Try:
> Run with --stacktrace option to get the stack trace.
> Run with --info or --debug option to get more log output.
> Run with --scan to generate a Build Scan (powered by Develocity).
> Get more help at https://help.gradle.org.

BUILD FAILED in 3s


Command 82 FAILED (Duration: 4.13s)

[83/240] Starting command 83...
Executing: ./gradlew runGrasp -PinstancePath="instances/density=MEDIUM_nInventory=20_nHours=5_seed=8.json" -PoutputPath="output/singleThreadGrasp" -PtimeLimit=300 -PsearchMode="BEST_IMPROVEMENT" -PskipProbability=0.25 -PlocalSearchMoves="insert,outOfPool,interSwap,shift,transfer,intraSwap" -Pseed=0 -PalphaType="UNIFORM" -PminAlpha=0.1 -PmaxAlpha=0.5
Command failed with return code: 1
Error: WARNING: A restricted method in java.lang.System has been called
WARNING: java.lang.System::load has been called by net.rubygrapefruit.platform.internal.NativeLibraryLoader in an unnamed module (file:/cta/users/ulvi.findik/.gradle/wrapper/dists/gradle-9.2.1-bin/2t0n5ozlw9xmuyvbp7dnzaxug/gradle-9.2.1/lib/native-platform-0.22-milestone-29.jar)
WARNING: Use --enable-native-access=ALL-UNNAMED to avoid a warning for callers in this module
WARNING: Restricted methods will be blocked in a future release unless native access is enabled


FAILURE: Build failed with an exception.

* What went wrong:
Class org.gradle.jvm.toolchain.JvmVendorSpec does not have member field 'org.gradle.jvm.toolchain.JvmVendorSpec IBM_SEMERU'

* Try:
> Run with --stacktrace option to get the stack trace.
> Run with --info or --debug option to get more log output.
> Run with --scan to generate a Build Scan (powered by Develocity).
> Get more help at https://help.gradle.org.

BUILD FAILED in 17s

Starting a Gradle Daemon, 1 busy and 1 incompatible and 17 stopped Daemons could not be reused, use --status for details

Command 83 FAILED (Duration: 17.91s)

[84/240] Starting command 84...
Executing: ./gradlew runGrasp -PinstancePath="instances/density=MEDIUM_nInventory=20_nHours=5_seed=8.json" -PoutputPath="output/singleThreadGrasp" -PtimeLimit=300 -PsearchMode="BEST_IMPROVEMENT" -PskipProbability=0.5 -PlocalSearchMoves="insert,outOfPool,interSwap,shift,transfer,intraSwap" -Pseed=0 -PalphaType="UNIFORM" -PminAlpha=0.1 -PmaxAlpha=0.5
Command failed with return code: 1
Error: WARNING: A restricted method in java.lang.System has been called
WARNING: java.lang.System::load has been called by net.rubygrapefruit.platform.internal.NativeLibraryLoader in an unnamed module (file:/cta/users/ulvi.findik/.gradle/wrapper/dists/gradle-9.2.1-bin/2t0n5ozlw9xmuyvbp7dnzaxug/gradle-9.2.1/lib/native-platform-0.22-milestone-29.jar)
WARNING: Use --enable-native-access=ALL-UNNAMED to avoid a warning for callers in this module
WARNING: Restricted methods will be blocked in a future release unless native access is enabled


FAILURE: Build failed with an exception.

* What went wrong:
Could not initialize class org.gradle.toolchains.foojay.DistributionsKt
> Exception java.lang.NoSuchFieldError: Class org.gradle.jvm.toolchain.JvmVendorSpec does not have member field 'org.gradle.jvm.toolchain.JvmVendorSpec IBM_SEMERU' [in thread "Daemon worker"]

* Try:
> Run with --stacktrace option to get the stack trace.
> Run with --info or --debug option to get more log output.
> Run with --scan to generate a Build Scan (powered by Develocity).
> Get more help at https://help.gradle.org.

BUILD FAILED in 4s


Command 84 FAILED (Duration: 4.30s)

[85/240] Starting command 85...
Executing: ./gradlew runGrasp -PinstancePath="instances/density=MEDIUM_nInventory=20_nHours=5_seed=8.json" -PoutputPath="output/singleThreadGrasp" -PtimeLimit=300 -PsearchMode="FIRST_IMPROVEMENT" -PskipProbability=0 -PlocalSearchMoves="insert,outOfPool,interSwap,shift,transfer,intraSwap" -Pseed=0 -PalphaType="FIXED" -Palpha=0.25
Command failed with return code: 1
Error: WARNING: A restricted method in java.lang.System has been called
WARNING: java.lang.System::load has been called by net.rubygrapefruit.platform.internal.NativeLibraryLoader in an unnamed module (file:/cta/users/ulvi.findik/.gradle/wrapper/dists/gradle-9.2.1-bin/2t0n5ozlw9xmuyvbp7dnzaxug/gradle-9.2.1/lib/native-platform-0.22-milestone-29.jar)
WARNING: Use --enable-native-access=ALL-UNNAMED to avoid a warning for callers in this module
WARNING: Restricted methods will be blocked in a future release unless native access is enabled

Problem in daemon expiration check
org.gradle.api.GradleException: Could not read cache value from '/cta/users/ulvi.findik/.gradle/daemon/9.2.1/registry.bin'.
	at org.gradle.cache.internal.FileBackedObjectHolder.deserialize(FileBackedObjectHolder.java:139)
	at org.gradle.cache.internal.DefaultFileLockManager$DefaultFileLock.readFile(DefaultFileLockManager.java:210)
	at org.gradle.cache.internal.OnDemandFileAccess.readFile(OnDemandFileAccess.java:43)
	at org.gradle.cache.internal.FileBackedObjectHolder.get(FileBackedObjectHolder.java:49)
	at org.gradle.cache.internal.FileIntegrityViolationSuppressingObjectHolderDecorator.get(FileIntegrityViolationSuppressingObjectHolderDecorator.java:35)
	at org.gradle.launcher.daemon.registry.PersistentDaemonRegistry.getAll(PersistentDaemonRegistry.java:71)
	at org.gradle.launcher.daemon.server.DaemonRegistryUnavailableExpirationStrategy.checkExpiration(DaemonRegistryUnavailableExpirationStrategy.java:63)
	at org.gradle.launcher.daemon.server.expiry.AnyDaemonExpirationStrategy.checkExpiration(AnyDaemonExpirationStrategy.java:44)
	at org.gradle.launcher.daemon.server.MasterExpirationStrategy.checkExpiration(MasterExpirationStrategy.java:80)
	at org.gradle.launcher.daemon.server.Daemon$DaemonExpirationPeriodicCheck.run(Daemon.java:273)
	at org.gradle.internal.concurrent.ExecutorPolicy$CatchAndRecordFailures.onExecute(ExecutorPolicy.java:64)
	at org.gradle.internal.concurrent.AbstractManagedExecutor$1.run(AbstractManagedExecutor.java:47)
	at java.base/java.util.concurrent.Executors$RunnableAdapter.call(Executors.java:545)
	at java.base/java.util.concurrent.FutureTask.runAndReset(FutureTask.java:369)
	at java.base/java.util.concurrent.ScheduledThreadPoolExecutor$ScheduledFutureTask.run(ScheduledThreadPoolExecutor.java:310)
	at java.base/java.util.concurrent.ThreadPoolExecutor.runWorker(ThreadPoolExecutor.java:1090)
	at java.base/java.util.concurrent.ThreadPoolExecutor$Worker.run(ThreadPoolExecutor.java:614)
	at java.base/java.lang.Thread.run(Thread.java:1474)
Caused by: java.io.EOFException
	at java.base/java.io.DataInputStream.readUnsignedByte(DataInputStream.java:302)
	at java.base/java.io.DataInputStream.readBoolean(DataInputStream.java:260)
	at org.gradle.internal.serialize.InputStreamBackedDecoder.readBoolean(InputStreamBackedDecoder.java:73)
	at org.gradle.launcher.daemon.registry.DaemonRegistryContent$Serializer.read(DaemonRegistryContent.java:117)
	at org.gradle.launcher.daemon.registry.DaemonRegistryContent$Serializer.read(DaemonRegistryContent.java:113)
	at org.gradle.cache.internal.FileBackedObjectHolder.deserialize(FileBackedObjectHolder.java:134)
	... 17 more

FAILURE: Build failed with an exception.

* What went wrong:
Could not initialize class org.gradle.toolchains.foojay.DistributionsKt
> Exception java.lang.NoSuchFieldError: Class org.gradle.jvm.toolchain.JvmVendorSpec does not have member field 'org.gradle.jvm.toolchain.JvmVendorSpec IBM_SEMERU' [in thread "Daemon worker"]

* Try:
> Run with --stacktrace option to get the stack trace.
> Run with --info or --debug option to get more log output.
> Run with --scan to generate a Build Scan (powered by Develocity).
> Get more help at https://help.gradle.org.

BUILD FAILED in 4s


Command 85 FAILED (Duration: 4.25s)

[86/240] Starting command 86...
Executing: ./gradlew runGrasp -PinstancePath="instances/density=MEDIUM_nInventory=20_nHours=5_seed=8.json" -PoutputPath="output/singleThreadGrasp" -PtimeLimit=300 -PsearchMode="FIRST_IMPROVEMENT" -PskipProbability=0.25 -PlocalSearchMoves="insert,outOfPool,interSwap,shift,transfer,intraSwap" -Pseed=0 -PalphaType="FIXED" -Palpha=0.25
Command failed with return code: 1
Error: WARNING: A restricted method in java.lang.System has been called
WARNING: java.lang.System::load has been called by net.rubygrapefruit.platform.internal.NativeLibraryLoader in an unnamed module (file:/cta/users/ulvi.findik/.gradle/wrapper/dists/gradle-9.2.1-bin/2t0n5ozlw9xmuyvbp7dnzaxug/gradle-9.2.1/lib/native-platform-0.22-milestone-29.jar)
WARNING: Use --enable-native-access=ALL-UNNAMED to avoid a warning for callers in this module
WARNING: Restricted methods will be blocked in a future release unless native access is enabled


FAILURE: Build failed with an exception.

* What went wrong:
Class org.gradle.jvm.toolchain.JvmVendorSpec does not have member field 'org.gradle.jvm.toolchain.JvmVendorSpec IBM_SEMERU'

* Try:
> Run with --stacktrace option to get the stack trace.
> Run with --info or --debug option to get more log output.
> Run with --scan to generate a Build Scan (powered by Develocity).
> Get more help at https://help.gradle.org.

BUILD FAILED in 21s

Starting a Gradle Daemon, 24 stopped Daemons could not be reused, use --status for details

Command 86 FAILED (Duration: 21.70s)

[87/240] Starting command 87...
Executing: ./gradlew runGrasp -PinstancePath="instances/density=MEDIUM_nInventory=20_nHours=5_seed=8.json" -PoutputPath="output/singleThreadGrasp" -PtimeLimit=300 -PsearchMode="FIRST_IMPROVEMENT" -PskipProbability=0.5 -PlocalSearchMoves="insert,outOfPool,interSwap,shift,transfer,intraSwap" -Pseed=0 -PalphaType="FIXED" -Palpha=0.25
Command failed with return code: 1
Error: WARNING: A restricted method in java.lang.System has been called
WARNING: java.lang.System::load has been called by net.rubygrapefruit.platform.internal.NativeLibraryLoader in an unnamed module (file:/cta/users/ulvi.findik/.gradle/wrapper/dists/gradle-9.2.1-bin/2t0n5ozlw9xmuyvbp7dnzaxug/gradle-9.2.1/lib/native-platform-0.22-milestone-29.jar)
WARNING: Use --enable-native-access=ALL-UNNAMED to avoid a warning for callers in this module
WARNING: Restricted methods will be blocked in a future release unless native access is enabled


FAILURE: Build failed with an exception.

* What went wrong:
Class org.gradle.jvm.toolchain.JvmVendorSpec does not have member field 'org.gradle.jvm.toolchain.JvmVendorSpec IBM_SEMERU'

* Try:
> Run with --stacktrace option to get the stack trace.
> Run with --info or --debug option to get more log output.
> Run with --scan to generate a Build Scan (powered by Develocity).
> Get more help at https://help.gradle.org.

BUILD FAILED in 17s

Starting a Gradle Daemon, 3 busy and 27 stopped Daemons could not be reused, use --status for details

Command 87 FAILED (Duration: 18.53s)

[88/240] Starting command 88...
Executing: ./gradlew runGrasp -PinstancePath="instances/density=MEDIUM_nInventory=20_nHours=5_seed=8.json" -PoutputPath="output/singleThreadGrasp" -PtimeLimit=300 -PsearchMode="FIRST_IMPROVEMENT" -PskipProbability=0 -PlocalSearchMoves="insert,outOfPool,interSwap,shift,transfer,intraSwap" -Pseed=0 -PalphaType="FIXED" -Palpha=0.5
Command failed with return code: 1
Error: WARNING: A restricted method in java.lang.System has been called
WARNING: java.lang.System::load has been called by net.rubygrapefruit.platform.internal.NativeLibraryLoader in an unnamed module (file:/cta/users/ulvi.findik/.gradle/wrapper/dists/gradle-9.2.1-bin/2t0n5ozlw9xmuyvbp7dnzaxug/gradle-9.2.1/lib/native-platform-0.22-milestone-29.jar)
WARNING: Use --enable-native-access=ALL-UNNAMED to avoid a warning for callers in this module
WARNING: Restricted methods will be blocked in a future release unless native access is enabled


FAILURE: Build failed with an exception.

* What went wrong:
Could not initialize class org.gradle.toolchains.foojay.DistributionsKt
> Exception java.lang.NoSuchFieldError: Class org.gradle.jvm.toolchain.JvmVendorSpec does not have member field 'org.gradle.jvm.toolchain.JvmVendorSpec IBM_SEMERU' [in thread "Daemon worker"]

* Try:
> Run with --stacktrace option to get the stack trace.
> Run with --info or --debug option to get more log output.
> Run with --scan to generate a Build Scan (powered by Develocity).
> Get more help at https://help.gradle.org.

BUILD FAILED in 4s


Command 88 FAILED (Duration: 4.33s)

[89/240] Starting command 89...
Executing: ./gradlew runGrasp -PinstancePath="instances/density=MEDIUM_nInventory=20_nHours=5_seed=8.json" -PoutputPath="output/singleThreadGrasp" -PtimeLimit=300 -PsearchMode="FIRST_IMPROVEMENT" -PskipProbability=0.25 -PlocalSearchMoves="insert,outOfPool,interSwap,shift,transfer,intraSwap" -Pseed=0 -PalphaType="FIXED" -Palpha=0.5
Command failed with return code: 1
Error: WARNING: A restricted method in java.lang.System has been called
WARNING: java.lang.System::load has been called by net.rubygrapefruit.platform.internal.NativeLibraryLoader in an unnamed module (file:/cta/users/ulvi.findik/.gradle/wrapper/dists/gradle-9.2.1-bin/2t0n5ozlw9xmuyvbp7dnzaxug/gradle-9.2.1/lib/native-platform-0.22-milestone-29.jar)
WARNING: Use --enable-native-access=ALL-UNNAMED to avoid a warning for callers in this module
WARNING: Restricted methods will be blocked in a future release unless native access is enabled


FAILURE: Build failed with an exception.

* What went wrong:
Could not initialize class org.gradle.toolchains.foojay.DistributionsKt
> Exception java.lang.NoSuchFieldError: Class org.gradle.jvm.toolchain.JvmVendorSpec does not have member field 'org.gradle.jvm.toolchain.JvmVendorSpec IBM_SEMERU' [in thread "Daemon worker"]

* Try:
> Run with --stacktrace option to get the stack trace.
> Run with --info or --debug option to get more log output.
> Run with --scan to generate a Build Scan (powered by Develocity).
> Get more help at https://help.gradle.org.

BUILD FAILED in 4s


Command 89 FAILED (Duration: 4.42s)

[90/240] Starting command 90...
Executing: ./gradlew runGrasp -PinstancePath="instances/density=MEDIUM_nInventory=20_nHours=5_seed=8.json" -PoutputPath="output/singleThreadGrasp" -PtimeLimit=300 -PsearchMode="FIRST_IMPROVEMENT" -PskipProbability=0.5 -PlocalSearchMoves="insert,outOfPool,interSwap,shift,transfer,intraSwap" -Pseed=0 -PalphaType="FIXED" -Palpha=0.5
Command failed with return code: 1
Error: WARNING: A restricted method in java.lang.System has been called
WARNING: java.lang.System::load has been called by net.rubygrapefruit.platform.internal.NativeLibraryLoader in an unnamed module (file:/cta/users/ulvi.findik/.gradle/wrapper/dists/gradle-9.2.1-bin/2t0n5ozlw9xmuyvbp7dnzaxug/gradle-9.2.1/lib/native-platform-0.22-milestone-29.jar)
WARNING: Use --enable-native-access=ALL-UNNAMED to avoid a warning for callers in this module
WARNING: Restricted methods will be blocked in a future release unless native access is enabled


FAILURE: Build failed with an exception.

* What went wrong:
Class org.gradle.jvm.toolchain.JvmVendorSpec does not have member field 'org.gradle.jvm.toolchain.JvmVendorSpec IBM_SEMERU'

* Try:
> Run with --stacktrace option to get the stack trace.
> Run with --info or --debug option to get more log output.
> Run with --scan to generate a Build Scan (powered by Develocity).
> Get more help at https://help.gradle.org.

BUILD FAILED in 19s

Starting a Gradle Daemon, 1 busy and 2 incompatible and 35 stopped Daemons could not be reused, use --status for details

Command 90 FAILED (Duration: 20.48s)

[91/240] Starting command 91...
Executing: ./gradlew runGrasp -PinstancePath="instances/density=MEDIUM_nInventory=20_nHours=5_seed=8.json" -PoutputPath="output/singleThreadGrasp" -PtimeLimit=300 -PsearchMode="FIRST_IMPROVEMENT" -PskipProbability=0 -PlocalSearchMoves="insert,outOfPool,interSwap,shift,transfer,intraSwap" -Pseed=0 -PalphaType="UNIFORM" -PminAlpha=0.1 -PmaxAlpha=1.0
Command failed with return code: 1
Error: WARNING: A restricted method in java.lang.System has been called
WARNING: java.lang.System::load has been called by net.rubygrapefruit.platform.internal.NativeLibraryLoader in an unnamed module (file:/cta/users/ulvi.findik/.gradle/wrapper/dists/gradle-9.2.1-bin/2t0n5ozlw9xmuyvbp7dnzaxug/gradle-9.2.1/lib/native-platform-0.22-milestone-29.jar)
WARNING: Use --enable-native-access=ALL-UNNAMED to avoid a warning for callers in this module
WARNING: Restricted methods will be blocked in a future release unless native access is enabled


FAILURE: Build failed with an exception.

* What went wrong:
Class org.gradle.jvm.toolchain.JvmVendorSpec does not have member field 'org.gradle.jvm.toolchain.JvmVendorSpec IBM_SEMERU'

* Try:
> Run with --stacktrace option to get the stack trace.
> Run with --info or --debug option to get more log output.
> Run with --scan to generate a Build Scan (powered by Develocity).
> Get more help at https://help.gradle.org.

BUILD FAILED in 27s

Starting a Gradle Daemon, 4 busy and 7 stopped Daemons could not be reused, use --status for details

Command 91 FAILED (Duration: 28.04s)

[92/240] Starting command 92...
Executing: ./gradlew runGrasp -PinstancePath="instances/density=MEDIUM_nInventory=20_nHours=5_seed=8.json" -PoutputPath="output/singleThreadGrasp" -PtimeLimit=300 -PsearchMode="FIRST_IMPROVEMENT" -PskipProbability=0.25 -PlocalSearchMoves="insert,outOfPool,interSwap,shift,transfer,intraSwap" -Pseed=0 -PalphaType="UNIFORM" -PminAlpha=0.1 -PmaxAlpha=1.0
Command failed with return code: 1
Error: WARNING: A restricted method in java.lang.System has been called
WARNING: java.lang.System::load has been called by net.rubygrapefruit.platform.internal.NativeLibraryLoader in an unnamed module (file:/cta/users/ulvi.findik/.gradle/wrapper/dists/gradle-9.2.1-bin/2t0n5ozlw9xmuyvbp7dnzaxug/gradle-9.2.1/lib/native-platform-0.22-milestone-29.jar)
WARNING: Use --enable-native-access=ALL-UNNAMED to avoid a warning for callers in this module
WARNING: Restricted methods will be blocked in a future release unless native access is enabled


FAILURE: Build failed with an exception.

* What went wrong:
Class org.gradle.jvm.toolchain.JvmVendorSpec does not have member field 'org.gradle.jvm.toolchain.JvmVendorSpec IBM_SEMERU'

* Try:
> Run with --stacktrace option to get the stack trace.
> Run with --info or --debug option to get more log output.
> Run with --scan to generate a Build Scan (powered by Develocity).
> Get more help at https://help.gradle.org.

BUILD FAILED in 18s

Starting a Gradle Daemon, 4 busy and 1 incompatible and 13 stopped Daemons could not be reused, use --status for details

Command 92 FAILED (Duration: 19.58s)

[93/240] Starting command 93...
Executing: ./gradlew runGrasp -PinstancePath="instances/density=MEDIUM_nInventory=20_nHours=5_seed=8.json" -PoutputPath="output/singleThreadGrasp" -PtimeLimit=300 -PsearchMode="FIRST_IMPROVEMENT" -PskipProbability=0.5 -PlocalSearchMoves="insert,outOfPool,interSwap,shift,transfer,intraSwap" -Pseed=0 -PalphaType="UNIFORM" -PminAlpha=0.1 -PmaxAlpha=1.0
Command failed with return code: 1
Error: WARNING: A restricted method in java.lang.System has been called
WARNING: java.lang.System::load has been called by net.rubygrapefruit.platform.internal.NativeLibraryLoader in an unnamed module (file:/cta/users/ulvi.findik/.gradle/wrapper/dists/gradle-9.2.1-bin/2t0n5ozlw9xmuyvbp7dnzaxug/gradle-9.2.1/lib/native-platform-0.22-milestone-29.jar)
WARNING: Use --enable-native-access=ALL-UNNAMED to avoid a warning for callers in this module
WARNING: Restricted methods will be blocked in a future release unless native access is enabled


FAILURE: Build failed with an exception.

* What went wrong:
Class org.gradle.jvm.toolchain.JvmVendorSpec does not have member field 'org.gradle.jvm.toolchain.JvmVendorSpec IBM_SEMERU'

* Try:
> Run with --stacktrace option to get the stack trace.
> Run with --info or --debug option to get more log output.
> Run with --scan to generate a Build Scan (powered by Develocity).
> Get more help at https://help.gradle.org.

BUILD FAILED in 17s

Starting a Gradle Daemon, 5 busy and 18 stopped Daemons could not be reused, use --status for details

Command 93 FAILED (Duration: 18.60s)

[94/240] Starting command 94...
Executing: ./gradlew runGrasp -PinstancePath="instances/density=MEDIUM_nInventory=20_nHours=5_seed=8.json" -PoutputPath="output/singleThreadGrasp" -PtimeLimit=300 -PsearchMode="FIRST_IMPROVEMENT" -PskipProbability=0 -PlocalSearchMoves="insert,outOfPool,interSwap,shift,transfer,intraSwap" -Pseed=0 -PalphaType="UNIFORM" -PminAlpha=0.1 -PmaxAlpha=0.5
Command failed with return code: 1
Error: WARNING: A restricted method in java.lang.System has been called
WARNING: java.lang.System::load has been called by net.rubygrapefruit.platform.internal.NativeLibraryLoader in an unnamed module (file:/cta/users/ulvi.findik/.gradle/wrapper/dists/gradle-9.2.1-bin/2t0n5ozlw9xmuyvbp7dnzaxug/gradle-9.2.1/lib/native-platform-0.22-milestone-29.jar)
WARNING: Use --enable-native-access=ALL-UNNAMED to avoid a warning for callers in this module
WARNING: Restricted methods will be blocked in a future release unless native access is enabled


FAILURE: Build failed with an exception.

* What went wrong:
Class org.gradle.jvm.toolchain.JvmVendorSpec does not have member field 'org.gradle.jvm.toolchain.JvmVendorSpec IBM_SEMERU'

* Try:
> Run with --stacktrace option to get the stack trace.
> Run with --info or --debug option to get more log output.
> Run with --scan to generate a Build Scan (powered by Develocity).
> Get more help at https://help.gradle.org.

BUILD FAILED in 19s

Starting a Gradle Daemon, 1 busy and 24 stopped Daemons could not be reused, use --status for details

Command 94 FAILED (Duration: 19.73s)

[95/240] Starting command 95...
Executing: ./gradlew runGrasp -PinstancePath="instances/density=MEDIUM_nInventory=20_nHours=5_seed=8.json" -PoutputPath="output/singleThreadGrasp" -PtimeLimit=300 -PsearchMode="FIRST_IMPROVEMENT" -PskipProbability=0.25 -PlocalSearchMoves="insert,outOfPool,interSwap,shift,transfer,intraSwap" -Pseed=0 -PalphaType="UNIFORM" -PminAlpha=0.1 -PmaxAlpha=0.5
Command failed with return code: 1
Error: WARNING: A restricted method in java.lang.System has been called
WARNING: java.lang.System::load has been called by net.rubygrapefruit.platform.internal.NativeLibraryLoader in an unnamed module (file:/cta/users/ulvi.findik/.gradle/wrapper/dists/gradle-9.2.1-bin/2t0n5ozlw9xmuyvbp7dnzaxug/gradle-9.2.1/lib/native-platform-0.22-milestone-29.jar)
WARNING: Use --enable-native-access=ALL-UNNAMED to avoid a warning for callers in this module
WARNING: Restricted methods will be blocked in a future release unless native access is enabled


FAILURE: Build failed with an exception.

* What went wrong:
Class org.gradle.jvm.toolchain.JvmVendorSpec does not have member field 'org.gradle.jvm.toolchain.JvmVendorSpec IBM_SEMERU'

* Try:
> Run with --stacktrace option to get the stack trace.
> Run with --info or --debug option to get more log output.
> Run with --scan to generate a Build Scan (powered by Develocity).
> Get more help at https://help.gradle.org.

BUILD FAILED in 17s

Starting a Gradle Daemon, 3 busy and 1 incompatible and 27 stopped Daemons could not be reused, use --status for details

Command 95 FAILED (Duration: 18.21s)

[96/240] Starting command 96...
Executing: ./gradlew runGrasp -PinstancePath="instances/density=MEDIUM_nInventory=20_nHours=5_seed=8.json" -PoutputPath="output/singleThreadGrasp" -PtimeLimit=300 -PsearchMode="FIRST_IMPROVEMENT" -PskipProbability=0.5 -PlocalSearchMoves="insert,outOfPool,interSwap,shift,transfer,intraSwap" -Pseed=0 -PalphaType="UNIFORM" -PminAlpha=0.1 -PmaxAlpha=0.5
Command failed with return code: 1
Error: WARNING: A restricted method in java.lang.System has been called
WARNING: java.lang.System::load has been called by net.rubygrapefruit.platform.internal.NativeLibraryLoader in an unnamed module (file:/cta/users/ulvi.findik/.gradle/wrapper/dists/gradle-9.2.1-bin/2t0n5ozlw9xmuyvbp7dnzaxug/gradle-9.2.1/lib/native-platform-0.22-milestone-29.jar)
WARNING: Use --enable-native-access=ALL-UNNAMED to avoid a warning for callers in this module
WARNING: Restricted methods will be blocked in a future release unless native access is enabled


FAILURE: Build failed with an exception.

* What went wrong:
Could not initialize class org.gradle.toolchains.foojay.DistributionsKt
> Exception java.lang.NoSuchFieldError: Class org.gradle.jvm.toolchain.JvmVendorSpec does not have member field 'org.gradle.jvm.toolchain.JvmVendorSpec IBM_SEMERU' [in thread "Daemon worker"]

* Try:
> Run with --stacktrace option to get the stack trace.
> Run with --info or --debug option to get more log output.
> Run with --scan to generate a Build Scan (powered by Develocity).
> Get more help at https://help.gradle.org.

BUILD FAILED in 3s


Command 96 FAILED (Duration: 4.27s)

[97/240] Starting command 97...
Executing: ./gradlew runGrasp -PinstancePath="instances/density=LOW_nInventory=20_nHours=5_seed=5.json" -PoutputPath="output/singleThreadGrasp" -PtimeLimit=300 -PsearchMode="BEST_IMPROVEMENT" -PskipProbability=0 -PlocalSearchMoves="insert,outOfPool,interSwap,shift,transfer,intraSwap" -Pseed=0 -PalphaType="FIXED" -Palpha=0.25
Command failed with return code: 1
Error: WARNING: A restricted method in java.lang.System has been called
WARNING: java.lang.System::load has been called by net.rubygrapefruit.platform.internal.NativeLibraryLoader in an unnamed module (file:/cta/users/ulvi.findik/.gradle/wrapper/dists/gradle-9.2.1-bin/2t0n5ozlw9xmuyvbp7dnzaxug/gradle-9.2.1/lib/native-platform-0.22-milestone-29.jar)
WARNING: Use --enable-native-access=ALL-UNNAMED to avoid a warning for callers in this module
WARNING: Restricted methods will be blocked in a future release unless native access is enabled


FAILURE: Build failed with an exception.

* What went wrong:
Could not initialize class org.gradle.toolchains.foojay.DistributionsKt
> Exception java.lang.NoSuchFieldError: Class org.gradle.jvm.toolchain.JvmVendorSpec does not have member field 'org.gradle.jvm.toolchain.JvmVendorSpec IBM_SEMERU' [in thread "Daemon worker"]

* Try:
> Run with --stacktrace option to get the stack trace.
> Run with --info or --debug option to get more log output.
> Run with --scan to generate a Build Scan (powered by Develocity).
> Get more help at https://help.gradle.org.

BUILD FAILED in 3s


Command 97 FAILED (Duration: 3.96s)

[98/240] Starting command 98...
Executing: ./gradlew runGrasp -PinstancePath="instances/density=LOW_nInventory=20_nHours=5_seed=5.json" -PoutputPath="output/singleThreadGrasp" -PtimeLimit=300 -PsearchMode="BEST_IMPROVEMENT" -PskipProbability=0.25 -PlocalSearchMoves="insert,outOfPool,interSwap,shift,transfer,intraSwap" -Pseed=0 -PalphaType="FIXED" -Palpha=0.25
Command failed with return code: 1
Error: WARNING: A restricted method in java.lang.System has been called
WARNING: java.lang.System::load has been called by net.rubygrapefruit.platform.internal.NativeLibraryLoader in an unnamed module (file:/cta/users/ulvi.findik/.gradle/wrapper/dists/gradle-9.2.1-bin/2t0n5ozlw9xmuyvbp7dnzaxug/gradle-9.2.1/lib/native-platform-0.22-milestone-29.jar)
WARNING: Use --enable-native-access=ALL-UNNAMED to avoid a warning for callers in this module
WARNING: Restricted methods will be blocked in a future release unless native access is enabled


FAILURE: Build failed with an exception.

* What went wrong:
Class org.gradle.jvm.toolchain.JvmVendorSpec does not have member field 'org.gradle.jvm.toolchain.JvmVendorSpec IBM_SEMERU'

* Try:
> Run with --stacktrace option to get the stack trace.
> Run with --info or --debug option to get more log output.
> Run with --scan to generate a Build Scan (powered by Develocity).
> Get more help at https://help.gradle.org.

BUILD FAILED in 21s

Starting a Gradle Daemon, 3 busy and 1 incompatible and 33 stopped Daemons could not be reused, use --status for details
Daemon will be stopped at the end of the build after the daemon was no longer found in the daemon registry

Command 98 FAILED (Duration: 21.67s)

[99/240] Starting command 99...
Executing: ./gradlew runGrasp -PinstancePath="instances/density=LOW_nInventory=20_nHours=5_seed=5.json" -PoutputPath="output/singleThreadGrasp" -PtimeLimit=300 -PsearchMode="BEST_IMPROVEMENT" -PskipProbability=0.5 -PlocalSearchMoves="insert,outOfPool,interSwap,shift,transfer,intraSwap" -Pseed=0 -PalphaType="FIXED" -Palpha=0.25
Command failed with return code: 1
Error: WARNING: A restricted method in java.lang.System has been called
WARNING: java.lang.System::load has been called by net.rubygrapefruit.platform.internal.NativeLibraryLoader in an unnamed module (file:/cta/users/ulvi.findik/.gradle/wrapper/dists/gradle-9.2.1-bin/2t0n5ozlw9xmuyvbp7dnzaxug/gradle-9.2.1/lib/native-platform-0.22-milestone-29.jar)
WARNING: Use --enable-native-access=ALL-UNNAMED to avoid a warning for callers in this module
WARNING: Restricted methods will be blocked in a future release unless native access is enabled


FAILURE: Build failed with an exception.

* What went wrong:
Class org.gradle.jvm.toolchain.JvmVendorSpec does not have member field 'org.gradle.jvm.toolchain.JvmVendorSpec IBM_SEMERU'

* Try:
> Run with --stacktrace option to get the stack trace.
> Run with --info or --debug option to get more log output.
> Run with --scan to generate a Build Scan (powered by Develocity).
> Get more help at https://help.gradle.org.

BUILD FAILED in 18s

Starting a Gradle Daemon, 4 busy and 1 incompatible and 7 stopped Daemons could not be reused, use --status for details

Command 99 FAILED (Duration: 19.06s)

[100/240] Starting command 100...
Executing: ./gradlew runGrasp -PinstancePath="instances/density=LOW_nInventory=20_nHours=5_seed=5.json" -PoutputPath="output/singleThreadGrasp" -PtimeLimit=300 -PsearchMode="BEST_IMPROVEMENT" -PskipProbability=0 -PlocalSearchMoves="insert,outOfPool,interSwap,shift,transfer,intraSwap" -Pseed=0 -PalphaType="FIXED" -Palpha=0.5
Command failed with return code: 1
Error: WARNING: A restricted method in java.lang.System has been called
WARNING: java.lang.System::load has been called by net.rubygrapefruit.platform.internal.NativeLibraryLoader in an unnamed module (file:/cta/users/ulvi.findik/.gradle/wrapper/dists/gradle-9.2.1-bin/2t0n5ozlw9xmuyvbp7dnzaxug/gradle-9.2.1/lib/native-platform-0.22-milestone-29.jar)
WARNING: Use --enable-native-access=ALL-UNNAMED to avoid a warning for callers in this module
WARNING: Restricted methods will be blocked in a future release unless native access is enabled


FAILURE: Build failed with an exception.

* What went wrong:
Class org.gradle.jvm.toolchain.JvmVendorSpec does not have member field 'org.gradle.jvm.toolchain.JvmVendorSpec IBM_SEMERU'

* Try:
> Run with --stacktrace option to get the stack trace.
> Run with --info or --debug option to get more log output.
> Run with --scan to generate a Build Scan (powered by Develocity).
> Get more help at https://help.gradle.org.

BUILD FAILED in 17s

Starting a Gradle Daemon, 1 stopped Daemon could not be reused, use --status for details

Command 100 FAILED (Duration: 18.55s)

[101/240] Starting command 101...
Executing: ./gradlew runGrasp -PinstancePath="instances/density=LOW_nInventory=20_nHours=5_seed=5.json" -PoutputPath="output/singleThreadGrasp" -PtimeLimit=300 -PsearchMode="BEST_IMPROVEMENT" -PskipProbability=0.25 -PlocalSearchMoves="insert,outOfPool,interSwap,shift,transfer,intraSwap" -Pseed=0 -PalphaType="FIXED" -Palpha=0.5
Command failed with return code: 1
Error: WARNING: A restricted method in java.lang.System has been called
WARNING: java.lang.System::load has been called by net.rubygrapefruit.platform.internal.NativeLibraryLoader in an unnamed module (file:/cta/users/ulvi.findik/.gradle/wrapper/dists/gradle-9.2.1-bin/2t0n5ozlw9xmuyvbp7dnzaxug/gradle-9.2.1/lib/native-platform-0.22-milestone-29.jar)
WARNING: Use --enable-native-access=ALL-UNNAMED to avoid a warning for callers in this module
WARNING: Restricted methods will be blocked in a future release unless native access is enabled


FAILURE: Build failed with an exception.

* What went wrong:
Class org.gradle.jvm.toolchain.JvmVendorSpec does not have member field 'org.gradle.jvm.toolchain.JvmVendorSpec IBM_SEMERU'

* Try:
> Run with --stacktrace option to get the stack trace.
> Run with --info or --debug option to get more log output.
> Run with --scan to generate a Build Scan (powered by Develocity).
> Get more help at https://help.gradle.org.

BUILD FAILED in 18s

Starting a Gradle Daemon, 1 busy and 9 stopped Daemons could not be reused, use --status for details

Command 101 FAILED (Duration: 19.07s)

[102/240] Starting command 102...
Executing: ./gradlew runGrasp -PinstancePath="instances/density=LOW_nInventory=20_nHours=5_seed=5.json" -PoutputPath="output/singleThreadGrasp" -PtimeLimit=300 -PsearchMode="BEST_IMPROVEMENT" -PskipProbability=0.5 -PlocalSearchMoves="insert,outOfPool,interSwap,shift,transfer,intraSwap" -Pseed=0 -PalphaType="FIXED" -Palpha=0.5
Command failed with return code: 1
Error: WARNING: A restricted method in java.lang.System has been called
WARNING: java.lang.System::load has been called by net.rubygrapefruit.platform.internal.NativeLibraryLoader in an unnamed module (file:/cta/users/ulvi.findik/.gradle/wrapper/dists/gradle-9.2.1-bin/2t0n5ozlw9xmuyvbp7dnzaxug/gradle-9.2.1/lib/native-platform-0.22-milestone-29.jar)
WARNING: Use --enable-native-access=ALL-UNNAMED to avoid a warning for callers in this module
WARNING: Restricted methods will be blocked in a future release unless native access is enabled


FAILURE: Build failed with an exception.

* What went wrong:
Could not initialize class org.gradle.toolchains.foojay.DistributionsKt
> Exception java.lang.NoSuchFieldError: Class org.gradle.jvm.toolchain.JvmVendorSpec does not have member field 'org.gradle.jvm.toolchain.JvmVendorSpec IBM_SEMERU' [in thread "Daemon worker"]

* Try:
> Run with --stacktrace option to get the stack trace.
> Run with --info or --debug option to get more log output.
> Run with --scan to generate a Build Scan (powered by Develocity).
> Get more help at https://help.gradle.org.

BUILD FAILED in 3s


Command 102 FAILED (Duration: 4.15s)

[103/240] Starting command 103...
Executing: ./gradlew runGrasp -PinstancePath="instances/density=LOW_nInventory=20_nHours=5_seed=5.json" -PoutputPath="output/singleThreadGrasp" -PtimeLimit=300 -PsearchMode="BEST_IMPROVEMENT" -PskipProbability=0 -PlocalSearchMoves="insert,outOfPool,interSwap,shift,transfer,intraSwap" -Pseed=0 -PalphaType="UNIFORM" -PminAlpha=0.1 -PmaxAlpha=1.0
Command failed with return code: 1
Error: WARNING: A restricted method in java.lang.System has been called
WARNING: java.lang.System::load has been called by net.rubygrapefruit.platform.internal.NativeLibraryLoader in an unnamed module (file:/cta/users/ulvi.findik/.gradle/wrapper/dists/gradle-9.2.1-bin/2t0n5ozlw9xmuyvbp7dnzaxug/gradle-9.2.1/lib/native-platform-0.22-milestone-29.jar)
WARNING: Use --enable-native-access=ALL-UNNAMED to avoid a warning for callers in this module
WARNING: Restricted methods will be blocked in a future release unless native access is enabled


FAILURE: Build failed with an exception.

* What went wrong:
Class org.gradle.jvm.toolchain.JvmVendorSpec does not have member field 'org.gradle.jvm.toolchain.JvmVendorSpec IBM_SEMERU'

* Try:
> Run with --stacktrace option to get the stack trace.
> Run with --info or --debug option to get more log output.
> Run with --scan to generate a Build Scan (powered by Develocity).
> Get more help at https://help.gradle.org.

BUILD FAILED in 23s

Starting a Gradle Daemon, 2 incompatible and 15 stopped Daemons could not be reused, use --status for details

Command 103 FAILED (Duration: 24.64s)

[104/240] Starting command 104...
Executing: ./gradlew runGrasp -PinstancePath="instances/density=LOW_nInventory=20_nHours=5_seed=5.json" -PoutputPath="output/singleThreadGrasp" -PtimeLimit=300 -PsearchMode="BEST_IMPROVEMENT" -PskipProbability=0.25 -PlocalSearchMoves="insert,outOfPool,interSwap,shift,transfer,intraSwap" -Pseed=0 -PalphaType="UNIFORM" -PminAlpha=0.1 -PmaxAlpha=1.0
Command failed with return code: 1
Error: WARNING: A restricted method in java.lang.System has been called
WARNING: java.lang.System::load has been called by net.rubygrapefruit.platform.internal.NativeLibraryLoader in an unnamed module (file:/cta/users/ulvi.findik/.gradle/wrapper/dists/gradle-9.2.1-bin/2t0n5ozlw9xmuyvbp7dnzaxug/gradle-9.2.1/lib/native-platform-0.22-milestone-29.jar)
WARNING: Use --enable-native-access=ALL-UNNAMED to avoid a warning for callers in this module
WARNING: Restricted methods will be blocked in a future release unless native access is enabled


FAILURE: Build failed with an exception.

* What went wrong:
Class org.gradle.jvm.toolchain.JvmVendorSpec does not have member field 'org.gradle.jvm.toolchain.JvmVendorSpec IBM_SEMERU'

* Try:
> Run with --stacktrace option to get the stack trace.
> Run with --info or --debug option to get more log output.
> Run with --scan to generate a Build Scan (powered by Develocity).
> Get more help at https://help.gradle.org.

BUILD FAILED in 22s

Starting a Gradle Daemon, 3 incompatible and 21 stopped Daemons could not be reused, use --status for details

Command 104 FAILED (Duration: 23.02s)

[105/240] Starting command 105...
Executing: ./gradlew runGrasp -PinstancePath="instances/density=LOW_nInventory=20_nHours=5_seed=5.json" -PoutputPath="output/singleThreadGrasp" -PtimeLimit=300 -PsearchMode="BEST_IMPROVEMENT" -PskipProbability=0.5 -PlocalSearchMoves="insert,outOfPool,interSwap,shift,transfer,intraSwap" -Pseed=0 -PalphaType="UNIFORM" -PminAlpha=0.1 -PmaxAlpha=1.0
Command failed with return code: 1
Error: WARNING: A restricted method in java.lang.System has been called
WARNING: java.lang.System::load has been called by net.rubygrapefruit.platform.internal.NativeLibraryLoader in an unnamed module (file:/cta/users/ulvi.findik/.gradle/wrapper/dists/gradle-9.2.1-bin/2t0n5ozlw9xmuyvbp7dnzaxug/gradle-9.2.1/lib/native-platform-0.22-milestone-29.jar)
WARNING: Use --enable-native-access=ALL-UNNAMED to avoid a warning for callers in this module
WARNING: Restricted methods will be blocked in a future release unless native access is enabled


FAILURE: Build failed with an exception.

* What went wrong:
Class org.gradle.jvm.toolchain.JvmVendorSpec does not have member field 'org.gradle.jvm.toolchain.JvmVendorSpec IBM_SEMERU'

* Try:
> Run with --stacktrace option to get the stack trace.
> Run with --info or --debug option to get more log output.
> Run with --scan to generate a Build Scan (powered by Develocity).
> Get more help at https://help.gradle.org.

BUILD FAILED in 17s

Starting a Gradle Daemon, 3 busy and 2 incompatible and 24 stopped Daemons could not be reused, use --status for details

Command 105 FAILED (Duration: 18.60s)

[106/240] Starting command 106...
Executing: ./gradlew runGrasp -PinstancePath="instances/density=LOW_nInventory=20_nHours=5_seed=5.json" -PoutputPath="output/singleThreadGrasp" -PtimeLimit=300 -PsearchMode="BEST_IMPROVEMENT" -PskipProbability=0 -PlocalSearchMoves="insert,outOfPool,interSwap,shift,transfer,intraSwap" -Pseed=0 -PalphaType="UNIFORM" -PminAlpha=0.1 -PmaxAlpha=0.5
Command failed with return code: 1
Error: WARNING: A restricted method in java.lang.System has been called
WARNING: java.lang.System::load has been called by net.rubygrapefruit.platform.internal.NativeLibraryLoader in an unnamed module (file:/cta/users/ulvi.findik/.gradle/wrapper/dists/gradle-9.2.1-bin/2t0n5ozlw9xmuyvbp7dnzaxug/gradle-9.2.1/lib/native-platform-0.22-milestone-29.jar)
WARNING: Use --enable-native-access=ALL-UNNAMED to avoid a warning for callers in this module
WARNING: Restricted methods will be blocked in a future release unless native access is enabled


FAILURE: Build failed with an exception.

* What went wrong:
Could not initialize class org.gradle.toolchains.foojay.DistributionsKt
> Exception java.lang.NoSuchFieldError: Class org.gradle.jvm.toolchain.JvmVendorSpec does not have member field 'org.gradle.jvm.toolchain.JvmVendorSpec IBM_SEMERU' [in thread "Daemon worker"]

* Try:
> Run with --stacktrace option to get the stack trace.
> Run with --info or --debug option to get more log output.
> Run with --scan to generate a Build Scan (powered by Develocity).
> Get more help at https://help.gradle.org.

BUILD FAILED in 4s


Command 106 FAILED (Duration: 4.49s)

[107/240] Starting command 107...
Executing: ./gradlew runGrasp -PinstancePath="instances/density=LOW_nInventory=20_nHours=5_seed=5.json" -PoutputPath="output/singleThreadGrasp" -PtimeLimit=300 -PsearchMode="BEST_IMPROVEMENT" -PskipProbability=0.25 -PlocalSearchMoves="insert,outOfPool,interSwap,shift,transfer,intraSwap" -Pseed=0 -PalphaType="UNIFORM" -PminAlpha=0.1 -PmaxAlpha=0.5
Command failed with return code: 1
Error: WARNING: A restricted method in java.lang.System has been called
WARNING: java.lang.System::load has been called by net.rubygrapefruit.platform.internal.NativeLibraryLoader in an unnamed module (file:/cta/users/ulvi.findik/.gradle/wrapper/dists/gradle-9.2.1-bin/2t0n5ozlw9xmuyvbp7dnzaxug/gradle-9.2.1/lib/native-platform-0.22-milestone-29.jar)
WARNING: Use --enable-native-access=ALL-UNNAMED to avoid a warning for callers in this module
WARNING: Restricted methods will be blocked in a future release unless native access is enabled


FAILURE: Build failed with an exception.

* What went wrong:
Class org.gradle.jvm.toolchain.JvmVendorSpec does not have member field 'org.gradle.jvm.toolchain.JvmVendorSpec IBM_SEMERU'

* Try:
> Run with --stacktrace option to get the stack trace.
> Run with --info or --debug option to get more log output.
> Run with --scan to generate a Build Scan (powered by Develocity).
> Get more help at https://help.gradle.org.

BUILD FAILED in 18s

Starting a Gradle Daemon, 4 busy and 29 stopped Daemons could not be reused, use --status for details

Command 107 FAILED (Duration: 18.82s)

[108/240] Starting command 108...
Executing: ./gradlew runGrasp -PinstancePath="instances/density=LOW_nInventory=20_nHours=5_seed=5.json" -PoutputPath="output/singleThreadGrasp" -PtimeLimit=300 -PsearchMode="BEST_IMPROVEMENT" -PskipProbability=0.5 -PlocalSearchMoves="insert,outOfPool,interSwap,shift,transfer,intraSwap" -Pseed=0 -PalphaType="UNIFORM" -PminAlpha=0.1 -PmaxAlpha=0.5
Command failed with return code: 1
Error: WARNING: A restricted method in java.lang.System has been called
WARNING: java.lang.System::load has been called by net.rubygrapefruit.platform.internal.NativeLibraryLoader in an unnamed module (file:/cta/users/ulvi.findik/.gradle/wrapper/dists/gradle-9.2.1-bin/2t0n5ozlw9xmuyvbp7dnzaxug/gradle-9.2.1/lib/native-platform-0.22-milestone-29.jar)
WARNING: Use --enable-native-access=ALL-UNNAMED to avoid a warning for callers in this module
WARNING: Restricted methods will be blocked in a future release unless native access is enabled


FAILURE: Build failed with an exception.

* What went wrong:
Class org.gradle.jvm.toolchain.JvmVendorSpec does not have member field 'org.gradle.jvm.toolchain.JvmVendorSpec IBM_SEMERU'

* Try:
> Run with --stacktrace option to get the stack trace.
> Run with --info or --debug option to get more log output.
> Run with --scan to generate a Build Scan (powered by Develocity).
> Get more help at https://help.gradle.org.

BUILD FAILED in 18s

Starting a Gradle Daemon, 1 stopped Daemon could not be reused, use --status for details

Command 108 FAILED (Duration: 19.25s)

[109/240] Starting command 109...
Executing: ./gradlew runGrasp -PinstancePath="instances/density=LOW_nInventory=20_nHours=5_seed=5.json" -PoutputPath="output/singleThreadGrasp" -PtimeLimit=300 -PsearchMode="FIRST_IMPROVEMENT" -PskipProbability=0 -PlocalSearchMoves="insert,outOfPool,interSwap,shift,transfer,intraSwap" -Pseed=0 -PalphaType="FIXED" -Palpha=0.25
Command failed with return code: 1
Error: WARNING: A restricted method in java.lang.System has been called
WARNING: java.lang.System::load has been called by net.rubygrapefruit.platform.internal.NativeLibraryLoader in an unnamed module (file:/cta/users/ulvi.findik/.gradle/wrapper/dists/gradle-9.2.1-bin/2t0n5ozlw9xmuyvbp7dnzaxug/gradle-9.2.1/lib/native-platform-0.22-milestone-29.jar)
WARNING: Use --enable-native-access=ALL-UNNAMED to avoid a warning for callers in this module
WARNING: Restricted methods will be blocked in a future release unless native access is enabled


FAILURE: Build failed with an exception.

* What went wrong:
Could not initialize class org.gradle.toolchains.foojay.DistributionsKt
> Exception java.lang.NoSuchFieldError: Class org.gradle.jvm.toolchain.JvmVendorSpec does not have member field 'org.gradle.jvm.toolchain.JvmVendorSpec IBM_SEMERU' [in thread "Daemon worker"]

* Try:
> Run with --stacktrace option to get the stack trace.
> Run with --info or --debug option to get more log output.
> Run with --scan to generate a Build Scan (powered by Develocity).
> Get more help at https://help.gradle.org.

BUILD FAILED in 3s


Command 109 FAILED (Duration: 4.25s)

[110/240] Starting command 110...
Executing: ./gradlew runGrasp -PinstancePath="instances/density=LOW_nInventory=20_nHours=5_seed=5.json" -PoutputPath="output/singleThreadGrasp" -PtimeLimit=300 -PsearchMode="FIRST_IMPROVEMENT" -PskipProbability=0.25 -PlocalSearchMoves="insert,outOfPool,interSwap,shift,transfer,intraSwap" -Pseed=0 -PalphaType="FIXED" -Palpha=0.25
Command failed with return code: 1
Error: WARNING: A restricted method in java.lang.System has been called
WARNING: java.lang.System::load has been called by net.rubygrapefruit.platform.internal.NativeLibraryLoader in an unnamed module (file:/cta/users/ulvi.findik/.gradle/wrapper/dists/gradle-9.2.1-bin/2t0n5ozlw9xmuyvbp7dnzaxug/gradle-9.2.1/lib/native-platform-0.22-milestone-29.jar)
WARNING: Use --enable-native-access=ALL-UNNAMED to avoid a warning for callers in this module
WARNING: Restricted methods will be blocked in a future release unless native access is enabled


FAILURE: Build failed with an exception.

* What went wrong:
Class org.gradle.jvm.toolchain.JvmVendorSpec does not have member field 'org.gradle.jvm.toolchain.JvmVendorSpec IBM_SEMERU'

* Try:
> Run with --stacktrace option to get the stack trace.
> Run with --info or --debug option to get more log output.
> Run with --scan to generate a Build Scan (powered by Develocity).
> Get more help at https://help.gradle.org.

BUILD FAILED in 17s

Starting a Gradle Daemon, 4 busy and 8 stopped Daemons could not be reused, use --status for details

Command 110 FAILED (Duration: 18.16s)

[111/240] Starting command 111...
Executing: ./gradlew runGrasp -PinstancePath="instances/density=LOW_nInventory=20_nHours=5_seed=5.json" -PoutputPath="output/singleThreadGrasp" -PtimeLimit=300 -PsearchMode="FIRST_IMPROVEMENT" -PskipProbability=0.5 -PlocalSearchMoves="insert,outOfPool,interSwap,shift,transfer,intraSwap" -Pseed=0 -PalphaType="FIXED" -Palpha=0.25
Command failed with return code: 1
Error: WARNING: A restricted method in java.lang.System has been called
WARNING: java.lang.System::load has been called by net.rubygrapefruit.platform.internal.NativeLibraryLoader in an unnamed module (file:/cta/users/ulvi.findik/.gradle/wrapper/dists/gradle-9.2.1-bin/2t0n5ozlw9xmuyvbp7dnzaxug/gradle-9.2.1/lib/native-platform-0.22-milestone-29.jar)
WARNING: Use --enable-native-access=ALL-UNNAMED to avoid a warning for callers in this module
WARNING: Restricted methods will be blocked in a future release unless native access is enabled


FAILURE: Build failed with an exception.

* What went wrong:
Could not initialize class org.gradle.toolchains.foojay.DistributionsKt
> Exception java.lang.NoSuchFieldError: Class org.gradle.jvm.toolchain.JvmVendorSpec does not have member field 'org.gradle.jvm.toolchain.JvmVendorSpec IBM_SEMERU' [in thread "Daemon worker"]

* Try:
> Run with --stacktrace option to get the stack trace.
> Run with --info or --debug option to get more log output.
> Run with --scan to generate a Build Scan (powered by Develocity).
> Get more help at https://help.gradle.org.

BUILD FAILED in 4s


Command 111 FAILED (Duration: 4.51s)

[112/240] Starting command 112...
Executing: ./gradlew runGrasp -PinstancePath="instances/density=LOW_nInventory=20_nHours=5_seed=5.json" -PoutputPath="output/singleThreadGrasp" -PtimeLimit=300 -PsearchMode="FIRST_IMPROVEMENT" -PskipProbability=0 -PlocalSearchMoves="insert,outOfPool,interSwap,shift,transfer,intraSwap" -Pseed=0 -PalphaType="FIXED" -Palpha=0.5
Command failed with return code: 1
Error: WARNING: A restricted method in java.lang.System has been called
WARNING: java.lang.System::load has been called by net.rubygrapefruit.platform.internal.NativeLibraryLoader in an unnamed module (file:/cta/users/ulvi.findik/.gradle/wrapper/dists/gradle-9.2.1-bin/2t0n5ozlw9xmuyvbp7dnzaxug/gradle-9.2.1/lib/native-platform-0.22-milestone-29.jar)
WARNING: Use --enable-native-access=ALL-UNNAMED to avoid a warning for callers in this module
WARNING: Restricted methods will be blocked in a future release unless native access is enabled


FAILURE: Build failed with an exception.

* What went wrong:
Class org.gradle.jvm.toolchain.JvmVendorSpec does not have member field 'org.gradle.jvm.toolchain.JvmVendorSpec IBM_SEMERU'

* Try:
> Run with --stacktrace option to get the stack trace.
> Run with --info or --debug option to get more log output.
> Run with --scan to generate a Build Scan (powered by Develocity).
> Get more help at https://help.gradle.org.

BUILD FAILED in 17s

Starting a Gradle Daemon, 3 busy and 13 stopped Daemons could not be reused, use --status for details
Daemon will be stopped at the end of the build after the daemon was no longer found in the daemon registry

Command 112 FAILED (Duration: 18.01s)

[113/240] Starting command 113...
Executing: ./gradlew runGrasp -PinstancePath="instances/density=LOW_nInventory=20_nHours=5_seed=5.json" -PoutputPath="output/singleThreadGrasp" -PtimeLimit=300 -PsearchMode="FIRST_IMPROVEMENT" -PskipProbability=0.25 -PlocalSearchMoves="insert,outOfPool,interSwap,shift,transfer,intraSwap" -Pseed=0 -PalphaType="FIXED" -Palpha=0.5
Command failed with return code: 1
