[INFO] Activating existing environment...
==========================================
 SLURM JOB STATISTICS
==========================================
Job ID:        155633
Node:          cn20
User:          ulvi.findik
Date:          Sun Feb  1 21:24:17 +03 2026
Input File:    commands/MIPDiscrete/commands_2.txt
------------------------------------------
 CPU Details:
Model name:          Intel(R) Xeon(R) Gold 6130 CPU @ 2.10GHz
CPU Cores:     31
------------------------------------------
 Memory Details:
              total        used        free      shared  buff/cache   available
Mem:          251Gi       1.5Gi       237Gi        12Gi        12Gi       235Gi
Swap:            0B          0B          0B
==========================================

Starting execution of 50 commands...

[1/50] Starting command 1...
Executing: ./gradlew runMipSolver -PinstancePath="instances/density=LOW_nInventory=16_nHours=4_seed=1.json" -PoutputPath="output/discrete" -PmodelType="Discrete" -PtimeLimit=7200 -PlogPath="output/discrete/density=LOW_nInventory=16_nHours=4_seed=1.json/mip.log"
Command failed with return code: 1
Error: WARNING: A restricted method in java.lang.System has been called
WARNING: java.lang.System::load has been called by net.rubygrapefruit.platform.internal.NativeLibraryLoader in an unnamed module (file:/cta/users/ulvi.findik/.gradle/wrapper/dists/gradle-9.2.1-bin/2t0n5ozlw9xmuyvbp7dnzaxug/gradle-9.2.1/lib/native-platform-0.22-milestone-29.jar)
WARNING: Use --enable-native-access=ALL-UNNAMED to avoid a warning for callers in this module
WARNING: Restricted methods will be blocked in a future release unless native access is enabled

/cta/users/ulvi.findik/TVCommercialScheduling/src/main/java/main.java:110: error: no suitable constructor found for LocalSearchSettings(ArrayList<String>,double,boolean,boolean,double,int)
                new LocalSearchSettings(
                ^
    constructor LocalSearchSettings.LocalSearchSettings(List<String>,double) is not applicable
      (actual and formal argument lists differ in length)
    constructor LocalSearchSettings.LocalSearchSettings(List<String>,double,double,int) is not applicable
      (actual and formal argument lists differ in length)
1 error

FAILURE: Build failed with an exception.

* What went wrong:
Execution failed for task ':compileJava'.
> Compilation failed; see the compiler output below.
  /cta/users/ulvi.findik/TVCommercialScheduling/src/main/java/main.java:110: error: no suitable constructor found for LocalSearchSettings(ArrayList<String>,double,boolean,boolean,double,int)
                  new LocalSearchSettings(
                  ^
      constructor LocalSearchSettings.LocalSearchSettings(List<String>,double) is not applicable
        (actual and formal argument lists differ in length)
      constructor LocalSearchSettings.LocalSearchSettings(List<String>,double,double,int) is not applicable
        (actual and formal argument lists differ in length)
  1 error

* Try:
> Check your code and dependencies to fix the compilation error(s)
> Run with --scan to generate a Build Scan (powered by Develocity).

BUILD FAILED in 11s

Starting a Gradle Daemon, 17 busy and 1 stopped Daemons could not be reused, use --status for details

> Task :compileJava

> Task :compileJava FAILED

[Incubating] Problems report is available at: file:///cta/users/ulvi.findik/TVCommercialScheduling/build/reports/problems/problems-report.html
1 actionable task: 1 executed

Command 1 FAILED (Duration: 11.93s)

[2/50] Starting command 2...
Executing: ./gradlew runMipSolver -PinstancePath="instances/density=LOW_nInventory=16_nHours=4_seed=10.json" -PoutputPath="output/discrete" -PmodelType="Discrete" -PtimeLimit=7200 -PlogPath="output/discrete/density=LOW_nInventory=16_nHours=4_seed=10.json/mip.log"
Command failed with return code: 1
Error: WARNING: A restricted method in java.lang.System has been called
WARNING: java.lang.System::load has been called by net.rubygrapefruit.platform.internal.NativeLibraryLoader in an unnamed module (file:/cta/users/ulvi.findik/.gradle/wrapper/dists/gradle-9.2.1-bin/2t0n5ozlw9xmuyvbp7dnzaxug/gradle-9.2.1/lib/native-platform-0.22-milestone-29.jar)
WARNING: Use --enable-native-access=ALL-UNNAMED to avoid a warning for callers in this module
WARNING: Restricted methods will be blocked in a future release unless native access is enabled

/cta/users/ulvi.findik/TVCommercialScheduling/src/main/java/main.java:110: error: no suitable constructor found for LocalSearchSettings(ArrayList<String>,double,boolean,boolean,double,int)
                new LocalSearchSettings(
                ^
    constructor LocalSearchSettings.LocalSearchSettings(List<String>,double) is not applicable
      (actual and formal argument lists differ in length)
    constructor LocalSearchSettings.LocalSearchSettings(List<String>,double,double,int) is not applicable
      (actual and formal argument lists differ in length)
1 error

FAILURE: Build failed with an exception.

* What went wrong:
Execution failed for task ':compileJava'.
> Compilation failed; see the compiler output below.
  /cta/users/ulvi.findik/TVCommercialScheduling/src/main/java/main.java:110: error: no suitable constructor found for LocalSearchSettings(ArrayList<String>,double,boolean,boolean,double,int)
                  new LocalSearchSettings(
                  ^
      constructor LocalSearchSettings.LocalSearchSettings(List<String>,double) is not applicable
        (actual and formal argument lists differ in length)
      constructor LocalSearchSettings.LocalSearchSettings(List<String>,double,double,int) is not applicable
        (actual and formal argument lists differ in length)
  1 error

* Try:
> Check your code and dependencies to fix the compilation error(s)
> Run with --scan to generate a Build Scan (powered by Develocity).

BUILD FAILED in 2s


> Task :compileJava FAILED

[Incubating] Problems report is available at: file:///cta/users/ulvi.findik/TVCommercialScheduling/build/reports/problems/problems-report.html
1 actionable task: 1 executed

Command 2 FAILED (Duration: 2.88s)

[3/50] Starting command 3...
Executing: ./gradlew runMipSolver -PinstancePath="instances/density=LOW_nInventory=16_nHours=4_seed=2.json" -PoutputPath="output/discrete" -PmodelType="Discrete" -PtimeLimit=7200 -PlogPath="output/discrete/density=LOW_nInventory=16_nHours=4_seed=2.json/mip.log"
Command failed with return code: 1
Error: WARNING: A restricted method in java.lang.System has been called
WARNING: java.lang.System::load has been called by net.rubygrapefruit.platform.internal.NativeLibraryLoader in an unnamed module (file:/cta/users/ulvi.findik/.gradle/wrapper/dists/gradle-9.2.1-bin/2t0n5ozlw9xmuyvbp7dnzaxug/gradle-9.2.1/lib/native-platform-0.22-milestone-29.jar)
WARNING: Use --enable-native-access=ALL-UNNAMED to avoid a warning for callers in this module
WARNING: Restricted methods will be blocked in a future release unless native access is enabled

/cta/users/ulvi.findik/TVCommercialScheduling/src/main/java/main.java:110: error: no suitable constructor found for LocalSearchSettings(ArrayList<String>,double,boolean,boolean,double,int)
                new LocalSearchSettings(
                ^
    constructor LocalSearchSettings.LocalSearchSettings(List<String>,double) is not applicable
      (actual and formal argument lists differ in length)
    constructor LocalSearchSettings.LocalSearchSettings(List<String>,double,double,int) is not applicable
      (actual and formal argument lists differ in length)
1 error

FAILURE: Build failed with an exception.

* What went wrong:
Execution failed for task ':compileJava'.
> Compilation failed; see the compiler output below.
  /cta/users/ulvi.findik/TVCommercialScheduling/src/main/java/main.java:110: error: no suitable constructor found for LocalSearchSettings(ArrayList<String>,double,boolean,boolean,double,int)
                  new LocalSearchSettings(
                  ^
      constructor LocalSearchSettings.LocalSearchSettings(List<String>,double) is not applicable
        (actual and formal argument lists differ in length)
      constructor LocalSearchSettings.LocalSearchSettings(List<String>,double,double,int) is not applicable
        (actual and formal argument lists differ in length)
  1 error

* Try:
> Check your code and dependencies to fix the compilation error(s)
> Run with --scan to generate a Build Scan (powered by Develocity).

BUILD FAILED in 12s

Starting a Gradle Daemon, 17 busy and 3 stopped Daemons could not be reused, use --status for details

> Task :compileJava

> Task :compileJava FAILED

[Incubating] Problems report is available at: file:///cta/users/ulvi.findik/TVCommercialScheduling/build/reports/problems/problems-report.html
1 actionable task: 1 executed

Command 3 FAILED (Duration: 13.00s)

[4/50] Starting command 4...
Executing: ./gradlew runMipSolver -PinstancePath="instances/density=LOW_nInventory=16_nHours=4_seed=3.json" -PoutputPath="output/discrete" -PmodelType="Discrete" -PtimeLimit=7200 -PlogPath="output/discrete/density=LOW_nInventory=16_nHours=4_seed=3.json/mip.log"
Command failed with return code: 1
Error: WARNING: A restricted method in java.lang.System has been called
WARNING: java.lang.System::load has been called by net.rubygrapefruit.platform.internal.NativeLibraryLoader in an unnamed module (file:/cta/users/ulvi.findik/.gradle/wrapper/dists/gradle-9.2.1-bin/2t0n5ozlw9xmuyvbp7dnzaxug/gradle-9.2.1/lib/native-platform-0.22-milestone-29.jar)
WARNING: Use --enable-native-access=ALL-UNNAMED to avoid a warning for callers in this module
WARNING: Restricted methods will be blocked in a future release unless native access is enabled

/cta/users/ulvi.findik/TVCommercialScheduling/src/main/java/main.java:110: error: no suitable constructor found for LocalSearchSettings(ArrayList<String>,double,boolean,boolean,double,int)
                new LocalSearchSettings(
                ^
    constructor LocalSearchSettings.LocalSearchSettings(List<String>,double) is not applicable
      (actual and formal argument lists differ in length)
    constructor LocalSearchSettings.LocalSearchSettings(List<String>,double,double,int) is not applicable
      (actual and formal argument lists differ in length)
1 error

FAILURE: Build failed with an exception.

* What went wrong:
Execution failed for task ':compileJava'.
> Compilation failed; see the compiler output below.
  /cta/users/ulvi.findik/TVCommercialScheduling/src/main/java/main.java:110: error: no suitable constructor found for LocalSearchSettings(ArrayList<String>,double,boolean,boolean,double,int)
                  new LocalSearchSettings(
                  ^
      constructor LocalSearchSettings.LocalSearchSettings(List<String>,double) is not applicable
        (actual and formal argument lists differ in length)
      constructor LocalSearchSettings.LocalSearchSettings(List<String>,double,double,int) is not applicable
        (actual and formal argument lists differ in length)
  1 error

* Try:
> Check your code and dependencies to fix the compilation error(s)
> Run with --scan to generate a Build Scan (powered by Develocity).

BUILD FAILED in 2s


> Task :compileJava FAILED

[Incubating] Problems report is available at: file:///cta/users/ulvi.findik/TVCommercialScheduling/build/reports/problems/problems-report.html
1 actionable task: 1 executed

Command 4 FAILED (Duration: 3.10s)

[5/50] Starting command 5...
Executing: ./gradlew runMipSolver -PinstancePath="instances/density=LOW_nInventory=16_nHours=4_seed=4.json" -PoutputPath="output/discrete" -PmodelType="Discrete" -PtimeLimit=7200 -PlogPath="output/discrete/density=LOW_nInventory=16_nHours=4_seed=4.json/mip.log"
Command failed with return code: 1
Error: WARNING: A restricted method in java.lang.System has been called
WARNING: java.lang.System::load has been called by net.rubygrapefruit.platform.internal.NativeLibraryLoader in an unnamed module (file:/cta/users/ulvi.findik/.gradle/wrapper/dists/gradle-9.2.1-bin/2t0n5ozlw9xmuyvbp7dnzaxug/gradle-9.2.1/lib/native-platform-0.22-milestone-29.jar)
WARNING: Use --enable-native-access=ALL-UNNAMED to avoid a warning for callers in this module
WARNING: Restricted methods will be blocked in a future release unless native access is enabled

/cta/users/ulvi.findik/TVCommercialScheduling/src/main/java/main.java:110: error: no suitable constructor found for LocalSearchSettings(ArrayList<String>,double,boolean,boolean,double,int)
                new LocalSearchSettings(
                ^
    constructor LocalSearchSettings.LocalSearchSettings(List<String>,double) is not applicable
      (actual and formal argument lists differ in length)
    constructor LocalSearchSettings.LocalSearchSettings(List<String>,double,double,int) is not applicable
      (actual and formal argument lists differ in length)
1 error

FAILURE: Build failed with an exception.

* What went wrong:
Execution failed for task ':compileJava'.
> Compilation failed; see the compiler output below.
  /cta/users/ulvi.findik/TVCommercialScheduling/src/main/java/main.java:110: error: no suitable constructor found for LocalSearchSettings(ArrayList<String>,double,boolean,boolean,double,int)
                  new LocalSearchSettings(
                  ^
      constructor LocalSearchSettings.LocalSearchSettings(List<String>,double) is not applicable
        (actual and formal argument lists differ in length)
      constructor LocalSearchSettings.LocalSearchSettings(List<String>,double,double,int) is not applicable
        (actual and formal argument lists differ in length)
  1 error

* Try:
> Check your code and dependencies to fix the compilation error(s)
> Run with --scan to generate a Build Scan (powered by Develocity).

BUILD FAILED in 2s


> Task :compileJava FAILED

[Incubating] Problems report is available at: file:///cta/users/ulvi.findik/TVCommercialScheduling/build/reports/problems/problems-report.html
1 actionable task: 1 executed

Command 5 FAILED (Duration: 2.78s)

[6/50] Starting command 6...
Executing: ./gradlew runMipSolver -PinstancePath="instances/density=LOW_nInventory=16_nHours=4_seed=5.json" -PoutputPath="output/discrete" -PmodelType="Discrete" -PtimeLimit=7200 -PlogPath="output/discrete/density=LOW_nInventory=16_nHours=4_seed=5.json/mip.log"
Command failed with return code: 1
Error: WARNING: A restricted method in java.lang.System has been called
WARNING: java.lang.System::load has been called by net.rubygrapefruit.platform.internal.NativeLibraryLoader in an unnamed module (file:/cta/users/ulvi.findik/.gradle/wrapper/dists/gradle-9.2.1-bin/2t0n5ozlw9xmuyvbp7dnzaxug/gradle-9.2.1/lib/native-platform-0.22-milestone-29.jar)
WARNING: Use --enable-native-access=ALL-UNNAMED to avoid a warning for callers in this module
WARNING: Restricted methods will be blocked in a future release unless native access is enabled

/cta/users/ulvi.findik/TVCommercialScheduling/src/main/java/main.java:110: error: no suitable constructor found for LocalSearchSettings(ArrayList<String>,double,boolean,boolean,double,int)
                new LocalSearchSettings(
                ^
    constructor LocalSearchSettings.LocalSearchSettings(List<String>,double) is not applicable
      (actual and formal argument lists differ in length)
    constructor LocalSearchSettings.LocalSearchSettings(List<String>,double,double,int) is not applicable
      (actual and formal argument lists differ in length)
1 error

FAILURE: Build failed with an exception.

* What went wrong:
Execution failed for task ':compileJava'.
> Compilation failed; see the compiler output below.
  /cta/users/ulvi.findik/TVCommercialScheduling/src/main/java/main.java:110: error: no suitable constructor found for LocalSearchSettings(ArrayList<String>,double,boolean,boolean,double,int)
                  new LocalSearchSettings(
                  ^
      constructor LocalSearchSettings.LocalSearchSettings(List<String>,double) is not applicable
        (actual and formal argument lists differ in length)
      constructor LocalSearchSettings.LocalSearchSettings(List<String>,double,double,int) is not applicable
        (actual and formal argument lists differ in length)
  1 error

* Try:
> Check your code and dependencies to fix the compilation error(s)
> Run with --scan to generate a Build Scan (powered by Develocity).

BUILD FAILED in 2s


> Task :compileJava FAILED

[Incubating] Problems report is available at: file:///cta/users/ulvi.findik/TVCommercialScheduling/build/reports/problems/problems-report.html
1 actionable task: 1 executed

Command 6 FAILED (Duration: 2.53s)

[7/50] Starting command 7...
Executing: ./gradlew runMipSolver -PinstancePath="instances/density=LOW_nInventory=16_nHours=4_seed=6.json" -PoutputPath="output/discrete" -PmodelType="Discrete" -PtimeLimit=7200 -PlogPath="output/discrete/density=LOW_nInventory=16_nHours=4_seed=6.json/mip.log"
Command failed with return code: 1
Error: WARNING: A restricted method in java.lang.System has been called
WARNING: java.lang.System::load has been called by net.rubygrapefruit.platform.internal.NativeLibraryLoader in an unnamed module (file:/cta/users/ulvi.findik/.gradle/wrapper/dists/gradle-9.2.1-bin/2t0n5ozlw9xmuyvbp7dnzaxug/gradle-9.2.1/lib/native-platform-0.22-milestone-29.jar)
WARNING: Use --enable-native-access=ALL-UNNAMED to avoid a warning for callers in this module
WARNING: Restricted methods will be blocked in a future release unless native access is enabled

/cta/users/ulvi.findik/TVCommercialScheduling/src/main/java/main.java:110: error: no suitable constructor found for LocalSearchSettings(ArrayList<String>,double,boolean,boolean,double,int)
                new LocalSearchSettings(
                ^
    constructor LocalSearchSettings.LocalSearchSettings(List<String>,double) is not applicable
      (actual and formal argument lists differ in length)
    constructor LocalSearchSettings.LocalSearchSettings(List<String>,double,double,int) is not applicable
      (actual and formal argument lists differ in length)
1 error

FAILURE: Build failed with an exception.

* What went wrong:
Execution failed for task ':compileJava'.
> Compilation failed; see the compiler output below.
  /cta/users/ulvi.findik/TVCommercialScheduling/src/main/java/main.java:110: error: no suitable constructor found for LocalSearchSettings(ArrayList<String>,double,boolean,boolean,double,int)
                  new LocalSearchSettings(
                  ^
      constructor LocalSearchSettings.LocalSearchSettings(List<String>,double) is not applicable
        (actual and formal argument lists differ in length)
      constructor LocalSearchSettings.LocalSearchSettings(List<String>,double,double,int) is not applicable
        (actual and formal argument lists differ in length)
  1 error

* Try:
> Check your code and dependencies to fix the compilation error(s)
> Run with --scan to generate a Build Scan (powered by Develocity).

BUILD FAILED in 2s


> Task :compileJava FAILED

[Incubating] Problems report is available at: file:///cta/users/ulvi.findik/TVCommercialScheduling/build/reports/problems/problems-report.html
1 actionable task: 1 executed

Command 7 FAILED (Duration: 2.60s)

[8/50] Starting command 8...
Executing: ./gradlew runMipSolver -PinstancePath="instances/density=LOW_nInventory=16_nHours=4_seed=7.json" -PoutputPath="output/discrete" -PmodelType="Discrete" -PtimeLimit=7200 -PlogPath="output/discrete/density=LOW_nInventory=16_nHours=4_seed=7.json/mip.log"
Command failed with return code: 1
Error: WARNING: A restricted method in java.lang.System has been called
WARNING: java.lang.System::load has been called by net.rubygrapefruit.platform.internal.NativeLibraryLoader in an unnamed module (file:/cta/users/ulvi.findik/.gradle/wrapper/dists/gradle-9.2.1-bin/2t0n5ozlw9xmuyvbp7dnzaxug/gradle-9.2.1/lib/native-platform-0.22-milestone-29.jar)
WARNING: Use --enable-native-access=ALL-UNNAMED to avoid a warning for callers in this module
WARNING: Restricted methods will be blocked in a future release unless native access is enabled


FAILURE: Build failed with an exception.

* What went wrong:
Execution failed for task ':compileJava'.
> Unable to delete directory '/cta/users/ulvi.findik/TVCommercialScheduling/build/classes/java/main'
    Failed to delete some children. This might happen because a process has files open or has its working directory set in the target directory.
    - /cta/users/ulvi.findik/TVCommercialScheduling/build/classes/java/main/solvers

* Try:
> Run with --stacktrace option to get the stack trace.
> Run with --info or --debug option to get more log output.
> Run with --scan to generate a Build Scan (powered by Develocity).
> Get more help at https://help.gradle.org.

BUILD FAILED in 1s

> Task :compileJava FAILED
1 actionable task: 1 executed

Command 8 FAILED (Duration: 2.02s)

[9/50] Starting command 9...
Executing: ./gradlew runMipSolver -PinstancePath="instances/density=LOW_nInventory=16_nHours=4_seed=8.json" -PoutputPath="output/discrete" -PmodelType="Discrete" -PtimeLimit=7200 -PlogPath="output/discrete/density=LOW_nInventory=16_nHours=4_seed=8.json/mip.log"
Command failed with return code: 1
Error: WARNING: A restricted method in java.lang.System has been called
WARNING: java.lang.System::load has been called by net.rubygrapefruit.platform.internal.NativeLibraryLoader in an unnamed module (file:/cta/users/ulvi.findik/.gradle/wrapper/dists/gradle-9.2.1-bin/2t0n5ozlw9xmuyvbp7dnzaxug/gradle-9.2.1/lib/native-platform-0.22-milestone-29.jar)
WARNING: Use --enable-native-access=ALL-UNNAMED to avoid a warning for callers in this module
WARNING: Restricted methods will be blocked in a future release unless native access is enabled

/cta/users/ulvi.findik/TVCommercialScheduling/src/main/java/main.java:110: error: no suitable constructor found for LocalSearchSettings(ArrayList<String>,double,boolean,boolean,double,int)
                new LocalSearchSettings(
                ^
    constructor LocalSearchSettings.LocalSearchSettings(List<String>,double) is not applicable
      (actual and formal argument lists differ in length)
    constructor LocalSearchSettings.LocalSearchSettings(List<String>,double,double,int) is not applicable
      (actual and formal argument lists differ in length)
1 error

FAILURE: Build failed with an exception.

* What went wrong:
Execution failed for task ':compileJava'.
> Compilation failed; see the compiler output below.
  /cta/users/ulvi.findik/TVCommercialScheduling/src/main/java/main.java:110: error: no suitable constructor found for LocalSearchSettings(ArrayList<String>,double,boolean,boolean,double,int)
                  new LocalSearchSettings(
                  ^
      constructor LocalSearchSettings.LocalSearchSettings(List<String>,double) is not applicable
        (actual and formal argument lists differ in length)
      constructor LocalSearchSettings.LocalSearchSettings(List<String>,double,double,int) is not applicable
        (actual and formal argument lists differ in length)
  1 error

* Try:
> Check your code and dependencies to fix the compilation error(s)
> Run with --scan to generate a Build Scan (powered by Develocity).

BUILD FAILED in 2s


> Task :compileJava FAILED

[Incubating] Problems report is available at: file:///cta/users/ulvi.findik/TVCommercialScheduling/build/reports/problems/problems-report.html
1 actionable task: 1 executed

Command 9 FAILED (Duration: 2.47s)

[10/50] Starting command 10...
Executing: ./gradlew runMipSolver -PinstancePath="instances/density=LOW_nInventory=16_nHours=4_seed=9.json" -PoutputPath="output/discrete" -PmodelType="Discrete" -PtimeLimit=7200 -PlogPath="output/discrete/density=LOW_nInventory=16_nHours=4_seed=9.json/mip.log"
Command failed with return code: 1
Error: WARNING: A restricted method in java.lang.System has been called
WARNING: java.lang.System::load has been called by net.rubygrapefruit.platform.internal.NativeLibraryLoader in an unnamed module (file:/cta/users/ulvi.findik/.gradle/wrapper/dists/gradle-9.2.1-bin/2t0n5ozlw9xmuyvbp7dnzaxug/gradle-9.2.1/lib/native-platform-0.22-milestone-29.jar)
WARNING: Use --enable-native-access=ALL-UNNAMED to avoid a warning for callers in this module
WARNING: Restricted methods will be blocked in a future release unless native access is enabled

/cta/users/ulvi.findik/TVCommercialScheduling/src/main/java/main.java:110: error: no suitable constructor found for LocalSearchSettings(ArrayList<String>,double,boolean,boolean,double,int)
                new LocalSearchSettings(
                ^
    constructor LocalSearchSettings.LocalSearchSettings(List<String>,double) is not applicable
      (actual and formal argument lists differ in length)
    constructor LocalSearchSettings.LocalSearchSettings(List<String>,double,double,int) is not applicable
      (actual and formal argument lists differ in length)
1 error

FAILURE: Build failed with an exception.

* What went wrong:
Execution failed for task ':compileJava'.
> Compilation failed; see the compiler output below.
  /cta/users/ulvi.findik/TVCommercialScheduling/src/main/java/main.java:110: error: no suitable constructor found for LocalSearchSettings(ArrayList<String>,double,boolean,boolean,double,int)
                  new LocalSearchSettings(
                  ^
      constructor LocalSearchSettings.LocalSearchSettings(List<String>,double) is not applicable
        (actual and formal argument lists differ in length)
      constructor LocalSearchSettings.LocalSearchSettings(List<String>,double,double,int) is not applicable
        (actual and formal argument lists differ in length)
  1 error

* Try:
> Check your code and dependencies to fix the compilation error(s)
> Run with --scan to generate a Build Scan (powered by Develocity).

BUILD FAILED in 2s


> Task :compileJava FAILED

[Incubating] Problems report is available at: file:///cta/users/ulvi.findik/TVCommercialScheduling/build/reports/problems/problems-report.html
1 actionable task: 1 executed

Command 10 FAILED (Duration: 2.41s)

[11/50] Starting command 11...
Executing: ./gradlew runMipSolver -PinstancePath="instances/density=LOW_nInventory=20_nHours=5_seed=1.json" -PoutputPath="output/discrete" -PmodelType="Discrete" -PtimeLimit=7200 -PlogPath="output/discrete/density=LOW_nInventory=20_nHours=5_seed=1.json/mip.log"
Command failed with return code: 1
Error: WARNING: A restricted method in java.lang.System has been called
WARNING: java.lang.System::load has been called by net.rubygrapefruit.platform.internal.NativeLibraryLoader in an unnamed module (file:/cta/users/ulvi.findik/.gradle/wrapper/dists/gradle-9.2.1-bin/2t0n5ozlw9xmuyvbp7dnzaxug/gradle-9.2.1/lib/native-platform-0.22-milestone-29.jar)
WARNING: Use --enable-native-access=ALL-UNNAMED to avoid a warning for callers in this module
WARNING: Restricted methods will be blocked in a future release unless native access is enabled

/cta/users/ulvi.findik/TVCommercialScheduling/src/main/java/main.java:110: error: no suitable constructor found for LocalSearchSettings(ArrayList<String>,double,boolean,boolean,double,int)
                new LocalSearchSettings(
                ^
    constructor LocalSearchSettings.LocalSearchSettings(List<String>,double) is not applicable
      (actual and formal argument lists differ in length)
    constructor LocalSearchSettings.LocalSearchSettings(List<String>,double,double,int) is not applicable
      (actual and formal argument lists differ in length)
1 error

FAILURE: Build failed with an exception.

* What went wrong:
Execution failed for task ':compileJava'.
> Compilation failed; see the compiler output below.
  /cta/users/ulvi.findik/TVCommercialScheduling/src/main/java/main.java:110: error: no suitable constructor found for LocalSearchSettings(ArrayList<String>,double,boolean,boolean,double,int)
                  new LocalSearchSettings(
                  ^
      constructor LocalSearchSettings.LocalSearchSettings(List<String>,double) is not applicable
        (actual and formal argument lists differ in length)
      constructor LocalSearchSettings.LocalSearchSettings(List<String>,double,double,int) is not applicable
        (actual and formal argument lists differ in length)
  1 error

* Try:
> Check your code and dependencies to fix the compilation error(s)
> Run with --scan to generate a Build Scan (powered by Develocity).

BUILD FAILED in 2s


> Task :compileJava FAILED

[Incubating] Problems report is available at: file:///cta/users/ulvi.findik/TVCommercialScheduling/build/reports/problems/problems-report.html
1 actionable task: 1 executed

Command 11 FAILED (Duration: 3.05s)

[12/50] Starting command 12...
Executing: ./gradlew runMipSolver -PinstancePath="instances/density=LOW_nInventory=20_nHours=5_seed=10.json" -PoutputPath="output/discrete" -PmodelType="Discrete" -PtimeLimit=7200 -PlogPath="output/discrete/density=LOW_nInventory=20_nHours=5_seed=10.json/mip.log"
Command failed with return code: 1
Error: WARNING: A restricted method in java.lang.System has been called
WARNING: java.lang.System::load has been called by net.rubygrapefruit.platform.internal.NativeLibraryLoader in an unnamed module (file:/cta/users/ulvi.findik/.gradle/wrapper/dists/gradle-9.2.1-bin/2t0n5ozlw9xmuyvbp7dnzaxug/gradle-9.2.1/lib/native-platform-0.22-milestone-29.jar)
WARNING: Use --enable-native-access=ALL-UNNAMED to avoid a warning for callers in this module
WARNING: Restricted methods will be blocked in a future release unless native access is enabled

/cta/users/ulvi.findik/TVCommercialScheduling/src/main/java/main.java:110: error: no suitable constructor found for LocalSearchSettings(ArrayList<String>,double,boolean,boolean,double,int)
                new LocalSearchSettings(
                ^
    constructor LocalSearchSettings.LocalSearchSettings(List<String>,double) is not applicable
      (actual and formal argument lists differ in length)
    constructor LocalSearchSettings.LocalSearchSettings(List<String>,double,double,int) is not applicable
      (actual and formal argument lists differ in length)
1 error

FAILURE: Build failed with an exception.

* What went wrong:
Execution failed for task ':compileJava'.
> Compilation failed; see the compiler output below.
  /cta/users/ulvi.findik/TVCommercialScheduling/src/main/java/main.java:110: error: no suitable constructor found for LocalSearchSettings(ArrayList<String>,double,boolean,boolean,double,int)
                  new LocalSearchSettings(
                  ^
      constructor LocalSearchSettings.LocalSearchSettings(List<String>,double) is not applicable
        (actual and formal argument lists differ in length)
      constructor LocalSearchSettings.LocalSearchSettings(List<String>,double,double,int) is not applicable
        (actual and formal argument lists differ in length)
  1 error

* Try:
> Check your code and dependencies to fix the compilation error(s)
> Run with --scan to generate a Build Scan (powered by Develocity).

BUILD FAILED in 2s


> Task :compileJava FAILED

[Incubating] Problems report is available at: file:///cta/users/ulvi.findik/TVCommercialScheduling/build/reports/problems/problems-report.html
1 actionable task: 1 executed

Command 12 FAILED (Duration: 3.04s)

[13/50] Starting command 13...
Executing: ./gradlew runMipSolver -PinstancePath="instances/density=LOW_nInventory=20_nHours=5_seed=2.json" -PoutputPath="output/discrete" -PmodelType="Discrete" -PtimeLimit=7200 -PlogPath="output/discrete/density=LOW_nInventory=20_nHours=5_seed=2.json/mip.log"
Command failed with return code: 1
Error: WARNING: A restricted method in java.lang.System has been called
WARNING: java.lang.System::load has been called by net.rubygrapefruit.platform.internal.NativeLibraryLoader in an unnamed module (file:/cta/users/ulvi.findik/.gradle/wrapper/dists/gradle-9.2.1-bin/2t0n5ozlw9xmuyvbp7dnzaxug/gradle-9.2.1/lib/native-platform-0.22-milestone-29.jar)
WARNING: Use --enable-native-access=ALL-UNNAMED to avoid a warning for callers in this module
WARNING: Restricted methods will be blocked in a future release unless native access is enabled

/cta/users/ulvi.findik/TVCommercialScheduling/src/main/java/runParameters/MipRunSettings.java:3: error: error while writing MipRunSettings: could not create parent directories
public record MipRunSettings(int timeLimit, String logPath) {}
       ^
/cta/users/ulvi.findik/TVCommercialScheduling/src/main/java/main.java:110: error: no suitable constructor found for LocalSearchSettings(ArrayList<String>,double,boolean,boolean,double,int)
                new LocalSearchSettings(
                ^
    constructor LocalSearchSettings.LocalSearchSettings(List<String>,double) is not applicable
      (actual and formal argument lists differ in length)
    constructor LocalSearchSettings.LocalSearchSettings(List<String>,double,double,int) is not applicable
      (actual and formal argument lists differ in length)
2 errors

FAILURE: Build failed with an exception.

* What went wrong:
Execution failed for task ':compileJava'.
> Compilation failed; see the compiler output below.
  /cta/users/ulvi.findik/TVCommercialScheduling/src/main/java/main.java:110: error: no suitable constructor found for LocalSearchSettings(ArrayList<String>,double,boolean,boolean,double,int)
                  new LocalSearchSettings(
                  ^
      constructor LocalSearchSettings.LocalSearchSettings(List<String>,double) is not applicable
        (actual and formal argument lists differ in length)
      constructor LocalSearchSettings.LocalSearchSettings(List<String>,double,double,int) is not applicable
        (actual and formal argument lists differ in length)
  /cta/users/ulvi.findik/TVCommercialScheduling/src/main/java/runParameters/MipRunSettings.java:3: error: error while writing MipRunSettings: could not create parent directories
  public record MipRunSettings(int timeLimit, String logPath) {}
         ^
  2 errors

* Try:
> Check your code and dependencies to fix the compilation error(s)
> Run with --scan to generate a Build Scan (powered by Develocity).

BUILD FAILED in 13s

Starting a Gradle Daemon, 17 busy and 5 stopped Daemons could not be reused, use --status for details

> Task :compileJava FAILED

[Incubating] Problems report is available at: file:///cta/users/ulvi.findik/TVCommercialScheduling/build/reports/problems/problems-report.html
1 actionable task: 1 executed

Command 13 FAILED (Duration: 14.34s)

[14/50] Starting command 14...
Executing: ./gradlew runMipSolver -PinstancePath="instances/density=LOW_nInventory=20_nHours=5_seed=3.json" -PoutputPath="output/discrete" -PmodelType="Discrete" -PtimeLimit=7200 -PlogPath="output/discrete/density=LOW_nInventory=20_nHours=5_seed=3.json/mip.log"
Command failed with return code: 1
Error: WARNING: A restricted method in java.lang.System has been called
WARNING: java.lang.System::load has been called by net.rubygrapefruit.platform.internal.NativeLibraryLoader in an unnamed module (file:/cta/users/ulvi.findik/.gradle/wrapper/dists/gradle-9.2.1-bin/2t0n5ozlw9xmuyvbp7dnzaxug/gradle-9.2.1/lib/native-platform-0.22-milestone-29.jar)
WARNING: Use --enable-native-access=ALL-UNNAMED to avoid a warning for callers in this module
WARNING: Restricted methods will be blocked in a future release unless native access is enabled

/cta/users/ulvi.findik/TVCommercialScheduling/src/main/java/main.java:110: error: no suitable constructor found for LocalSearchSettings(ArrayList<String>,double,boolean,boolean,double,int)
                new LocalSearchSettings(
                ^
    constructor LocalSearchSettings.LocalSearchSettings(List<String>,double) is not applicable
      (actual and formal argument lists differ in length)
    constructor LocalSearchSettings.LocalSearchSettings(List<String>,double,double,int) is not applicable
      (actual and formal argument lists differ in length)
1 error

FAILURE: Build failed with an exception.

* What went wrong:
Execution failed for task ':compileJava'.
> Compilation failed; see the compiler output below.
  /cta/users/ulvi.findik/TVCommercialScheduling/src/main/java/main.java:110: error: no suitable constructor found for LocalSearchSettings(ArrayList<String>,double,boolean,boolean,double,int)
                  new LocalSearchSettings(
                  ^
      constructor LocalSearchSettings.LocalSearchSettings(List<String>,double) is not applicable
        (actual and formal argument lists differ in length)
      constructor LocalSearchSettings.LocalSearchSettings(List<String>,double,double,int) is not applicable
        (actual and formal argument lists differ in length)
  1 error

* Try:
> Check your code and dependencies to fix the compilation error(s)
> Run with --scan to generate a Build Scan (powered by Develocity).

BUILD FAILED in 2s


> Task :compileJava FAILED

[Incubating] Problems report is available at: file:///cta/users/ulvi.findik/TVCommercialScheduling/build/reports/problems/problems-report.html
1 actionable task: 1 executed

Command 14 FAILED (Duration: 2.98s)

[15/50] Starting command 15...
Executing: ./gradlew runMipSolver -PinstancePath="instances/density=LOW_nInventory=20_nHours=5_seed=4.json" -PoutputPath="output/discrete" -PmodelType="Discrete" -PtimeLimit=7200 -PlogPath="output/discrete/density=LOW_nInventory=20_nHours=5_seed=4.json/mip.log"
Command failed with return code: 1
Error: WARNING: A restricted method in java.lang.System has been called
WARNING: java.lang.System::load has been called by net.rubygrapefruit.platform.internal.NativeLibraryLoader in an unnamed module (file:/cta/users/ulvi.findik/.gradle/wrapper/dists/gradle-9.2.1-bin/2t0n5ozlw9xmuyvbp7dnzaxug/gradle-9.2.1/lib/native-platform-0.22-milestone-29.jar)
WARNING: Use --enable-native-access=ALL-UNNAMED to avoid a warning for callers in this module
WARNING: Restricted methods will be blocked in a future release unless native access is enabled

/cta/users/ulvi.findik/TVCommercialScheduling/src/main/java/main.java:110: error: no suitable constructor found for LocalSearchSettings(ArrayList<String>,double,boolean,boolean,double,int)
                new LocalSearchSettings(
                ^
    constructor LocalSearchSettings.LocalSearchSettings(List<String>,double) is not applicable
      (actual and formal argument lists differ in length)
    constructor LocalSearchSettings.LocalSearchSettings(List<String>,double,double,int) is not applicable
      (actual and formal argument lists differ in length)
1 error

FAILURE: Build failed with an exception.

* What went wrong:
Execution failed for task ':compileJava'.
> Compilation failed; see the compiler output below.
  /cta/users/ulvi.findik/TVCommercialScheduling/src/main/java/main.java:110: error: no suitable constructor found for LocalSearchSettings(ArrayList<String>,double,boolean,boolean,double,int)
                  new LocalSearchSettings(
                  ^
      constructor LocalSearchSettings.LocalSearchSettings(List<String>,double) is not applicable
        (actual and formal argument lists differ in length)
      constructor LocalSearchSettings.LocalSearchSettings(List<String>,double,double,int) is not applicable
        (actual and formal argument lists differ in length)
  1 error

* Try:
> Check your code and dependencies to fix the compilation error(s)
> Run with --scan to generate a Build Scan (powered by Develocity).

BUILD FAILED in 2s


> Task :compileJava FAILED

[Incubating] Problems report is available at: file:///cta/users/ulvi.findik/TVCommercialScheduling/build/reports/problems/problems-report.html
1 actionable task: 1 executed

Command 15 FAILED (Duration: 2.64s)

[16/50] Starting command 16...
Executing: ./gradlew runMipSolver -PinstancePath="instances/density=LOW_nInventory=20_nHours=5_seed=5.json" -PoutputPath="output/discrete" -PmodelType="Discrete" -PtimeLimit=7200 -PlogPath="output/discrete/density=LOW_nInventory=20_nHours=5_seed=5.json/mip.log"
Command failed with return code: 1
Error: WARNING: A restricted method in java.lang.System has been called
WARNING: java.lang.System::load has been called by net.rubygrapefruit.platform.internal.NativeLibraryLoader in an unnamed module (file:/cta/users/ulvi.findik/.gradle/wrapper/dists/gradle-9.2.1-bin/2t0n5ozlw9xmuyvbp7dnzaxug/gradle-9.2.1/lib/native-platform-0.22-milestone-29.jar)
WARNING: Use --enable-native-access=ALL-UNNAMED to avoid a warning for callers in this module
WARNING: Restricted methods will be blocked in a future release unless native access is enabled

/cta/users/ulvi.findik/TVCommercialScheduling/src/main/java/main.java:110: error: no suitable constructor found for LocalSearchSettings(ArrayList<String>,double,boolean,boolean,double,int)
                new LocalSearchSettings(
                ^
    constructor LocalSearchSettings.LocalSearchSettings(List<String>,double) is not applicable
      (actual and formal argument lists differ in length)
    constructor LocalSearchSettings.LocalSearchSettings(List<String>,double,double,int) is not applicable
      (actual and formal argument lists differ in length)
1 error

FAILURE: Build failed with an exception.

* What went wrong:
Execution failed for task ':compileJava'.
> Compilation failed; see the compiler output below.
  /cta/users/ulvi.findik/TVCommercialScheduling/src/main/java/main.java:110: error: no suitable constructor found for LocalSearchSettings(ArrayList<String>,double,boolean,boolean,double,int)
                  new LocalSearchSettings(
                  ^
      constructor LocalSearchSettings.LocalSearchSettings(List<String>,double) is not applicable
        (actual and formal argument lists differ in length)
      constructor LocalSearchSettings.LocalSearchSettings(List<String>,double,double,int) is not applicable
        (actual and formal argument lists differ in length)
  1 error

* Try:
> Check your code and dependencies to fix the compilation error(s)
> Run with --scan to generate a Build Scan (powered by Develocity).

BUILD FAILED in 2s


> Task :compileJava FAILED

[Incubating] Problems report is available at: file:///cta/users/ulvi.findik/TVCommercialScheduling/build/reports/problems/problems-report.html
1 actionable task: 1 executed

Command 16 FAILED (Duration: 2.71s)

[17/50] Starting command 17...
Executing: ./gradlew runMipSolver -PinstancePath="instances/density=LOW_nInventory=20_nHours=5_seed=6.json" -PoutputPath="output/discrete" -PmodelType="Discrete" -PtimeLimit=7200 -PlogPath="output/discrete/density=LOW_nInventory=20_nHours=5_seed=6.json/mip.log"
Command failed with return code: 1
Error: WARNING: A restricted method in java.lang.System has been called
WARNING: java.lang.System::load has been called by net.rubygrapefruit.platform.internal.NativeLibraryLoader in an unnamed module (file:/cta/users/ulvi.findik/.gradle/wrapper/dists/gradle-9.2.1-bin/2t0n5ozlw9xmuyvbp7dnzaxug/gradle-9.2.1/lib/native-platform-0.22-milestone-29.jar)
WARNING: Use --enable-native-access=ALL-UNNAMED to avoid a warning for callers in this module
WARNING: Restricted methods will be blocked in a future release unless native access is enabled

/cta/users/ulvi.findik/TVCommercialScheduling/src/main/java/main.java:110: error: no suitable constructor found for LocalSearchSettings(ArrayList<String>,double,boolean,boolean,double,int)
                new LocalSearchSettings(
                ^
    constructor LocalSearchSettings.LocalSearchSettings(List<String>,double) is not applicable
      (actual and formal argument lists differ in length)
    constructor LocalSearchSettings.LocalSearchSettings(List<String>,double,double,int) is not applicable
      (actual and formal argument lists differ in length)
1 error

FAILURE: Build failed with an exception.

* What went wrong:
Execution failed for task ':compileJava'.
> Compilation failed; see the compiler output below.
  /cta/users/ulvi.findik/TVCommercialScheduling/src/main/java/main.java:110: error: no suitable constructor found for LocalSearchSettings(ArrayList<String>,double,boolean,boolean,double,int)
                  new LocalSearchSettings(
                  ^
      constructor LocalSearchSettings.LocalSearchSettings(List<String>,double) is not applicable
        (actual and formal argument lists differ in length)
      constructor LocalSearchSettings.LocalSearchSettings(List<String>,double,double,int) is not applicable
        (actual and formal argument lists differ in length)
  1 error

* Try:
> Check your code and dependencies to fix the compilation error(s)
> Run with --scan to generate a Build Scan (powered by Develocity).

BUILD FAILED in 2s


> Task :compileJava FAILED

[Incubating] Problems report is available at: file:///cta/users/ulvi.findik/TVCommercialScheduling/build/reports/problems/problems-report.html
1 actionable task: 1 executed

Command 17 FAILED (Duration: 2.68s)

[18/50] Starting command 18...
Executing: ./gradlew runMipSolver -PinstancePath="instances/density=LOW_nInventory=20_nHours=5_seed=7.json" -PoutputPath="output/discrete" -PmodelType="Discrete" -PtimeLimit=7200 -PlogPath="output/discrete/density=LOW_nInventory=20_nHours=5_seed=7.json/mip.log"
Command failed with return code: 1
Error: WARNING: A restricted method in java.lang.System has been called
WARNING: java.lang.System::load has been called by net.rubygrapefruit.platform.internal.NativeLibraryLoader in an unnamed module (file:/cta/users/ulvi.findik/.gradle/wrapper/dists/gradle-9.2.1-bin/2t0n5ozlw9xmuyvbp7dnzaxug/gradle-9.2.1/lib/native-platform-0.22-milestone-29.jar)
WARNING: Use --enable-native-access=ALL-UNNAMED to avoid a warning for callers in this module
WARNING: Restricted methods will be blocked in a future release unless native access is enabled

/cta/users/ulvi.findik/TVCommercialScheduling/src/main/java/randomProblemGenerator/DistributionsJsonLoader.java:15: error: error while writing DistributionsJsonLoader: /cta/users/ulvi.findik/TVCommercialScheduling/build/classes/java/main/randomProblemGenerator/DistributionsJsonLoader.class: Remote I/O error
public class DistributionsJsonLoader {
       ^
/cta/users/ulvi.findik/TVCommercialScheduling/src/main/java/main.java:110: error: no suitable constructor found for LocalSearchSettings(ArrayList<String>,double,boolean,boolean,double,int)
                new LocalSearchSettings(
                ^
    constructor LocalSearchSettings.LocalSearchSettings(List<String>,double) is not applicable
      (actual and formal argument lists differ in length)
    constructor LocalSearchSettings.LocalSearchSettings(List<String>,double,double,int) is not applicable
      (actual and formal argument lists differ in length)
2 errors

FAILURE: Build failed with an exception.

* What went wrong:
Execution failed for task ':compileJava'.
> Compilation failed; see the compiler output below.
  /cta/users/ulvi.findik/TVCommercialScheduling/src/main/java/main.java:110: error: no suitable constructor found for LocalSearchSettings(ArrayList<String>,double,boolean,boolean,double,int)
                  new LocalSearchSettings(
                  ^
      constructor LocalSearchSettings.LocalSearchSettings(List<String>,double) is not applicable
        (actual and formal argument lists differ in length)
      constructor LocalSearchSettings.LocalSearchSettings(List<String>,double,double,int) is not applicable
        (actual and formal argument lists differ in length)
  /cta/users/ulvi.findik/TVCommercialScheduling/src/main/java/randomProblemGenerator/DistributionsJsonLoader.java:15: error: error while writing DistributionsJsonLoader: /cta/users/ulvi.findik/TVCommercialScheduling/build/classes/java/main/randomProblemGenerator/DistributionsJsonLoader.class: Remote I/O error
  public class DistributionsJsonLoader {
         ^
  2 errors

* Try:
> Check your code and dependencies to fix the compilation error(s)
> Run with --scan to generate a Build Scan (powered by Develocity).

BUILD FAILED in 13s

Starting a Gradle Daemon, 17 busy and 7 stopped Daemons could not be reused, use --status for details

> Task :compileJava FAILED

[Incubating] Problems report is available at: file:///cta/users/ulvi.findik/TVCommercialScheduling/build/reports/problems/problems-report.html
1 actionable task: 1 executed

Command 18 FAILED (Duration: 13.92s)

[19/50] Starting command 19...
Executing: ./gradlew runMipSolver -PinstancePath="instances/density=LOW_nInventory=20_nHours=5_seed=8.json" -PoutputPath="output/discrete" -PmodelType="Discrete" -PtimeLimit=7200 -PlogPath="output/discrete/density=LOW_nInventory=20_nHours=5_seed=8.json/mip.log"
Command failed with return code: 1
Error: WARNING: A restricted method in java.lang.System has been called
WARNING: java.lang.System::load has been called by net.rubygrapefruit.platform.internal.NativeLibraryLoader in an unnamed module (file:/cta/users/ulvi.findik/.gradle/wrapper/dists/gradle-9.2.1-bin/2t0n5ozlw9xmuyvbp7dnzaxug/gradle-9.2.1/lib/native-platform-0.22-milestone-29.jar)
WARNING: Use --enable-native-access=ALL-UNNAMED to avoid a warning for callers in this module
WARNING: Restricted methods will be blocked in a future release unless native access is enabled

/cta/users/ulvi.findik/TVCommercialScheduling/src/main/java/main.java:110: error: no suitable constructor found for LocalSearchSettings(ArrayList<String>,double,boolean,boolean,double,int)
                new LocalSearchSettings(
                ^
    constructor LocalSearchSettings.LocalSearchSettings(List<String>,double) is not applicable
      (actual and formal argument lists differ in length)
    constructor LocalSearchSettings.LocalSearchSettings(List<String>,double,double,int) is not applicable
      (actual and formal argument lists differ in length)
1 error

FAILURE: Build failed with an exception.

* What went wrong:
Execution failed for task ':compileJava'.
> Compilation failed; see the compiler output below.
  /cta/users/ulvi.findik/TVCommercialScheduling/src/main/java/main.java:110: error: no suitable constructor found for LocalSearchSettings(ArrayList<String>,double,boolean,boolean,double,int)
                  new LocalSearchSettings(
                  ^
      constructor LocalSearchSettings.LocalSearchSettings(List<String>,double) is not applicable
        (actual and formal argument lists differ in length)
      constructor LocalSearchSettings.LocalSearchSettings(List<String>,double,double,int) is not applicable
        (actual and formal argument lists differ in length)
  1 error

* Try:
> Check your code and dependencies to fix the compilation error(s)
> Run with --scan to generate a Build Scan (powered by Develocity).

BUILD FAILED in 2s


> Task :compileJava FAILED

[Incubating] Problems report is available at: file:///cta/users/ulvi.findik/TVCommercialScheduling/build/reports/problems/problems-report.html
1 actionable task: 1 executed

Command 19 FAILED (Duration: 2.91s)

[20/50] Starting command 20...
Executing: ./gradlew runMipSolver -PinstancePath="instances/density=LOW_nInventory=20_nHours=5_seed=9.json" -PoutputPath="output/discrete" -PmodelType="Discrete" -PtimeLimit=7200 -PlogPath="output/discrete/density=LOW_nInventory=20_nHours=5_seed=9.json/mip.log"
Command failed with return code: 1
Error: WARNING: A restricted method in java.lang.System has been called
WARNING: java.lang.System::load has been called by net.rubygrapefruit.platform.internal.NativeLibraryLoader in an unnamed module (file:/cta/users/ulvi.findik/.gradle/wrapper/dists/gradle-9.2.1-bin/2t0n5ozlw9xmuyvbp7dnzaxug/gradle-9.2.1/lib/native-platform-0.22-milestone-29.jar)
WARNING: Use --enable-native-access=ALL-UNNAMED to avoid a warning for callers in this module
WARNING: Restricted methods will be blocked in a future release unless native access is enabled

/cta/users/ulvi.findik/TVCommercialScheduling/src/main/java/main.java:110: error: no suitable constructor found for LocalSearchSettings(ArrayList<String>,double,boolean,boolean,double,int)
                new LocalSearchSettings(
                ^
    constructor LocalSearchSettings.LocalSearchSettings(List<String>,double) is not applicable
      (actual and formal argument lists differ in length)
    constructor LocalSearchSettings.LocalSearchSettings(List<String>,double,double,int) is not applicable
      (actual and formal argument lists differ in length)
1 error

FAILURE: Build failed with an exception.

* What went wrong:
Execution failed for task ':compileJava'.
> Compilation failed; see the compiler output below.
  /cta/users/ulvi.findik/TVCommercialScheduling/src/main/java/main.java:110: error: no suitable constructor found for LocalSearchSettings(ArrayList<String>,double,boolean,boolean,double,int)
                  new LocalSearchSettings(
                  ^
      constructor LocalSearchSettings.LocalSearchSettings(List<String>,double) is not applicable
        (actual and formal argument lists differ in length)
      constructor LocalSearchSettings.LocalSearchSettings(List<String>,double,double,int) is not applicable
        (actual and formal argument lists differ in length)
  1 error

* Try:
> Check your code and dependencies to fix the compilation error(s)
> Run with --scan to generate a Build Scan (powered by Develocity).

BUILD FAILED in 2s


> Task :compileJava FAILED

[Incubating] Problems report is available at: file:///cta/users/ulvi.findik/TVCommercialScheduling/build/reports/problems/problems-report.html
1 actionable task: 1 executed

Command 20 FAILED (Duration: 3.07s)

[21/50] Starting command 21...
Executing: ./gradlew runMipSolver -PinstancePath="instances/density=MEDIUM_nInventory=12_nHours=3_seed=1.json" -PoutputPath="output/discrete" -PmodelType="Discrete" -PtimeLimit=7200 -PlogPath="output/discrete/density=MEDIUM_nInventory=12_nHours=3_seed=1.json/mip.log"
Command failed with return code: 1
Error: WARNING: A restricted method in java.lang.System has been called
WARNING: java.lang.System::load has been called by net.rubygrapefruit.platform.internal.NativeLibraryLoader in an unnamed module (file:/cta/users/ulvi.findik/.gradle/wrapper/dists/gradle-9.2.1-bin/2t0n5ozlw9xmuyvbp7dnzaxug/gradle-9.2.1/lib/native-platform-0.22-milestone-29.jar)
WARNING: Use --enable-native-access=ALL-UNNAMED to avoid a warning for callers in this module
WARNING: Restricted methods will be blocked in a future release unless native access is enabled

/cta/users/ulvi.findik/TVCommercialScheduling/src/main/java/main.java:110: error: no suitable constructor found for LocalSearchSettings(ArrayList<String>,double,boolean,boolean,double,int)
                new LocalSearchSettings(
                ^
    constructor LocalSearchSettings.LocalSearchSettings(List<String>,double) is not applicable
      (actual and formal argument lists differ in length)
    constructor LocalSearchSettings.LocalSearchSettings(List<String>,double,double,int) is not applicable
      (actual and formal argument lists differ in length)
1 error

FAILURE: Build failed with an exception.

* What went wrong:
Execution failed for task ':compileJava'.
> Compilation failed; see the compiler output below.
  /cta/users/ulvi.findik/TVCommercialScheduling/src/main/java/main.java:110: error: no suitable constructor found for LocalSearchSettings(ArrayList<String>,double,boolean,boolean,double,int)
                  new LocalSearchSettings(
                  ^
      constructor LocalSearchSettings.LocalSearchSettings(List<String>,double) is not applicable
        (actual and formal argument lists differ in length)
      constructor LocalSearchSettings.LocalSearchSettings(List<String>,double,double,int) is not applicable
        (actual and formal argument lists differ in length)
  1 error

* Try:
> Check your code and dependencies to fix the compilation error(s)
> Run with --scan to generate a Build Scan (powered by Develocity).

BUILD FAILED in 2s


> Task :compileJava FAILED

[Incubating] Problems report is available at: file:///cta/users/ulvi.findik/TVCommercialScheduling/build/reports/problems/problems-report.html
1 actionable task: 1 executed

Command 21 FAILED (Duration: 2.63s)

[22/50] Starting command 22...
Executing: ./gradlew runMipSolver -PinstancePath="instances/density=MEDIUM_nInventory=12_nHours=3_seed=10.json" -PoutputPath="output/discrete" -PmodelType="Discrete" -PtimeLimit=7200 -PlogPath="output/discrete/density=MEDIUM_nInventory=12_nHours=3_seed=10.json/mip.log"
Command failed with return code: 1
Error: WARNING: A restricted method in java.lang.System has been called
WARNING: java.lang.System::load has been called by net.rubygrapefruit.platform.internal.NativeLibraryLoader in an unnamed module (file:/cta/users/ulvi.findik/.gradle/wrapper/dists/gradle-9.2.1-bin/2t0n5ozlw9xmuyvbp7dnzaxug/gradle-9.2.1/lib/native-platform-0.22-milestone-29.jar)
WARNING: Use --enable-native-access=ALL-UNNAMED to avoid a warning for callers in this module
WARNING: Restricted methods will be blocked in a future release unless native access is enabled

/cta/users/ulvi.findik/TVCommercialScheduling/src/main/java/randomProblemGenerator/RandomGeneratorConfig.java:13: error: error while writing RandomGeneratorConfig: /cta/users/ulvi.findik/TVCommercialScheduling/build/classes/java/main/randomProblemGenerator/RandomGeneratorConfig.class: Remote I/O error
public final class RandomGeneratorConfig {
             ^
/cta/users/ulvi.findik/TVCommercialScheduling/src/main/java/main.java:110: error: no suitable constructor found for LocalSearchSettings(ArrayList<String>,double,boolean,boolean,double,int)
                new LocalSearchSettings(
                ^
    constructor LocalSearchSettings.LocalSearchSettings(List<String>,double) is not applicable
      (actual and formal argument lists differ in length)
    constructor LocalSearchSettings.LocalSearchSettings(List<String>,double,double,int) is not applicable
      (actual and formal argument lists differ in length)
2 errors

FAILURE: Build failed with an exception.

* What went wrong:
Execution failed for task ':compileJava'.
> Compilation failed; see the compiler output below.
  /cta/users/ulvi.findik/TVCommercialScheduling/src/main/java/main.java:110: error: no suitable constructor found for LocalSearchSettings(ArrayList<String>,double,boolean,boolean,double,int)
                  new LocalSearchSettings(
                  ^
      constructor LocalSearchSettings.LocalSearchSettings(List<String>,double) is not applicable
        (actual and formal argument lists differ in length)
      constructor LocalSearchSettings.LocalSearchSettings(List<String>,double,double,int) is not applicable
        (actual and formal argument lists differ in length)
  /cta/users/ulvi.findik/TVCommercialScheduling/src/main/java/randomProblemGenerator/RandomGeneratorConfig.java:13: error: error while writing RandomGeneratorConfig: /cta/users/ulvi.findik/TVCommercialScheduling/build/classes/java/main/randomProblemGenerator/RandomGeneratorConfig.class: Remote I/O error
  public final class RandomGeneratorConfig {
               ^
  2 errors

* Try:
> Check your code and dependencies to fix the compilation error(s)
> Run with --scan to generate a Build Scan (powered by Develocity).

BUILD FAILED in 2s


> Task :compileJava FAILED

[Incubating] Problems report is available at: file:///cta/users/ulvi.findik/TVCommercialScheduling/build/reports/problems/problems-report.html
1 actionable task: 1 executed

Command 22 FAILED (Duration: 3.00s)

[23/50] Starting command 23...
Executing: ./gradlew runMipSolver -PinstancePath="instances/density=MEDIUM_nInventory=12_nHours=3_seed=2.json" -PoutputPath="output/discrete" -PmodelType="Discrete" -PtimeLimit=7200 -PlogPath="output/discrete/density=MEDIUM_nInventory=12_nHours=3_seed=2.json/mip.log"
Command failed with return code: 1
Error: WARNING: A restricted method in java.lang.System has been called
WARNING: java.lang.System::load has been called by net.rubygrapefruit.platform.internal.NativeLibraryLoader in an unnamed module (file:/cta/users/ulvi.findik/.gradle/wrapper/dists/gradle-9.2.1-bin/2t0n5ozlw9xmuyvbp7dnzaxug/gradle-9.2.1/lib/native-platform-0.22-milestone-29.jar)
WARNING: Use --enable-native-access=ALL-UNNAMED to avoid a warning for callers in this module
WARNING: Restricted methods will be blocked in a future release unless native access is enabled

/cta/users/ulvi.findik/TVCommercialScheduling/src/main/java/main.java:110: error: no suitable constructor found for LocalSearchSettings(ArrayList<String>,double,boolean,boolean,double,int)
                new LocalSearchSettings(
                ^
    constructor LocalSearchSettings.LocalSearchSettings(List<String>,double) is not applicable
      (actual and formal argument lists differ in length)
    constructor LocalSearchSettings.LocalSearchSettings(List<String>,double,double,int) is not applicable
      (actual and formal argument lists differ in length)
1 error

FAILURE: Build failed with an exception.

* What went wrong:
Execution failed for task ':compileJava'.
> Compilation failed; see the compiler output below.
  /cta/users/ulvi.findik/TVCommercialScheduling/src/main/java/main.java:110: error: no suitable constructor found for LocalSearchSettings(ArrayList<String>,double,boolean,boolean,double,int)
                  new LocalSearchSettings(
                  ^
      constructor LocalSearchSettings.LocalSearchSettings(List<String>,double) is not applicable
        (actual and formal argument lists differ in length)
      constructor LocalSearchSettings.LocalSearchSettings(List<String>,double,double,int) is not applicable
        (actual and formal argument lists differ in length)
  1 error

* Try:
> Check your code and dependencies to fix the compilation error(s)
> Run with --scan to generate a Build Scan (powered by Develocity).

BUILD FAILED in 2s


> Task :compileJava FAILED

[Incubating] Problems report is available at: file:///cta/users/ulvi.findik/TVCommercialScheduling/build/reports/problems/problems-report.html
1 actionable task: 1 executed

Command 23 FAILED (Duration: 2.72s)

[24/50] Starting command 24...
Executing: ./gradlew runMipSolver -PinstancePath="instances/density=MEDIUM_nInventory=12_nHours=3_seed=3.json" -PoutputPath="output/discrete" -PmodelType="Discrete" -PtimeLimit=7200 -PlogPath="output/discrete/density=MEDIUM_nInventory=12_nHours=3_seed=3.json/mip.log"
Command failed with return code: 1
Error: WARNING: A restricted method in java.lang.System has been called
WARNING: java.lang.System::load has been called by net.rubygrapefruit.platform.internal.NativeLibraryLoader in an unnamed module (file:/cta/users/ulvi.findik/.gradle/wrapper/dists/gradle-9.2.1-bin/2t0n5ozlw9xmuyvbp7dnzaxug/gradle-9.2.1/lib/native-platform-0.22-milestone-29.jar)
WARNING: Use --enable-native-access=ALL-UNNAMED to avoid a warning for callers in this module
WARNING: Restricted methods will be blocked in a future release unless native access is enabled

/cta/users/ulvi.findik/TVCommercialScheduling/src/main/java/data/Solution.java:10: error: error while writing Solution: /cta/users/ulvi.findik/TVCommercialScheduling/build/classes/java/main/data/Solution.class: Remote I/O error
public class Solution {
       ^
/cta/users/ulvi.findik/TVCommercialScheduling/src/main/java/main.java:110: error: no suitable constructor found for LocalSearchSettings(ArrayList<String>,double,boolean,boolean,double,int)
                new LocalSearchSettings(
                ^
    constructor LocalSearchSettings.LocalSearchSettings(List<String>,double) is not applicable
      (actual and formal argument lists differ in length)
    constructor LocalSearchSettings.LocalSearchSettings(List<String>,double,double,int) is not applicable
      (actual and formal argument lists differ in length)
2 errors

FAILURE: Build failed with an exception.

* What went wrong:
Execution failed for task ':compileJava'.
> Compilation failed; see the compiler output below.
  /cta/users/ulvi.findik/TVCommercialScheduling/src/main/java/main.java:110: error: no suitable constructor found for LocalSearchSettings(ArrayList<String>,double,boolean,boolean,double,int)
                  new LocalSearchSettings(
                  ^
      constructor LocalSearchSettings.LocalSearchSettings(List<String>,double) is not applicable
        (actual and formal argument lists differ in length)
      constructor LocalSearchSettings.LocalSearchSettings(List<String>,double,double,int) is not applicable
        (actual and formal argument lists differ in length)
  /cta/users/ulvi.findik/TVCommercialScheduling/src/main/java/data/Solution.java:10: error: error while writing Solution: /cta/users/ulvi.findik/TVCommercialScheduling/build/classes/java/main/data/Solution.class: Remote I/O error
  public class Solution {
         ^
  2 errors

* Try:
> Check your code and dependencies to fix the compilation error(s)
> Run with --scan to generate a Build Scan (powered by Develocity).

BUILD FAILED in 12s

Starting a Gradle Daemon, 18 busy and 9 stopped Daemons could not be reused, use --status for details

> Task :compileJava FAILED

[Incubating] Problems report is available at: file:///cta/users/ulvi.findik/TVCommercialScheduling/build/reports/problems/problems-report.html
1 actionable task: 1 executed

Command 24 FAILED (Duration: 13.34s)

[25/50] Starting command 25...
Executing: ./gradlew runMipSolver -PinstancePath="instances/density=MEDIUM_nInventory=12_nHours=3_seed=4.json" -PoutputPath="output/discrete" -PmodelType="Discrete" -PtimeLimit=7200 -PlogPath="output/discrete/density=MEDIUM_nInventory=12_nHours=3_seed=4.json/mip.log"
Command failed with return code: 1
Error: WARNING: A restricted method in java.lang.System has been called
WARNING: java.lang.System::load has been called by net.rubygrapefruit.platform.internal.NativeLibraryLoader in an unnamed module (file:/cta/users/ulvi.findik/.gradle/wrapper/dists/gradle-9.2.1-bin/2t0n5ozlw9xmuyvbp7dnzaxug/gradle-9.2.1/lib/native-platform-0.22-milestone-29.jar)
WARNING: Use --enable-native-access=ALL-UNNAMED to avoid a warning for callers in this module
WARNING: Restricted methods will be blocked in a future release unless native access is enabled

/cta/users/ulvi.findik/TVCommercialScheduling/src/main/java/main.java:110: error: no suitable constructor found for LocalSearchSettings(ArrayList<String>,double,boolean,boolean,double,int)
                new LocalSearchSettings(
                ^
    constructor LocalSearchSettings.LocalSearchSettings(List<String>,double) is not applicable
      (actual and formal argument lists differ in length)
    constructor LocalSearchSettings.LocalSearchSettings(List<String>,double,double,int) is not applicable
      (actual and formal argument lists differ in length)
1 error

FAILURE: Build failed with an exception.

* What went wrong:
Execution failed for task ':compileJava'.
> Compilation failed; see the compiler output below.
  /cta/users/ulvi.findik/TVCommercialScheduling/src/main/java/main.java:110: error: no suitable constructor found for LocalSearchSettings(ArrayList<String>,double,boolean,boolean,double,int)
                  new LocalSearchSettings(
                  ^
      constructor LocalSearchSettings.LocalSearchSettings(List<String>,double) is not applicable
        (actual and formal argument lists differ in length)
      constructor LocalSearchSettings.LocalSearchSettings(List<String>,double,double,int) is not applicable
        (actual and formal argument lists differ in length)
  1 error

* Try:
> Check your code and dependencies to fix the compilation error(s)
> Run with --scan to generate a Build Scan (powered by Develocity).

BUILD FAILED in 2s


> Task :compileJava FAILED

[Incubating] Problems report is available at: file:///cta/users/ulvi.findik/TVCommercialScheduling/build/reports/problems/problems-report.html
1 actionable task: 1 executed

Command 25 FAILED (Duration: 2.95s)

[26/50] Starting command 26...
Executing: ./gradlew runMipSolver -PinstancePath="instances/density=MEDIUM_nInventory=12_nHours=3_seed=5.json" -PoutputPath="output/discrete" -PmodelType="Discrete" -PtimeLimit=7200 -PlogPath="output/discrete/density=MEDIUM_nInventory=12_nHours=3_seed=5.json/mip.log"
Command failed with return code: 1
Error: WARNING: A restricted method in java.lang.System has been called
WARNING: java.lang.System::load has been called by net.rubygrapefruit.platform.internal.NativeLibraryLoader in an unnamed module (file:/cta/users/ulvi.findik/.gradle/wrapper/dists/gradle-9.2.1-bin/2t0n5ozlw9xmuyvbp7dnzaxug/gradle-9.2.1/lib/native-platform-0.22-milestone-29.jar)
WARNING: Use --enable-native-access=ALL-UNNAMED to avoid a warning for callers in this module
WARNING: Restricted methods will be blocked in a future release unless native access is enabled

/cta/users/ulvi.findik/TVCommercialScheduling/src/main/java/main.java:110: error: no suitable constructor found for LocalSearchSettings(ArrayList<String>,double,boolean,boolean,double,int)
                new LocalSearchSettings(
                ^
    constructor LocalSearchSettings.LocalSearchSettings(List<String>,double) is not applicable
      (actual and formal argument lists differ in length)
    constructor LocalSearchSettings.LocalSearchSettings(List<String>,double,double,int) is not applicable
      (actual and formal argument lists differ in length)
1 error

FAILURE: Build failed with an exception.

* What went wrong:
Execution failed for task ':compileJava'.
> Compilation failed; see the compiler output below.
  /cta/users/ulvi.findik/TVCommercialScheduling/src/main/java/main.java:110: error: no suitable constructor found for LocalSearchSettings(ArrayList<String>,double,boolean,boolean,double,int)
                  new LocalSearchSettings(
                  ^
      constructor LocalSearchSettings.LocalSearchSettings(List<String>,double) is not applicable
        (actual and formal argument lists differ in length)
      constructor LocalSearchSettings.LocalSearchSettings(List<String>,double,double,int) is not applicable
        (actual and formal argument lists differ in length)
  1 error

* Try:
> Check your code and dependencies to fix the compilation error(s)
> Run with --scan to generate a Build Scan (powered by Develocity).

BUILD FAILED in 2s


> Task :compileJava FAILED

[Incubating] Problems report is available at: file:///cta/users/ulvi.findik/TVCommercialScheduling/build/reports/problems/problems-report.html
1 actionable task: 1 executed

Command 26 FAILED (Duration: 2.74s)

[27/50] Starting command 27...
Executing: ./gradlew runMipSolver -PinstancePath="instances/density=MEDIUM_nInventory=12_nHours=3_seed=6.json" -PoutputPath="output/discrete" -PmodelType="Discrete" -PtimeLimit=7200 -PlogPath="output/discrete/density=MEDIUM_nInventory=12_nHours=3_seed=6.json/mip.log"
Command failed with return code: 1
Error: WARNING: A restricted method in java.lang.System has been called
WARNING: java.lang.System::load has been called by net.rubygrapefruit.platform.internal.NativeLibraryLoader in an unnamed module (file:/cta/users/ulvi.findik/.gradle/wrapper/dists/gradle-9.2.1-bin/2t0n5ozlw9xmuyvbp7dnzaxug/gradle-9.2.1/lib/native-platform-0.22-milestone-29.jar)
WARNING: Use --enable-native-access=ALL-UNNAMED to avoid a warning for callers in this module
WARNING: Restricted methods will be blocked in a future release unless native access is enabled

/cta/users/ulvi.findik/TVCommercialScheduling/src/main/java/main.java:110: error: no suitable constructor found for LocalSearchSettings(ArrayList<String>,double,boolean,boolean,double,int)
                new LocalSearchSettings(
                ^
    constructor LocalSearchSettings.LocalSearchSettings(List<String>,double) is not applicable
      (actual and formal argument lists differ in length)
    constructor LocalSearchSettings.LocalSearchSettings(List<String>,double,double,int) is not applicable
      (actual and formal argument lists differ in length)
1 error

FAILURE: Build failed with an exception.

* What went wrong:
Execution failed for task ':compileJava'.
> Compilation failed; see the compiler output below.
  /cta/users/ulvi.findik/TVCommercialScheduling/src/main/java/main.java:110: error: no suitable constructor found for LocalSearchSettings(ArrayList<String>,double,boolean,boolean,double,int)
                  new LocalSearchSettings(
                  ^
      constructor LocalSearchSettings.LocalSearchSettings(List<String>,double) is not applicable
        (actual and formal argument lists differ in length)
      constructor LocalSearchSettings.LocalSearchSettings(List<String>,double,double,int) is not applicable
        (actual and formal argument lists differ in length)
  1 error

* Try:
> Check your code and dependencies to fix the compilation error(s)
> Run with --scan to generate a Build Scan (powered by Develocity).

BUILD FAILED in 12s

Starting a Gradle Daemon, 17 busy and 11 stopped Daemons could not be reused, use --status for details

> Task :compileJava

> Task :compileJava FAILED

[Incubating] Problems report is available at: file:///cta/users/ulvi.findik/TVCommercialScheduling/build/reports/problems/problems-report.html
1 actionable task: 1 executed

Command 27 FAILED (Duration: 12.80s)

[28/50] Starting command 28...
Executing: ./gradlew runMipSolver -PinstancePath="instances/density=MEDIUM_nInventory=12_nHours=3_seed=7.json" -PoutputPath="output/discrete" -PmodelType="Discrete" -PtimeLimit=7200 -PlogPath="output/discrete/density=MEDIUM_nInventory=12_nHours=3_seed=7.json/mip.log"
Command failed with return code: 1
Error: WARNING: A restricted method in java.lang.System has been called
WARNING: java.lang.System::load has been called by net.rubygrapefruit.platform.internal.NativeLibraryLoader in an unnamed module (file:/cta/users/ulvi.findik/.gradle/wrapper/dists/gradle-9.2.1-bin/2t0n5ozlw9xmuyvbp7dnzaxug/gradle-9.2.1/lib/native-platform-0.22-milestone-29.jar)
WARNING: Use --enable-native-access=ALL-UNNAMED to avoid a warning for callers in this module
WARNING: Restricted methods will be blocked in a future release unless native access is enabled

/cta/users/ulvi.findik/TVCommercialScheduling/src/main/java/main.java:110: error: no suitable constructor found for LocalSearchSettings(ArrayList<String>,double,boolean,boolean,double,int)
                new LocalSearchSettings(
                ^
    constructor LocalSearchSettings.LocalSearchSettings(List<String>,double) is not applicable
      (actual and formal argument lists differ in length)
    constructor LocalSearchSettings.LocalSearchSettings(List<String>,double,double,int) is not applicable
      (actual and formal argument lists differ in length)
1 error

FAILURE: Build failed with an exception.

* What went wrong:
Execution failed for task ':compileJava'.
> Compilation failed; see the compiler output below.
  /cta/users/ulvi.findik/TVCommercialScheduling/src/main/java/main.java:110: error: no suitable constructor found for LocalSearchSettings(ArrayList<String>,double,boolean,boolean,double,int)
                  new LocalSearchSettings(
                  ^
      constructor LocalSearchSettings.LocalSearchSettings(List<String>,double) is not applicable
        (actual and formal argument lists differ in length)
      constructor LocalSearchSettings.LocalSearchSettings(List<String>,double,double,int) is not applicable
        (actual and formal argument lists differ in length)
  1 error

* Try:
> Check your code and dependencies to fix the compilation error(s)
> Run with --scan to generate a Build Scan (powered by Develocity).

BUILD FAILED in 2s


> Task :compileJava FAILED

[Incubating] Problems report is available at: file:///cta/users/ulvi.findik/TVCommercialScheduling/build/reports/problems/problems-report.html
1 actionable task: 1 executed

Command 28 FAILED (Duration: 2.90s)

[29/50] Starting command 29...
Executing: ./gradlew runMipSolver -PinstancePath="instances/density=MEDIUM_nInventory=12_nHours=3_seed=8.json" -PoutputPath="output/discrete" -PmodelType="Discrete" -PtimeLimit=7200 -PlogPath="output/discrete/density=MEDIUM_nInventory=12_nHours=3_seed=8.json/mip.log"
Command failed with return code: 1
Error: WARNING: A restricted method in java.lang.System has been called
WARNING: java.lang.System::load has been called by net.rubygrapefruit.platform.internal.NativeLibraryLoader in an unnamed module (file:/cta/users/ulvi.findik/.gradle/wrapper/dists/gradle-9.2.1-bin/2t0n5ozlw9xmuyvbp7dnzaxug/gradle-9.2.1/lib/native-platform-0.22-milestone-29.jar)
WARNING: Use --enable-native-access=ALL-UNNAMED to avoid a warning for callers in this module
WARNING: Restricted methods will be blocked in a future release unless native access is enabled

/cta/users/ulvi.findik/TVCommercialScheduling/src/main/java/main.java:110: error: no suitable constructor found for LocalSearchSettings(ArrayList<String>,double,boolean,boolean,double,int)
                new LocalSearchSettings(
                ^
    constructor LocalSearchSettings.LocalSearchSettings(List<String>,double) is not applicable
      (actual and formal argument lists differ in length)
    constructor LocalSearchSettings.LocalSearchSettings(List<String>,double,double,int) is not applicable
      (actual and formal argument lists differ in length)
1 error

FAILURE: Build failed with an exception.

* What went wrong:
Execution failed for task ':compileJava'.
> Compilation failed; see the compiler output below.
  /cta/users/ulvi.findik/TVCommercialScheduling/src/main/java/main.java:110: error: no suitable constructor found for LocalSearchSettings(ArrayList<String>,double,boolean,boolean,double,int)
                  new LocalSearchSettings(
                  ^
      constructor LocalSearchSettings.LocalSearchSettings(List<String>,double) is not applicable
        (actual and formal argument lists differ in length)
      constructor LocalSearchSettings.LocalSearchSettings(List<String>,double,double,int) is not applicable
        (actual and formal argument lists differ in length)
  1 error

* Try:
> Check your code and dependencies to fix the compilation error(s)
> Run with --scan to generate a Build Scan (powered by Develocity).

BUILD FAILED in 2s


> Task :compileJava FAILED

[Incubating] Problems report is available at: file:///cta/users/ulvi.findik/TVCommercialScheduling/build/reports/problems/problems-report.html
1 actionable task: 1 executed

Command 29 FAILED (Duration: 2.72s)

[30/50] Starting command 30...
Executing: ./gradlew runMipSolver -PinstancePath="instances/density=MEDIUM_nInventory=12_nHours=3_seed=9.json" -PoutputPath="output/discrete" -PmodelType="Discrete" -PtimeLimit=7200 -PlogPath="output/discrete/density=MEDIUM_nInventory=12_nHours=3_seed=9.json/mip.log"
Command failed with return code: 1
Error: WARNING: A restricted method in java.lang.System has been called
WARNING: java.lang.System::load has been called by net.rubygrapefruit.platform.internal.NativeLibraryLoader in an unnamed module (file:/cta/users/ulvi.findik/.gradle/wrapper/dists/gradle-9.2.1-bin/2t0n5ozlw9xmuyvbp7dnzaxug/gradle-9.2.1/lib/native-platform-0.22-milestone-29.jar)
WARNING: Use --enable-native-access=ALL-UNNAMED to avoid a warning for callers in this module
WARNING: Restricted methods will be blocked in a future release unless native access is enabled

/cta/users/ulvi.findik/TVCommercialScheduling/src/main/java/main.java:110: error: no suitable constructor found for LocalSearchSettings(ArrayList<String>,double,boolean,boolean,double,int)
                new LocalSearchSettings(
                ^
    constructor LocalSearchSettings.LocalSearchSettings(List<String>,double) is not applicable
      (actual and formal argument lists differ in length)
    constructor LocalSearchSettings.LocalSearchSettings(List<String>,double,double,int) is not applicable
      (actual and formal argument lists differ in length)
1 error

FAILURE: Build failed with an exception.

* What went wrong:
Execution failed for task ':compileJava'.
> Compilation failed; see the compiler output below.
  /cta/users/ulvi.findik/TVCommercialScheduling/src/main/java/main.java:110: error: no suitable constructor found for LocalSearchSettings(ArrayList<String>,double,boolean,boolean,double,int)
                  new LocalSearchSettings(
                  ^
      constructor LocalSearchSettings.LocalSearchSettings(List<String>,double) is not applicable
        (actual and formal argument lists differ in length)
      constructor LocalSearchSettings.LocalSearchSettings(List<String>,double,double,int) is not applicable
        (actual and formal argument lists differ in length)
  1 error

* Try:
> Check your code and dependencies to fix the compilation error(s)
> Run with --scan to generate a Build Scan (powered by Develocity).

BUILD FAILED in 2s


> Task :compileJava FAILED

[Incubating] Problems report is available at: file:///cta/users/ulvi.findik/TVCommercialScheduling/build/reports/problems/problems-report.html
1 actionable task: 1 executed

Command 30 FAILED (Duration: 2.78s)

[31/50] Starting command 31...
Executing: ./gradlew runMipSolver -PinstancePath="instances/density=MEDIUM_nInventory=16_nHours=4_seed=1.json" -PoutputPath="output/discrete" -PmodelType="Discrete" -PtimeLimit=7200 -PlogPath="output/discrete/density=MEDIUM_nInventory=16_nHours=4_seed=1.json/mip.log"
Command failed with return code: 1
Error: WARNING: A restricted method in java.lang.System has been called
WARNING: java.lang.System::load has been called by net.rubygrapefruit.platform.internal.NativeLibraryLoader in an unnamed module (file:/cta/users/ulvi.findik/.gradle/wrapper/dists/gradle-9.2.1-bin/2t0n5ozlw9xmuyvbp7dnzaxug/gradle-9.2.1/lib/native-platform-0.22-milestone-29.jar)
WARNING: Use --enable-native-access=ALL-UNNAMED to avoid a warning for callers in this module
WARNING: Restricted methods will be blocked in a future release unless native access is enabled

/cta/users/ulvi.findik/TVCommercialScheduling/src/main/java/main.java:110: error: no suitable constructor found for LocalSearchSettings(ArrayList<String>,double,boolean,boolean,double,int)
                new LocalSearchSettings(
                ^
    constructor LocalSearchSettings.LocalSearchSettings(List<String>,double) is not applicable
      (actual and formal argument lists differ in length)
    constructor LocalSearchSettings.LocalSearchSettings(List<String>,double,double,int) is not applicable
      (actual and formal argument lists differ in length)
1 error

FAILURE: Build failed with an exception.

* What went wrong:
Execution failed for task ':compileJava'.
> Compilation failed; see the compiler output below.
  /cta/users/ulvi.findik/TVCommercialScheduling/src/main/java/main.java:110: error: no suitable constructor found for LocalSearchSettings(ArrayList<String>,double,boolean,boolean,double,int)
                  new LocalSearchSettings(
                  ^
      constructor LocalSearchSettings.LocalSearchSettings(List<String>,double) is not applicable
        (actual and formal argument lists differ in length)
      constructor LocalSearchSettings.LocalSearchSettings(List<String>,double,double,int) is not applicable
        (actual and formal argument lists differ in length)
  1 error

* Try:
> Check your code and dependencies to fix the compilation error(s)
> Run with --scan to generate a Build Scan (powered by Develocity).

BUILD FAILED in 2s


> Task :compileJava FAILED

[Incubating] Problems report is available at: file:///cta/users/ulvi.findik/TVCommercialScheduling/build/reports/problems/problems-report.html
1 actionable task: 1 executed

Command 31 FAILED (Duration: 2.87s)

[32/50] Starting command 32...
Executing: ./gradlew runMipSolver -PinstancePath="instances/density=MEDIUM_nInventory=16_nHours=4_seed=10.json" -PoutputPath="output/discrete" -PmodelType="Discrete" -PtimeLimit=7200 -PlogPath="output/discrete/density=MEDIUM_nInventory=16_nHours=4_seed=10.json/mip.log"
Command failed with return code: 1
Error: WARNING: A restricted method in java.lang.System has been called
WARNING: java.lang.System::load has been called by net.rubygrapefruit.platform.internal.NativeLibraryLoader in an unnamed module (file:/cta/users/ulvi.findik/.gradle/wrapper/dists/gradle-9.2.1-bin/2t0n5ozlw9xmuyvbp7dnzaxug/gradle-9.2.1/lib/native-platform-0.22-milestone-29.jar)
WARNING: Use --enable-native-access=ALL-UNNAMED to avoid a warning for callers in this module
WARNING: Restricted methods will be blocked in a future release unless native access is enabled

/cta/users/ulvi.findik/TVCommercialScheduling/src/main/java/main.java:110: error: no suitable constructor found for LocalSearchSettings(ArrayList<String>,double,boolean,boolean,double,int)
                new LocalSearchSettings(
                ^
    constructor LocalSearchSettings.LocalSearchSettings(List<String>,double) is not applicable
      (actual and formal argument lists differ in length)
    constructor LocalSearchSettings.LocalSearchSettings(List<String>,double,double,int) is not applicable
      (actual and formal argument lists differ in length)
1 error

FAILURE: Build failed with an exception.

* What went wrong:
Execution failed for task ':compileJava'.
> Compilation failed; see the compiler output below.
  /cta/users/ulvi.findik/TVCommercialScheduling/src/main/java/main.java:110: error: no suitable constructor found for LocalSearchSettings(ArrayList<String>,double,boolean,boolean,double,int)
                  new LocalSearchSettings(
                  ^
      constructor LocalSearchSettings.LocalSearchSettings(List<String>,double) is not applicable
        (actual and formal argument lists differ in length)
      constructor LocalSearchSettings.LocalSearchSettings(List<String>,double,double,int) is not applicable
        (actual and formal argument lists differ in length)
  1 error

* Try:
> Check your code and dependencies to fix the compilation error(s)
> Run with --scan to generate a Build Scan (powered by Develocity).

BUILD FAILED in 2s


> Task :compileJava FAILED

[Incubating] Problems report is available at: file:///cta/users/ulvi.findik/TVCommercialScheduling/build/reports/problems/problems-report.html
1 actionable task: 1 executed

Command 32 FAILED (Duration: 2.72s)

[33/50] Starting command 33...
Executing: ./gradlew runMipSolver -PinstancePath="instances/density=MEDIUM_nInventory=16_nHours=4_seed=2.json" -PoutputPath="output/discrete" -PmodelType="Discrete" -PtimeLimit=7200 -PlogPath="output/discrete/density=MEDIUM_nInventory=16_nHours=4_seed=2.json/mip.log"
Command failed with return code: 1
Error: WARNING: A restricted method in java.lang.System has been called
WARNING: java.lang.System::load has been called by net.rubygrapefruit.platform.internal.NativeLibraryLoader in an unnamed module (file:/cta/users/ulvi.findik/.gradle/wrapper/dists/gradle-9.2.1-bin/2t0n5ozlw9xmuyvbp7dnzaxug/gradle-9.2.1/lib/native-platform-0.22-milestone-29.jar)
WARNING: Use --enable-native-access=ALL-UNNAMED to avoid a warning for callers in this module
WARNING: Restricted methods will be blocked in a future release unless native access is enabled

/cta/users/ulvi.findik/TVCommercialScheduling/src/main/java/main.java:110: error: no suitable constructor found for LocalSearchSettings(ArrayList<String>,double,boolean,boolean,double,int)
                new LocalSearchSettings(
                ^
    constructor LocalSearchSettings.LocalSearchSettings(List<String>,double) is not applicable
      (actual and formal argument lists differ in length)
    constructor LocalSearchSettings.LocalSearchSettings(List<String>,double,double,int) is not applicable
      (actual and formal argument lists differ in length)
1 error

FAILURE: Build failed with an exception.

* What went wrong:
Execution failed for task ':compileJava'.
> Compilation failed; see the compiler output below.
  /cta/users/ulvi.findik/TVCommercialScheduling/src/main/java/main.java:110: error: no suitable constructor found for LocalSearchSettings(ArrayList<String>,double,boolean,boolean,double,int)
                  new LocalSearchSettings(
                  ^
      constructor LocalSearchSettings.LocalSearchSettings(List<String>,double) is not applicable
        (actual and formal argument lists differ in length)
      constructor LocalSearchSettings.LocalSearchSettings(List<String>,double,double,int) is not applicable
        (actual and formal argument lists differ in length)
  1 error

* Try:
> Check your code and dependencies to fix the compilation error(s)
> Run with --scan to generate a Build Scan (powered by Develocity).

BUILD FAILED in 13s

Starting a Gradle Daemon, 18 busy and 13 stopped Daemons could not be reused, use --status for details

> Task :compileJava

> Task :compileJava FAILED

[Incubating] Problems report is available at: file:///cta/users/ulvi.findik/TVCommercialScheduling/build/reports/problems/problems-report.html
1 actionable task: 1 executed

Command 33 FAILED (Duration: 14.58s)

[34/50] Starting command 34...
Executing: ./gradlew runMipSolver -PinstancePath="instances/density=MEDIUM_nInventory=16_nHours=4_seed=3.json" -PoutputPath="output/discrete" -PmodelType="Discrete" -PtimeLimit=7200 -PlogPath="output/discrete/density=MEDIUM_nInventory=16_nHours=4_seed=3.json/mip.log"
Command failed with return code: 1
Error: WARNING: A restricted method in java.lang.System has been called
WARNING: java.lang.System::load has been called by net.rubygrapefruit.platform.internal.NativeLibraryLoader in an unnamed module (file:/cta/users/ulvi.findik/.gradle/wrapper/dists/gradle-9.2.1-bin/2t0n5ozlw9xmuyvbp7dnzaxug/gradle-9.2.1/lib/native-platform-0.22-milestone-29.jar)
WARNING: Use --enable-native-access=ALL-UNNAMED to avoid a warning for callers in this module
WARNING: Restricted methods will be blocked in a future release unless native access is enabled

/cta/users/ulvi.findik/TVCommercialScheduling/src/main/java/runParameters/MipRunSettings.java:3: error: error while writing MipRunSettings: could not create parent directories
public record MipRunSettings(int timeLimit, String logPath) {}
       ^
/cta/users/ulvi.findik/TVCommercialScheduling/src/main/java/main.java:110: error: no suitable constructor found for LocalSearchSettings(ArrayList<String>,double,boolean,boolean,double,int)
                new LocalSearchSettings(
                ^
    constructor LocalSearchSettings.LocalSearchSettings(List<String>,double) is not applicable
      (actual and formal argument lists differ in length)
    constructor LocalSearchSettings.LocalSearchSettings(List<String>,double,double,int) is not applicable
      (actual and formal argument lists differ in length)
2 errors

FAILURE: Build failed with an exception.

* What went wrong:
Execution failed for task ':compileJava'.
> Compilation failed; see the compiler output below.
  /cta/users/ulvi.findik/TVCommercialScheduling/src/main/java/main.java:110: error: no suitable constructor found for LocalSearchSettings(ArrayList<String>,double,boolean,boolean,double,int)
                  new LocalSearchSettings(
                  ^
      constructor LocalSearchSettings.LocalSearchSettings(List<String>,double) is not applicable
        (actual and formal argument lists differ in length)
      constructor LocalSearchSettings.LocalSearchSettings(List<String>,double,double,int) is not applicable
        (actual and formal argument lists differ in length)
  /cta/users/ulvi.findik/TVCommercialScheduling/src/main/java/runParameters/MipRunSettings.java:3: error: error while writing MipRunSettings: could not create parent directories
  public record MipRunSettings(int timeLimit, String logPath) {}
         ^
  2 errors

* Try:
> Check your code and dependencies to fix the compilation error(s)
> Run with --scan to generate a Build Scan (powered by Develocity).

BUILD FAILED in 10s

Starting a Gradle Daemon, 19 busy and 18 stopped Daemons could not be reused, use --status for details

> Task :compileJava FAILED

[Incubating] Problems report is available at: file:///cta/users/ulvi.findik/TVCommercialScheduling/build/reports/problems/problems-report.html
1 actionable task: 1 executed

Command 34 FAILED (Duration: 11.51s)

[35/50] Starting command 35...
Executing: ./gradlew runMipSolver -PinstancePath="instances/density=MEDIUM_nInventory=16_nHours=4_seed=4.json" -PoutputPath="output/discrete" -PmodelType="Discrete" -PtimeLimit=7200 -PlogPath="output/discrete/density=MEDIUM_nInventory=16_nHours=4_seed=4.json/mip.log"
Command failed with return code: 1
Error: WARNING: A restricted method in java.lang.System has been called
WARNING: java.lang.System::load has been called by net.rubygrapefruit.platform.internal.NativeLibraryLoader in an unnamed module (file:/cta/users/ulvi.findik/.gradle/wrapper/dists/gradle-9.2.1-bin/2t0n5ozlw9xmuyvbp7dnzaxug/gradle-9.2.1/lib/native-platform-0.22-milestone-29.jar)
WARNING: Use --enable-native-access=ALL-UNNAMED to avoid a warning for callers in this module
WARNING: Restricted methods will be blocked in a future release unless native access is enabled

/cta/users/ulvi.findik/TVCommercialScheduling/src/main/java/main.java:110: error: no suitable constructor found for LocalSearchSettings(ArrayList<String>,double,boolean,boolean,double,int)
                new LocalSearchSettings(
                ^
    constructor LocalSearchSettings.LocalSearchSettings(List<String>,double) is not applicable
      (actual and formal argument lists differ in length)
    constructor LocalSearchSettings.LocalSearchSettings(List<String>,double,double,int) is not applicable
      (actual and formal argument lists differ in length)
1 error

FAILURE: Build failed with an exception.

* What went wrong:
Execution failed for task ':compileJava'.
> Compilation failed; see the compiler output below.
  /cta/users/ulvi.findik/TVCommercialScheduling/src/main/java/main.java:110: error: no suitable constructor found for LocalSearchSettings(ArrayList<String>,double,boolean,boolean,double,int)
                  new LocalSearchSettings(
                  ^
      constructor LocalSearchSettings.LocalSearchSettings(List<String>,double) is not applicable
        (actual and formal argument lists differ in length)
      constructor LocalSearchSettings.LocalSearchSettings(List<String>,double,double,int) is not applicable
        (actual and formal argument lists differ in length)
  1 error

* Try:
> Check your code and dependencies to fix the compilation error(s)
> Run with --scan to generate a Build Scan (powered by Develocity).

BUILD FAILED in 2s


> Task :compileJava FAILED

[Incubating] Problems report is available at: file:///cta/users/ulvi.findik/TVCommercialScheduling/build/reports/problems/problems-report.html
1 actionable task: 1 executed

Command 35 FAILED (Duration: 3.00s)

[36/50] Starting command 36...
Executing: ./gradlew runMipSolver -PinstancePath="instances/density=MEDIUM_nInventory=16_nHours=4_seed=5.json" -PoutputPath="output/discrete" -PmodelType="Discrete" -PtimeLimit=7200 -PlogPath="output/discrete/density=MEDIUM_nInventory=16_nHours=4_seed=5.json/mip.log"
Command failed with return code: 1
Error: WARNING: A restricted method in java.lang.System has been called
WARNING: java.lang.System::load has been called by net.rubygrapefruit.platform.internal.NativeLibraryLoader in an unnamed module (file:/cta/users/ulvi.findik/.gradle/wrapper/dists/gradle-9.2.1-bin/2t0n5ozlw9xmuyvbp7dnzaxug/gradle-9.2.1/lib/native-platform-0.22-milestone-29.jar)
WARNING: Use --enable-native-access=ALL-UNNAMED to avoid a warning for callers in this module
WARNING: Restricted methods will be blocked in a future release unless native access is enabled

/cta/users/ulvi.findik/TVCommercialScheduling/src/main/java/main.java:110: error: no suitable constructor found for LocalSearchSettings(ArrayList<String>,double,boolean,boolean,double,int)
                new LocalSearchSettings(
                ^
    constructor LocalSearchSettings.LocalSearchSettings(List<String>,double) is not applicable
      (actual and formal argument lists differ in length)
    constructor LocalSearchSettings.LocalSearchSettings(List<String>,double,double,int) is not applicable
      (actual and formal argument lists differ in length)
1 error

FAILURE: Build failed with an exception.

* What went wrong:
Execution failed for task ':compileJava'.
> Compilation failed; see the compiler output below.
  /cta/users/ulvi.findik/TVCommercialScheduling/src/main/java/main.java:110: error: no suitable constructor found for LocalSearchSettings(ArrayList<String>,double,boolean,boolean,double,int)
                  new LocalSearchSettings(
                  ^
      constructor LocalSearchSettings.LocalSearchSettings(List<String>,double) is not applicable
        (actual and formal argument lists differ in length)
      constructor LocalSearchSettings.LocalSearchSettings(List<String>,double,double,int) is not applicable
        (actual and formal argument lists differ in length)
  1 error

* Try:
> Check your code and dependencies to fix the compilation error(s)
> Run with --scan to generate a Build Scan (powered by Develocity).

BUILD FAILED in 16s

Starting a Gradle Daemon, 18 busy and 23 stopped Daemons could not be reused, use --status for details

> Task :compileJava

> Task :compileJava FAILED

[Incubating] Problems report is available at: file:///cta/users/ulvi.findik/TVCommercialScheduling/build/reports/problems/problems-report.html
1 actionable task: 1 executed

Command 36 FAILED (Duration: 16.96s)

[37/50] Starting command 37...
Executing: ./gradlew runMipSolver -PinstancePath="instances/density=MEDIUM_nInventory=16_nHours=4_seed=6.json" -PoutputPath="output/discrete" -PmodelType="Discrete" -PtimeLimit=7200 -PlogPath="output/discrete/density=MEDIUM_nInventory=16_nHours=4_seed=6.json/mip.log"
Command failed with return code: 1
Error: WARNING: A restricted method in java.lang.System has been called
WARNING: java.lang.System::load has been called by net.rubygrapefruit.platform.internal.NativeLibraryLoader in an unnamed module (file:/cta/users/ulvi.findik/.gradle/wrapper/dists/gradle-9.2.1-bin/2t0n5ozlw9xmuyvbp7dnzaxug/gradle-9.2.1/lib/native-platform-0.22-milestone-29.jar)
WARNING: Use --enable-native-access=ALL-UNNAMED to avoid a warning for callers in this module
WARNING: Restricted methods will be blocked in a future release unless native access is enabled

/cta/users/ulvi.findik/TVCommercialScheduling/src/main/java/main.java:110: error: no suitable constructor found for LocalSearchSettings(ArrayList<String>,double,boolean,boolean,double,int)
                new LocalSearchSettings(
                ^
    constructor LocalSearchSettings.LocalSearchSettings(List<String>,double) is not applicable
      (actual and formal argument lists differ in length)
    constructor LocalSearchSettings.LocalSearchSettings(List<String>,double,double,int) is not applicable
      (actual and formal argument lists differ in length)
1 error

FAILURE: Build failed with an exception.

* What went wrong:
Execution failed for task ':compileJava'.
> Compilation failed; see the compiler output below.
  /cta/users/ulvi.findik/TVCommercialScheduling/src/main/java/main.java:110: error: no suitable constructor found for LocalSearchSettings(ArrayList<String>,double,boolean,boolean,double,int)
                  new LocalSearchSettings(
                  ^
      constructor LocalSearchSettings.LocalSearchSettings(List<String>,double) is not applicable
        (actual and formal argument lists differ in length)
      constructor LocalSearchSettings.LocalSearchSettings(List<String>,double,double,int) is not applicable
        (actual and formal argument lists differ in length)
  1 error

* Try:
> Check your code and dependencies to fix the compilation error(s)
> Run with --scan to generate a Build Scan (powered by Develocity).

BUILD FAILED in 14s

Starting a Gradle Daemon, 18 busy and 28 stopped Daemons could not be reused, use --status for details

> Task :compileJava

> Task :compileJava FAILED

[Incubating] Problems report is available at: file:///cta/users/ulvi.findik/TVCommercialScheduling/build/reports/problems/problems-report.html
1 actionable task: 1 executed

Command 37 FAILED (Duration: 14.72s)

[38/50] Starting command 38...
Executing: ./gradlew runMipSolver -PinstancePath="instances/density=MEDIUM_nInventory=16_nHours=4_seed=7.json" -PoutputPath="output/discrete" -PmodelType="Discrete" -PtimeLimit=7200 -PlogPath="output/discrete/density=MEDIUM_nInventory=16_nHours=4_seed=7.json/mip.log"
Command failed with return code: 1
Error: WARNING: A restricted method in java.lang.System has been called
WARNING: java.lang.System::load has been called by net.rubygrapefruit.platform.internal.NativeLibraryLoader in an unnamed module (file:/cta/users/ulvi.findik/.gradle/wrapper/dists/gradle-9.2.1-bin/2t0n5ozlw9xmuyvbp7dnzaxug/gradle-9.2.1/lib/native-platform-0.22-milestone-29.jar)
WARNING: Use --enable-native-access=ALL-UNNAMED to avoid a warning for callers in this module
WARNING: Restricted methods will be blocked in a future release unless native access is enabled


FAILURE: Build failed with an exception.

* What went wrong:
Execution failed for task ':compileJava'.
> Unable to delete directory '/cta/users/ulvi.findik/TVCommercialScheduling/build/classes/java/main'
    Failed to delete some children. This might happen because a process has files open or has its working directory set in the target directory.
    - /cta/users/ulvi.findik/TVCommercialScheduling/build/classes/java/main/solvers/heuristicSolvers/grasp/localSearch
    - /cta/users/ulvi.findik/TVCommercialScheduling/build/classes/java/main/solvers/heuristicSolvers/grasp
    - /cta/users/ulvi.findik/TVCommercialScheduling/build/classes/java/main/solvers/heuristicSolvers
    - /cta/users/ulvi.findik/TVCommercialScheduling/build/classes/java/main/solvers

* Try:
> Run with --stacktrace option to get the stack trace.
> Run with --info or --debug option to get more log output.
> Run with --scan to generate a Build Scan (powered by Develocity).
> Get more help at https://help.gradle.org.

BUILD FAILED in 14s

Starting a Gradle Daemon, 18 busy and 33 stopped Daemons could not be reused, use --status for details
> Task :compileJava FAILED
1 actionable task: 1 executed

Command 38 FAILED (Duration: 15.52s)

[39/50] Starting command 39...
Executing: ./gradlew runMipSolver -PinstancePath="instances/density=MEDIUM_nInventory=16_nHours=4_seed=8.json" -PoutputPath="output/discrete" -PmodelType="Discrete" -PtimeLimit=7200 -PlogPath="output/discrete/density=MEDIUM_nInventory=16_nHours=4_seed=8.json/mip.log"
Command failed with return code: 1
Error: WARNING: A restricted method in java.lang.System has been called
WARNING: java.lang.System::load has been called by net.rubygrapefruit.platform.internal.NativeLibraryLoader in an unnamed module (file:/cta/users/ulvi.findik/.gradle/wrapper/dists/gradle-9.2.1-bin/2t0n5ozlw9xmuyvbp7dnzaxug/gradle-9.2.1/lib/native-platform-0.22-milestone-29.jar)
WARNING: Use --enable-native-access=ALL-UNNAMED to avoid a warning for callers in this module
WARNING: Restricted methods will be blocked in a future release unless native access is enabled

/cta/users/ulvi.findik/TVCommercialScheduling/src/main/java/main.java:110: error: no suitable constructor found for LocalSearchSettings(ArrayList<String>,double,boolean,boolean,double,int)
                new LocalSearchSettings(
                ^
    constructor LocalSearchSettings.LocalSearchSettings(List<String>,double) is not applicable
      (actual and formal argument lists differ in length)
    constructor LocalSearchSettings.LocalSearchSettings(List<String>,double,double,int) is not applicable
      (actual and formal argument lists differ in length)
1 error

FAILURE: Build failed with an exception.

* What went wrong:
Execution failed for task ':compileJava'.
> Compilation failed; see the compiler output below.
  /cta/users/ulvi.findik/TVCommercialScheduling/src/main/java/main.java:110: error: no suitable constructor found for LocalSearchSettings(ArrayList<String>,double,boolean,boolean,double,int)
                  new LocalSearchSettings(
                  ^
      constructor LocalSearchSettings.LocalSearchSettings(List<String>,double) is not applicable
        (actual and formal argument lists differ in length)
      constructor LocalSearchSettings.LocalSearchSettings(List<String>,double,double,int) is not applicable
        (actual and formal argument lists differ in length)
  1 error

* Try:
> Check your code and dependencies to fix the compilation error(s)
> Run with --scan to generate a Build Scan (powered by Develocity).

BUILD FAILED in 14s

Starting a Gradle Daemon, 17 busy and 38 stopped Daemons could not be reused, use --status for details

> Task :compileJava FAILED

[Incubating] Problems report is available at: file:///cta/users/ulvi.findik/TVCommercialScheduling/build/reports/problems/problems-report.html
1 actionable task: 1 executed

Command 39 FAILED (Duration: 15.14s)

[40/50] Starting command 40...
Executing: ./gradlew runMipSolver -PinstancePath="instances/density=MEDIUM_nInventory=16_nHours=4_seed=9.json" -PoutputPath="output/discrete" -PmodelType="Discrete" -PtimeLimit=7200 -PlogPath="output/discrete/density=MEDIUM_nInventory=16_nHours=4_seed=9.json/mip.log"
Command failed with return code: 1
Error: WARNING: A restricted method in java.lang.System has been called
WARNING: java.lang.System::load has been called by net.rubygrapefruit.platform.internal.NativeLibraryLoader in an unnamed module (file:/cta/users/ulvi.findik/.gradle/wrapper/dists/gradle-9.2.1-bin/2t0n5ozlw9xmuyvbp7dnzaxug/gradle-9.2.1/lib/native-platform-0.22-milestone-29.jar)
WARNING: Use --enable-native-access=ALL-UNNAMED to avoid a warning for callers in this module
WARNING: Restricted methods will be blocked in a future release unless native access is enabled

/cta/users/ulvi.findik/TVCommercialScheduling/src/main/java/main.java:110: error: no suitable constructor found for LocalSearchSettings(ArrayList<String>,double,boolean,boolean,double,int)
                new LocalSearchSettings(
                ^
    constructor LocalSearchSettings.LocalSearchSettings(List<String>,double) is not applicable
      (actual and formal argument lists differ in length)
    constructor LocalSearchSettings.LocalSearchSettings(List<String>,double,double,int) is not applicable
      (actual and formal argument lists differ in length)
1 error

FAILURE: Build failed with an exception.

* What went wrong:
Execution failed for task ':compileJava'.
> Compilation failed; see the compiler output below.
  /cta/users/ulvi.findik/TVCommercialScheduling/src/main/java/main.java:110: error: no suitable constructor found for LocalSearchSettings(ArrayList<String>,double,boolean,boolean,double,int)
                  new LocalSearchSettings(
                  ^
      constructor LocalSearchSettings.LocalSearchSettings(List<String>,double) is not applicable
        (actual and formal argument lists differ in length)
      constructor LocalSearchSettings.LocalSearchSettings(List<String>,double,double,int) is not applicable
        (actual and formal argument lists differ in length)
  1 error

* Try:
> Check your code and dependencies to fix the compilation error(s)
> Run with --scan to generate a Build Scan (powered by Develocity).

BUILD FAILED in 15s

Starting a Gradle Daemon, 1 busy and 9 stopped Daemons could not be reused, use --status for details

> Task :compileJava

> Task :compileJava FAILED

[Incubating] Problems report is available at: file:///cta/users/ulvi.findik/TVCommercialScheduling/build/reports/problems/problems-report.html
1 actionable task: 1 executed

Command 40 FAILED (Duration: 15.90s)

[41/50] Starting command 41...
Executing: ./gradlew runMipSolver -PinstancePath="instances/density=MEDIUM_nInventory=20_nHours=5_seed=1.json" -PoutputPath="output/discrete" -PmodelType="Discrete" -PtimeLimit=7200 -PlogPath="output/discrete/density=MEDIUM_nInventory=20_nHours=5_seed=1.json/mip.log"
Command failed with return code: 1
Error: WARNING: A restricted method in java.lang.System has been called
WARNING: java.lang.System::load has been called by net.rubygrapefruit.platform.internal.NativeLibraryLoader in an unnamed module (file:/cta/users/ulvi.findik/.gradle/wrapper/dists/gradle-9.2.1-bin/2t0n5ozlw9xmuyvbp7dnzaxug/gradle-9.2.1/lib/native-platform-0.22-milestone-29.jar)
WARNING: Use --enable-native-access=ALL-UNNAMED to avoid a warning for callers in this module
WARNING: Restricted methods will be blocked in a future release unless native access is enabled

/cta/users/ulvi.findik/TVCommercialScheduling/src/main/java/main.java:110: error: no suitable constructor found for LocalSearchSettings(ArrayList<String>,double,boolean,boolean,double,int)
                new LocalSearchSettings(
                ^
    constructor LocalSearchSettings.LocalSearchSettings(List<String>,double) is not applicable
      (actual and formal argument lists differ in length)
    constructor LocalSearchSettings.LocalSearchSettings(List<String>,double,double,int) is not applicable
      (actual and formal argument lists differ in length)
1 error

FAILURE: Build failed with an exception.

* What went wrong:
Execution failed for task ':compileJava'.
> Compilation failed; see the compiler output below.
  /cta/users/ulvi.findik/TVCommercialScheduling/src/main/java/main.java:110: error: no suitable constructor found for LocalSearchSettings(ArrayList<String>,double,boolean,boolean,double,int)
                  new LocalSearchSettings(
                  ^
      constructor LocalSearchSettings.LocalSearchSettings(List<String>,double) is not applicable
        (actual and formal argument lists differ in length)
      constructor LocalSearchSettings.LocalSearchSettings(List<String>,double,double,int) is not applicable
        (actual and formal argument lists differ in length)
  1 error

* Try:
> Check your code and dependencies to fix the compilation error(s)
> Run with --scan to generate a Build Scan (powered by Develocity).

BUILD FAILED in 2s


> Task :compileJava FAILED

[Incubating] Problems report is available at: file:///cta/users/ulvi.findik/TVCommercialScheduling/build/reports/problems/problems-report.html
1 actionable task: 1 executed

Command 41 FAILED (Duration: 2.59s)

[42/50] Starting command 42...
Executing: ./gradlew runMipSolver -PinstancePath="instances/density=MEDIUM_nInventory=20_nHours=5_seed=10.json" -PoutputPath="output/discrete" -PmodelType="Discrete" -PtimeLimit=7200 -PlogPath="output/discrete/density=MEDIUM_nInventory=20_nHours=5_seed=10.json/mip.log"
Command failed with return code: 1
Error: WARNING: A restricted method in java.lang.System has been called
WARNING: java.lang.System::load has been called by net.rubygrapefruit.platform.internal.NativeLibraryLoader in an unnamed module (file:/cta/users/ulvi.findik/.gradle/wrapper/dists/gradle-9.2.1-bin/2t0n5ozlw9xmuyvbp7dnzaxug/gradle-9.2.1/lib/native-platform-0.22-milestone-29.jar)
WARNING: Use --enable-native-access=ALL-UNNAMED to avoid a warning for callers in this module
WARNING: Restricted methods will be blocked in a future release unless native access is enabled

/cta/users/ulvi.findik/TVCommercialScheduling/src/main/java/main.java:110: error: no suitable constructor found for LocalSearchSettings(ArrayList<String>,double,boolean,boolean,double,int)
                new LocalSearchSettings(
                ^
    constructor LocalSearchSettings.LocalSearchSettings(List<String>,double) is not applicable
      (actual and formal argument lists differ in length)
    constructor LocalSearchSettings.LocalSearchSettings(List<String>,double,double,int) is not applicable
      (actual and formal argument lists differ in length)
1 error

FAILURE: Build failed with an exception.

* What went wrong:
Execution failed for task ':compileJava'.
> Compilation failed; see the compiler output below.
  /cta/users/ulvi.findik/TVCommercialScheduling/src/main/java/main.java:110: error: no suitable constructor found for LocalSearchSettings(ArrayList<String>,double,boolean,boolean,double,int)
                  new LocalSearchSettings(
                  ^
      constructor LocalSearchSettings.LocalSearchSettings(List<String>,double) is not applicable
        (actual and formal argument lists differ in length)
      constructor LocalSearchSettings.LocalSearchSettings(List<String>,double,double,int) is not applicable
        (actual and formal argument lists differ in length)
  1 error

* Try:
> Check your code and dependencies to fix the compilation error(s)
> Run with --scan to generate a Build Scan (powered by Develocity).

BUILD FAILED in 2s


> Task :compileJava FAILED

[Incubating] Problems report is available at: file:///cta/users/ulvi.findik/TVCommercialScheduling/build/reports/problems/problems-report.html
1 actionable task: 1 executed

Command 42 FAILED (Duration: 2.32s)

[43/50] Starting command 43...
Executing: ./gradlew runMipSolver -PinstancePath="instances/density=MEDIUM_nInventory=20_nHours=5_seed=2.json" -PoutputPath="output/discrete" -PmodelType="Discrete" -PtimeLimit=7200 -PlogPath="output/discrete/density=MEDIUM_nInventory=20_nHours=5_seed=2.json/mip.log"
Command failed with return code: 1
Error: WARNING: A restricted method in java.lang.System has been called
WARNING: java.lang.System::load has been called by net.rubygrapefruit.platform.internal.NativeLibraryLoader in an unnamed module (file:/cta/users/ulvi.findik/.gradle/wrapper/dists/gradle-9.2.1-bin/2t0n5ozlw9xmuyvbp7dnzaxug/gradle-9.2.1/lib/native-platform-0.22-milestone-29.jar)
WARNING: Use --enable-native-access=ALL-UNNAMED to avoid a warning for callers in this module
WARNING: Restricted methods will be blocked in a future release unless native access is enabled

/cta/users/ulvi.findik/TVCommercialScheduling/src/main/java/main.java:110: error: no suitable constructor found for LocalSearchSettings(ArrayList<String>,double,boolean,boolean,double,int)
                new LocalSearchSettings(
                ^
    constructor LocalSearchSettings.LocalSearchSettings(List<String>,double) is not applicable
      (actual and formal argument lists differ in length)
    constructor LocalSearchSettings.LocalSearchSettings(List<String>,double,double,int) is not applicable
      (actual and formal argument lists differ in length)
1 error

FAILURE: Build failed with an exception.

* What went wrong:
Execution failed for task ':compileJava'.
> Compilation failed; see the compiler output below.
  /cta/users/ulvi.findik/TVCommercialScheduling/src/main/java/main.java:110: error: no suitable constructor found for LocalSearchSettings(ArrayList<String>,double,boolean,boolean,double,int)
                  new LocalSearchSettings(
                  ^
      constructor LocalSearchSettings.LocalSearchSettings(List<String>,double) is not applicable
        (actual and formal argument lists differ in length)
      constructor LocalSearchSettings.LocalSearchSettings(List<String>,double,double,int) is not applicable
        (actual and formal argument lists differ in length)
  1 error

* Try:
> Check your code and dependencies to fix the compilation error(s)
> Run with --scan to generate a Build Scan (powered by Develocity).

BUILD FAILED in 2s


> Task :compileJava FAILED

[Incubating] Problems report is available at: file:///cta/users/ulvi.findik/TVCommercialScheduling/build/reports/problems/problems-report.html
1 actionable task: 1 executed

Command 43 FAILED (Duration: 2.40s)

[44/50] Starting command 44...
Executing: ./gradlew runMipSolver -PinstancePath="instances/density=MEDIUM_nInventory=20_nHours=5_seed=3.json" -PoutputPath="output/discrete" -PmodelType="Discrete" -PtimeLimit=7200 -PlogPath="output/discrete/density=MEDIUM_nInventory=20_nHours=5_seed=3.json/mip.log"
Command failed with return code: 1
Error: WARNING: A restricted method in java.lang.System has been called
WARNING: java.lang.System::load has been called by net.rubygrapefruit.platform.internal.NativeLibraryLoader in an unnamed module (file:/cta/users/ulvi.findik/.gradle/wrapper/dists/gradle-9.2.1-bin/2t0n5ozlw9xmuyvbp7dnzaxug/gradle-9.2.1/lib/native-platform-0.22-milestone-29.jar)
WARNING: Use --enable-native-access=ALL-UNNAMED to avoid a warning for callers in this module
WARNING: Restricted methods will be blocked in a future release unless native access is enabled

/cta/users/ulvi.findik/TVCommercialScheduling/src/main/java/runParameters/MipRunSettings.java:3: error: error while writing MipRunSettings: could not create parent directories
public record MipRunSettings(int timeLimit, String logPath) {}
       ^
/cta/users/ulvi.findik/TVCommercialScheduling/src/main/java/main.java:110: error: no suitable constructor found for LocalSearchSettings(ArrayList<String>,double,boolean,boolean,double,int)
                new LocalSearchSettings(
                ^
    constructor LocalSearchSettings.LocalSearchSettings(List<String>,double) is not applicable
      (actual and formal argument lists differ in length)
    constructor LocalSearchSettings.LocalSearchSettings(List<String>,double,double,int) is not applicable
      (actual and formal argument lists differ in length)
2 errors

FAILURE: Build failed with an exception.

* What went wrong:
Execution failed for task ':compileJava'.
> Compilation failed; see the compiler output below.
  /cta/users/ulvi.findik/TVCommercialScheduling/src/main/java/main.java:110: error: no suitable constructor found for LocalSearchSettings(ArrayList<String>,double,boolean,boolean,double,int)
                  new LocalSearchSettings(
                  ^
      constructor LocalSearchSettings.LocalSearchSettings(List<String>,double) is not applicable
        (actual and formal argument lists differ in length)
      constructor LocalSearchSettings.LocalSearchSettings(List<String>,double,double,int) is not applicable
        (actual and formal argument lists differ in length)
  /cta/users/ulvi.findik/TVCommercialScheduling/src/main/java/runParameters/MipRunSettings.java:3: error: error while writing MipRunSettings: could not create parent directories
  public record MipRunSettings(int timeLimit, String logPath) {}
         ^
  2 errors

* Try:
> Check your code and dependencies to fix the compilation error(s)
> Run with --scan to generate a Build Scan (powered by Develocity).

BUILD FAILED in 9s

Starting a Gradle Daemon, 2 busy and 2 incompatible and 16 stopped Daemons could not be reused, use --status for details

> Task :compileJava FAILED

[Incubating] Problems report is available at: file:///cta/users/ulvi.findik/TVCommercialScheduling/build/reports/problems/problems-report.html
1 actionable task: 1 executed

Command 44 FAILED (Duration: 10.53s)

[45/50] Starting command 45...
Executing: ./gradlew runMipSolver -PinstancePath="instances/density=MEDIUM_nInventory=20_nHours=5_seed=4.json" -PoutputPath="output/discrete" -PmodelType="Discrete" -PtimeLimit=7200 -PlogPath="output/discrete/density=MEDIUM_nInventory=20_nHours=5_seed=4.json/mip.log"
Command failed with return code: 1
Error: WARNING: A restricted method in java.lang.System has been called
WARNING: java.lang.System::load has been called by net.rubygrapefruit.platform.internal.NativeLibraryLoader in an unnamed module (file:/cta/users/ulvi.findik/.gradle/wrapper/dists/gradle-9.2.1-bin/2t0n5ozlw9xmuyvbp7dnzaxug/gradle-9.2.1/lib/native-platform-0.22-milestone-29.jar)
WARNING: Use --enable-native-access=ALL-UNNAMED to avoid a warning for callers in this module
WARNING: Restricted methods will be blocked in a future release unless native access is enabled

/cta/users/ulvi.findik/TVCommercialScheduling/src/main/java/main.java:110: error: no suitable constructor found for LocalSearchSettings(ArrayList<String>,double,boolean,boolean,double,int)
                new LocalSearchSettings(
                ^
    constructor LocalSearchSettings.LocalSearchSettings(List<String>,double) is not applicable
      (actual and formal argument lists differ in length)
    constructor LocalSearchSettings.LocalSearchSettings(List<String>,double,double,int) is not applicable
      (actual and formal argument lists differ in length)
1 error

FAILURE: Build failed with an exception.

* What went wrong:
Execution failed for task ':compileJava'.
> Compilation failed; see the compiler output below.
  /cta/users/ulvi.findik/TVCommercialScheduling/src/main/java/main.java:110: error: no suitable constructor found for LocalSearchSettings(ArrayList<String>,double,boolean,boolean,double,int)
                  new LocalSearchSettings(
                  ^
      constructor LocalSearchSettings.LocalSearchSettings(List<String>,double) is not applicable
        (actual and formal argument lists differ in length)
      constructor LocalSearchSettings.LocalSearchSettings(List<String>,double,double,int) is not applicable
        (actual and formal argument lists differ in length)
  1 error

* Try:
> Check your code and dependencies to fix the compilation error(s)
> Run with --scan to generate a Build Scan (powered by Develocity).

BUILD FAILED in 2s


> Task :compileJava FAILED

[Incubating] Problems report is available at: file:///cta/users/ulvi.findik/TVCommercialScheduling/build/reports/problems/problems-report.html
1 actionable task: 1 executed

Command 45 FAILED (Duration: 2.74s)

[46/50] Starting command 46...
Executing: ./gradlew runMipSolver -PinstancePath="instances/density=MEDIUM_nInventory=20_nHours=5_seed=5.json" -PoutputPath="output/discrete" -PmodelType="Discrete" -PtimeLimit=7200 -PlogPath="output/discrete/density=MEDIUM_nInventory=20_nHours=5_seed=5.json/mip.log"
Command failed with return code: 1
Error: WARNING: A restricted method in java.lang.System has been called
WARNING: java.lang.System::load has been called by net.rubygrapefruit.platform.internal.NativeLibraryLoader in an unnamed module (file:/cta/users/ulvi.findik/.gradle/wrapper/dists/gradle-9.2.1-bin/2t0n5ozlw9xmuyvbp7dnzaxug/gradle-9.2.1/lib/native-platform-0.22-milestone-29.jar)
WARNING: Use --enable-native-access=ALL-UNNAMED to avoid a warning for callers in this module
WARNING: Restricted methods will be blocked in a future release unless native access is enabled

/cta/users/ulvi.findik/TVCommercialScheduling/src/main/java/main.java:110: error: no suitable constructor found for LocalSearchSettings(ArrayList<String>,double,boolean,boolean,double,int)
                new LocalSearchSettings(
                ^
    constructor LocalSearchSettings.LocalSearchSettings(List<String>,double) is not applicable
      (actual and formal argument lists differ in length)
    constructor LocalSearchSettings.LocalSearchSettings(List<String>,double,double,int) is not applicable
      (actual and formal argument lists differ in length)
1 error

FAILURE: Build failed with an exception.

* What went wrong:
Execution failed for task ':compileJava'.
> Compilation failed; see the compiler output below.
  /cta/users/ulvi.findik/TVCommercialScheduling/src/main/java/main.java:110: error: no suitable constructor found for LocalSearchSettings(ArrayList<String>,double,boolean,boolean,double,int)
                  new LocalSearchSettings(
                  ^
      constructor LocalSearchSettings.LocalSearchSettings(List<String>,double) is not applicable
        (actual and formal argument lists differ in length)
      constructor LocalSearchSettings.LocalSearchSettings(List<String>,double,double,int) is not applicable
        (actual and formal argument lists differ in length)
  1 error

* Try:
> Check your code and dependencies to fix the compilation error(s)
> Run with --scan to generate a Build Scan (powered by Develocity).

BUILD FAILED in 2s


> Task :compileJava FAILED

[Incubating] Problems report is available at: file:///cta/users/ulvi.findik/TVCommercialScheduling/build/reports/problems/problems-report.html
1 actionable task: 1 executed

Command 46 FAILED (Duration: 2.44s)

[47/50] Starting command 47...
Executing: ./gradlew runMipSolver -PinstancePath="instances/density=MEDIUM_nInventory=20_nHours=5_seed=6.json" -PoutputPath="output/discrete" -PmodelType="Discrete" -PtimeLimit=7200 -PlogPath="output/discrete/density=MEDIUM_nInventory=20_nHours=5_seed=6.json/mip.log"
Command failed with return code: 1
Error: WARNING: A restricted method in java.lang.System has been called
WARNING: java.lang.System::load has been called by net.rubygrapefruit.platform.internal.NativeLibraryLoader in an unnamed module (file:/cta/users/ulvi.findik/.gradle/wrapper/dists/gradle-9.2.1-bin/2t0n5ozlw9xmuyvbp7dnzaxug/gradle-9.2.1/lib/native-platform-0.22-milestone-29.jar)
WARNING: Use --enable-native-access=ALL-UNNAMED to avoid a warning for callers in this module
WARNING: Restricted methods will be blocked in a future release unless native access is enabled

/cta/users/ulvi.findik/TVCommercialScheduling/src/main/java/main.java:110: error: no suitable constructor found for LocalSearchSettings(ArrayList<String>,double,boolean,boolean,double,int)
                new LocalSearchSettings(
                ^
    constructor LocalSearchSettings.LocalSearchSettings(List<String>,double) is not applicable
      (actual and formal argument lists differ in length)
    constructor LocalSearchSettings.LocalSearchSettings(List<String>,double,double,int) is not applicable
      (actual and formal argument lists differ in length)
1 error

FAILURE: Build failed with an exception.

* What went wrong:
Execution failed for task ':compileJava'.
> Compilation failed; see the compiler output below.
  /cta/users/ulvi.findik/TVCommercialScheduling/src/main/java/main.java:110: error: no suitable constructor found for LocalSearchSettings(ArrayList<String>,double,boolean,boolean,double,int)
                  new LocalSearchSettings(
                  ^
      constructor LocalSearchSettings.LocalSearchSettings(List<String>,double) is not applicable
        (actual and formal argument lists differ in length)
      constructor LocalSearchSettings.LocalSearchSettings(List<String>,double,double,int) is not applicable
        (actual and formal argument lists differ in length)
  1 error

* Try:
> Check your code and dependencies to fix the compilation error(s)
> Run with --scan to generate a Build Scan (powered by Develocity).

BUILD FAILED in 2s


> Task :compileJava FAILED

[Incubating] Problems report is available at: file:///cta/users/ulvi.findik/TVCommercialScheduling/build/reports/problems/problems-report.html
1 actionable task: 1 executed

Command 47 FAILED (Duration: 2.38s)

[48/50] Starting command 48...
Executing: ./gradlew runMipSolver -PinstancePath="instances/density=MEDIUM_nInventory=20_nHours=5_seed=7.json" -PoutputPath="output/discrete" -PmodelType="Discrete" -PtimeLimit=7200 -PlogPath="output/discrete/density=MEDIUM_nInventory=20_nHours=5_seed=7.json/mip.log"
Command failed with return code: 1
Error: WARNING: A restricted method in java.lang.System has been called
WARNING: java.lang.System::load has been called by net.rubygrapefruit.platform.internal.NativeLibraryLoader in an unnamed module (file:/cta/users/ulvi.findik/.gradle/wrapper/dists/gradle-9.2.1-bin/2t0n5ozlw9xmuyvbp7dnzaxug/gradle-9.2.1/lib/native-platform-0.22-milestone-29.jar)
WARNING: Use --enable-native-access=ALL-UNNAMED to avoid a warning for callers in this module
WARNING: Restricted methods will be blocked in a future release unless native access is enabled

/cta/users/ulvi.findik/TVCommercialScheduling/src/main/java/main.java:110: error: no suitable constructor found for LocalSearchSettings(ArrayList<String>,double,boolean,boolean,double,int)
                new LocalSearchSettings(
                ^
    constructor LocalSearchSettings.LocalSearchSettings(List<String>,double) is not applicable
      (actual and formal argument lists differ in length)
    constructor LocalSearchSettings.LocalSearchSettings(List<String>,double,double,int) is not applicable
      (actual and formal argument lists differ in length)
1 error

FAILURE: Build failed with an exception.

* What went wrong:
Execution failed for task ':compileJava'.
> Compilation failed; see the compiler output below.
  /cta/users/ulvi.findik/TVCommercialScheduling/src/main/java/main.java:110: error: no suitable constructor found for LocalSearchSettings(ArrayList<String>,double,boolean,boolean,double,int)
                  new LocalSearchSettings(
                  ^
      constructor LocalSearchSettings.LocalSearchSettings(List<String>,double) is not applicable
        (actual and formal argument lists differ in length)
      constructor LocalSearchSettings.LocalSearchSettings(List<String>,double,double,int) is not applicable
        (actual and formal argument lists differ in length)
  1 error

* Try:
> Check your code and dependencies to fix the compilation error(s)
> Run with --scan to generate a Build Scan (powered by Develocity).

BUILD FAILED in 2s


> Task :compileJava FAILED

[Incubating] Problems report is available at: file:///cta/users/ulvi.findik/TVCommercialScheduling/build/reports/problems/problems-report.html
1 actionable task: 1 executed

Command 48 FAILED (Duration: 2.46s)

[49/50] Starting command 49...
Executing: ./gradlew runMipSolver -PinstancePath="instances/density=MEDIUM_nInventory=20_nHours=5_seed=8.json" -PoutputPath="output/discrete" -PmodelType="Discrete" -PtimeLimit=7200 -PlogPath="output/discrete/density=MEDIUM_nInventory=20_nHours=5_seed=8.json/mip.log"
Command failed with return code: 1
Error: WARNING: A restricted method in java.lang.System has been called
WARNING: java.lang.System::load has been called by net.rubygrapefruit.platform.internal.NativeLibraryLoader in an unnamed module (file:/cta/users/ulvi.findik/.gradle/wrapper/dists/gradle-9.2.1-bin/2t0n5ozlw9xmuyvbp7dnzaxug/gradle-9.2.1/lib/native-platform-0.22-milestone-29.jar)
WARNING: Use --enable-native-access=ALL-UNNAMED to avoid a warning for callers in this module
WARNING: Restricted methods will be blocked in a future release unless native access is enabled

/cta/users/ulvi.findik/TVCommercialScheduling/src/main/java/main.java:110: error: no suitable constructor found for LocalSearchSettings(ArrayList<String>,double,boolean,boolean,double,int)
                new LocalSearchSettings(
                ^
    constructor LocalSearchSettings.LocalSearchSettings(List<String>,double) is not applicable
      (actual and formal argument lists differ in length)
    constructor LocalSearchSettings.LocalSearchSettings(List<String>,double,double,int) is not applicable
      (actual and formal argument lists differ in length)
1 error

FAILURE: Build failed with an exception.

* What went wrong:
Execution failed for task ':compileJava'.
> Compilation failed; see the compiler output below.
  /cta/users/ulvi.findik/TVCommercialScheduling/src/main/java/main.java:110: error: no suitable constructor found for LocalSearchSettings(ArrayList<String>,double,boolean,boolean,double,int)
                  new LocalSearchSettings(
                  ^
      constructor LocalSearchSettings.LocalSearchSettings(List<String>,double) is not applicable
        (actual and formal argument lists differ in length)
      constructor LocalSearchSettings.LocalSearchSettings(List<String>,double,double,int) is not applicable
        (actual and formal argument lists differ in length)
  1 error

* Try:
> Check your code and dependencies to fix the compilation error(s)
> Run with --scan to generate a Build Scan (powered by Develocity).

BUILD FAILED in 2s


> Task :compileJava FAILED

[Incubating] Problems report is available at: file:///cta/users/ulvi.findik/TVCommercialScheduling/build/reports/problems/problems-report.html
1 actionable task: 1 executed

Command 49 FAILED (Duration: 2.27s)

[50/50] Starting command 50...
Executing: ./gradlew runMipSolver -PinstancePath="instances/density=MEDIUM_nInventory=20_nHours=5_seed=9.json" -PoutputPath="output/discrete" -PmodelType="Discrete" -PtimeLimit=7200 -PlogPath="output/discrete/density=MEDIUM_nInventory=20_nHours=5_seed=9.json/mip.log"
Command failed with return code: 1
Error: WARNING: A restricted method in java.lang.System has been called
WARNING: java.lang.System::load has been called by net.rubygrapefruit.platform.internal.NativeLibraryLoader in an unnamed module (file:/cta/users/ulvi.findik/.gradle/wrapper/dists/gradle-9.2.1-bin/2t0n5ozlw9xmuyvbp7dnzaxug/gradle-9.2.1/lib/native-platform-0.22-milestone-29.jar)
WARNING: Use --enable-native-access=ALL-UNNAMED to avoid a warning for callers in this module
WARNING: Restricted methods will be blocked in a future release unless native access is enabled

/cta/users/ulvi.findik/TVCommercialScheduling/src/main/java/runParameters/LoopSetup.java:5: error: error while writing LoopSetup: /cta/users/ulvi.findik/TVCommercialScheduling/build/classes/java/main/runParameters/LoopSetup.class: Remote I/O error
public class LoopSetup {
       ^
/cta/users/ulvi.findik/TVCommercialScheduling/src/main/java/main.java:110: error: no suitable constructor found for LocalSearchSettings(ArrayList<String>,double,boolean,boolean,double,int)
                new LocalSearchSettings(
                ^
    constructor LocalSearchSettings.LocalSearchSettings(List<String>,double) is not applicable
      (actual and formal argument lists differ in length)
    constructor LocalSearchSettings.LocalSearchSettings(List<String>,double,double,int) is not applicable
      (actual and formal argument lists differ in length)
2 errors

FAILURE: Build failed with an exception.

* What went wrong:
Execution failed for task ':compileJava'.
> Compilation failed; see the compiler output below.
  /cta/users/ulvi.findik/TVCommercialScheduling/src/main/java/main.java:110: error: no suitable constructor found for LocalSearchSettings(ArrayList<String>,double,boolean,boolean,double,int)
                  new LocalSearchSettings(
                  ^
      constructor LocalSearchSettings.LocalSearchSettings(List<String>,double) is not applicable
        (actual and formal argument lists differ in length)
      constructor LocalSearchSettings.LocalSearchSettings(List<String>,double,double,int) is not applicable
        (actual and formal argument lists differ in length)
  /cta/users/ulvi.findik/TVCommercialScheduling/src/main/java/runParameters/LoopSetup.java:5: error: error while writing LoopSetup: /cta/users/ulvi.findik/TVCommercialScheduling/build/classes/java/main/runParameters/LoopSetup.class: Remote I/O error
  public class LoopSetup {
         ^
  2 errors

* Try:
> Check your code and dependencies to fix the compilation error(s)
> Run with --scan to generate a Build Scan (powered by Develocity).

BUILD FAILED in 10s

Starting a Gradle Daemon, 1 busy and 1 incompatible and 24 stopped Daemons could not be reused, use --status for details

> Task :compileJava FAILED

[Incubating] Problems report is available at: file:///cta/users/ulvi.findik/TVCommercialScheduling/build/reports/problems/problems-report.html
1 actionable task: 1 executed

Command 50 FAILED (Duration: 11.02s)

================================================================================
Execution Summary:
Total commands: 50
Executed: 50
Successful: 0
Failed: 50
Total duration: 299.73s
Average duration per command: 5.99s
[INFO] Job finished
