[INFO] Creating virtual environment...
[INFO] Installing requirements...
Requirement already satisfied: pip in ./venv_commercial/lib/python3.11/site-packages (23.2.1)
Collecting pip
  Obtaining dependency information for pip from https://files.pythonhosted.org/packages/69/00/5ac7aa77688ec4d34148b423d34dc0c9bc4febe0d872a9a1ad9860b2f6f1/pip-26.0-py3-none-any.whl.metadata
  Using cached pip-26.0-py3-none-any.whl.metadata (4.7 kB)
Using cached pip-26.0-py3-none-any.whl (1.8 MB)
Installing collected packages: pip
  Attempting uninstall: pip
    Found existing installation: pip 23.2.1
    Uninstalling pip-23.2.1:
      Successfully uninstalled pip-23.2.1
Successfully installed pip-26.0
Collecting PyYAML==6.0.3 (from -r requirements.txt (line 1))
  Using cached pyyaml-6.0.3-cp311-cp311-manylinux2014_x86_64.manylinux_2_17_x86_64.manylinux_2_28_x86_64.whl.metadata (2.4 kB)
Using cached pyyaml-6.0.3-cp311-cp311-manylinux2014_x86_64.manylinux_2_17_x86_64.manylinux_2_28_x86_64.whl (806 kB)
Installing collected packages: PyYAML
Successfully installed PyYAML-6.0.3
==========================================
 SLURM JOB STATISTICS
==========================================
Job ID:        155632
Node:          cn19
User:          ulvi.findik
Date:          Sun Feb  1 21:24:16 +03 2026
Input File:    commands/MIPDiscrete/commands_1.txt
------------------------------------------
 CPU Details:
Model name:          Intel(R) Xeon(R) Gold 6130 CPU @ 2.10GHz
CPU Cores:     31
------------------------------------------
 Memory Details:
              total        used        free      shared  buff/cache   available
Mem:          251Gi       1.1Gi       241Gi       8.8Gi       8.9Gi       240Gi
Swap:            0B          0B          0B
==========================================

Starting execution of 50 commands...

[1/50] Starting command 1...
Executing: ./gradlew runMipSolver -PinstancePath="instances/1.json" -PoutputPath="output/discrete" -PmodelType="Discrete" -PtimeLimit=7200 -PlogPath="output/discrete/1.json/mip.log"
Command failed with return code: 1
Error: WARNING: A restricted method in java.lang.System has been called
WARNING: java.lang.System::load has been called by net.rubygrapefruit.platform.internal.NativeLibraryLoader in an unnamed module (file:/cta/users/ulvi.findik/.gradle/wrapper/dists/gradle-9.2.1-bin/2t0n5ozlw9xmuyvbp7dnzaxug/gradle-9.2.1/lib/native-platform-0.22-milestone-29.jar)
WARNING: Use --enable-native-access=ALL-UNNAMED to avoid a warning for callers in this module
WARNING: Restricted methods will be blocked in a future release unless native access is enabled

/cta/users/ulvi.findik/TVCommercialScheduling/src/main/java/runParameters/MipRunSettings.java:3: error: error while writing MipRunSettings: could not create parent directories
public record MipRunSettings(int timeLimit, String logPath) {}
       ^
/cta/users/ulvi.findik/TVCommercialScheduling/src/main/java/main.java:110: error: no suitable constructor found for LocalSearchSettings(ArrayList<String>,double,boolean,boolean,double,int)
                new LocalSearchSettings(
                ^
    constructor LocalSearchSettings.LocalSearchSettings(List<String>,double) is not applicable
      (actual and formal argument lists differ in length)
    constructor LocalSearchSettings.LocalSearchSettings(List<String>,double,double,int) is not applicable
      (actual and formal argument lists differ in length)
2 errors

FAILURE: Build failed with an exception.

* What went wrong:
Execution failed for task ':compileJava'.
> Compilation failed; see the compiler output below.
  /cta/users/ulvi.findik/TVCommercialScheduling/src/main/java/main.java:110: error: no suitable constructor found for LocalSearchSettings(ArrayList<String>,double,boolean,boolean,double,int)
                  new LocalSearchSettings(
                  ^
      constructor LocalSearchSettings.LocalSearchSettings(List<String>,double) is not applicable
        (actual and formal argument lists differ in length)
      constructor LocalSearchSettings.LocalSearchSettings(List<String>,double,double,int) is not applicable
        (actual and formal argument lists differ in length)
  /cta/users/ulvi.findik/TVCommercialScheduling/src/main/java/runParameters/MipRunSettings.java:3: error: error while writing MipRunSettings: could not create parent directories
  public record MipRunSettings(int timeLimit, String logPath) {}
         ^
  2 errors

* Try:
> Check your code and dependencies to fix the compilation error(s)
> Run with --scan to generate a Build Scan (powered by Develocity).

BUILD FAILED in 10s

Starting a Gradle Daemon, 17 busy and 1 incompatible and 1 stopped Daemons could not be reused, use --status for details

> Task :compileJava FAILED

[Incubating] Problems report is available at: file:///cta/users/ulvi.findik/TVCommercialScheduling/build/reports/problems/problems-report.html
1 actionable task: 1 executed

Command 1 FAILED (Duration: 11.26s)

[2/50] Starting command 2...
Executing: ./gradlew runMipSolver -PinstancePath="instances/10.json" -PoutputPath="output/discrete" -PmodelType="Discrete" -PtimeLimit=7200 -PlogPath="output/discrete/10.json/mip.log"
Command failed with return code: 1
Error: WARNING: A restricted method in java.lang.System has been called
WARNING: java.lang.System::load has been called by net.rubygrapefruit.platform.internal.NativeLibraryLoader in an unnamed module (file:/cta/users/ulvi.findik/.gradle/wrapper/dists/gradle-9.2.1-bin/2t0n5ozlw9xmuyvbp7dnzaxug/gradle-9.2.1/lib/native-platform-0.22-milestone-29.jar)
WARNING: Use --enable-native-access=ALL-UNNAMED to avoid a warning for callers in this module
WARNING: Restricted methods will be blocked in a future release unless native access is enabled

/cta/users/ulvi.findik/TVCommercialScheduling/src/main/java/main.java:110: error: no suitable constructor found for LocalSearchSettings(ArrayList<String>,double,boolean,boolean,double,int)
                new LocalSearchSettings(
                ^
    constructor LocalSearchSettings.LocalSearchSettings(List<String>,double) is not applicable
      (actual and formal argument lists differ in length)
    constructor LocalSearchSettings.LocalSearchSettings(List<String>,double,double,int) is not applicable
      (actual and formal argument lists differ in length)
1 error

FAILURE: Build failed with an exception.

* What went wrong:
Execution failed for task ':compileJava'.
> Compilation failed; see the compiler output below.
  /cta/users/ulvi.findik/TVCommercialScheduling/src/main/java/main.java:110: error: no suitable constructor found for LocalSearchSettings(ArrayList<String>,double,boolean,boolean,double,int)
                  new LocalSearchSettings(
                  ^
      constructor LocalSearchSettings.LocalSearchSettings(List<String>,double) is not applicable
        (actual and formal argument lists differ in length)
      constructor LocalSearchSettings.LocalSearchSettings(List<String>,double,double,int) is not applicable
        (actual and formal argument lists differ in length)
  1 error

* Try:
> Check your code and dependencies to fix the compilation error(s)
> Run with --scan to generate a Build Scan (powered by Develocity).

BUILD FAILED in 2s


> Task :compileJava FAILED

[Incubating] Problems report is available at: file:///cta/users/ulvi.findik/TVCommercialScheduling/build/reports/problems/problems-report.html
1 actionable task: 1 executed

Command 2 FAILED (Duration: 2.91s)

[3/50] Starting command 3...
Executing: ./gradlew runMipSolver -PinstancePath="instances/2.json" -PoutputPath="output/discrete" -PmodelType="Discrete" -PtimeLimit=7200 -PlogPath="output/discrete/2.json/mip.log"
Command failed with return code: 1
Error: WARNING: A restricted method in java.lang.System has been called
WARNING: java.lang.System::load has been called by net.rubygrapefruit.platform.internal.NativeLibraryLoader in an unnamed module (file:/cta/users/ulvi.findik/.gradle/wrapper/dists/gradle-9.2.1-bin/2t0n5ozlw9xmuyvbp7dnzaxug/gradle-9.2.1/lib/native-platform-0.22-milestone-29.jar)
WARNING: Use --enable-native-access=ALL-UNNAMED to avoid a warning for callers in this module
WARNING: Restricted methods will be blocked in a future release unless native access is enabled

/cta/users/ulvi.findik/TVCommercialScheduling/src/main/java/data/Solution.java:10: error: error while writing Solution: /cta/users/ulvi.findik/TVCommercialScheduling/build/classes/java/main/data/Solution.class: Remote I/O error
public class Solution {
       ^
/cta/users/ulvi.findik/TVCommercialScheduling/src/main/java/main.java:110: error: no suitable constructor found for LocalSearchSettings(ArrayList<String>,double,boolean,boolean,double,int)
                new LocalSearchSettings(
                ^
    constructor LocalSearchSettings.LocalSearchSettings(List<String>,double) is not applicable
      (actual and formal argument lists differ in length)
    constructor LocalSearchSettings.LocalSearchSettings(List<String>,double,double,int) is not applicable
      (actual and formal argument lists differ in length)
2 errors

FAILURE: Build failed with an exception.

* What went wrong:
Execution failed for task ':compileJava'.
> Compilation failed; see the compiler output below.
  /cta/users/ulvi.findik/TVCommercialScheduling/src/main/java/main.java:110: error: no suitable constructor found for LocalSearchSettings(ArrayList<String>,double,boolean,boolean,double,int)
                  new LocalSearchSettings(
                  ^
      constructor LocalSearchSettings.LocalSearchSettings(List<String>,double) is not applicable
        (actual and formal argument lists differ in length)
      constructor LocalSearchSettings.LocalSearchSettings(List<String>,double,double,int) is not applicable
        (actual and formal argument lists differ in length)
  /cta/users/ulvi.findik/TVCommercialScheduling/src/main/java/data/Solution.java:10: error: error while writing Solution: /cta/users/ulvi.findik/TVCommercialScheduling/build/classes/java/main/data/Solution.class: Remote I/O error
  public class Solution {
         ^
  2 errors

* Try:
> Check your code and dependencies to fix the compilation error(s)
> Run with --scan to generate a Build Scan (powered by Develocity).

BUILD FAILED in 16s

Starting a Gradle Daemon, 17 busy and 1 incompatible and 3 stopped Daemons could not be reused, use --status for details

> Task :compileJava

> Task :compileJava FAILED

[Incubating] Problems report is available at: file:///cta/users/ulvi.findik/TVCommercialScheduling/build/reports/problems/problems-report.html
1 actionable task: 1 executed

Command 3 FAILED (Duration: 17.21s)

[4/50] Starting command 4...
Executing: ./gradlew runMipSolver -PinstancePath="instances/3.json" -PoutputPath="output/discrete" -PmodelType="Discrete" -PtimeLimit=7200 -PlogPath="output/discrete/3.json/mip.log"
Command failed with return code: 1
Error: WARNING: A restricted method in java.lang.System has been called
WARNING: java.lang.System::load has been called by net.rubygrapefruit.platform.internal.NativeLibraryLoader in an unnamed module (file:/cta/users/ulvi.findik/.gradle/wrapper/dists/gradle-9.2.1-bin/2t0n5ozlw9xmuyvbp7dnzaxug/gradle-9.2.1/lib/native-platform-0.22-milestone-29.jar)
WARNING: Use --enable-native-access=ALL-UNNAMED to avoid a warning for callers in this module
WARNING: Restricted methods will be blocked in a future release unless native access is enabled

/cta/users/ulvi.findik/TVCommercialScheduling/src/main/java/runParameters/MipRunSettings.java:3: error: error while writing MipRunSettings: /cta/users/ulvi.findik/TVCommercialScheduling/build/classes/java/main/runParameters/MipRunSettings.class: Remote I/O error
public record MipRunSettings(int timeLimit, String logPath) {}
       ^
/cta/users/ulvi.findik/TVCommercialScheduling/src/main/java/main.java:110: error: no suitable constructor found for LocalSearchSettings(ArrayList<String>,double,boolean,boolean,double,int)
                new LocalSearchSettings(
                ^
    constructor LocalSearchSettings.LocalSearchSettings(List<String>,double) is not applicable
      (actual and formal argument lists differ in length)
    constructor LocalSearchSettings.LocalSearchSettings(List<String>,double,double,int) is not applicable
      (actual and formal argument lists differ in length)
2 errors

FAILURE: Build failed with an exception.

* What went wrong:
Execution failed for task ':compileJava'.
> Compilation failed; see the compiler output below.
  /cta/users/ulvi.findik/TVCommercialScheduling/src/main/java/main.java:110: error: no suitable constructor found for LocalSearchSettings(ArrayList<String>,double,boolean,boolean,double,int)
                  new LocalSearchSettings(
                  ^
      constructor LocalSearchSettings.LocalSearchSettings(List<String>,double) is not applicable
        (actual and formal argument lists differ in length)
      constructor LocalSearchSettings.LocalSearchSettings(List<String>,double,double,int) is not applicable
        (actual and formal argument lists differ in length)
  /cta/users/ulvi.findik/TVCommercialScheduling/src/main/java/runParameters/MipRunSettings.java:3: error: error while writing MipRunSettings: /cta/users/ulvi.findik/TVCommercialScheduling/build/classes/java/main/runParameters/MipRunSettings.class: Remote I/O error
  public record MipRunSettings(int timeLimit, String logPath) {}
         ^
  2 errors

* Try:
> Check your code and dependencies to fix the compilation error(s)
> Run with --scan to generate a Build Scan (powered by Develocity).

BUILD FAILED in 2s


> Task :compileJava FAILED

[Incubating] Problems report is available at: file:///cta/users/ulvi.findik/TVCommercialScheduling/build/reports/problems/problems-report.html
1 actionable task: 1 executed

Command 4 FAILED (Duration: 2.48s)

[5/50] Starting command 5...
Executing: ./gradlew runMipSolver -PinstancePath="instances/4.json" -PoutputPath="output/discrete" -PmodelType="Discrete" -PtimeLimit=7200 -PlogPath="output/discrete/4.json/mip.log"
Command failed with return code: 1
Error: WARNING: A restricted method in java.lang.System has been called
WARNING: java.lang.System::load has been called by net.rubygrapefruit.platform.internal.NativeLibraryLoader in an unnamed module (file:/cta/users/ulvi.findik/.gradle/wrapper/dists/gradle-9.2.1-bin/2t0n5ozlw9xmuyvbp7dnzaxug/gradle-9.2.1/lib/native-platform-0.22-milestone-29.jar)
WARNING: Use --enable-native-access=ALL-UNNAMED to avoid a warning for callers in this module
WARNING: Restricted methods will be blocked in a future release unless native access is enabled

/cta/users/ulvi.findik/TVCommercialScheduling/src/main/java/solvers/heuristicSolvers/grasp/reactiveGrasp/AlphaGeneratorReactive.java:11: error: error while writing AlphaGeneratorReactive: could not create parent directories
public class AlphaGeneratorReactive {
       ^
/cta/users/ulvi.findik/TVCommercialScheduling/src/main/java/main.java:110: error: no suitable constructor found for LocalSearchSettings(ArrayList<String>,double,boolean,boolean,double,int)
                new LocalSearchSettings(
                ^
    constructor LocalSearchSettings.LocalSearchSettings(List<String>,double) is not applicable
      (actual and formal argument lists differ in length)
    constructor LocalSearchSettings.LocalSearchSettings(List<String>,double,double,int) is not applicable
      (actual and formal argument lists differ in length)
2 errors

FAILURE: Build failed with an exception.

* What went wrong:
Execution failed for task ':compileJava'.
> Compilation failed; see the compiler output below.
  /cta/users/ulvi.findik/TVCommercialScheduling/src/main/java/main.java:110: error: no suitable constructor found for LocalSearchSettings(ArrayList<String>,double,boolean,boolean,double,int)
                  new LocalSearchSettings(
                  ^
      constructor LocalSearchSettings.LocalSearchSettings(List<String>,double) is not applicable
        (actual and formal argument lists differ in length)
      constructor LocalSearchSettings.LocalSearchSettings(List<String>,double,double,int) is not applicable
        (actual and formal argument lists differ in length)
  /cta/users/ulvi.findik/TVCommercialScheduling/src/main/java/solvers/heuristicSolvers/grasp/reactiveGrasp/AlphaGeneratorReactive.java:11: error: error while writing AlphaGeneratorReactive: could not create parent directories
  public class AlphaGeneratorReactive {
         ^
  2 errors

* Try:
> Check your code and dependencies to fix the compilation error(s)
> Run with --scan to generate a Build Scan (powered by Develocity).

BUILD FAILED in 2s


> Task :compileJava FAILED

[Incubating] Problems report is available at: file:///cta/users/ulvi.findik/TVCommercialScheduling/build/reports/problems/problems-report.html
1 actionable task: 1 executed

Command 5 FAILED (Duration: 2.44s)

[6/50] Starting command 6...
Executing: ./gradlew runMipSolver -PinstancePath="instances/5.json" -PoutputPath="output/discrete" -PmodelType="Discrete" -PtimeLimit=7200 -PlogPath="output/discrete/5.json/mip.log"
Command failed with return code: 1
Error: WARNING: A restricted method in java.lang.System has been called
WARNING: java.lang.System::load has been called by net.rubygrapefruit.platform.internal.NativeLibraryLoader in an unnamed module (file:/cta/users/ulvi.findik/.gradle/wrapper/dists/gradle-9.2.1-bin/2t0n5ozlw9xmuyvbp7dnzaxug/gradle-9.2.1/lib/native-platform-0.22-milestone-29.jar)
WARNING: Use --enable-native-access=ALL-UNNAMED to avoid a warning for callers in this module
WARNING: Restricted methods will be blocked in a future release unless native access is enabled

/cta/users/ulvi.findik/TVCommercialScheduling/src/main/java/main.java:110: error: no suitable constructor found for LocalSearchSettings(ArrayList<String>,double,boolean,boolean,double,int)
                new LocalSearchSettings(
                ^
    constructor LocalSearchSettings.LocalSearchSettings(List<String>,double) is not applicable
      (actual and formal argument lists differ in length)
    constructor LocalSearchSettings.LocalSearchSettings(List<String>,double,double,int) is not applicable
      (actual and formal argument lists differ in length)
1 error

FAILURE: Build failed with an exception.

* What went wrong:
Execution failed for task ':compileJava'.
> Compilation failed; see the compiler output below.
  /cta/users/ulvi.findik/TVCommercialScheduling/src/main/java/main.java:110: error: no suitable constructor found for LocalSearchSettings(ArrayList<String>,double,boolean,boolean,double,int)
                  new LocalSearchSettings(
                  ^
      constructor LocalSearchSettings.LocalSearchSettings(List<String>,double) is not applicable
        (actual and formal argument lists differ in length)
      constructor LocalSearchSettings.LocalSearchSettings(List<String>,double,double,int) is not applicable
        (actual and formal argument lists differ in length)
  1 error

* Try:
> Check your code and dependencies to fix the compilation error(s)
> Run with --scan to generate a Build Scan (powered by Develocity).

BUILD FAILED in 2s


> Task :compileJava FAILED

[Incubating] Problems report is available at: file:///cta/users/ulvi.findik/TVCommercialScheduling/build/reports/problems/problems-report.html
1 actionable task: 1 executed

Command 6 FAILED (Duration: 2.34s)

[7/50] Starting command 7...
Executing: ./gradlew runMipSolver -PinstancePath="instances/6.json" -PoutputPath="output/discrete" -PmodelType="Discrete" -PtimeLimit=7200 -PlogPath="output/discrete/6.json/mip.log"
Command failed with return code: 1
Error: WARNING: A restricted method in java.lang.System has been called
WARNING: java.lang.System::load has been called by net.rubygrapefruit.platform.internal.NativeLibraryLoader in an unnamed module (file:/cta/users/ulvi.findik/.gradle/wrapper/dists/gradle-9.2.1-bin/2t0n5ozlw9xmuyvbp7dnzaxug/gradle-9.2.1/lib/native-platform-0.22-milestone-29.jar)
WARNING: Use --enable-native-access=ALL-UNNAMED to avoid a warning for callers in this module
WARNING: Restricted methods will be blocked in a future release unless native access is enabled

/cta/users/ulvi.findik/TVCommercialScheduling/src/main/java/main.java:110: error: no suitable constructor found for LocalSearchSettings(ArrayList<String>,double,boolean,boolean,double,int)
                new LocalSearchSettings(
                ^
    constructor LocalSearchSettings.LocalSearchSettings(List<String>,double) is not applicable
      (actual and formal argument lists differ in length)
    constructor LocalSearchSettings.LocalSearchSettings(List<String>,double,double,int) is not applicable
      (actual and formal argument lists differ in length)
1 error

FAILURE: Build failed with an exception.

* What went wrong:
Execution failed for task ':compileJava'.
> Compilation failed; see the compiler output below.
  /cta/users/ulvi.findik/TVCommercialScheduling/src/main/java/main.java:110: error: no suitable constructor found for LocalSearchSettings(ArrayList<String>,double,boolean,boolean,double,int)
                  new LocalSearchSettings(
                  ^
      constructor LocalSearchSettings.LocalSearchSettings(List<String>,double) is not applicable
        (actual and formal argument lists differ in length)
      constructor LocalSearchSettings.LocalSearchSettings(List<String>,double,double,int) is not applicable
        (actual and formal argument lists differ in length)
  1 error

* Try:
> Check your code and dependencies to fix the compilation error(s)
> Run with --scan to generate a Build Scan (powered by Develocity).

BUILD FAILED in 2s


> Task :compileJava FAILED

[Incubating] Problems report is available at: file:///cta/users/ulvi.findik/TVCommercialScheduling/build/reports/problems/problems-report.html
1 actionable task: 1 executed

Command 7 FAILED (Duration: 2.71s)

[8/50] Starting command 8...
Executing: ./gradlew runMipSolver -PinstancePath="instances/7.json" -PoutputPath="output/discrete" -PmodelType="Discrete" -PtimeLimit=7200 -PlogPath="output/discrete/7.json/mip.log"
Command failed with return code: 1
Error: WARNING: A restricted method in java.lang.System has been called
WARNING: java.lang.System::load has been called by net.rubygrapefruit.platform.internal.NativeLibraryLoader in an unnamed module (file:/cta/users/ulvi.findik/.gradle/wrapper/dists/gradle-9.2.1-bin/2t0n5ozlw9xmuyvbp7dnzaxug/gradle-9.2.1/lib/native-platform-0.22-milestone-29.jar)
WARNING: Use --enable-native-access=ALL-UNNAMED to avoid a warning for callers in this module
WARNING: Restricted methods will be blocked in a future release unless native access is enabled

/cta/users/ulvi.findik/TVCommercialScheduling/src/main/java/runParameters/MipRunSettings.java:3: error: error while writing MipRunSettings: could not create parent directories
public record MipRunSettings(int timeLimit, String logPath) {}
       ^
/cta/users/ulvi.findik/TVCommercialScheduling/src/main/java/main.java:110: error: no suitable constructor found for LocalSearchSettings(ArrayList<String>,double,boolean,boolean,double,int)
                new LocalSearchSettings(
                ^
    constructor LocalSearchSettings.LocalSearchSettings(List<String>,double) is not applicable
      (actual and formal argument lists differ in length)
    constructor LocalSearchSettings.LocalSearchSettings(List<String>,double,double,int) is not applicable
      (actual and formal argument lists differ in length)
2 errors

FAILURE: Build failed with an exception.

* What went wrong:
Execution failed for task ':compileJava'.
> Compilation failed; see the compiler output below.
  /cta/users/ulvi.findik/TVCommercialScheduling/src/main/java/main.java:110: error: no suitable constructor found for LocalSearchSettings(ArrayList<String>,double,boolean,boolean,double,int)
                  new LocalSearchSettings(
                  ^
      constructor LocalSearchSettings.LocalSearchSettings(List<String>,double) is not applicable
        (actual and formal argument lists differ in length)
      constructor LocalSearchSettings.LocalSearchSettings(List<String>,double,double,int) is not applicable
        (actual and formal argument lists differ in length)
  /cta/users/ulvi.findik/TVCommercialScheduling/src/main/java/runParameters/MipRunSettings.java:3: error: error while writing MipRunSettings: could not create parent directories
  public record MipRunSettings(int timeLimit, String logPath) {}
         ^
  2 errors

* Try:
> Check your code and dependencies to fix the compilation error(s)
> Run with --scan to generate a Build Scan (powered by Develocity).

BUILD FAILED in 1s


> Task :compileJava FAILED

[Incubating] Problems report is available at: file:///cta/users/ulvi.findik/TVCommercialScheduling/build/reports/problems/problems-report.html
1 actionable task: 1 executed

Command 8 FAILED (Duration: 2.06s)

[9/50] Starting command 9...
Executing: ./gradlew runMipSolver -PinstancePath="instances/8.json" -PoutputPath="output/discrete" -PmodelType="Discrete" -PtimeLimit=7200 -PlogPath="output/discrete/8.json/mip.log"
Command failed with return code: 1
Error: WARNING: A restricted method in java.lang.System has been called
WARNING: java.lang.System::load has been called by net.rubygrapefruit.platform.internal.NativeLibraryLoader in an unnamed module (file:/cta/users/ulvi.findik/.gradle/wrapper/dists/gradle-9.2.1-bin/2t0n5ozlw9xmuyvbp7dnzaxug/gradle-9.2.1/lib/native-platform-0.22-milestone-29.jar)
WARNING: Use --enable-native-access=ALL-UNNAMED to avoid a warning for callers in this module
WARNING: Restricted methods will be blocked in a future release unless native access is enabled

/cta/users/ulvi.findik/TVCommercialScheduling/src/main/java/main.java:110: error: no suitable constructor found for LocalSearchSettings(ArrayList<String>,double,boolean,boolean,double,int)
                new LocalSearchSettings(
                ^
    constructor LocalSearchSettings.LocalSearchSettings(List<String>,double) is not applicable
      (actual and formal argument lists differ in length)
    constructor LocalSearchSettings.LocalSearchSettings(List<String>,double,double,int) is not applicable
      (actual and formal argument lists differ in length)
1 error

FAILURE: Build failed with an exception.

* What went wrong:
Execution failed for task ':compileJava'.
> Compilation failed; see the compiler output below.
  /cta/users/ulvi.findik/TVCommercialScheduling/src/main/java/main.java:110: error: no suitable constructor found for LocalSearchSettings(ArrayList<String>,double,boolean,boolean,double,int)
                  new LocalSearchSettings(
                  ^
      constructor LocalSearchSettings.LocalSearchSettings(List<String>,double) is not applicable
        (actual and formal argument lists differ in length)
      constructor LocalSearchSettings.LocalSearchSettings(List<String>,double,double,int) is not applicable
        (actual and formal argument lists differ in length)
  1 error

* Try:
> Check your code and dependencies to fix the compilation error(s)
> Run with --scan to generate a Build Scan (powered by Develocity).

BUILD FAILED in 2s


> Task :compileJava FAILED

[Incubating] Problems report is available at: file:///cta/users/ulvi.findik/TVCommercialScheduling/build/reports/problems/problems-report.html
1 actionable task: 1 executed

Command 9 FAILED (Duration: 2.28s)

[10/50] Starting command 10...
Executing: ./gradlew runMipSolver -PinstancePath="instances/9.json" -PoutputPath="output/discrete" -PmodelType="Discrete" -PtimeLimit=7200 -PlogPath="output/discrete/9.json/mip.log"
Command failed with return code: 1
Error: WARNING: A restricted method in java.lang.System has been called
WARNING: java.lang.System::load has been called by net.rubygrapefruit.platform.internal.NativeLibraryLoader in an unnamed module (file:/cta/users/ulvi.findik/.gradle/wrapper/dists/gradle-9.2.1-bin/2t0n5ozlw9xmuyvbp7dnzaxug/gradle-9.2.1/lib/native-platform-0.22-milestone-29.jar)
WARNING: Use --enable-native-access=ALL-UNNAMED to avoid a warning for callers in this module
WARNING: Restricted methods will be blocked in a future release unless native access is enabled

/cta/users/ulvi.findik/TVCommercialScheduling/src/main/java/main.java:110: error: no suitable constructor found for LocalSearchSettings(ArrayList<String>,double,boolean,boolean,double,int)
                new LocalSearchSettings(
                ^
    constructor LocalSearchSettings.LocalSearchSettings(List<String>,double) is not applicable
      (actual and formal argument lists differ in length)
    constructor LocalSearchSettings.LocalSearchSettings(List<String>,double,double,int) is not applicable
      (actual and formal argument lists differ in length)
1 error

FAILURE: Build failed with an exception.

* What went wrong:
Execution failed for task ':compileJava'.
> Compilation failed; see the compiler output below.
  /cta/users/ulvi.findik/TVCommercialScheduling/src/main/java/main.java:110: error: no suitable constructor found for LocalSearchSettings(ArrayList<String>,double,boolean,boolean,double,int)
                  new LocalSearchSettings(
                  ^
      constructor LocalSearchSettings.LocalSearchSettings(List<String>,double) is not applicable
        (actual and formal argument lists differ in length)
      constructor LocalSearchSettings.LocalSearchSettings(List<String>,double,double,int) is not applicable
        (actual and formal argument lists differ in length)
  1 error

* Try:
> Check your code and dependencies to fix the compilation error(s)
> Run with --scan to generate a Build Scan (powered by Develocity).

BUILD FAILED in 2s


> Task :compileJava FAILED

[Incubating] Problems report is available at: file:///cta/users/ulvi.findik/TVCommercialScheduling/build/reports/problems/problems-report.html
1 actionable task: 1 executed

Command 10 FAILED (Duration: 2.70s)

[11/50] Starting command 11...
Executing: ./gradlew runMipSolver -PinstancePath="instances/density=HIGH_nInventory=12_nHours=3_seed=1.json" -PoutputPath="output/discrete" -PmodelType="Discrete" -PtimeLimit=7200 -PlogPath="output/discrete/density=HIGH_nInventory=12_nHours=3_seed=1.json/mip.log"
Command failed with return code: 1
Error: WARNING: A restricted method in java.lang.System has been called
WARNING: java.lang.System::load has been called by net.rubygrapefruit.platform.internal.NativeLibraryLoader in an unnamed module (file:/cta/users/ulvi.findik/.gradle/wrapper/dists/gradle-9.2.1-bin/2t0n5ozlw9xmuyvbp7dnzaxug/gradle-9.2.1/lib/native-platform-0.22-milestone-29.jar)
WARNING: Use --enable-native-access=ALL-UNNAMED to avoid a warning for callers in this module
WARNING: Restricted methods will be blocked in a future release unless native access is enabled

/cta/users/ulvi.findik/TVCommercialScheduling/src/main/java/main.java:110: error: no suitable constructor found for LocalSearchSettings(ArrayList<String>,double,boolean,boolean,double,int)
                new LocalSearchSettings(
                ^
    constructor LocalSearchSettings.LocalSearchSettings(List<String>,double) is not applicable
      (actual and formal argument lists differ in length)
    constructor LocalSearchSettings.LocalSearchSettings(List<String>,double,double,int) is not applicable
      (actual and formal argument lists differ in length)
1 error

FAILURE: Build failed with an exception.

* What went wrong:
Execution failed for task ':compileJava'.
> Compilation failed; see the compiler output below.
  /cta/users/ulvi.findik/TVCommercialScheduling/src/main/java/main.java:110: error: no suitable constructor found for LocalSearchSettings(ArrayList<String>,double,boolean,boolean,double,int)
                  new LocalSearchSettings(
                  ^
      constructor LocalSearchSettings.LocalSearchSettings(List<String>,double) is not applicable
        (actual and formal argument lists differ in length)
      constructor LocalSearchSettings.LocalSearchSettings(List<String>,double,double,int) is not applicable
        (actual and formal argument lists differ in length)
  1 error

* Try:
> Check your code and dependencies to fix the compilation error(s)
> Run with --scan to generate a Build Scan (powered by Develocity).

BUILD FAILED in 2s


> Task :compileJava FAILED

[Incubating] Problems report is available at: file:///cta/users/ulvi.findik/TVCommercialScheduling/build/reports/problems/problems-report.html
1 actionable task: 1 executed

Command 11 FAILED (Duration: 2.76s)

[12/50] Starting command 12...
Executing: ./gradlew runMipSolver -PinstancePath="instances/density=HIGH_nInventory=12_nHours=3_seed=10.json" -PoutputPath="output/discrete" -PmodelType="Discrete" -PtimeLimit=7200 -PlogPath="output/discrete/density=HIGH_nInventory=12_nHours=3_seed=10.json/mip.log"
Command failed with return code: 1
Error: WARNING: A restricted method in java.lang.System has been called
WARNING: java.lang.System::load has been called by net.rubygrapefruit.platform.internal.NativeLibraryLoader in an unnamed module (file:/cta/users/ulvi.findik/.gradle/wrapper/dists/gradle-9.2.1-bin/2t0n5ozlw9xmuyvbp7dnzaxug/gradle-9.2.1/lib/native-platform-0.22-milestone-29.jar)
WARNING: Use --enable-native-access=ALL-UNNAMED to avoid a warning for callers in this module
WARNING: Restricted methods will be blocked in a future release unless native access is enabled

/cta/users/ulvi.findik/TVCommercialScheduling/src/main/java/main.java:110: error: no suitable constructor found for LocalSearchSettings(ArrayList<String>,double,boolean,boolean,double,int)
                new LocalSearchSettings(
                ^
    constructor LocalSearchSettings.LocalSearchSettings(List<String>,double) is not applicable
      (actual and formal argument lists differ in length)
    constructor LocalSearchSettings.LocalSearchSettings(List<String>,double,double,int) is not applicable
      (actual and formal argument lists differ in length)
1 error

FAILURE: Build failed with an exception.

* What went wrong:
Execution failed for task ':compileJava'.
> Compilation failed; see the compiler output below.
  /cta/users/ulvi.findik/TVCommercialScheduling/src/main/java/main.java:110: error: no suitable constructor found for LocalSearchSettings(ArrayList<String>,double,boolean,boolean,double,int)
                  new LocalSearchSettings(
                  ^
      constructor LocalSearchSettings.LocalSearchSettings(List<String>,double) is not applicable
        (actual and formal argument lists differ in length)
      constructor LocalSearchSettings.LocalSearchSettings(List<String>,double,double,int) is not applicable
        (actual and formal argument lists differ in length)
  1 error

* Try:
> Check your code and dependencies to fix the compilation error(s)
> Run with --scan to generate a Build Scan (powered by Develocity).

BUILD FAILED in 12s

Starting a Gradle Daemon, 17 busy and 1 incompatible and 5 stopped Daemons could not be reused, use --status for details

> Task :compileJava

> Task :compileJava FAILED

[Incubating] Problems report is available at: file:///cta/users/ulvi.findik/TVCommercialScheduling/build/reports/problems/problems-report.html
1 actionable task: 1 executed

Command 12 FAILED (Duration: 12.63s)

[13/50] Starting command 13...
Executing: ./gradlew runMipSolver -PinstancePath="instances/density=HIGH_nInventory=12_nHours=3_seed=2.json" -PoutputPath="output/discrete" -PmodelType="Discrete" -PtimeLimit=7200 -PlogPath="output/discrete/density=HIGH_nInventory=12_nHours=3_seed=2.json/mip.log"
Command failed with return code: 1
Error: WARNING: A restricted method in java.lang.System has been called
WARNING: java.lang.System::load has been called by net.rubygrapefruit.platform.internal.NativeLibraryLoader in an unnamed module (file:/cta/users/ulvi.findik/.gradle/wrapper/dists/gradle-9.2.1-bin/2t0n5ozlw9xmuyvbp7dnzaxug/gradle-9.2.1/lib/native-platform-0.22-milestone-29.jar)
WARNING: Use --enable-native-access=ALL-UNNAMED to avoid a warning for callers in this module
WARNING: Restricted methods will be blocked in a future release unless native access is enabled

/cta/users/ulvi.findik/TVCommercialScheduling/src/main/java/main.java:110: error: no suitable constructor found for LocalSearchSettings(ArrayList<String>,double,boolean,boolean,double,int)
                new LocalSearchSettings(
                ^
    constructor LocalSearchSettings.LocalSearchSettings(List<String>,double) is not applicable
      (actual and formal argument lists differ in length)
    constructor LocalSearchSettings.LocalSearchSettings(List<String>,double,double,int) is not applicable
      (actual and formal argument lists differ in length)
1 error

FAILURE: Build failed with an exception.

* What went wrong:
Execution failed for task ':compileJava'.
> Compilation failed; see the compiler output below.
  /cta/users/ulvi.findik/TVCommercialScheduling/src/main/java/main.java:110: error: no suitable constructor found for LocalSearchSettings(ArrayList<String>,double,boolean,boolean,double,int)
                  new LocalSearchSettings(
                  ^
      constructor LocalSearchSettings.LocalSearchSettings(List<String>,double) is not applicable
        (actual and formal argument lists differ in length)
      constructor LocalSearchSettings.LocalSearchSettings(List<String>,double,double,int) is not applicable
        (actual and formal argument lists differ in length)
  1 error

* Try:
> Check your code and dependencies to fix the compilation error(s)
> Run with --scan to generate a Build Scan (powered by Develocity).

BUILD FAILED in 2s


> Task :compileJava FAILED

[Incubating] Problems report is available at: file:///cta/users/ulvi.findik/TVCommercialScheduling/build/reports/problems/problems-report.html
1 actionable task: 1 executed

Command 13 FAILED (Duration: 2.76s)

[14/50] Starting command 14...
Executing: ./gradlew runMipSolver -PinstancePath="instances/density=HIGH_nInventory=12_nHours=3_seed=3.json" -PoutputPath="output/discrete" -PmodelType="Discrete" -PtimeLimit=7200 -PlogPath="output/discrete/density=HIGH_nInventory=12_nHours=3_seed=3.json/mip.log"
Command failed with return code: 1
Error: WARNING: A restricted method in java.lang.System has been called
WARNING: java.lang.System::load has been called by net.rubygrapefruit.platform.internal.NativeLibraryLoader in an unnamed module (file:/cta/users/ulvi.findik/.gradle/wrapper/dists/gradle-9.2.1-bin/2t0n5ozlw9xmuyvbp7dnzaxug/gradle-9.2.1/lib/native-platform-0.22-milestone-29.jar)
WARNING: Use --enable-native-access=ALL-UNNAMED to avoid a warning for callers in this module
WARNING: Restricted methods will be blocked in a future release unless native access is enabled

/cta/users/ulvi.findik/TVCommercialScheduling/src/main/java/randomProblemGenerator/RandomGeneratorConfig.java:13: error: error while writing RandomGeneratorConfig: /cta/users/ulvi.findik/TVCommercialScheduling/build/classes/java/main/randomProblemGenerator/RandomGeneratorConfig.class: Remote I/O error
public final class RandomGeneratorConfig {
             ^
/cta/users/ulvi.findik/TVCommercialScheduling/src/main/java/main.java:110: error: no suitable constructor found for LocalSearchSettings(ArrayList<String>,double,boolean,boolean,double,int)
                new LocalSearchSettings(
                ^
    constructor LocalSearchSettings.LocalSearchSettings(List<String>,double) is not applicable
      (actual and formal argument lists differ in length)
    constructor LocalSearchSettings.LocalSearchSettings(List<String>,double,double,int) is not applicable
      (actual and formal argument lists differ in length)
2 errors

FAILURE: Build failed with an exception.

* What went wrong:
Execution failed for task ':compileJava'.
> Compilation failed; see the compiler output below.
  /cta/users/ulvi.findik/TVCommercialScheduling/src/main/java/main.java:110: error: no suitable constructor found for LocalSearchSettings(ArrayList<String>,double,boolean,boolean,double,int)
                  new LocalSearchSettings(
                  ^
      constructor LocalSearchSettings.LocalSearchSettings(List<String>,double) is not applicable
        (actual and formal argument lists differ in length)
      constructor LocalSearchSettings.LocalSearchSettings(List<String>,double,double,int) is not applicable
        (actual and formal argument lists differ in length)
  /cta/users/ulvi.findik/TVCommercialScheduling/src/main/java/randomProblemGenerator/RandomGeneratorConfig.java:13: error: error while writing RandomGeneratorConfig: /cta/users/ulvi.findik/TVCommercialScheduling/build/classes/java/main/randomProblemGenerator/RandomGeneratorConfig.class: Remote I/O error
  public final class RandomGeneratorConfig {
               ^
  2 errors

* Try:
> Check your code and dependencies to fix the compilation error(s)
> Run with --scan to generate a Build Scan (powered by Develocity).

BUILD FAILED in 2s


> Task :compileJava FAILED

[Incubating] Problems report is available at: file:///cta/users/ulvi.findik/TVCommercialScheduling/build/reports/problems/problems-report.html
1 actionable task: 1 executed

Command 14 FAILED (Duration: 2.45s)

[15/50] Starting command 15...
Executing: ./gradlew runMipSolver -PinstancePath="instances/density=HIGH_nInventory=12_nHours=3_seed=4.json" -PoutputPath="output/discrete" -PmodelType="Discrete" -PtimeLimit=7200 -PlogPath="output/discrete/density=HIGH_nInventory=12_nHours=3_seed=4.json/mip.log"
Command failed with return code: 1
Error: WARNING: A restricted method in java.lang.System has been called
WARNING: java.lang.System::load has been called by net.rubygrapefruit.platform.internal.NativeLibraryLoader in an unnamed module (file:/cta/users/ulvi.findik/.gradle/wrapper/dists/gradle-9.2.1-bin/2t0n5ozlw9xmuyvbp7dnzaxug/gradle-9.2.1/lib/native-platform-0.22-milestone-29.jar)
WARNING: Use --enable-native-access=ALL-UNNAMED to avoid a warning for callers in this module
WARNING: Restricted methods will be blocked in a future release unless native access is enabled

/cta/users/ulvi.findik/TVCommercialScheduling/src/main/java/main.java:110: error: no suitable constructor found for LocalSearchSettings(ArrayList<String>,double,boolean,boolean,double,int)
                new LocalSearchSettings(
                ^
    constructor LocalSearchSettings.LocalSearchSettings(List<String>,double) is not applicable
      (actual and formal argument lists differ in length)
    constructor LocalSearchSettings.LocalSearchSettings(List<String>,double,double,int) is not applicable
      (actual and formal argument lists differ in length)
1 error

FAILURE: Build failed with an exception.

* What went wrong:
Execution failed for task ':compileJava'.
> Compilation failed; see the compiler output below.
  /cta/users/ulvi.findik/TVCommercialScheduling/src/main/java/main.java:110: error: no suitable constructor found for LocalSearchSettings(ArrayList<String>,double,boolean,boolean,double,int)
                  new LocalSearchSettings(
                  ^
      constructor LocalSearchSettings.LocalSearchSettings(List<String>,double) is not applicable
        (actual and formal argument lists differ in length)
      constructor LocalSearchSettings.LocalSearchSettings(List<String>,double,double,int) is not applicable
        (actual and formal argument lists differ in length)
  1 error

* Try:
> Check your code and dependencies to fix the compilation error(s)
> Run with --scan to generate a Build Scan (powered by Develocity).

BUILD FAILED in 2s


> Task :compileJava FAILED

[Incubating] Problems report is available at: file:///cta/users/ulvi.findik/TVCommercialScheduling/build/reports/problems/problems-report.html
1 actionable task: 1 executed

Command 15 FAILED (Duration: 2.62s)

[16/50] Starting command 16...
Executing: ./gradlew runMipSolver -PinstancePath="instances/density=HIGH_nInventory=12_nHours=3_seed=5.json" -PoutputPath="output/discrete" -PmodelType="Discrete" -PtimeLimit=7200 -PlogPath="output/discrete/density=HIGH_nInventory=12_nHours=3_seed=5.json/mip.log"
Command failed with return code: 1
Error: WARNING: A restricted method in java.lang.System has been called
WARNING: java.lang.System::load has been called by net.rubygrapefruit.platform.internal.NativeLibraryLoader in an unnamed module (file:/cta/users/ulvi.findik/.gradle/wrapper/dists/gradle-9.2.1-bin/2t0n5ozlw9xmuyvbp7dnzaxug/gradle-9.2.1/lib/native-platform-0.22-milestone-29.jar)
WARNING: Use --enable-native-access=ALL-UNNAMED to avoid a warning for callers in this module
WARNING: Restricted methods will be blocked in a future release unless native access is enabled

/cta/users/ulvi.findik/TVCommercialScheduling/src/main/java/main.java:110: error: no suitable constructor found for LocalSearchSettings(ArrayList<String>,double,boolean,boolean,double,int)
                new LocalSearchSettings(
                ^
    constructor LocalSearchSettings.LocalSearchSettings(List<String>,double) is not applicable
      (actual and formal argument lists differ in length)
    constructor LocalSearchSettings.LocalSearchSettings(List<String>,double,double,int) is not applicable
      (actual and formal argument lists differ in length)
1 error

FAILURE: Build failed with an exception.

* What went wrong:
Execution failed for task ':compileJava'.
> Compilation failed; see the compiler output below.
  /cta/users/ulvi.findik/TVCommercialScheduling/src/main/java/main.java:110: error: no suitable constructor found for LocalSearchSettings(ArrayList<String>,double,boolean,boolean,double,int)
                  new LocalSearchSettings(
                  ^
      constructor LocalSearchSettings.LocalSearchSettings(List<String>,double) is not applicable
        (actual and formal argument lists differ in length)
      constructor LocalSearchSettings.LocalSearchSettings(List<String>,double,double,int) is not applicable
        (actual and formal argument lists differ in length)
  1 error

* Try:
> Check your code and dependencies to fix the compilation error(s)
> Run with --scan to generate a Build Scan (powered by Develocity).

BUILD FAILED in 2s


> Task :compileJava FAILED

[Incubating] Problems report is available at: file:///cta/users/ulvi.findik/TVCommercialScheduling/build/reports/problems/problems-report.html
1 actionable task: 1 executed

Command 16 FAILED (Duration: 2.65s)

[17/50] Starting command 17...
Executing: ./gradlew runMipSolver -PinstancePath="instances/density=HIGH_nInventory=12_nHours=3_seed=6.json" -PoutputPath="output/discrete" -PmodelType="Discrete" -PtimeLimit=7200 -PlogPath="output/discrete/density=HIGH_nInventory=12_nHours=3_seed=6.json/mip.log"
Command failed with return code: 1
Error: WARNING: A restricted method in java.lang.System has been called
WARNING: java.lang.System::load has been called by net.rubygrapefruit.platform.internal.NativeLibraryLoader in an unnamed module (file:/cta/users/ulvi.findik/.gradle/wrapper/dists/gradle-9.2.1-bin/2t0n5ozlw9xmuyvbp7dnzaxug/gradle-9.2.1/lib/native-platform-0.22-milestone-29.jar)
WARNING: Use --enable-native-access=ALL-UNNAMED to avoid a warning for callers in this module
WARNING: Restricted methods will be blocked in a future release unless native access is enabled

/cta/users/ulvi.findik/TVCommercialScheduling/src/main/java/main.java:110: error: no suitable constructor found for LocalSearchSettings(ArrayList<String>,double,boolean,boolean,double,int)
                new LocalSearchSettings(
                ^
    constructor LocalSearchSettings.LocalSearchSettings(List<String>,double) is not applicable
      (actual and formal argument lists differ in length)
    constructor LocalSearchSettings.LocalSearchSettings(List<String>,double,double,int) is not applicable
      (actual and formal argument lists differ in length)
1 error

FAILURE: Build failed with an exception.

* What went wrong:
Execution failed for task ':compileJava'.
> Compilation failed; see the compiler output below.
  /cta/users/ulvi.findik/TVCommercialScheduling/src/main/java/main.java:110: error: no suitable constructor found for LocalSearchSettings(ArrayList<String>,double,boolean,boolean,double,int)
                  new LocalSearchSettings(
                  ^
      constructor LocalSearchSettings.LocalSearchSettings(List<String>,double) is not applicable
        (actual and formal argument lists differ in length)
      constructor LocalSearchSettings.LocalSearchSettings(List<String>,double,double,int) is not applicable
        (actual and formal argument lists differ in length)
  1 error

* Try:
> Check your code and dependencies to fix the compilation error(s)
> Run with --scan to generate a Build Scan (powered by Develocity).

BUILD FAILED in 2s


> Task :compileJava FAILED

[Incubating] Problems report is available at: file:///cta/users/ulvi.findik/TVCommercialScheduling/build/reports/problems/problems-report.html
1 actionable task: 1 executed

Command 17 FAILED (Duration: 2.53s)

[18/50] Starting command 18...
Executing: ./gradlew runMipSolver -PinstancePath="instances/density=HIGH_nInventory=12_nHours=3_seed=7.json" -PoutputPath="output/discrete" -PmodelType="Discrete" -PtimeLimit=7200 -PlogPath="output/discrete/density=HIGH_nInventory=12_nHours=3_seed=7.json/mip.log"
Command failed with return code: 1
Error: WARNING: A restricted method in java.lang.System has been called
WARNING: java.lang.System::load has been called by net.rubygrapefruit.platform.internal.NativeLibraryLoader in an unnamed module (file:/cta/users/ulvi.findik/.gradle/wrapper/dists/gradle-9.2.1-bin/2t0n5ozlw9xmuyvbp7dnzaxug/gradle-9.2.1/lib/native-platform-0.22-milestone-29.jar)
WARNING: Use --enable-native-access=ALL-UNNAMED to avoid a warning for callers in this module
WARNING: Restricted methods will be blocked in a future release unless native access is enabled

/cta/users/ulvi.findik/TVCommercialScheduling/src/main/java/main.java:110: error: no suitable constructor found for LocalSearchSettings(ArrayList<String>,double,boolean,boolean,double,int)
                new LocalSearchSettings(
                ^
    constructor LocalSearchSettings.LocalSearchSettings(List<String>,double) is not applicable
      (actual and formal argument lists differ in length)
    constructor LocalSearchSettings.LocalSearchSettings(List<String>,double,double,int) is not applicable
      (actual and formal argument lists differ in length)
1 error

FAILURE: Build failed with an exception.

* What went wrong:
Execution failed for task ':compileJava'.
> Compilation failed; see the compiler output below.
  /cta/users/ulvi.findik/TVCommercialScheduling/src/main/java/main.java:110: error: no suitable constructor found for LocalSearchSettings(ArrayList<String>,double,boolean,boolean,double,int)
                  new LocalSearchSettings(
                  ^
      constructor LocalSearchSettings.LocalSearchSettings(List<String>,double) is not applicable
        (actual and formal argument lists differ in length)
      constructor LocalSearchSettings.LocalSearchSettings(List<String>,double,double,int) is not applicable
        (actual and formal argument lists differ in length)
  1 error

* Try:
> Check your code and dependencies to fix the compilation error(s)
> Run with --scan to generate a Build Scan (powered by Develocity).

BUILD FAILED in 15s

Starting a Gradle Daemon, 17 busy and 1 incompatible and 7 stopped Daemons could not be reused, use --status for details

> Task :compileJava

> Task :compileJava FAILED

[Incubating] Problems report is available at: file:///cta/users/ulvi.findik/TVCommercialScheduling/build/reports/problems/problems-report.html
1 actionable task: 1 executed

Command 18 FAILED (Duration: 16.25s)

[19/50] Starting command 19...
Executing: ./gradlew runMipSolver -PinstancePath="instances/density=HIGH_nInventory=12_nHours=3_seed=8.json" -PoutputPath="output/discrete" -PmodelType="Discrete" -PtimeLimit=7200 -PlogPath="output/discrete/density=HIGH_nInventory=12_nHours=3_seed=8.json/mip.log"
Command failed with return code: 1
Error: WARNING: A restricted method in java.lang.System has been called
WARNING: java.lang.System::load has been called by net.rubygrapefruit.platform.internal.NativeLibraryLoader in an unnamed module (file:/cta/users/ulvi.findik/.gradle/wrapper/dists/gradle-9.2.1-bin/2t0n5ozlw9xmuyvbp7dnzaxug/gradle-9.2.1/lib/native-platform-0.22-milestone-29.jar)
WARNING: Use --enable-native-access=ALL-UNNAMED to avoid a warning for callers in this module
WARNING: Restricted methods will be blocked in a future release unless native access is enabled

/cta/users/ulvi.findik/TVCommercialScheduling/src/main/java/main.java:110: error: no suitable constructor found for LocalSearchSettings(ArrayList<String>,double,boolean,boolean,double,int)
                new LocalSearchSettings(
                ^
    constructor LocalSearchSettings.LocalSearchSettings(List<String>,double) is not applicable
      (actual and formal argument lists differ in length)
    constructor LocalSearchSettings.LocalSearchSettings(List<String>,double,double,int) is not applicable
      (actual and formal argument lists differ in length)
1 error

FAILURE: Build failed with an exception.

* What went wrong:
Execution failed for task ':compileJava'.
> Compilation failed; see the compiler output below.
  /cta/users/ulvi.findik/TVCommercialScheduling/src/main/java/main.java:110: error: no suitable constructor found for LocalSearchSettings(ArrayList<String>,double,boolean,boolean,double,int)
                  new LocalSearchSettings(
                  ^
      constructor LocalSearchSettings.LocalSearchSettings(List<String>,double) is not applicable
        (actual and formal argument lists differ in length)
      constructor LocalSearchSettings.LocalSearchSettings(List<String>,double,double,int) is not applicable
        (actual and formal argument lists differ in length)
  1 error

* Try:
> Check your code and dependencies to fix the compilation error(s)
> Run with --scan to generate a Build Scan (powered by Develocity).

BUILD FAILED in 12s

Starting a Gradle Daemon, 18 busy and 8 stopped Daemons could not be reused, use --status for details

> Task :compileJava

> Task :compileJava FAILED

[Incubating] Problems report is available at: file:///cta/users/ulvi.findik/TVCommercialScheduling/build/reports/problems/problems-report.html
1 actionable task: 1 executed

Command 19 FAILED (Duration: 12.73s)

[20/50] Starting command 20...
Executing: ./gradlew runMipSolver -PinstancePath="instances/density=HIGH_nInventory=12_nHours=3_seed=9.json" -PoutputPath="output/discrete" -PmodelType="Discrete" -PtimeLimit=7200 -PlogPath="output/discrete/density=HIGH_nInventory=12_nHours=3_seed=9.json/mip.log"
Command failed with return code: 1
Error: WARNING: A restricted method in java.lang.System has been called
WARNING: java.lang.System::load has been called by net.rubygrapefruit.platform.internal.NativeLibraryLoader in an unnamed module (file:/cta/users/ulvi.findik/.gradle/wrapper/dists/gradle-9.2.1-bin/2t0n5ozlw9xmuyvbp7dnzaxug/gradle-9.2.1/lib/native-platform-0.22-milestone-29.jar)
WARNING: Use --enable-native-access=ALL-UNNAMED to avoid a warning for callers in this module
WARNING: Restricted methods will be blocked in a future release unless native access is enabled

/cta/users/ulvi.findik/TVCommercialScheduling/src/main/java/main.java:110: error: no suitable constructor found for LocalSearchSettings(ArrayList<String>,double,boolean,boolean,double,int)
                new LocalSearchSettings(
                ^
    constructor LocalSearchSettings.LocalSearchSettings(List<String>,double) is not applicable
      (actual and formal argument lists differ in length)
    constructor LocalSearchSettings.LocalSearchSettings(List<String>,double,double,int) is not applicable
      (actual and formal argument lists differ in length)
1 error

FAILURE: Build failed with an exception.

* What went wrong:
Execution failed for task ':compileJava'.
> Compilation failed; see the compiler output below.
  /cta/users/ulvi.findik/TVCommercialScheduling/src/main/java/main.java:110: error: no suitable constructor found for LocalSearchSettings(ArrayList<String>,double,boolean,boolean,double,int)
                  new LocalSearchSettings(
                  ^
      constructor LocalSearchSettings.LocalSearchSettings(List<String>,double) is not applicable
        (actual and formal argument lists differ in length)
      constructor LocalSearchSettings.LocalSearchSettings(List<String>,double,double,int) is not applicable
        (actual and formal argument lists differ in length)
  1 error

* Try:
> Check your code and dependencies to fix the compilation error(s)
> Run with --scan to generate a Build Scan (powered by Develocity).

BUILD FAILED in 2s


> Task :compileJava FAILED

[Incubating] Problems report is available at: file:///cta/users/ulvi.findik/TVCommercialScheduling/build/reports/problems/problems-report.html
1 actionable task: 1 executed

Command 20 FAILED (Duration: 2.83s)

[21/50] Starting command 21...
Executing: ./gradlew runMipSolver -PinstancePath="instances/density=HIGH_nInventory=16_nHours=4_seed=1.json" -PoutputPath="output/discrete" -PmodelType="Discrete" -PtimeLimit=7200 -PlogPath="output/discrete/density=HIGH_nInventory=16_nHours=4_seed=1.json/mip.log"
Command failed with return code: 1
Error: WARNING: A restricted method in java.lang.System has been called
WARNING: java.lang.System::load has been called by net.rubygrapefruit.platform.internal.NativeLibraryLoader in an unnamed module (file:/cta/users/ulvi.findik/.gradle/wrapper/dists/gradle-9.2.1-bin/2t0n5ozlw9xmuyvbp7dnzaxug/gradle-9.2.1/lib/native-platform-0.22-milestone-29.jar)
WARNING: Use --enable-native-access=ALL-UNNAMED to avoid a warning for callers in this module
WARNING: Restricted methods will be blocked in a future release unless native access is enabled

/cta/users/ulvi.findik/TVCommercialScheduling/src/main/java/main.java:110: error: no suitable constructor found for LocalSearchSettings(ArrayList<String>,double,boolean,boolean,double,int)
                new LocalSearchSettings(
                ^
    constructor LocalSearchSettings.LocalSearchSettings(List<String>,double) is not applicable
      (actual and formal argument lists differ in length)
    constructor LocalSearchSettings.LocalSearchSettings(List<String>,double,double,int) is not applicable
      (actual and formal argument lists differ in length)
1 error

FAILURE: Build failed with an exception.

* What went wrong:
Execution failed for task ':compileJava'.
> Compilation failed; see the compiler output below.
  /cta/users/ulvi.findik/TVCommercialScheduling/src/main/java/main.java:110: error: no suitable constructor found for LocalSearchSettings(ArrayList<String>,double,boolean,boolean,double,int)
                  new LocalSearchSettings(
                  ^
      constructor LocalSearchSettings.LocalSearchSettings(List<String>,double) is not applicable
        (actual and formal argument lists differ in length)
      constructor LocalSearchSettings.LocalSearchSettings(List<String>,double,double,int) is not applicable
        (actual and formal argument lists differ in length)
  1 error

* Try:
> Check your code and dependencies to fix the compilation error(s)
> Run with --scan to generate a Build Scan (powered by Develocity).

BUILD FAILED in 2s


> Task :compileJava FAILED

[Incubating] Problems report is available at: file:///cta/users/ulvi.findik/TVCommercialScheduling/build/reports/problems/problems-report.html
1 actionable task: 1 executed

Command 21 FAILED (Duration: 2.64s)

[22/50] Starting command 22...
Executing: ./gradlew runMipSolver -PinstancePath="instances/density=HIGH_nInventory=16_nHours=4_seed=10.json" -PoutputPath="output/discrete" -PmodelType="Discrete" -PtimeLimit=7200 -PlogPath="output/discrete/density=HIGH_nInventory=16_nHours=4_seed=10.json/mip.log"
Command failed with return code: 1
Error: WARNING: A restricted method in java.lang.System has been called
WARNING: java.lang.System::load has been called by net.rubygrapefruit.platform.internal.NativeLibraryLoader in an unnamed module (file:/cta/users/ulvi.findik/.gradle/wrapper/dists/gradle-9.2.1-bin/2t0n5ozlw9xmuyvbp7dnzaxug/gradle-9.2.1/lib/native-platform-0.22-milestone-29.jar)
WARNING: Use --enable-native-access=ALL-UNNAMED to avoid a warning for callers in this module
WARNING: Restricted methods will be blocked in a future release unless native access is enabled

/cta/users/ulvi.findik/TVCommercialScheduling/src/main/java/main.java:110: error: no suitable constructor found for LocalSearchSettings(ArrayList<String>,double,boolean,boolean,double,int)
                new LocalSearchSettings(
                ^
    constructor LocalSearchSettings.LocalSearchSettings(List<String>,double) is not applicable
      (actual and formal argument lists differ in length)
    constructor LocalSearchSettings.LocalSearchSettings(List<String>,double,double,int) is not applicable
      (actual and formal argument lists differ in length)
1 error

FAILURE: Build failed with an exception.

* What went wrong:
Execution failed for task ':compileJava'.
> Compilation failed; see the compiler output below.
  /cta/users/ulvi.findik/TVCommercialScheduling/src/main/java/main.java:110: error: no suitable constructor found for LocalSearchSettings(ArrayList<String>,double,boolean,boolean,double,int)
                  new LocalSearchSettings(
                  ^
      constructor LocalSearchSettings.LocalSearchSettings(List<String>,double) is not applicable
        (actual and formal argument lists differ in length)
      constructor LocalSearchSettings.LocalSearchSettings(List<String>,double,double,int) is not applicable
        (actual and formal argument lists differ in length)
  1 error

* Try:
> Check your code and dependencies to fix the compilation error(s)
> Run with --scan to generate a Build Scan (powered by Develocity).

BUILD FAILED in 2s


> Task :compileJava FAILED

[Incubating] Problems report is available at: file:///cta/users/ulvi.findik/TVCommercialScheduling/build/reports/problems/problems-report.html
1 actionable task: 1 executed

Command 22 FAILED (Duration: 2.86s)

[23/50] Starting command 23...
Executing: ./gradlew runMipSolver -PinstancePath="instances/density=HIGH_nInventory=16_nHours=4_seed=2.json" -PoutputPath="output/discrete" -PmodelType="Discrete" -PtimeLimit=7200 -PlogPath="output/discrete/density=HIGH_nInventory=16_nHours=4_seed=2.json/mip.log"
Command failed with return code: 1
Error: WARNING: A restricted method in java.lang.System has been called
WARNING: java.lang.System::load has been called by net.rubygrapefruit.platform.internal.NativeLibraryLoader in an unnamed module (file:/cta/users/ulvi.findik/.gradle/wrapper/dists/gradle-9.2.1-bin/2t0n5ozlw9xmuyvbp7dnzaxug/gradle-9.2.1/lib/native-platform-0.22-milestone-29.jar)
WARNING: Use --enable-native-access=ALL-UNNAMED to avoid a warning for callers in this module
WARNING: Restricted methods will be blocked in a future release unless native access is enabled

/cta/users/ulvi.findik/TVCommercialScheduling/src/main/java/main.java:110: error: no suitable constructor found for LocalSearchSettings(ArrayList<String>,double,boolean,boolean,double,int)
                new LocalSearchSettings(
                ^
    constructor LocalSearchSettings.LocalSearchSettings(List<String>,double) is not applicable
      (actual and formal argument lists differ in length)
    constructor LocalSearchSettings.LocalSearchSettings(List<String>,double,double,int) is not applicable
      (actual and formal argument lists differ in length)
1 error

FAILURE: Build failed with an exception.

* What went wrong:
Execution failed for task ':compileJava'.
> Compilation failed; see the compiler output below.
  /cta/users/ulvi.findik/TVCommercialScheduling/src/main/java/main.java:110: error: no suitable constructor found for LocalSearchSettings(ArrayList<String>,double,boolean,boolean,double,int)
                  new LocalSearchSettings(
                  ^
      constructor LocalSearchSettings.LocalSearchSettings(List<String>,double) is not applicable
        (actual and formal argument lists differ in length)
      constructor LocalSearchSettings.LocalSearchSettings(List<String>,double,double,int) is not applicable
        (actual and formal argument lists differ in length)
  1 error

* Try:
> Check your code and dependencies to fix the compilation error(s)
> Run with --scan to generate a Build Scan (powered by Develocity).

BUILD FAILED in 2s


> Task :compileJava FAILED

[Incubating] Problems report is available at: file:///cta/users/ulvi.findik/TVCommercialScheduling/build/reports/problems/problems-report.html
1 actionable task: 1 executed

Command 23 FAILED (Duration: 2.60s)

[24/50] Starting command 24...
Executing: ./gradlew runMipSolver -PinstancePath="instances/density=HIGH_nInventory=16_nHours=4_seed=3.json" -PoutputPath="output/discrete" -PmodelType="Discrete" -PtimeLimit=7200 -PlogPath="output/discrete/density=HIGH_nInventory=16_nHours=4_seed=3.json/mip.log"
Command failed with return code: 1
Error: WARNING: A restricted method in java.lang.System has been called
WARNING: java.lang.System::load has been called by net.rubygrapefruit.platform.internal.NativeLibraryLoader in an unnamed module (file:/cta/users/ulvi.findik/.gradle/wrapper/dists/gradle-9.2.1-bin/2t0n5ozlw9xmuyvbp7dnzaxug/gradle-9.2.1/lib/native-platform-0.22-milestone-29.jar)
WARNING: Use --enable-native-access=ALL-UNNAMED to avoid a warning for callers in this module
WARNING: Restricted methods will be blocked in a future release unless native access is enabled


FAILURE: Build failed with an exception.

* What went wrong:
Execution failed for task ':compileJava'.
> Unable to delete directory '/cta/users/ulvi.findik/TVCommercialScheduling/build/classes/java/main'

* Try:
> Run with --stacktrace option to get the stack trace.
> Run with --info or --debug option to get more log output.
> Run with --scan to generate a Build Scan (powered by Develocity).
> Get more help at https://help.gradle.org.

BUILD FAILED in 1s

> Task :compileJava FAILED
1 actionable task: 1 executed

Command 24 FAILED (Duration: 2.04s)

[25/50] Starting command 25...
Executing: ./gradlew runMipSolver -PinstancePath="instances/density=HIGH_nInventory=16_nHours=4_seed=4.json" -PoutputPath="output/discrete" -PmodelType="Discrete" -PtimeLimit=7200 -PlogPath="output/discrete/density=HIGH_nInventory=16_nHours=4_seed=4.json/mip.log"
Command failed with return code: 1
Error: WARNING: A restricted method in java.lang.System has been called
WARNING: java.lang.System::load has been called by net.rubygrapefruit.platform.internal.NativeLibraryLoader in an unnamed module (file:/cta/users/ulvi.findik/.gradle/wrapper/dists/gradle-9.2.1-bin/2t0n5ozlw9xmuyvbp7dnzaxug/gradle-9.2.1/lib/native-platform-0.22-milestone-29.jar)
WARNING: Use --enable-native-access=ALL-UNNAMED to avoid a warning for callers in this module
WARNING: Restricted methods will be blocked in a future release unless native access is enabled

/cta/users/ulvi.findik/TVCommercialScheduling/src/main/java/main.java:110: error: no suitable constructor found for LocalSearchSettings(ArrayList<String>,double,boolean,boolean,double,int)
                new LocalSearchSettings(
                ^
    constructor LocalSearchSettings.LocalSearchSettings(List<String>,double) is not applicable
      (actual and formal argument lists differ in length)
    constructor LocalSearchSettings.LocalSearchSettings(List<String>,double,double,int) is not applicable
      (actual and formal argument lists differ in length)
1 error

FAILURE: Build failed with an exception.

* What went wrong:
Execution failed for task ':compileJava'.
> Compilation failed; see the compiler output below.
  /cta/users/ulvi.findik/TVCommercialScheduling/src/main/java/main.java:110: error: no suitable constructor found for LocalSearchSettings(ArrayList<String>,double,boolean,boolean,double,int)
                  new LocalSearchSettings(
                  ^
      constructor LocalSearchSettings.LocalSearchSettings(List<String>,double) is not applicable
        (actual and formal argument lists differ in length)
      constructor LocalSearchSettings.LocalSearchSettings(List<String>,double,double,int) is not applicable
        (actual and formal argument lists differ in length)
  1 error

* Try:
> Check your code and dependencies to fix the compilation error(s)
> Run with --scan to generate a Build Scan (powered by Develocity).

BUILD FAILED in 2s


> Task :compileJava FAILED

[Incubating] Problems report is available at: file:///cta/users/ulvi.findik/TVCommercialScheduling/build/reports/problems/problems-report.html
1 actionable task: 1 executed

Command 25 FAILED (Duration: 2.50s)

[26/50] Starting command 26...
Executing: ./gradlew runMipSolver -PinstancePath="instances/density=HIGH_nInventory=16_nHours=4_seed=5.json" -PoutputPath="output/discrete" -PmodelType="Discrete" -PtimeLimit=7200 -PlogPath="output/discrete/density=HIGH_nInventory=16_nHours=4_seed=5.json/mip.log"
Command failed with return code: 1
Error: WARNING: A restricted method in java.lang.System has been called
WARNING: java.lang.System::load has been called by net.rubygrapefruit.platform.internal.NativeLibraryLoader in an unnamed module (file:/cta/users/ulvi.findik/.gradle/wrapper/dists/gradle-9.2.1-bin/2t0n5ozlw9xmuyvbp7dnzaxug/gradle-9.2.1/lib/native-platform-0.22-milestone-29.jar)
WARNING: Use --enable-native-access=ALL-UNNAMED to avoid a warning for callers in this module
WARNING: Restricted methods will be blocked in a future release unless native access is enabled

/cta/users/ulvi.findik/TVCommercialScheduling/src/main/java/main.java:110: error: no suitable constructor found for LocalSearchSettings(ArrayList<String>,double,boolean,boolean,double,int)
                new LocalSearchSettings(
                ^
    constructor LocalSearchSettings.LocalSearchSettings(List<String>,double) is not applicable
      (actual and formal argument lists differ in length)
    constructor LocalSearchSettings.LocalSearchSettings(List<String>,double,double,int) is not applicable
      (actual and formal argument lists differ in length)
1 error

FAILURE: Build failed with an exception.

* What went wrong:
Execution failed for task ':compileJava'.
> Compilation failed; see the compiler output below.
  /cta/users/ulvi.findik/TVCommercialScheduling/src/main/java/main.java:110: error: no suitable constructor found for LocalSearchSettings(ArrayList<String>,double,boolean,boolean,double,int)
                  new LocalSearchSettings(
                  ^
      constructor LocalSearchSettings.LocalSearchSettings(List<String>,double) is not applicable
        (actual and formal argument lists differ in length)
      constructor LocalSearchSettings.LocalSearchSettings(List<String>,double,double,int) is not applicable
        (actual and formal argument lists differ in length)
  1 error

* Try:
> Check your code and dependencies to fix the compilation error(s)
> Run with --scan to generate a Build Scan (powered by Develocity).

BUILD FAILED in 2s


> Task :compileJava FAILED

[Incubating] Problems report is available at: file:///cta/users/ulvi.findik/TVCommercialScheduling/build/reports/problems/problems-report.html
1 actionable task: 1 executed

Command 26 FAILED (Duration: 2.61s)

[27/50] Starting command 27...
Executing: ./gradlew runMipSolver -PinstancePath="instances/density=HIGH_nInventory=16_nHours=4_seed=6.json" -PoutputPath="output/discrete" -PmodelType="Discrete" -PtimeLimit=7200 -PlogPath="output/discrete/density=HIGH_nInventory=16_nHours=4_seed=6.json/mip.log"
Command failed with return code: 1
Error: WARNING: A restricted method in java.lang.System has been called
WARNING: java.lang.System::load has been called by net.rubygrapefruit.platform.internal.NativeLibraryLoader in an unnamed module (file:/cta/users/ulvi.findik/.gradle/wrapper/dists/gradle-9.2.1-bin/2t0n5ozlw9xmuyvbp7dnzaxug/gradle-9.2.1/lib/native-platform-0.22-milestone-29.jar)
WARNING: Use --enable-native-access=ALL-UNNAMED to avoid a warning for callers in this module
WARNING: Restricted methods will be blocked in a future release unless native access is enabled

/cta/users/ulvi.findik/TVCommercialScheduling/src/main/java/main.java:110: error: no suitable constructor found for LocalSearchSettings(ArrayList<String>,double,boolean,boolean,double,int)
                new LocalSearchSettings(
                ^
    constructor LocalSearchSettings.LocalSearchSettings(List<String>,double) is not applicable
      (actual and formal argument lists differ in length)
    constructor LocalSearchSettings.LocalSearchSettings(List<String>,double,double,int) is not applicable
      (actual and formal argument lists differ in length)
1 error

FAILURE: Build failed with an exception.

* What went wrong:
Execution failed for task ':compileJava'.
> Compilation failed; see the compiler output below.
  /cta/users/ulvi.findik/TVCommercialScheduling/src/main/java/main.java:110: error: no suitable constructor found for LocalSearchSettings(ArrayList<String>,double,boolean,boolean,double,int)
                  new LocalSearchSettings(
                  ^
      constructor LocalSearchSettings.LocalSearchSettings(List<String>,double) is not applicable
        (actual and formal argument lists differ in length)
      constructor LocalSearchSettings.LocalSearchSettings(List<String>,double,double,int) is not applicable
        (actual and formal argument lists differ in length)
  1 error

* Try:
> Check your code and dependencies to fix the compilation error(s)
> Run with --scan to generate a Build Scan (powered by Develocity).

BUILD FAILED in 11s

Starting a Gradle Daemon, 17 busy and 1 incompatible and 11 stopped Daemons could not be reused, use --status for details

> Task :compileJava

> Task :compileJava FAILED

[Incubating] Problems report is available at: file:///cta/users/ulvi.findik/TVCommercialScheduling/build/reports/problems/problems-report.html
1 actionable task: 1 executed

Command 27 FAILED (Duration: 12.11s)

[28/50] Starting command 28...
Executing: ./gradlew runMipSolver -PinstancePath="instances/density=HIGH_nInventory=16_nHours=4_seed=7.json" -PoutputPath="output/discrete" -PmodelType="Discrete" -PtimeLimit=7200 -PlogPath="output/discrete/density=HIGH_nInventory=16_nHours=4_seed=7.json/mip.log"
Command failed with return code: 1
Error: WARNING: A restricted method in java.lang.System has been called
WARNING: java.lang.System::load has been called by net.rubygrapefruit.platform.internal.NativeLibraryLoader in an unnamed module (file:/cta/users/ulvi.findik/.gradle/wrapper/dists/gradle-9.2.1-bin/2t0n5ozlw9xmuyvbp7dnzaxug/gradle-9.2.1/lib/native-platform-0.22-milestone-29.jar)
WARNING: Use --enable-native-access=ALL-UNNAMED to avoid a warning for callers in this module
WARNING: Restricted methods will be blocked in a future release unless native access is enabled

/cta/users/ulvi.findik/TVCommercialScheduling/src/main/java/main.java:110: error: no suitable constructor found for LocalSearchSettings(ArrayList<String>,double,boolean,boolean,double,int)
                new LocalSearchSettings(
                ^
    constructor LocalSearchSettings.LocalSearchSettings(List<String>,double) is not applicable
      (actual and formal argument lists differ in length)
    constructor LocalSearchSettings.LocalSearchSettings(List<String>,double,double,int) is not applicable
      (actual and formal argument lists differ in length)
1 error

FAILURE: Build failed with an exception.

* What went wrong:
Execution failed for task ':compileJava'.
> Compilation failed; see the compiler output below.
  /cta/users/ulvi.findik/TVCommercialScheduling/src/main/java/main.java:110: error: no suitable constructor found for LocalSearchSettings(ArrayList<String>,double,boolean,boolean,double,int)
                  new LocalSearchSettings(
                  ^
      constructor LocalSearchSettings.LocalSearchSettings(List<String>,double) is not applicable
        (actual and formal argument lists differ in length)
      constructor LocalSearchSettings.LocalSearchSettings(List<String>,double,double,int) is not applicable
        (actual and formal argument lists differ in length)
  1 error

* Try:
> Check your code and dependencies to fix the compilation error(s)
> Run with --scan to generate a Build Scan (powered by Develocity).

BUILD FAILED in 2s


> Task :compileJava FAILED

[Incubating] Problems report is available at: file:///cta/users/ulvi.findik/TVCommercialScheduling/build/reports/problems/problems-report.html
1 actionable task: 1 executed

Command 28 FAILED (Duration: 2.77s)

[29/50] Starting command 29...
Executing: ./gradlew runMipSolver -PinstancePath="instances/density=HIGH_nInventory=16_nHours=4_seed=8.json" -PoutputPath="output/discrete" -PmodelType="Discrete" -PtimeLimit=7200 -PlogPath="output/discrete/density=HIGH_nInventory=16_nHours=4_seed=8.json/mip.log"
Command failed with return code: 1
Error: WARNING: A restricted method in java.lang.System has been called
WARNING: java.lang.System::load has been called by net.rubygrapefruit.platform.internal.NativeLibraryLoader in an unnamed module (file:/cta/users/ulvi.findik/.gradle/wrapper/dists/gradle-9.2.1-bin/2t0n5ozlw9xmuyvbp7dnzaxug/gradle-9.2.1/lib/native-platform-0.22-milestone-29.jar)
WARNING: Use --enable-native-access=ALL-UNNAMED to avoid a warning for callers in this module
WARNING: Restricted methods will be blocked in a future release unless native access is enabled

/cta/users/ulvi.findik/TVCommercialScheduling/src/main/java/main.java:110: error: no suitable constructor found for LocalSearchSettings(ArrayList<String>,double,boolean,boolean,double,int)
                new LocalSearchSettings(
                ^
    constructor LocalSearchSettings.LocalSearchSettings(List<String>,double) is not applicable
      (actual and formal argument lists differ in length)
    constructor LocalSearchSettings.LocalSearchSettings(List<String>,double,double,int) is not applicable
      (actual and formal argument lists differ in length)
1 error

FAILURE: Build failed with an exception.

* What went wrong:
Execution failed for task ':compileJava'.
> Compilation failed; see the compiler output below.
  /cta/users/ulvi.findik/TVCommercialScheduling/src/main/java/main.java:110: error: no suitable constructor found for LocalSearchSettings(ArrayList<String>,double,boolean,boolean,double,int)
                  new LocalSearchSettings(
                  ^
      constructor LocalSearchSettings.LocalSearchSettings(List<String>,double) is not applicable
        (actual and formal argument lists differ in length)
      constructor LocalSearchSettings.LocalSearchSettings(List<String>,double,double,int) is not applicable
        (actual and formal argument lists differ in length)
  1 error

* Try:
> Check your code and dependencies to fix the compilation error(s)
> Run with --scan to generate a Build Scan (powered by Develocity).

BUILD FAILED in 16s

Starting a Gradle Daemon, 18 busy and 12 stopped Daemons could not be reused, use --status for details

> Task :compileJava

> Task :compileJava FAILED

[Incubating] Problems report is available at: file:///cta/users/ulvi.findik/TVCommercialScheduling/build/reports/problems/problems-report.html
1 actionable task: 1 executed

Command 29 FAILED (Duration: 16.79s)

[30/50] Starting command 30...
Executing: ./gradlew runMipSolver -PinstancePath="instances/density=HIGH_nInventory=16_nHours=4_seed=9.json" -PoutputPath="output/discrete" -PmodelType="Discrete" -PtimeLimit=7200 -PlogPath="output/discrete/density=HIGH_nInventory=16_nHours=4_seed=9.json/mip.log"
Command failed with return code: 1
Error: WARNING: A restricted method in java.lang.System has been called
WARNING: java.lang.System::load has been called by net.rubygrapefruit.platform.internal.NativeLibraryLoader in an unnamed module (file:/cta/users/ulvi.findik/.gradle/wrapper/dists/gradle-9.2.1-bin/2t0n5ozlw9xmuyvbp7dnzaxug/gradle-9.2.1/lib/native-platform-0.22-milestone-29.jar)
WARNING: Use --enable-native-access=ALL-UNNAMED to avoid a warning for callers in this module
WARNING: Restricted methods will be blocked in a future release unless native access is enabled

/cta/users/ulvi.findik/TVCommercialScheduling/src/main/java/main.java:110: error: no suitable constructor found for LocalSearchSettings(ArrayList<String>,double,boolean,boolean,double,int)
                new LocalSearchSettings(
                ^
    constructor LocalSearchSettings.LocalSearchSettings(List<String>,double) is not applicable
      (actual and formal argument lists differ in length)
    constructor LocalSearchSettings.LocalSearchSettings(List<String>,double,double,int) is not applicable
      (actual and formal argument lists differ in length)
1 error

FAILURE: Build failed with an exception.

* What went wrong:
Execution failed for task ':compileJava'.
> Compilation failed; see the compiler output below.
  /cta/users/ulvi.findik/TVCommercialScheduling/src/main/java/main.java:110: error: no suitable constructor found for LocalSearchSettings(ArrayList<String>,double,boolean,boolean,double,int)
                  new LocalSearchSettings(
                  ^
      constructor LocalSearchSettings.LocalSearchSettings(List<String>,double) is not applicable
        (actual and formal argument lists differ in length)
      constructor LocalSearchSettings.LocalSearchSettings(List<String>,double,double,int) is not applicable
        (actual and formal argument lists differ in length)
  1 error

* Try:
> Check your code and dependencies to fix the compilation error(s)
> Run with --scan to generate a Build Scan (powered by Develocity).

BUILD FAILED in 2s


> Task :compileJava FAILED

[Incubating] Problems report is available at: file:///cta/users/ulvi.findik/TVCommercialScheduling/build/reports/problems/problems-report.html
1 actionable task: 1 executed

Command 30 FAILED (Duration: 2.54s)

[31/50] Starting command 31...
Executing: ./gradlew runMipSolver -PinstancePath="instances/density=HIGH_nInventory=20_nHours=5_seed=1.json" -PoutputPath="output/discrete" -PmodelType="Discrete" -PtimeLimit=7200 -PlogPath="output/discrete/density=HIGH_nInventory=20_nHours=5_seed=1.json/mip.log"
Command failed with return code: 1
Error: WARNING: A restricted method in java.lang.System has been called
WARNING: java.lang.System::load has been called by net.rubygrapefruit.platform.internal.NativeLibraryLoader in an unnamed module (file:/cta/users/ulvi.findik/.gradle/wrapper/dists/gradle-9.2.1-bin/2t0n5ozlw9xmuyvbp7dnzaxug/gradle-9.2.1/lib/native-platform-0.22-milestone-29.jar)
WARNING: Use --enable-native-access=ALL-UNNAMED to avoid a warning for callers in this module
WARNING: Restricted methods will be blocked in a future release unless native access is enabled

/cta/users/ulvi.findik/TVCommercialScheduling/src/main/java/randomProblemGenerator/RandomDrawDistributionBuilder.java:10: error: error while writing RandomDrawDistributionBuilder: /cta/users/ulvi.findik/TVCommercialScheduling/build/classes/java/main/randomProblemGenerator/RandomDrawDistributionBuilder.class: Remote I/O error
public class RandomDrawDistributionBuilder<T> {
       ^
/cta/users/ulvi.findik/TVCommercialScheduling/src/main/java/main.java:110: error: no suitable constructor found for LocalSearchSettings(ArrayList<String>,double,boolean,boolean,double,int)
                new LocalSearchSettings(
                ^
    constructor LocalSearchSettings.LocalSearchSettings(List<String>,double) is not applicable
      (actual and formal argument lists differ in length)
    constructor LocalSearchSettings.LocalSearchSettings(List<String>,double,double,int) is not applicable
      (actual and formal argument lists differ in length)
2 errors

FAILURE: Build failed with an exception.

* What went wrong:
Execution failed for task ':compileJava'.
> Compilation failed; see the compiler output below.
  /cta/users/ulvi.findik/TVCommercialScheduling/src/main/java/main.java:110: error: no suitable constructor found for LocalSearchSettings(ArrayList<String>,double,boolean,boolean,double,int)
                  new LocalSearchSettings(
                  ^
      constructor LocalSearchSettings.LocalSearchSettings(List<String>,double) is not applicable
        (actual and formal argument lists differ in length)
      constructor LocalSearchSettings.LocalSearchSettings(List<String>,double,double,int) is not applicable
        (actual and formal argument lists differ in length)
  /cta/users/ulvi.findik/TVCommercialScheduling/src/main/java/randomProblemGenerator/RandomDrawDistributionBuilder.java:10: error: error while writing RandomDrawDistributionBuilder: /cta/users/ulvi.findik/TVCommercialScheduling/build/classes/java/main/randomProblemGenerator/RandomDrawDistributionBuilder.class: Remote I/O error
  public class RandomDrawDistributionBuilder<T> {
         ^
  2 errors

* Try:
> Check your code and dependencies to fix the compilation error(s)
> Run with --scan to generate a Build Scan (powered by Develocity).

BUILD FAILED in 2s


> Task :compileJava FAILED

[Incubating] Problems report is available at: file:///cta/users/ulvi.findik/TVCommercialScheduling/build/reports/problems/problems-report.html
1 actionable task: 1 executed

Command 31 FAILED (Duration: 2.55s)

[32/50] Starting command 32...
Executing: ./gradlew runMipSolver -PinstancePath="instances/density=HIGH_nInventory=20_nHours=5_seed=10.json" -PoutputPath="output/discrete" -PmodelType="Discrete" -PtimeLimit=7200 -PlogPath="output/discrete/density=HIGH_nInventory=20_nHours=5_seed=10.json/mip.log"
Command failed with return code: 1
Error: WARNING: A restricted method in java.lang.System has been called
WARNING: java.lang.System::load has been called by net.rubygrapefruit.platform.internal.NativeLibraryLoader in an unnamed module (file:/cta/users/ulvi.findik/.gradle/wrapper/dists/gradle-9.2.1-bin/2t0n5ozlw9xmuyvbp7dnzaxug/gradle-9.2.1/lib/native-platform-0.22-milestone-29.jar)
WARNING: Use --enable-native-access=ALL-UNNAMED to avoid a warning for callers in this module
WARNING: Restricted methods will be blocked in a future release unless native access is enabled

/cta/users/ulvi.findik/TVCommercialScheduling/src/main/java/main.java:110: error: no suitable constructor found for LocalSearchSettings(ArrayList<String>,double,boolean,boolean,double,int)
                new LocalSearchSettings(
                ^
    constructor LocalSearchSettings.LocalSearchSettings(List<String>,double) is not applicable
      (actual and formal argument lists differ in length)
    constructor LocalSearchSettings.LocalSearchSettings(List<String>,double,double,int) is not applicable
      (actual and formal argument lists differ in length)
1 error

FAILURE: Build failed with an exception.

* What went wrong:
Execution failed for task ':compileJava'.
> Compilation failed; see the compiler output below.
  /cta/users/ulvi.findik/TVCommercialScheduling/src/main/java/main.java:110: error: no suitable constructor found for LocalSearchSettings(ArrayList<String>,double,boolean,boolean,double,int)
                  new LocalSearchSettings(
                  ^
      constructor LocalSearchSettings.LocalSearchSettings(List<String>,double) is not applicable
        (actual and formal argument lists differ in length)
      constructor LocalSearchSettings.LocalSearchSettings(List<String>,double,double,int) is not applicable
        (actual and formal argument lists differ in length)
  1 error

* Try:
> Check your code and dependencies to fix the compilation error(s)
> Run with --scan to generate a Build Scan (powered by Develocity).

BUILD FAILED in 2s


> Task :compileJava FAILED

[Incubating] Problems report is available at: file:///cta/users/ulvi.findik/TVCommercialScheduling/build/reports/problems/problems-report.html
1 actionable task: 1 executed

Command 32 FAILED (Duration: 2.72s)

[33/50] Starting command 33...
Executing: ./gradlew runMipSolver -PinstancePath="instances/density=HIGH_nInventory=20_nHours=5_seed=2.json" -PoutputPath="output/discrete" -PmodelType="Discrete" -PtimeLimit=7200 -PlogPath="output/discrete/density=HIGH_nInventory=20_nHours=5_seed=2.json/mip.log"
Command failed with return code: 1
Error: WARNING: A restricted method in java.lang.System has been called
WARNING: java.lang.System::load has been called by net.rubygrapefruit.platform.internal.NativeLibraryLoader in an unnamed module (file:/cta/users/ulvi.findik/.gradle/wrapper/dists/gradle-9.2.1-bin/2t0n5ozlw9xmuyvbp7dnzaxug/gradle-9.2.1/lib/native-platform-0.22-milestone-29.jar)
WARNING: Use --enable-native-access=ALL-UNNAMED to avoid a warning for callers in this module
WARNING: Restricted methods will be blocked in a future release unless native access is enabled

/cta/users/ulvi.findik/TVCommercialScheduling/src/main/java/main.java:110: error: no suitable constructor found for LocalSearchSettings(ArrayList<String>,double,boolean,boolean,double,int)
                new LocalSearchSettings(
                ^
    constructor LocalSearchSettings.LocalSearchSettings(List<String>,double) is not applicable
      (actual and formal argument lists differ in length)
    constructor LocalSearchSettings.LocalSearchSettings(List<String>,double,double,int) is not applicable
      (actual and formal argument lists differ in length)
1 error

FAILURE: Build failed with an exception.

* What went wrong:
Execution failed for task ':compileJava'.
> Compilation failed; see the compiler output below.
  /cta/users/ulvi.findik/TVCommercialScheduling/src/main/java/main.java:110: error: no suitable constructor found for LocalSearchSettings(ArrayList<String>,double,boolean,boolean,double,int)
                  new LocalSearchSettings(
                  ^
      constructor LocalSearchSettings.LocalSearchSettings(List<String>,double) is not applicable
        (actual and formal argument lists differ in length)
      constructor LocalSearchSettings.LocalSearchSettings(List<String>,double,double,int) is not applicable
        (actual and formal argument lists differ in length)
  1 error

* Try:
> Check your code and dependencies to fix the compilation error(s)
> Run with --scan to generate a Build Scan (powered by Develocity).

BUILD FAILED in 16s

Starting a Gradle Daemon, 20 busy and 1 incompatible and 15 stopped Daemons could not be reused, use --status for details

> Task :compileJava

> Task :compileJava FAILED

[Incubating] Problems report is available at: file:///cta/users/ulvi.findik/TVCommercialScheduling/build/reports/problems/problems-report.html
1 actionable task: 1 executed

Command 33 FAILED (Duration: 16.97s)

[34/50] Starting command 34...
Executing: ./gradlew runMipSolver -PinstancePath="instances/density=HIGH_nInventory=20_nHours=5_seed=3.json" -PoutputPath="output/discrete" -PmodelType="Discrete" -PtimeLimit=7200 -PlogPath="output/discrete/density=HIGH_nInventory=20_nHours=5_seed=3.json/mip.log"
Command failed with return code: 1
Error: WARNING: A restricted method in java.lang.System has been called
WARNING: java.lang.System::load has been called by net.rubygrapefruit.platform.internal.NativeLibraryLoader in an unnamed module (file:/cta/users/ulvi.findik/.gradle/wrapper/dists/gradle-9.2.1-bin/2t0n5ozlw9xmuyvbp7dnzaxug/gradle-9.2.1/lib/native-platform-0.22-milestone-29.jar)
WARNING: Use --enable-native-access=ALL-UNNAMED to avoid a warning for callers in this module
WARNING: Restricted methods will be blocked in a future release unless native access is enabled

/cta/users/ulvi.findik/TVCommercialScheduling/src/main/java/main.java:110: error: no suitable constructor found for LocalSearchSettings(ArrayList<String>,double,boolean,boolean,double,int)
                new LocalSearchSettings(
                ^
    constructor LocalSearchSettings.LocalSearchSettings(List<String>,double) is not applicable
      (actual and formal argument lists differ in length)
    constructor LocalSearchSettings.LocalSearchSettings(List<String>,double,double,int) is not applicable
      (actual and formal argument lists differ in length)
1 error

FAILURE: Build failed with an exception.

* What went wrong:
Execution failed for task ':compileJava'.
> Compilation failed; see the compiler output below.
  /cta/users/ulvi.findik/TVCommercialScheduling/src/main/java/main.java:110: error: no suitable constructor found for LocalSearchSettings(ArrayList<String>,double,boolean,boolean,double,int)
                  new LocalSearchSettings(
                  ^
      constructor LocalSearchSettings.LocalSearchSettings(List<String>,double) is not applicable
        (actual and formal argument lists differ in length)
      constructor LocalSearchSettings.LocalSearchSettings(List<String>,double,double,int) is not applicable
        (actual and formal argument lists differ in length)
  1 error

* Try:
> Check your code and dependencies to fix the compilation error(s)
> Run with --scan to generate a Build Scan (powered by Develocity).

BUILD FAILED in 13s

Starting a Gradle Daemon, 18 busy and 1 incompatible and 23 stopped Daemons could not be reused, use --status for details

> Task :compileJava

> Task :compileJava FAILED

[Incubating] Problems report is available at: file:///cta/users/ulvi.findik/TVCommercialScheduling/build/reports/problems/problems-report.html
1 actionable task: 1 executed

Command 34 FAILED (Duration: 13.93s)

[35/50] Starting command 35...
Executing: ./gradlew runMipSolver -PinstancePath="instances/density=HIGH_nInventory=20_nHours=5_seed=4.json" -PoutputPath="output/discrete" -PmodelType="Discrete" -PtimeLimit=7200 -PlogPath="output/discrete/density=HIGH_nInventory=20_nHours=5_seed=4.json/mip.log"
Command failed with return code: 1
Error: WARNING: A restricted method in java.lang.System has been called
WARNING: java.lang.System::load has been called by net.rubygrapefruit.platform.internal.NativeLibraryLoader in an unnamed module (file:/cta/users/ulvi.findik/.gradle/wrapper/dists/gradle-9.2.1-bin/2t0n5ozlw9xmuyvbp7dnzaxug/gradle-9.2.1/lib/native-platform-0.22-milestone-29.jar)
WARNING: Use --enable-native-access=ALL-UNNAMED to avoid a warning for callers in this module
WARNING: Restricted methods will be blocked in a future release unless native access is enabled

/cta/users/ulvi.findik/TVCommercialScheduling/src/main/java/main.java:110: error: no suitable constructor found for LocalSearchSettings(ArrayList<String>,double,boolean,boolean,double,int)
                new LocalSearchSettings(
                ^
    constructor LocalSearchSettings.LocalSearchSettings(List<String>,double) is not applicable
      (actual and formal argument lists differ in length)
    constructor LocalSearchSettings.LocalSearchSettings(List<String>,double,double,int) is not applicable
      (actual and formal argument lists differ in length)
1 error

FAILURE: Build failed with an exception.

* What went wrong:
Execution failed for task ':compileJava'.
> Compilation failed; see the compiler output below.
  /cta/users/ulvi.findik/TVCommercialScheduling/src/main/java/main.java:110: error: no suitable constructor found for LocalSearchSettings(ArrayList<String>,double,boolean,boolean,double,int)
                  new LocalSearchSettings(
                  ^
      constructor LocalSearchSettings.LocalSearchSettings(List<String>,double) is not applicable
        (actual and formal argument lists differ in length)
      constructor LocalSearchSettings.LocalSearchSettings(List<String>,double,double,int) is not applicable
        (actual and formal argument lists differ in length)
  1 error

* Try:
> Check your code and dependencies to fix the compilation error(s)
> Run with --scan to generate a Build Scan (powered by Develocity).

BUILD FAILED in 2s


> Task :compileJava FAILED

[Incubating] Problems report is available at: file:///cta/users/ulvi.findik/TVCommercialScheduling/build/reports/problems/problems-report.html
1 actionable task: 1 executed

Command 35 FAILED (Duration: 2.57s)

[36/50] Starting command 36...
Executing: ./gradlew runMipSolver -PinstancePath="instances/density=HIGH_nInventory=20_nHours=5_seed=5.json" -PoutputPath="output/discrete" -PmodelType="Discrete" -PtimeLimit=7200 -PlogPath="output/discrete/density=HIGH_nInventory=20_nHours=5_seed=5.json/mip.log"
Command failed with return code: 1
Error: WARNING: A restricted method in java.lang.System has been called
WARNING: java.lang.System::load has been called by net.rubygrapefruit.platform.internal.NativeLibraryLoader in an unnamed module (file:/cta/users/ulvi.findik/.gradle/wrapper/dists/gradle-9.2.1-bin/2t0n5ozlw9xmuyvbp7dnzaxug/gradle-9.2.1/lib/native-platform-0.22-milestone-29.jar)
WARNING: Use --enable-native-access=ALL-UNNAMED to avoid a warning for callers in this module
WARNING: Restricted methods will be blocked in a future release unless native access is enabled


FAILURE: Build failed with an exception.

* What went wrong:
Gradle could not start your build.
> Could not create service of type BuildLifecycleController using ServicesProvider.createBuildLifecycleController().
   > Could not create service of type BuildModelController using VintageBuildControllerProvider.createBuildModelController().
      > Could not create service of type OutputFilesRepository using ExecutionBuildServices.createOutputFilesRepository().
         > java.io.FileNotFoundException: File does not exist: /cta/users/ulvi.findik/TVCommercialScheduling/.gradle/buildOutputCleanup/outputFiles.bin

* Try:
> Run with --stacktrace option to get the stack trace.
> Run with --info or --debug option to get more log output.
> Run with --scan to generate a Build Scan (powered by Develocity).
> Get more help at https://help.gradle.org.

BUILD FAILED in 8s

Starting a Gradle Daemon, 17 busy and 28 stopped Daemons could not be reused, use --status for details

Command 36 FAILED (Duration: 9.20s)

[37/50] Starting command 37...
Executing: ./gradlew runMipSolver -PinstancePath="instances/density=HIGH_nInventory=20_nHours=5_seed=6.json" -PoutputPath="output/discrete" -PmodelType="Discrete" -PtimeLimit=7200 -PlogPath="output/discrete/density=HIGH_nInventory=20_nHours=5_seed=6.json/mip.log"
Command failed with return code: 1
Error: WARNING: A restricted method in java.lang.System has been called
WARNING: java.lang.System::load has been called by net.rubygrapefruit.platform.internal.NativeLibraryLoader in an unnamed module (file:/cta/users/ulvi.findik/.gradle/wrapper/dists/gradle-9.2.1-bin/2t0n5ozlw9xmuyvbp7dnzaxug/gradle-9.2.1/lib/native-platform-0.22-milestone-29.jar)
WARNING: Use --enable-native-access=ALL-UNNAMED to avoid a warning for callers in this module
WARNING: Restricted methods will be blocked in a future release unless native access is enabled

/cta/users/ulvi.findik/TVCommercialScheduling/src/main/java/main.java:110: error: no suitable constructor found for LocalSearchSettings(ArrayList<String>,double,boolean,boolean,double,int)
                new LocalSearchSettings(
                ^
    constructor LocalSearchSettings.LocalSearchSettings(List<String>,double) is not applicable
      (actual and formal argument lists differ in length)
    constructor LocalSearchSettings.LocalSearchSettings(List<String>,double,double,int) is not applicable
      (actual and formal argument lists differ in length)
1 error

FAILURE: Build failed with an exception.

* What went wrong:
Execution failed for task ':compileJava'.
> Compilation failed; see the compiler output below.
  /cta/users/ulvi.findik/TVCommercialScheduling/src/main/java/main.java:110: error: no suitable constructor found for LocalSearchSettings(ArrayList<String>,double,boolean,boolean,double,int)
                  new LocalSearchSettings(
                  ^
      constructor LocalSearchSettings.LocalSearchSettings(List<String>,double) is not applicable
        (actual and formal argument lists differ in length)
      constructor LocalSearchSettings.LocalSearchSettings(List<String>,double,double,int) is not applicable
        (actual and formal argument lists differ in length)
  1 error

* Try:
> Check your code and dependencies to fix the compilation error(s)
> Run with --scan to generate a Build Scan (powered by Develocity).

BUILD FAILED in 6s


> Task :compileJava FAILED

[Incubating] Problems report is available at: file:///cta/users/ulvi.findik/TVCommercialScheduling/build/reports/problems/problems-report.html
1 actionable task: 1 executed

Command 37 FAILED (Duration: 6.98s)

[38/50] Starting command 38...
Executing: ./gradlew runMipSolver -PinstancePath="instances/density=HIGH_nInventory=20_nHours=5_seed=7.json" -PoutputPath="output/discrete" -PmodelType="Discrete" -PtimeLimit=7200 -PlogPath="output/discrete/density=HIGH_nInventory=20_nHours=5_seed=7.json/mip.log"
Command failed with return code: 1
Error: WARNING: A restricted method in java.lang.System has been called
WARNING: java.lang.System::load has been called by net.rubygrapefruit.platform.internal.NativeLibraryLoader in an unnamed module (file:/cta/users/ulvi.findik/.gradle/wrapper/dists/gradle-9.2.1-bin/2t0n5ozlw9xmuyvbp7dnzaxug/gradle-9.2.1/lib/native-platform-0.22-milestone-29.jar)
WARNING: Use --enable-native-access=ALL-UNNAMED to avoid a warning for callers in this module
WARNING: Restricted methods will be blocked in a future release unless native access is enabled

/cta/users/ulvi.findik/TVCommercialScheduling/src/main/java/runParameters/MipRunSettings.java:3: error: error while writing MipRunSettings: could not create parent directories
public record MipRunSettings(int timeLimit, String logPath) {}
       ^
/cta/users/ulvi.findik/TVCommercialScheduling/src/main/java/main.java:110: error: no suitable constructor found for LocalSearchSettings(ArrayList<String>,double,boolean,boolean,double,int)
                new LocalSearchSettings(
                ^
    constructor LocalSearchSettings.LocalSearchSettings(List<String>,double) is not applicable
      (actual and formal argument lists differ in length)
    constructor LocalSearchSettings.LocalSearchSettings(List<String>,double,double,int) is not applicable
      (actual and formal argument lists differ in length)
2 errors

FAILURE: Build failed with an exception.

* What went wrong:
Execution failed for task ':compileJava'.
> Compilation failed; see the compiler output below.
  /cta/users/ulvi.findik/TVCommercialScheduling/src/main/java/main.java:110: error: no suitable constructor found for LocalSearchSettings(ArrayList<String>,double,boolean,boolean,double,int)
                  new LocalSearchSettings(
                  ^
      constructor LocalSearchSettings.LocalSearchSettings(List<String>,double) is not applicable
        (actual and formal argument lists differ in length)
      constructor LocalSearchSettings.LocalSearchSettings(List<String>,double,double,int) is not applicable
        (actual and formal argument lists differ in length)
  /cta/users/ulvi.findik/TVCommercialScheduling/src/main/java/runParameters/MipRunSettings.java:3: error: error while writing MipRunSettings: could not create parent directories
  public record MipRunSettings(int timeLimit, String logPath) {}
         ^
  2 errors

* Try:
> Check your code and dependencies to fix the compilation error(s)
> Run with --scan to generate a Build Scan (powered by Develocity).

BUILD FAILED in 14s

Starting a Gradle Daemon, 18 busy and 33 stopped Daemons could not be reused, use --status for details

> Task :compileJava FAILED

[Incubating] Problems report is available at: file:///cta/users/ulvi.findik/TVCommercialScheduling/build/reports/problems/problems-report.html
1 actionable task: 1 executed

Command 38 FAILED (Duration: 15.23s)

[39/50] Starting command 39...
Executing: ./gradlew runMipSolver -PinstancePath="instances/density=HIGH_nInventory=20_nHours=5_seed=8.json" -PoutputPath="output/discrete" -PmodelType="Discrete" -PtimeLimit=7200 -PlogPath="output/discrete/density=HIGH_nInventory=20_nHours=5_seed=8.json/mip.log"
Command failed with return code: 1
Error: WARNING: A restricted method in java.lang.System has been called
WARNING: java.lang.System::load has been called by net.rubygrapefruit.platform.internal.NativeLibraryLoader in an unnamed module (file:/cta/users/ulvi.findik/.gradle/wrapper/dists/gradle-9.2.1-bin/2t0n5ozlw9xmuyvbp7dnzaxug/gradle-9.2.1/lib/native-platform-0.22-milestone-29.jar)
WARNING: Use --enable-native-access=ALL-UNNAMED to avoid a warning for callers in this module
WARNING: Restricted methods will be blocked in a future release unless native access is enabled

/cta/users/ulvi.findik/TVCommercialScheduling/src/main/java/main.java:110: error: no suitable constructor found for LocalSearchSettings(ArrayList<String>,double,boolean,boolean,double,int)
                new LocalSearchSettings(
                ^
    constructor LocalSearchSettings.LocalSearchSettings(List<String>,double) is not applicable
      (actual and formal argument lists differ in length)
    constructor LocalSearchSettings.LocalSearchSettings(List<String>,double,double,int) is not applicable
      (actual and formal argument lists differ in length)
1 error

FAILURE: Build failed with an exception.

* What went wrong:
Execution failed for task ':compileJava'.
> Compilation failed; see the compiler output below.
  /cta/users/ulvi.findik/TVCommercialScheduling/src/main/java/main.java:110: error: no suitable constructor found for LocalSearchSettings(ArrayList<String>,double,boolean,boolean,double,int)
                  new LocalSearchSettings(
                  ^
      constructor LocalSearchSettings.LocalSearchSettings(List<String>,double) is not applicable
        (actual and formal argument lists differ in length)
      constructor LocalSearchSettings.LocalSearchSettings(List<String>,double,double,int) is not applicable
        (actual and formal argument lists differ in length)
  1 error

* Try:
> Check your code and dependencies to fix the compilation error(s)
> Run with --scan to generate a Build Scan (powered by Develocity).

BUILD FAILED in 14s

Starting a Gradle Daemon, 17 busy and 38 stopped Daemons could not be reused, use --status for details
Daemon will be stopped at the end of the build after the daemon was no longer found in the daemon registry

> Task :compileJava FAILED

[Incubating] Problems report is available at: file:///cta/users/ulvi.findik/TVCommercialScheduling/build/reports/problems/problems-report.html
1 actionable task: 1 executed

Command 39 FAILED (Duration: 14.84s)

[40/50] Starting command 40...
Executing: ./gradlew runMipSolver -PinstancePath="instances/density=HIGH_nInventory=20_nHours=5_seed=9.json" -PoutputPath="output/discrete" -PmodelType="Discrete" -PtimeLimit=7200 -PlogPath="output/discrete/density=HIGH_nInventory=20_nHours=5_seed=9.json/mip.log"
Command failed with return code: 1
Error: WARNING: A restricted method in java.lang.System has been called
WARNING: java.lang.System::load has been called by net.rubygrapefruit.platform.internal.NativeLibraryLoader in an unnamed module (file:/cta/users/ulvi.findik/.gradle/wrapper/dists/gradle-9.2.1-bin/2t0n5ozlw9xmuyvbp7dnzaxug/gradle-9.2.1/lib/native-platform-0.22-milestone-29.jar)
WARNING: Use --enable-native-access=ALL-UNNAMED to avoid a warning for callers in this module
WARNING: Restricted methods will be blocked in a future release unless native access is enabled

/cta/users/ulvi.findik/TVCommercialScheduling/src/main/java/runParameters/MipRunSettings.java:3: error: error while writing MipRunSettings: could not create parent directories
public record MipRunSettings(int timeLimit, String logPath) {}
       ^
/cta/users/ulvi.findik/TVCommercialScheduling/src/main/java/main.java:110: error: no suitable constructor found for LocalSearchSettings(ArrayList<String>,double,boolean,boolean,double,int)
                new LocalSearchSettings(
                ^
    constructor LocalSearchSettings.LocalSearchSettings(List<String>,double) is not applicable
      (actual and formal argument lists differ in length)
    constructor LocalSearchSettings.LocalSearchSettings(List<String>,double,double,int) is not applicable
      (actual and formal argument lists differ in length)
2 errors

FAILURE: Build failed with an exception.

* What went wrong:
Execution failed for task ':compileJava'.
> Compilation failed; see the compiler output below.
  /cta/users/ulvi.findik/TVCommercialScheduling/src/main/java/main.java:110: error: no suitable constructor found for LocalSearchSettings(ArrayList<String>,double,boolean,boolean,double,int)
                  new LocalSearchSettings(
                  ^
      constructor LocalSearchSettings.LocalSearchSettings(List<String>,double) is not applicable
        (actual and formal argument lists differ in length)
      constructor LocalSearchSettings.LocalSearchSettings(List<String>,double,double,int) is not applicable
        (actual and formal argument lists differ in length)
  /cta/users/ulvi.findik/TVCommercialScheduling/src/main/java/runParameters/MipRunSettings.java:3: error: error while writing MipRunSettings: could not create parent directories
  public record MipRunSettings(int timeLimit, String logPath) {}
         ^
  2 errors

* Try:
> Check your code and dependencies to fix the compilation error(s)
> Run with --scan to generate a Build Scan (powered by Develocity).

BUILD FAILED in 10s

Starting a Gradle Daemon, 1 busy and 9 stopped Daemons could not be reused, use --status for details

> Task :compileJava FAILED

[Incubating] Problems report is available at: file:///cta/users/ulvi.findik/TVCommercialScheduling/build/reports/problems/problems-report.html
1 actionable task: 1 executed

Command 40 FAILED (Duration: 10.74s)

[41/50] Starting command 41...
Executing: ./gradlew runMipSolver -PinstancePath="instances/density=LOW_nInventory=12_nHours=3_seed=1.json" -PoutputPath="output/discrete" -PmodelType="Discrete" -PtimeLimit=7200 -PlogPath="output/discrete/density=LOW_nInventory=12_nHours=3_seed=1.json/mip.log"
Command failed with return code: 1
Error: WARNING: A restricted method in java.lang.System has been called
WARNING: java.lang.System::load has been called by net.rubygrapefruit.platform.internal.NativeLibraryLoader in an unnamed module (file:/cta/users/ulvi.findik/.gradle/wrapper/dists/gradle-9.2.1-bin/2t0n5ozlw9xmuyvbp7dnzaxug/gradle-9.2.1/lib/native-platform-0.22-milestone-29.jar)
WARNING: Use --enable-native-access=ALL-UNNAMED to avoid a warning for callers in this module
WARNING: Restricted methods will be blocked in a future release unless native access is enabled

/cta/users/ulvi.findik/TVCommercialScheduling/src/main/java/main.java:110: error: no suitable constructor found for LocalSearchSettings(ArrayList<String>,double,boolean,boolean,double,int)
                new LocalSearchSettings(
                ^
    constructor LocalSearchSettings.LocalSearchSettings(List<String>,double) is not applicable
      (actual and formal argument lists differ in length)
    constructor LocalSearchSettings.LocalSearchSettings(List<String>,double,double,int) is not applicable
      (actual and formal argument lists differ in length)
1 error

FAILURE: Build failed with an exception.

* What went wrong:
Execution failed for task ':compileJava'.
> Compilation failed; see the compiler output below.
  /cta/users/ulvi.findik/TVCommercialScheduling/src/main/java/main.java:110: error: no suitable constructor found for LocalSearchSettings(ArrayList<String>,double,boolean,boolean,double,int)
                  new LocalSearchSettings(
                  ^
      constructor LocalSearchSettings.LocalSearchSettings(List<String>,double) is not applicable
        (actual and formal argument lists differ in length)
      constructor LocalSearchSettings.LocalSearchSettings(List<String>,double,double,int) is not applicable
        (actual and formal argument lists differ in length)
  1 error

* Try:
> Check your code and dependencies to fix the compilation error(s)
> Run with --scan to generate a Build Scan (powered by Develocity).

BUILD FAILED in 2s


> Task :compileJava FAILED

[Incubating] Problems report is available at: file:///cta/users/ulvi.findik/TVCommercialScheduling/build/reports/problems/problems-report.html
1 actionable task: 1 executed

Command 41 FAILED (Duration: 2.68s)

[42/50] Starting command 42...
Executing: ./gradlew runMipSolver -PinstancePath="instances/density=LOW_nInventory=12_nHours=3_seed=10.json" -PoutputPath="output/discrete" -PmodelType="Discrete" -PtimeLimit=7200 -PlogPath="output/discrete/density=LOW_nInventory=12_nHours=3_seed=10.json/mip.log"
Command failed with return code: 1
Error: WARNING: A restricted method in java.lang.System has been called
WARNING: java.lang.System::load has been called by net.rubygrapefruit.platform.internal.NativeLibraryLoader in an unnamed module (file:/cta/users/ulvi.findik/.gradle/wrapper/dists/gradle-9.2.1-bin/2t0n5ozlw9xmuyvbp7dnzaxug/gradle-9.2.1/lib/native-platform-0.22-milestone-29.jar)
WARNING: Use --enable-native-access=ALL-UNNAMED to avoid a warning for callers in this module
WARNING: Restricted methods will be blocked in a future release unless native access is enabled

/cta/users/ulvi.findik/TVCommercialScheduling/src/main/java/main.java:110: error: no suitable constructor found for LocalSearchSettings(ArrayList<String>,double,boolean,boolean,double,int)
                new LocalSearchSettings(
                ^
    constructor LocalSearchSettings.LocalSearchSettings(List<String>,double) is not applicable
      (actual and formal argument lists differ in length)
    constructor LocalSearchSettings.LocalSearchSettings(List<String>,double,double,int) is not applicable
      (actual and formal argument lists differ in length)
1 error

FAILURE: Build failed with an exception.

* What went wrong:
Execution failed for task ':compileJava'.
> Compilation failed; see the compiler output below.
  /cta/users/ulvi.findik/TVCommercialScheduling/src/main/java/main.java:110: error: no suitable constructor found for LocalSearchSettings(ArrayList<String>,double,boolean,boolean,double,int)
                  new LocalSearchSettings(
                  ^
      constructor LocalSearchSettings.LocalSearchSettings(List<String>,double) is not applicable
        (actual and formal argument lists differ in length)
      constructor LocalSearchSettings.LocalSearchSettings(List<String>,double,double,int) is not applicable
        (actual and formal argument lists differ in length)
  1 error

* Try:
> Check your code and dependencies to fix the compilation error(s)
> Run with --scan to generate a Build Scan (powered by Develocity).

BUILD FAILED in 10s

Starting a Gradle Daemon, 2 busy and 12 stopped Daemons could not be reused, use --status for details

> Task :compileJava FAILED

[Incubating] Problems report is available at: file:///cta/users/ulvi.findik/TVCommercialScheduling/build/reports/problems/problems-report.html
1 actionable task: 1 executed

Command 42 FAILED (Duration: 10.86s)

[43/50] Starting command 43...
Executing: ./gradlew runMipSolver -PinstancePath="instances/density=LOW_nInventory=12_nHours=3_seed=2.json" -PoutputPath="output/discrete" -PmodelType="Discrete" -PtimeLimit=7200 -PlogPath="output/discrete/density=LOW_nInventory=12_nHours=3_seed=2.json/mip.log"
Command failed with return code: 1
Error: WARNING: A restricted method in java.lang.System has been called
WARNING: java.lang.System::load has been called by net.rubygrapefruit.platform.internal.NativeLibraryLoader in an unnamed module (file:/cta/users/ulvi.findik/.gradle/wrapper/dists/gradle-9.2.1-bin/2t0n5ozlw9xmuyvbp7dnzaxug/gradle-9.2.1/lib/native-platform-0.22-milestone-29.jar)
WARNING: Use --enable-native-access=ALL-UNNAMED to avoid a warning for callers in this module
WARNING: Restricted methods will be blocked in a future release unless native access is enabled

/cta/users/ulvi.findik/TVCommercialScheduling/src/main/java/solvers/heuristicSolvers/grasp/reactiveGrasp/AlphaGeneratorReactive.java:11: error: error while writing AlphaGeneratorReactive: could not create parent directories
public class AlphaGeneratorReactive {
       ^
/cta/users/ulvi.findik/TVCommercialScheduling/src/main/java/main.java:110: error: no suitable constructor found for LocalSearchSettings(ArrayList<String>,double,boolean,boolean,double,int)
                new LocalSearchSettings(
                ^
    constructor LocalSearchSettings.LocalSearchSettings(List<String>,double) is not applicable
      (actual and formal argument lists differ in length)
    constructor LocalSearchSettings.LocalSearchSettings(List<String>,double,double,int) is not applicable
      (actual and formal argument lists differ in length)
2 errors

FAILURE: Build failed with an exception.

* What went wrong:
Execution failed for task ':compileJava'.
> Compilation failed; see the compiler output below.
  /cta/users/ulvi.findik/TVCommercialScheduling/src/main/java/main.java:110: error: no suitable constructor found for LocalSearchSettings(ArrayList<String>,double,boolean,boolean,double,int)
                  new LocalSearchSettings(
                  ^
      constructor LocalSearchSettings.LocalSearchSettings(List<String>,double) is not applicable
        (actual and formal argument lists differ in length)
      constructor LocalSearchSettings.LocalSearchSettings(List<String>,double,double,int) is not applicable
        (actual and formal argument lists differ in length)
  /cta/users/ulvi.findik/TVCommercialScheduling/src/main/java/solvers/heuristicSolvers/grasp/reactiveGrasp/AlphaGeneratorReactive.java:11: error: error while writing AlphaGeneratorReactive: could not create parent directories
  public class AlphaGeneratorReactive {
         ^
  2 errors

* Try:
> Check your code and dependencies to fix the compilation error(s)
> Run with --scan to generate a Build Scan (powered by Develocity).

BUILD FAILED in 9s

Starting a Gradle Daemon, 2 busy and 16 stopped Daemons could not be reused, use --status for details

> Task :compileJava FAILED

[Incubating] Problems report is available at: file:///cta/users/ulvi.findik/TVCommercialScheduling/build/reports/problems/problems-report.html
1 actionable task: 1 executed

Command 43 FAILED (Duration: 10.36s)

[44/50] Starting command 44...
Executing: ./gradlew runMipSolver -PinstancePath="instances/density=LOW_nInventory=12_nHours=3_seed=3.json" -PoutputPath="output/discrete" -PmodelType="Discrete" -PtimeLimit=7200 -PlogPath="output/discrete/density=LOW_nInventory=12_nHours=3_seed=3.json/mip.log"
Command failed with return code: 1
Error: WARNING: A restricted method in java.lang.System has been called
WARNING: java.lang.System::load has been called by net.rubygrapefruit.platform.internal.NativeLibraryLoader in an unnamed module (file:/cta/users/ulvi.findik/.gradle/wrapper/dists/gradle-9.2.1-bin/2t0n5ozlw9xmuyvbp7dnzaxug/gradle-9.2.1/lib/native-platform-0.22-milestone-29.jar)
WARNING: Use --enable-native-access=ALL-UNNAMED to avoid a warning for callers in this module
WARNING: Restricted methods will be blocked in a future release unless native access is enabled

/cta/users/ulvi.findik/TVCommercialScheduling/src/main/java/main.java:110: error: no suitable constructor found for LocalSearchSettings(ArrayList<String>,double,boolean,boolean,double,int)
                new LocalSearchSettings(
                ^
    constructor LocalSearchSettings.LocalSearchSettings(List<String>,double) is not applicable
      (actual and formal argument lists differ in length)
    constructor LocalSearchSettings.LocalSearchSettings(List<String>,double,double,int) is not applicable
      (actual and formal argument lists differ in length)
1 error

FAILURE: Build failed with an exception.

* What went wrong:
Execution failed for task ':compileJava'.
> Compilation failed; see the compiler output below.
  /cta/users/ulvi.findik/TVCommercialScheduling/src/main/java/main.java:110: error: no suitable constructor found for LocalSearchSettings(ArrayList<String>,double,boolean,boolean,double,int)
                  new LocalSearchSettings(
                  ^
      constructor LocalSearchSettings.LocalSearchSettings(List<String>,double) is not applicable
        (actual and formal argument lists differ in length)
      constructor LocalSearchSettings.LocalSearchSettings(List<String>,double,double,int) is not applicable
        (actual and formal argument lists differ in length)
  1 error

* Try:
> Check your code and dependencies to fix the compilation error(s)
> Run with --scan to generate a Build Scan (powered by Develocity).

BUILD FAILED in 10s

Starting a Gradle Daemon, 1 busy and 20 stopped Daemons could not be reused, use --status for details

> Task :compileJava FAILED

[Incubating] Problems report is available at: file:///cta/users/ulvi.findik/TVCommercialScheduling/build/reports/problems/problems-report.html
1 actionable task: 1 executed

Command 44 FAILED (Duration: 10.80s)

[45/50] Starting command 45...
Executing: ./gradlew runMipSolver -PinstancePath="instances/density=LOW_nInventory=12_nHours=3_seed=4.json" -PoutputPath="output/discrete" -PmodelType="Discrete" -PtimeLimit=7200 -PlogPath="output/discrete/density=LOW_nInventory=12_nHours=3_seed=4.json/mip.log"
Command failed with return code: 1
Error: WARNING: A restricted method in java.lang.System has been called
WARNING: java.lang.System::load has been called by net.rubygrapefruit.platform.internal.NativeLibraryLoader in an unnamed module (file:/cta/users/ulvi.findik/.gradle/wrapper/dists/gradle-9.2.1-bin/2t0n5ozlw9xmuyvbp7dnzaxug/gradle-9.2.1/lib/native-platform-0.22-milestone-29.jar)
WARNING: Use --enable-native-access=ALL-UNNAMED to avoid a warning for callers in this module
WARNING: Restricted methods will be blocked in a future release unless native access is enabled

/cta/users/ulvi.findik/TVCommercialScheduling/src/main/java/main.java:110: error: no suitable constructor found for LocalSearchSettings(ArrayList<String>,double,boolean,boolean,double,int)
                new LocalSearchSettings(
                ^
    constructor LocalSearchSettings.LocalSearchSettings(List<String>,double) is not applicable
      (actual and formal argument lists differ in length)
    constructor LocalSearchSettings.LocalSearchSettings(List<String>,double,double,int) is not applicable
      (actual and formal argument lists differ in length)
1 error

FAILURE: Build failed with an exception.

* What went wrong:
Execution failed for task ':compileJava'.
> Compilation failed; see the compiler output below.
  /cta/users/ulvi.findik/TVCommercialScheduling/src/main/java/main.java:110: error: no suitable constructor found for LocalSearchSettings(ArrayList<String>,double,boolean,boolean,double,int)
                  new LocalSearchSettings(
                  ^
      constructor LocalSearchSettings.LocalSearchSettings(List<String>,double) is not applicable
        (actual and formal argument lists differ in length)
      constructor LocalSearchSettings.LocalSearchSettings(List<String>,double,double,int) is not applicable
        (actual and formal argument lists differ in length)
  1 error

* Try:
> Check your code and dependencies to fix the compilation error(s)
> Run with --scan to generate a Build Scan (powered by Develocity).

BUILD FAILED in 10s

Starting a Gradle Daemon, 2 busy and 1 incompatible and 23 stopped Daemons could not be reused, use --status for details

> Task :compileJava

> Task :compileJava FAILED

[Incubating] Problems report is available at: file:///cta/users/ulvi.findik/TVCommercialScheduling/build/reports/problems/problems-report.html
1 actionable task: 1 executed

Command 45 FAILED (Duration: 10.75s)

[46/50] Starting command 46...
Executing: ./gradlew runMipSolver -PinstancePath="instances/density=LOW_nInventory=12_nHours=3_seed=5.json" -PoutputPath="output/discrete" -PmodelType="Discrete" -PtimeLimit=7200 -PlogPath="output/discrete/density=LOW_nInventory=12_nHours=3_seed=5.json/mip.log"
Command failed with return code: 1
Error: WARNING: A restricted method in java.lang.System has been called
WARNING: java.lang.System::load has been called by net.rubygrapefruit.platform.internal.NativeLibraryLoader in an unnamed module (file:/cta/users/ulvi.findik/.gradle/wrapper/dists/gradle-9.2.1-bin/2t0n5ozlw9xmuyvbp7dnzaxug/gradle-9.2.1/lib/native-platform-0.22-milestone-29.jar)
WARNING: Use --enable-native-access=ALL-UNNAMED to avoid a warning for callers in this module
WARNING: Restricted methods will be blocked in a future release unless native access is enabled

/cta/users/ulvi.findik/TVCommercialScheduling/src/main/java/main.java:110: error: no suitable constructor found for LocalSearchSettings(ArrayList<String>,double,boolean,boolean,double,int)
                new LocalSearchSettings(
                ^
    constructor LocalSearchSettings.LocalSearchSettings(List<String>,double) is not applicable
      (actual and formal argument lists differ in length)
    constructor LocalSearchSettings.LocalSearchSettings(List<String>,double,double,int) is not applicable
      (actual and formal argument lists differ in length)
1 error

FAILURE: Build failed with an exception.

* What went wrong:
Execution failed for task ':compileJava'.
> Compilation failed; see the compiler output below.
  /cta/users/ulvi.findik/TVCommercialScheduling/src/main/java/main.java:110: error: no suitable constructor found for LocalSearchSettings(ArrayList<String>,double,boolean,boolean,double,int)
                  new LocalSearchSettings(
                  ^
      constructor LocalSearchSettings.LocalSearchSettings(List<String>,double) is not applicable
        (actual and formal argument lists differ in length)
      constructor LocalSearchSettings.LocalSearchSettings(List<String>,double,double,int) is not applicable
        (actual and formal argument lists differ in length)
  1 error

* Try:
> Check your code and dependencies to fix the compilation error(s)
> Run with --scan to generate a Build Scan (powered by Develocity).

BUILD FAILED in 10s

Starting a Gradle Daemon, 3 busy and 1 incompatible and 1 stopped Daemons could not be reused, use --status for details

> Task :compileJava FAILED

[Incubating] Problems report is available at: file:///cta/users/ulvi.findik/TVCommercialScheduling/build/reports/problems/problems-report.html
1 actionable task: 1 executed

Command 46 FAILED (Duration: 11.02s)

[47/50] Starting command 47...
Executing: ./gradlew runMipSolver -PinstancePath="instances/density=LOW_nInventory=12_nHours=3_seed=6.json" -PoutputPath="output/discrete" -PmodelType="Discrete" -PtimeLimit=7200 -PlogPath="output/discrete/density=LOW_nInventory=12_nHours=3_seed=6.json/mip.log"
Command failed with return code: 1
Error: WARNING: A restricted method in java.lang.System has been called
WARNING: java.lang.System::load has been called by net.rubygrapefruit.platform.internal.NativeLibraryLoader in an unnamed module (file:/cta/users/ulvi.findik/.gradle/wrapper/dists/gradle-9.2.1-bin/2t0n5ozlw9xmuyvbp7dnzaxug/gradle-9.2.1/lib/native-platform-0.22-milestone-29.jar)
WARNING: Use --enable-native-access=ALL-UNNAMED to avoid a warning for callers in this module
WARNING: Restricted methods will be blocked in a future release unless native access is enabled

/cta/users/ulvi.findik/TVCommercialScheduling/src/main/java/main.java:110: error: no suitable constructor found for LocalSearchSettings(ArrayList<String>,double,boolean,boolean,double,int)
                new LocalSearchSettings(
                ^
    constructor LocalSearchSettings.LocalSearchSettings(List<String>,double) is not applicable
      (actual and formal argument lists differ in length)
    constructor LocalSearchSettings.LocalSearchSettings(List<String>,double,double,int) is not applicable
      (actual and formal argument lists differ in length)
1 error

FAILURE: Build failed with an exception.

* What went wrong:
Execution failed for task ':compileJava'.
> Compilation failed; see the compiler output below.
  /cta/users/ulvi.findik/TVCommercialScheduling/src/main/java/main.java:110: error: no suitable constructor found for LocalSearchSettings(ArrayList<String>,double,boolean,boolean,double,int)
                  new LocalSearchSettings(
                  ^
      constructor LocalSearchSettings.LocalSearchSettings(List<String>,double) is not applicable
        (actual and formal argument lists differ in length)
      constructor LocalSearchSettings.LocalSearchSettings(List<String>,double,double,int) is not applicable
        (actual and formal argument lists differ in length)
  1 error

* Try:
> Check your code and dependencies to fix the compilation error(s)
> Run with --scan to generate a Build Scan (powered by Develocity).

BUILD FAILED in 2s


> Task :compileJava FAILED

[Incubating] Problems report is available at: file:///cta/users/ulvi.findik/TVCommercialScheduling/build/reports/problems/problems-report.html
1 actionable task: 1 executed

Command 47 FAILED (Duration: 2.66s)

[48/50] Starting command 48...
Executing: ./gradlew runMipSolver -PinstancePath="instances/density=LOW_nInventory=12_nHours=3_seed=7.json" -PoutputPath="output/discrete" -PmodelType="Discrete" -PtimeLimit=7200 -PlogPath="output/discrete/density=LOW_nInventory=12_nHours=3_seed=7.json/mip.log"
Command failed with return code: 1
Error: WARNING: A restricted method in java.lang.System has been called
WARNING: java.lang.System::load has been called by net.rubygrapefruit.platform.internal.NativeLibraryLoader in an unnamed module (file:/cta/users/ulvi.findik/.gradle/wrapper/dists/gradle-9.2.1-bin/2t0n5ozlw9xmuyvbp7dnzaxug/gradle-9.2.1/lib/native-platform-0.22-milestone-29.jar)
WARNING: Use --enable-native-access=ALL-UNNAMED to avoid a warning for callers in this module
WARNING: Restricted methods will be blocked in a future release unless native access is enabled

/cta/users/ulvi.findik/TVCommercialScheduling/src/main/java/main.java:110: error: no suitable constructor found for LocalSearchSettings(ArrayList<String>,double,boolean,boolean,double,int)
                new LocalSearchSettings(
                ^
    constructor LocalSearchSettings.LocalSearchSettings(List<String>,double) is not applicable
      (actual and formal argument lists differ in length)
    constructor LocalSearchSettings.LocalSearchSettings(List<String>,double,double,int) is not applicable
      (actual and formal argument lists differ in length)
1 error

FAILURE: Build failed with an exception.

* What went wrong:
Execution failed for task ':compileJava'.
> Compilation failed; see the compiler output below.
  /cta/users/ulvi.findik/TVCommercialScheduling/src/main/java/main.java:110: error: no suitable constructor found for LocalSearchSettings(ArrayList<String>,double,boolean,boolean,double,int)
                  new LocalSearchSettings(
                  ^
      constructor LocalSearchSettings.LocalSearchSettings(List<String>,double) is not applicable
        (actual and formal argument lists differ in length)
      constructor LocalSearchSettings.LocalSearchSettings(List<String>,double,double,int) is not applicable
        (actual and formal argument lists differ in length)
  1 error

* Try:
> Check your code and dependencies to fix the compilation error(s)
> Run with --scan to generate a Build Scan (powered by Develocity).

BUILD FAILED in 2s


> Task :compileJava FAILED

[Incubating] Problems report is available at: file:///cta/users/ulvi.findik/TVCommercialScheduling/build/reports/problems/problems-report.html
1 actionable task: 1 executed

Command 48 FAILED (Duration: 2.53s)

[49/50] Starting command 49...
Executing: ./gradlew runMipSolver -PinstancePath="instances/density=LOW_nInventory=12_nHours=3_seed=8.json" -PoutputPath="output/discrete" -PmodelType="Discrete" -PtimeLimit=7200 -PlogPath="output/discrete/density=LOW_nInventory=12_nHours=3_seed=8.json/mip.log"
Command failed with return code: 1
Error: WARNING: A restricted method in java.lang.System has been called
WARNING: java.lang.System::load has been called by net.rubygrapefruit.platform.internal.NativeLibraryLoader in an unnamed module (file:/cta/users/ulvi.findik/.gradle/wrapper/dists/gradle-9.2.1-bin/2t0n5ozlw9xmuyvbp7dnzaxug/gradle-9.2.1/lib/native-platform-0.22-milestone-29.jar)
WARNING: Use --enable-native-access=ALL-UNNAMED to avoid a warning for callers in this module
WARNING: Restricted methods will be blocked in a future release unless native access is enabled

/cta/users/ulvi.findik/TVCommercialScheduling/src/main/java/main.java:110: error: no suitable constructor found for LocalSearchSettings(ArrayList<String>,double,boolean,boolean,double,int)
                new LocalSearchSettings(
                ^
    constructor LocalSearchSettings.LocalSearchSettings(List<String>,double) is not applicable
      (actual and formal argument lists differ in length)
    constructor LocalSearchSettings.LocalSearchSettings(List<String>,double,double,int) is not applicable
      (actual and formal argument lists differ in length)
1 error

FAILURE: Build failed with an exception.

* What went wrong:
Execution failed for task ':compileJava'.
> Compilation failed; see the compiler output below.
  /cta/users/ulvi.findik/TVCommercialScheduling/src/main/java/main.java:110: error: no suitable constructor found for LocalSearchSettings(ArrayList<String>,double,boolean,boolean,double,int)
                  new LocalSearchSettings(
                  ^
      constructor LocalSearchSettings.LocalSearchSettings(List<String>,double) is not applicable
        (actual and formal argument lists differ in length)
      constructor LocalSearchSettings.LocalSearchSettings(List<String>,double,double,int) is not applicable
        (actual and formal argument lists differ in length)
  1 error

* Try:
> Check your code and dependencies to fix the compilation error(s)
> Run with --scan to generate a Build Scan (powered by Develocity).

BUILD FAILED in 13s

Starting a Gradle Daemon, 2 busy and 1 incompatible and 8 stopped Daemons could not be reused, use --status for details

> Task :compileJava FAILED

[Incubating] Problems report is available at: file:///cta/users/ulvi.findik/TVCommercialScheduling/build/reports/problems/problems-report.html
1 actionable task: 1 executed

Command 49 FAILED (Duration: 14.42s)

[50/50] Starting command 50...
Executing: ./gradlew runMipSolver -PinstancePath="instances/density=LOW_nInventory=12_nHours=3_seed=9.json" -PoutputPath="output/discrete" -PmodelType="Discrete" -PtimeLimit=7200 -PlogPath="output/discrete/density=LOW_nInventory=12_nHours=3_seed=9.json/mip.log"
Command failed with return code: 1
Error: WARNING: A restricted method in java.lang.System has been called
WARNING: java.lang.System::load has been called by net.rubygrapefruit.platform.internal.NativeLibraryLoader in an unnamed module (file:/cta/users/ulvi.findik/.gradle/wrapper/dists/gradle-9.2.1-bin/2t0n5ozlw9xmuyvbp7dnzaxug/gradle-9.2.1/lib/native-platform-0.22-milestone-29.jar)
WARNING: Use --enable-native-access=ALL-UNNAMED to avoid a warning for callers in this module
WARNING: Restricted methods will be blocked in a future release unless native access is enabled

/cta/users/ulvi.findik/TVCommercialScheduling/src/main/java/main.java:110: error: no suitable constructor found for LocalSearchSettings(ArrayList<String>,double,boolean,boolean,double,int)
                new LocalSearchSettings(
                ^
    constructor LocalSearchSettings.LocalSearchSettings(List<String>,double) is not applicable
      (actual and formal argument lists differ in length)
    constructor LocalSearchSettings.LocalSearchSettings(List<String>,double,double,int) is not applicable
      (actual and formal argument lists differ in length)
1 error

FAILURE: Build failed with an exception.

* What went wrong:
Execution failed for task ':compileJava'.
> Compilation failed; see the compiler output below.
  /cta/users/ulvi.findik/TVCommercialScheduling/src/main/java/main.java:110: error: no suitable constructor found for LocalSearchSettings(ArrayList<String>,double,boolean,boolean,double,int)
                  new LocalSearchSettings(
                  ^
      constructor LocalSearchSettings.LocalSearchSettings(List<String>,double) is not applicable
        (actual and formal argument lists differ in length)
      constructor LocalSearchSettings.LocalSearchSettings(List<String>,double,double,int) is not applicable
        (actual and formal argument lists differ in length)
  1 error

* Try:
> Check your code and dependencies to fix the compilation error(s)
> Run with --scan to generate a Build Scan (powered by Develocity).

BUILD FAILED in 15s

Starting a Gradle Daemon, 1 busy and 13 stopped Daemons could not be reused, use --status for details

> Task :compileJava FAILED

[Incubating] Problems report is available at: file:///cta/users/ulvi.findik/TVCommercialScheduling/build/reports/problems/problems-report.html
1 actionable task: 1 executed

Command 50 FAILED (Duration: 16.21s)

================================================================================
Execution Summary:
Total commands: 50
Executed: 50
Successful: 0
Failed: 50
Total duration: 346.09s
Average duration per command: 6.92s
[INFO] Job finished
