[INFO] Activating existing environment...
==========================================
 SLURM JOB STATISTICS
==========================================
Job ID:        154794
Node:          cn03
User:          ulvi.findik
Date:          Thu Jan 15 15:53:37 +03 2026
Input File:    grasp_single_thread_commands/run_commands_4.txt
------------------------------------------
 CPU Details:
Model name:          Intel(R) Xeon(R) CPU E5-2680 v2 @ 2.80GHz
CPU Cores:     19
------------------------------------------
 Memory Details:
              total        used        free      shared  buff/cache   available
Mem:          251Gi       1.0Gi       241Gi       9.5Gi       9.6Gi       240Gi
Swap:            0B          0B          0B
==========================================

Starting execution of 240 commands...

[1/240] Starting command 1...
Executing: ./gradlew runGrasp -PinstancePath="instances/10.json" -PoutputPath="output/singleThreadGrasp" -PtimeLimit=300 -PsearchMode="BEST_IMPROVEMENT" -PskipProbability=0 -PlocalSearchMoves="insert,outOfPool,interSwap,shift,transfer,intraSwap" -Pseed=0 -PalphaType="FIXED" -Palpha=0.25
Command failed with return code: 1
Error: WARNING: A restricted method in java.lang.System has been called
WARNING: java.lang.System::load has been called by net.rubygrapefruit.platform.internal.NativeLibraryLoader in an unnamed module (file:/cta/users/ulvi.findik/.gradle/wrapper/dists/gradle-9.2.1-bin/2t0n5ozlw9xmuyvbp7dnzaxug/gradle-9.2.1/lib/native-platform-0.22-milestone-29.jar)
WARNING: Use --enable-native-access=ALL-UNNAMED to avoid a warning for callers in this module
WARNING: Restricted methods will be blocked in a future release unless native access is enabled


FAILURE: Build failed with an exception.

* What went wrong:
Unable to start the daemon process.
This problem might be caused by incorrect configuration of the daemon.
For example, an unrecognized jvm option is used.For more details on the daemon, please refer to https://docs.gradle.org/9.2.1/userguide/gradle_daemon.html in the Gradle documentation.
Process command line: /cta/users/ulvi.findik/jdk-25.0.1/bin/java --add-opens=java.base/java.lang=ALL-UNNAMED --add-opens=java.base/java.lang.invoke=ALL-UNNAMED --add-opens=java.base/java.util=ALL-UNNAMED --add-opens=java.prefs/java.util.prefs=ALL-UNNAMED --add-exports=jdk.compiler/com.sun.tools.javac.api=ALL-UNNAMED --add-exports=jdk.compiler/com.sun.tools.javac.util=ALL-UNNAMED --add-opens=java.base/java.util=ALL-UNNAMED --add-opens=java.prefs/java.util.prefs=ALL-UNNAMED --add-opens=java.base/java.nio.charset=ALL-UNNAMED --add-opens=java.base/java.net=ALL-UNNAMED --add-opens=java.base/java.util.concurrent=ALL-UNNAMED --add-opens=java.base/java.util.concurrent.atomic=ALL-UNNAMED --add-opens=java.xml/javax.xml.namespace=ALL-UNNAMED --add-opens=java.base/java.time=ALL-UNNAMED --enable-native-access=ALL-UNNAMED -XX:MaxMetaspaceSize=384m -XX:+HeapDumpOnOutOfMemoryError -Xms256m -Xmx512m -Dfile.encoding=UTF-8 -Duser.country=US -Duser.language=en -Duser.variant -cp /cta/users/ulvi.findik/.gradle/wrapper/dists/gradle-9.2.1-bin/2t0n5ozlw9xmuyvbp7dnzaxug/gradle-9.2.1/lib/gradle-daemon-main-9.2.1.jar -javaagent:/cta/users/ulvi.findik/.gradle/wrapper/dists/gradle-9.2.1-bin/2t0n5ozlw9xmuyvbp7dnzaxug/gradle-9.2.1/lib/agents/gradle-instrumentation-agent-9.2.1.jar org.gradle.launcher.daemon.bootstrap.GradleDaemon 9.2.1
Please read the following process output to find out more:
-----------------------

FAILURE: Build failed with an exception.

* What went wrong:
Could not read cache value from '/cta/users/ulvi.findik/.gradle/daemon/9.2.1/registry.bin'.

* Try:
> Run with --info or --debug option to get more log output.
> Run with --scan to generate a Build Scan (powered by Develocity).
> Get more help at https://help.gradle.org.

* Exception is:
org.gradle.api.GradleException: Could not read cache value from '/cta/users/ulvi.findik/.gradle/daemon/9.2.1/registry.bin'.
	at org.gradle.cache.internal.FileBackedObjectHolder.deserialize(FileBackedObjectHolder.java:139)
	at org.gradle.cache.internal.FileBackedObjectHolder.access$000(FileBackedObjectHolder.java:34)
	at org.gradle.cache.internal.FileBackedObjectHolder$1Updater.run(FileBackedObjectHolder.java:70)
	at org.gradle.cache.internal.DefaultFileLockManager$DefaultFileLock.doWriteAction(DefaultFileLockManager.java:232)
	at org.gradle.cache.internal.DefaultFileLockManager$DefaultFileLock.updateFile(DefaultFileLockManager.java:216)
	at org.gradle.cache.internal.OnDemandFileAccess.updateFile(OnDemandFileAccess.java:53)
	at org.gradle.cache.internal.FileBackedObjectHolder.update(FileBackedObjectHolder.java:77)
	at org.gradle.cache.internal.FileIntegrityViolationSuppressingObjectHolderDecorator.lambda$update$0(FileIntegrityViolationSuppressingObjectHolderDecorator.java:48)
	at org.gradle.cache.internal.FileIntegrityViolationSuppressingObjectHolderDecorator.doUpdate(FileIntegrityViolationSuppressingObjectHolderDecorator.java:58)
	at org.gradle.cache.internal.FileIntegrityViolationSuppressingObjectHolderDecorator.update(FileIntegrityViolationSuppressingObjectHolderDecorator.java:48)
	at org.gradle.launcher.daemon.registry.PersistentDaemonRegistry.store(PersistentDaemonRegistry.java:232)
	at org.gradle.launcher.daemon.server.DaemonRegistryUpdater.onStart(DaemonRegistryUpdater.java:80)
	at org.gradle.launcher.daemon.server.Daemon.start(Daemon.java:177)
	at org.gradle.launcher.daemon.bootstrap.DaemonMain.doAction(DaemonMain.java:135)
	at org.gradle.launcher.bootstrap.EntryPoint.run(EntryPoint.java:53)
	at java.base/jdk.internal.reflect.DirectMethodHandleAccessor.invoke(DirectMethodHandleAccessor.java:104)
	at java.base/java.lang.reflect.Method.invoke(Method.java:565)
	at org.gradle.launcher.bootstrap.ProcessBootstrap.runNoExit(ProcessBootstrap.java:72)
	at org.gradle.launcher.bootstrap.ProcessBootstrap.run(ProcessBootstrap.java:39)
	at org.gradle.launcher.daemon.bootstrap.GradleDaemon.main(GradleDaemon.java:22)
Caused by: java.io.EOFException
	at java.base/java.io.DataInputStream.readFully(DataInputStream.java:215)
	at java.base/java.io.DataInputStream.readUTF(DataInputStream.java:597)
	at java.base/java.io.DataInputStream.readUTF(DataInputStream.java:555)
	at org.gradle.internal.serialize.InputStreamBackedDecoder.readString(InputStreamBackedDecoder.java:78)
	at org.gradle.internal.serialize.AbstractDecoder.readNullableString(AbstractDecoder.java:72)
	at org.gradle.launcher.daemon.registry.DaemonStopEvent$Serializer.read(DaemonStopEvent.java:116)
	at org.gradle.launcher.daemon.registry.DaemonStopEvent$Serializer.read(DaemonStopEvent.java:109)
	at org.gradle.launcher.daemon.registry.DaemonRegistryContent$Serializer.readStopEvents(DaemonRegistryContent.java:130)
	at org.gradle.launcher.daemon.registry.DaemonRegistryContent$Serializer.read(DaemonRegistryContent.java:120)
	at org.gradle.launcher.daemon.registry.DaemonRegistryContent$Serializer.read(DaemonRegistryContent.java:113)
	at org.gradle.cache.internal.FileBackedObjectHolder.deserialize(FileBackedObjectHolder.java:134)
	... 19 more


* Try:
> Run with --stacktrace option to get the stack trace.
> Run with --info or --debug option to get more log output.
> Run with --scan to generate a Build Scan (powered by Develocity).
> Get more help at https://help.gradle.org.

Starting a Gradle Daemon, 2 busy and 1 incompatible and 42 stopped Daemons could not be reused, use --status for details

Command 1 FAILED (Duration: 8.49s)

[2/240] Starting command 2...
Executing: ./gradlew runGrasp -PinstancePath="instances/10.json" -PoutputPath="output/singleThreadGrasp" -PtimeLimit=300 -PsearchMode="BEST_IMPROVEMENT" -PskipProbability=0.25 -PlocalSearchMoves="insert,outOfPool,interSwap,shift,transfer,intraSwap" -Pseed=0 -PalphaType="FIXED" -Palpha=0.25
Command failed with return code: 1
Error: WARNING: A restricted method in java.lang.System has been called
WARNING: java.lang.System::load has been called by net.rubygrapefruit.platform.internal.NativeLibraryLoader in an unnamed module (file:/cta/users/ulvi.findik/.gradle/wrapper/dists/gradle-9.2.1-bin/2t0n5ozlw9xmuyvbp7dnzaxug/gradle-9.2.1/lib/native-platform-0.22-milestone-29.jar)
WARNING: Use --enable-native-access=ALL-UNNAMED to avoid a warning for callers in this module
WARNING: Restricted methods will be blocked in a future release unless native access is enabled

Problem in daemon expiration check
org.gradle.api.GradleException: Could not read cache value from '/cta/users/ulvi.findik/.gradle/daemon/9.2.1/registry.bin'.
	at org.gradle.cache.internal.FileBackedObjectHolder.deserialize(FileBackedObjectHolder.java:139)
	at org.gradle.cache.internal.DefaultFileLockManager$DefaultFileLock.readFile(DefaultFileLockManager.java:210)
	at org.gradle.cache.internal.OnDemandFileAccess.readFile(OnDemandFileAccess.java:43)
	at org.gradle.cache.internal.FileBackedObjectHolder.get(FileBackedObjectHolder.java:49)
	at org.gradle.cache.internal.FileIntegrityViolationSuppressingObjectHolderDecorator.get(FileIntegrityViolationSuppressingObjectHolderDecorator.java:35)
	at org.gradle.launcher.daemon.registry.PersistentDaemonRegistry.getAll(PersistentDaemonRegistry.java:71)
	at org.gradle.launcher.daemon.registry.PersistentDaemonRegistry.getDaemonsMatching(PersistentDaemonRegistry.java:116)
	at org.gradle.launcher.daemon.registry.PersistentDaemonRegistry.getIdle(PersistentDaemonRegistry.java:84)
	at org.gradle.launcher.daemon.server.CompatibleDaemonExpirationStrategy.checkExpiration(CompatibleDaemonExpirationStrategy.java:47)
	at org.gradle.launcher.daemon.server.expiry.AllDaemonExpirationStrategy.checkExpiration(AllDaemonExpirationStrategy.java:47)
	at org.gradle.launcher.daemon.server.expiry.AnyDaemonExpirationStrategy.checkExpiration(AnyDaemonExpirationStrategy.java:44)
	at org.gradle.launcher.daemon.server.MasterExpirationStrategy.checkExpiration(MasterExpirationStrategy.java:80)
	at org.gradle.launcher.daemon.server.Daemon$DaemonExpirationPeriodicCheck.run(Daemon.java:273)
	at org.gradle.internal.concurrent.ExecutorPolicy$CatchAndRecordFailures.onExecute(ExecutorPolicy.java:64)
	at org.gradle.internal.concurrent.AbstractManagedExecutor$1.run(AbstractManagedExecutor.java:47)
	at java.base/java.util.concurrent.Executors$RunnableAdapter.call(Executors.java:545)
	at java.base/java.util.concurrent.FutureTask.runAndReset(FutureTask.java:369)
	at java.base/java.util.concurrent.ScheduledThreadPoolExecutor$ScheduledFutureTask.run(ScheduledThreadPoolExecutor.java:310)
	at java.base/java.util.concurrent.ThreadPoolExecutor.runWorker(ThreadPoolExecutor.java:1090)
	at java.base/java.util.concurrent.ThreadPoolExecutor$Worker.run(ThreadPoolExecutor.java:614)
	at java.base/java.lang.Thread.run(Thread.java:1474)
Caused by: java.io.EOFException
	at java.base/java.io.DataInputStream.readFully(DataInputStream.java:215)
	at java.base/java.io.DataInputStream.readLong(DataInputStream.java:412)
	at org.gradle.internal.serialize.InputStreamBackedDecoder.readLong(InputStreamBackedDecoder.java:48)
	at org.gradle.launcher.daemon.registry.DaemonStopEvent$Serializer.read(DaemonStopEvent.java:113)
	at org.gradle.launcher.daemon.registry.DaemonStopEvent$Serializer.read(DaemonStopEvent.java:109)
	at org.gradle.launcher.daemon.registry.DaemonRegistryContent$Serializer.readStopEvents(DaemonRegistryContent.java:130)
	at org.gradle.launcher.daemon.registry.DaemonRegistryContent$Serializer.read(DaemonRegistryContent.java:120)
	at org.gradle.launcher.daemon.registry.DaemonRegistryContent$Serializer.read(DaemonRegistryContent.java:113)
	at org.gradle.cache.internal.FileBackedObjectHolder.deserialize(FileBackedObjectHolder.java:134)
	... 20 more

FAILURE: Build failed with an exception.

* What went wrong:
Class org.gradle.jvm.toolchain.JvmVendorSpec does not have member field 'org.gradle.jvm.toolchain.JvmVendorSpec IBM_SEMERU'

* Try:
> Run with --stacktrace option to get the stack trace.
> Run with --info or --debug option to get more log output.
> Run with --scan to generate a Build Scan (powered by Develocity).
> Get more help at https://help.gradle.org.

BUILD FAILED in 42s

Starting a Gradle Daemon, 4 busy and 1 incompatible and 42 stopped Daemons could not be reused, use --status for details
cache fileHashes.bin (/cta/users/ulvi.findik/.gradle/caches/9.2.1/fileHashes/fileHashes.bin) is corrupt. Discarding.

Command 2 FAILED (Duration: 43.07s)

[3/240] Starting command 3...
Executing: ./gradlew runGrasp -PinstancePath="instances/10.json" -PoutputPath="output/singleThreadGrasp" -PtimeLimit=300 -PsearchMode="BEST_IMPROVEMENT" -PskipProbability=0.5 -PlocalSearchMoves="insert,outOfPool,interSwap,shift,transfer,intraSwap" -Pseed=0 -PalphaType="FIXED" -Palpha=0.25
Command failed with return code: 1
Error: WARNING: A restricted method in java.lang.System has been called
WARNING: java.lang.System::load has been called by net.rubygrapefruit.platform.internal.NativeLibraryLoader in an unnamed module (file:/cta/users/ulvi.findik/.gradle/wrapper/dists/gradle-9.2.1-bin/2t0n5ozlw9xmuyvbp7dnzaxug/gradle-9.2.1/lib/native-platform-0.22-milestone-29.jar)
WARNING: Use --enable-native-access=ALL-UNNAMED to avoid a warning for callers in this module
WARNING: Restricted methods will be blocked in a future release unless native access is enabled


FAILURE: Build failed with an exception.

* What went wrong:
Class org.gradle.jvm.toolchain.JvmVendorSpec does not have member field 'org.gradle.jvm.toolchain.JvmVendorSpec IBM_SEMERU'

* Try:
> Run with --stacktrace option to get the stack trace.
> Run with --info or --debug option to get more log output.
> Run with --scan to generate a Build Scan (powered by Develocity).
> Get more help at https://help.gradle.org.

BUILD FAILED in 24s

Starting a Gradle Daemon, 3 busy and 1 incompatible and 49 stopped Daemons could not be reused, use --status for details

Command 3 FAILED (Duration: 25.60s)

[4/240] Starting command 4...
Executing: ./gradlew runGrasp -PinstancePath="instances/10.json" -PoutputPath="output/singleThreadGrasp" -PtimeLimit=300 -PsearchMode="BEST_IMPROVEMENT" -PskipProbability=0 -PlocalSearchMoves="insert,outOfPool,interSwap,shift,transfer,intraSwap" -Pseed=0 -PalphaType="FIXED" -Palpha=0.5
Command failed with return code: 1
Error: WARNING: A restricted method in java.lang.System has been called
WARNING: java.lang.System::load has been called by net.rubygrapefruit.platform.internal.NativeLibraryLoader in an unnamed module (file:/cta/users/ulvi.findik/.gradle/wrapper/dists/gradle-9.2.1-bin/2t0n5ozlw9xmuyvbp7dnzaxug/gradle-9.2.1/lib/native-platform-0.22-milestone-29.jar)
WARNING: Use --enable-native-access=ALL-UNNAMED to avoid a warning for callers in this module
WARNING: Restricted methods will be blocked in a future release unless native access is enabled


FAILURE: Build failed with an exception.

* What went wrong:
Class org.gradle.jvm.toolchain.JvmVendorSpec does not have member field 'org.gradle.jvm.toolchain.JvmVendorSpec IBM_SEMERU'

* Try:
> Run with --stacktrace option to get the stack trace.
> Run with --info or --debug option to get more log output.
> Run with --scan to generate a Build Scan (powered by Develocity).
> Get more help at https://help.gradle.org.

BUILD FAILED in 23s

Starting a Gradle Daemon, 4 stopped Daemons could not be reused, use --status for details

Command 4 FAILED (Duration: 24.69s)

[5/240] Starting command 5...
Executing: ./gradlew runGrasp -PinstancePath="instances/10.json" -PoutputPath="output/singleThreadGrasp" -PtimeLimit=300 -PsearchMode="BEST_IMPROVEMENT" -PskipProbability=0.25 -PlocalSearchMoves="insert,outOfPool,interSwap,shift,transfer,intraSwap" -Pseed=0 -PalphaType="FIXED" -Palpha=0.5
Command failed with return code: 1
Error: WARNING: A restricted method in java.lang.System has been called
WARNING: java.lang.System::load has been called by net.rubygrapefruit.platform.internal.NativeLibraryLoader in an unnamed module (file:/cta/users/ulvi.findik/.gradle/wrapper/dists/gradle-9.2.1-bin/2t0n5ozlw9xmuyvbp7dnzaxug/gradle-9.2.1/lib/native-platform-0.22-milestone-29.jar)
WARNING: Use --enable-native-access=ALL-UNNAMED to avoid a warning for callers in this module
WARNING: Restricted methods will be blocked in a future release unless native access is enabled


FAILURE: Build failed with an exception.

* What went wrong:
Class org.gradle.jvm.toolchain.JvmVendorSpec does not have member field 'org.gradle.jvm.toolchain.JvmVendorSpec IBM_SEMERU'

* Try:
> Run with --stacktrace option to get the stack trace.
> Run with --info or --debug option to get more log output.
> Run with --scan to generate a Build Scan (powered by Develocity).
> Get more help at https://help.gradle.org.

BUILD FAILED in 23s

Starting a Gradle Daemon, 12 stopped Daemons could not be reused, use --status for details

Command 5 FAILED (Duration: 24.82s)

[6/240] Starting command 6...
Executing: ./gradlew runGrasp -PinstancePath="instances/10.json" -PoutputPath="output/singleThreadGrasp" -PtimeLimit=300 -PsearchMode="BEST_IMPROVEMENT" -PskipProbability=0.5 -PlocalSearchMoves="insert,outOfPool,interSwap,shift,transfer,intraSwap" -Pseed=0 -PalphaType="FIXED" -Palpha=0.5
Command failed with return code: 1
Error: WARNING: A restricted method in java.lang.System has been called
WARNING: java.lang.System::load has been called by net.rubygrapefruit.platform.internal.NativeLibraryLoader in an unnamed module (file:/cta/users/ulvi.findik/.gradle/wrapper/dists/gradle-9.2.1-bin/2t0n5ozlw9xmuyvbp7dnzaxug/gradle-9.2.1/lib/native-platform-0.22-milestone-29.jar)
WARNING: Use --enable-native-access=ALL-UNNAMED to avoid a warning for callers in this module
WARNING: Restricted methods will be blocked in a future release unless native access is enabled


FAILURE: Build failed with an exception.

* What went wrong:
Class org.gradle.jvm.toolchain.JvmVendorSpec does not have member field 'org.gradle.jvm.toolchain.JvmVendorSpec IBM_SEMERU'

* Try:
> Run with --stacktrace option to get the stack trace.
> Run with --info or --debug option to get more log output.
> Run with --scan to generate a Build Scan (powered by Develocity).
> Get more help at https://help.gradle.org.

BUILD FAILED in 24s

Starting a Gradle Daemon, 2 busy and 18 stopped Daemons could not be reused, use --status for details

Command 6 FAILED (Duration: 25.04s)

[7/240] Starting command 7...
Executing: ./gradlew runGrasp -PinstancePath="instances/10.json" -PoutputPath="output/singleThreadGrasp" -PtimeLimit=300 -PsearchMode="BEST_IMPROVEMENT" -PskipProbability=0 -PlocalSearchMoves="insert,outOfPool,interSwap,shift,transfer,intraSwap" -Pseed=0 -PalphaType="UNIFORM" -PminAlpha=0.1 -PmaxAlpha=1.0
Command failed with return code: 1
Error: WARNING: A restricted method in java.lang.System has been called
WARNING: java.lang.System::load has been called by net.rubygrapefruit.platform.internal.NativeLibraryLoader in an unnamed module (file:/cta/users/ulvi.findik/.gradle/wrapper/dists/gradle-9.2.1-bin/2t0n5ozlw9xmuyvbp7dnzaxug/gradle-9.2.1/lib/native-platform-0.22-milestone-29.jar)
WARNING: Use --enable-native-access=ALL-UNNAMED to avoid a warning for callers in this module
WARNING: Restricted methods will be blocked in a future release unless native access is enabled


FAILURE: Build failed with an exception.

* What went wrong:
Class org.gradle.jvm.toolchain.JvmVendorSpec does not have member field 'org.gradle.jvm.toolchain.JvmVendorSpec IBM_SEMERU'

* Try:
> Run with --stacktrace option to get the stack trace.
> Run with --info or --debug option to get more log output.
> Run with --scan to generate a Build Scan (powered by Develocity).
> Get more help at https://help.gradle.org.

BUILD FAILED in 24s

Starting a Gradle Daemon, 2 busy and 24 stopped Daemons could not be reused, use --status for details

Command 7 FAILED (Duration: 24.94s)

[8/240] Starting command 8...
Executing: ./gradlew runGrasp -PinstancePath="instances/10.json" -PoutputPath="output/singleThreadGrasp" -PtimeLimit=300 -PsearchMode="BEST_IMPROVEMENT" -PskipProbability=0.25 -PlocalSearchMoves="insert,outOfPool,interSwap,shift,transfer,intraSwap" -Pseed=0 -PalphaType="UNIFORM" -PminAlpha=0.1 -PmaxAlpha=1.0
Command failed with return code: 1
Error: WARNING: A restricted method in java.lang.System has been called
WARNING: java.lang.System::load has been called by net.rubygrapefruit.platform.internal.NativeLibraryLoader in an unnamed module (file:/cta/users/ulvi.findik/.gradle/wrapper/dists/gradle-9.2.1-bin/2t0n5ozlw9xmuyvbp7dnzaxug/gradle-9.2.1/lib/native-platform-0.22-milestone-29.jar)
WARNING: Use --enable-native-access=ALL-UNNAMED to avoid a warning for callers in this module
WARNING: Restricted methods will be blocked in a future release unless native access is enabled


FAILURE: Build failed with an exception.

* What went wrong:
Class org.gradle.jvm.toolchain.JvmVendorSpec does not have member field 'org.gradle.jvm.toolchain.JvmVendorSpec IBM_SEMERU'

* Try:
> Run with --stacktrace option to get the stack trace.
> Run with --info or --debug option to get more log output.
> Run with --scan to generate a Build Scan (powered by Develocity).
> Get more help at https://help.gradle.org.

BUILD FAILED in 24s

Starting a Gradle Daemon, 1 busy and 30 stopped Daemons could not be reused, use --status for details

Command 8 FAILED (Duration: 24.95s)

[9/240] Starting command 9...
Executing: ./gradlew runGrasp -PinstancePath="instances/10.json" -PoutputPath="output/singleThreadGrasp" -PtimeLimit=300 -PsearchMode="BEST_IMPROVEMENT" -PskipProbability=0.5 -PlocalSearchMoves="insert,outOfPool,interSwap,shift,transfer,intraSwap" -Pseed=0 -PalphaType="UNIFORM" -PminAlpha=0.1 -PmaxAlpha=1.0
Command failed with return code: 1
Error: WARNING: A restricted method in java.lang.System has been called
WARNING: java.lang.System::load has been called by net.rubygrapefruit.platform.internal.NativeLibraryLoader in an unnamed module (file:/cta/users/ulvi.findik/.gradle/wrapper/dists/gradle-9.2.1-bin/2t0n5ozlw9xmuyvbp7dnzaxug/gradle-9.2.1/lib/native-platform-0.22-milestone-29.jar)
WARNING: Use --enable-native-access=ALL-UNNAMED to avoid a warning for callers in this module
WARNING: Restricted methods will be blocked in a future release unless native access is enabled


FAILURE: Build failed with an exception.

* What went wrong:
Class org.gradle.jvm.toolchain.JvmVendorSpec does not have member field 'org.gradle.jvm.toolchain.JvmVendorSpec IBM_SEMERU'

* Try:
> Run with --stacktrace option to get the stack trace.
> Run with --info or --debug option to get more log output.
> Run with --scan to generate a Build Scan (powered by Develocity).
> Get more help at https://help.gradle.org.

BUILD FAILED in 23s

Starting a Gradle Daemon, 2 busy and 35 stopped Daemons could not be reused, use --status for details

Command 9 FAILED (Duration: 24.81s)

[10/240] Starting command 10...
Executing: ./gradlew runGrasp -PinstancePath="instances/10.json" -PoutputPath="output/singleThreadGrasp" -PtimeLimit=300 -PsearchMode="BEST_IMPROVEMENT" -PskipProbability=0 -PlocalSearchMoves="insert,outOfPool,interSwap,shift,transfer,intraSwap" -Pseed=0 -PalphaType="UNIFORM" -PminAlpha=0.1 -PmaxAlpha=0.5
Command failed with return code: 1
Error: WARNING: A restricted method in java.lang.System has been called
WARNING: java.lang.System::load has been called by net.rubygrapefruit.platform.internal.NativeLibraryLoader in an unnamed module (file:/cta/users/ulvi.findik/.gradle/wrapper/dists/gradle-9.2.1-bin/2t0n5ozlw9xmuyvbp7dnzaxug/gradle-9.2.1/lib/native-platform-0.22-milestone-29.jar)
WARNING: Use --enable-native-access=ALL-UNNAMED to avoid a warning for callers in this module
WARNING: Restricted methods will be blocked in a future release unless native access is enabled


FAILURE: Build failed with an exception.

* What went wrong:
Could not initialize class org.gradle.toolchains.foojay.DistributionsKt
> Exception java.lang.NoSuchFieldError: Class org.gradle.jvm.toolchain.JvmVendorSpec does not have member field 'org.gradle.jvm.toolchain.JvmVendorSpec IBM_SEMERU' [in thread "Daemon worker"]

* Try:
> Run with --stacktrace option to get the stack trace.
> Run with --info or --debug option to get more log output.
> Run with --scan to generate a Build Scan (powered by Develocity).
> Get more help at https://help.gradle.org.

BUILD FAILED in 5s


Command 10 FAILED (Duration: 5.43s)

[11/240] Starting command 11...
Executing: ./gradlew runGrasp -PinstancePath="instances/10.json" -PoutputPath="output/singleThreadGrasp" -PtimeLimit=300 -PsearchMode="BEST_IMPROVEMENT" -PskipProbability=0.25 -PlocalSearchMoves="insert,outOfPool,interSwap,shift,transfer,intraSwap" -Pseed=0 -PalphaType="UNIFORM" -PminAlpha=0.1 -PmaxAlpha=0.5
Command failed with return code: 1
Error: WARNING: A restricted method in java.lang.System has been called
WARNING: java.lang.System::load has been called by net.rubygrapefruit.platform.internal.NativeLibraryLoader in an unnamed module (file:/cta/users/ulvi.findik/.gradle/wrapper/dists/gradle-9.2.1-bin/2t0n5ozlw9xmuyvbp7dnzaxug/gradle-9.2.1/lib/native-platform-0.22-milestone-29.jar)
WARNING: Use --enable-native-access=ALL-UNNAMED to avoid a warning for callers in this module
WARNING: Restricted methods will be blocked in a future release unless native access is enabled


FAILURE: Build failed with an exception.

* What went wrong:
Class org.gradle.jvm.toolchain.JvmVendorSpec does not have member field 'org.gradle.jvm.toolchain.JvmVendorSpec IBM_SEMERU'

* Try:
> Run with --stacktrace option to get the stack trace.
> Run with --info or --debug option to get more log output.
> Run with --scan to generate a Build Scan (powered by Develocity).
> Get more help at https://help.gradle.org.

BUILD FAILED in 24s

Starting a Gradle Daemon, 3 busy and 41 stopped Daemons could not be reused, use --status for details

Command 11 FAILED (Duration: 25.06s)

[12/240] Starting command 12...
Executing: ./gradlew runGrasp -PinstancePath="instances/10.json" -PoutputPath="output/singleThreadGrasp" -PtimeLimit=300 -PsearchMode="BEST_IMPROVEMENT" -PskipProbability=0.5 -PlocalSearchMoves="insert,outOfPool,interSwap,shift,transfer,intraSwap" -Pseed=0 -PalphaType="UNIFORM" -PminAlpha=0.1 -PmaxAlpha=0.5
Command failed with return code: 1
Error: WARNING: A restricted method in java.lang.System has been called
WARNING: java.lang.System::load has been called by net.rubygrapefruit.platform.internal.NativeLibraryLoader in an unnamed module (file:/cta/users/ulvi.findik/.gradle/wrapper/dists/gradle-9.2.1-bin/2t0n5ozlw9xmuyvbp7dnzaxug/gradle-9.2.1/lib/native-platform-0.22-milestone-29.jar)
WARNING: Use --enable-native-access=ALL-UNNAMED to avoid a warning for callers in this module
WARNING: Restricted methods will be blocked in a future release unless native access is enabled


FAILURE: Build failed with an exception.

* What went wrong:
Could not initialize class org.gradle.toolchains.foojay.DistributionsKt
> Exception java.lang.NoSuchFieldError: Class org.gradle.jvm.toolchain.JvmVendorSpec does not have member field 'org.gradle.jvm.toolchain.JvmVendorSpec IBM_SEMERU' [in thread "Daemon worker"]

* Try:
> Run with --stacktrace option to get the stack trace.
> Run with --info or --debug option to get more log output.
> Run with --scan to generate a Build Scan (powered by Develocity).
> Get more help at https://help.gradle.org.

BUILD FAILED in 7s


Command 12 FAILED (Duration: 8.29s)

[13/240] Starting command 13...
Executing: ./gradlew runGrasp -PinstancePath="instances/10.json" -PoutputPath="output/singleThreadGrasp" -PtimeLimit=300 -PsearchMode="FIRST_IMPROVEMENT" -PskipProbability=0 -PlocalSearchMoves="insert,outOfPool,interSwap,shift,transfer,intraSwap" -Pseed=0 -PalphaType="FIXED" -Palpha=0.25
Command failed with return code: 1
Error: WARNING: A restricted method in java.lang.System has been called
WARNING: java.lang.System::load has been called by net.rubygrapefruit.platform.internal.NativeLibraryLoader in an unnamed module (file:/cta/users/ulvi.findik/.gradle/wrapper/dists/gradle-9.2.1-bin/2t0n5ozlw9xmuyvbp7dnzaxug/gradle-9.2.1/lib/native-platform-0.22-milestone-29.jar)
WARNING: Use --enable-native-access=ALL-UNNAMED to avoid a warning for callers in this module
WARNING: Restricted methods will be blocked in a future release unless native access is enabled


FAILURE: Build failed with an exception.

* What went wrong:
Could not initialize class org.gradle.toolchains.foojay.DistributionsKt
> Exception java.lang.NoSuchFieldError: Class org.gradle.jvm.toolchain.JvmVendorSpec does not have member field 'org.gradle.jvm.toolchain.JvmVendorSpec IBM_SEMERU' [in thread "Daemon worker"]

* Try:
> Run with --stacktrace option to get the stack trace.
> Run with --info or --debug option to get more log output.
> Run with --scan to generate a Build Scan (powered by Develocity).
> Get more help at https://help.gradle.org.

BUILD FAILED in 4s


Command 13 FAILED (Duration: 5.07s)

[14/240] Starting command 14...
Executing: ./gradlew runGrasp -PinstancePath="instances/10.json" -PoutputPath="output/singleThreadGrasp" -PtimeLimit=300 -PsearchMode="FIRST_IMPROVEMENT" -PskipProbability=0.25 -PlocalSearchMoves="insert,outOfPool,interSwap,shift,transfer,intraSwap" -Pseed=0 -PalphaType="FIXED" -Palpha=0.25
Command failed with return code: 1
Error: WARNING: A restricted method in java.lang.System has been called
WARNING: java.lang.System::load has been called by net.rubygrapefruit.platform.internal.NativeLibraryLoader in an unnamed module (file:/cta/users/ulvi.findik/.gradle/wrapper/dists/gradle-9.2.1-bin/2t0n5ozlw9xmuyvbp7dnzaxug/gradle-9.2.1/lib/native-platform-0.22-milestone-29.jar)
WARNING: Use --enable-native-access=ALL-UNNAMED to avoid a warning for callers in this module
WARNING: Restricted methods will be blocked in a future release unless native access is enabled


FAILURE: Build failed with an exception.

* What went wrong:
Could not initialize class org.gradle.toolchains.foojay.DistributionsKt
> Exception java.lang.NoSuchFieldError: Class org.gradle.jvm.toolchain.JvmVendorSpec does not have member field 'org.gradle.jvm.toolchain.JvmVendorSpec IBM_SEMERU' [in thread "Daemon worker"]

* Try:
> Run with --stacktrace option to get the stack trace.
> Run with --info or --debug option to get more log output.
> Run with --scan to generate a Build Scan (powered by Develocity).
> Get more help at https://help.gradle.org.

BUILD FAILED in 6s


Command 14 FAILED (Duration: 6.38s)

[15/240] Starting command 15...
Executing: ./gradlew runGrasp -PinstancePath="instances/10.json" -PoutputPath="output/singleThreadGrasp" -PtimeLimit=300 -PsearchMode="FIRST_IMPROVEMENT" -PskipProbability=0.5 -PlocalSearchMoves="insert,outOfPool,interSwap,shift,transfer,intraSwap" -Pseed=0 -PalphaType="FIXED" -Palpha=0.25
Command failed with return code: 1
Error: WARNING: A restricted method in java.lang.System has been called
WARNING: java.lang.System::load has been called by net.rubygrapefruit.platform.internal.NativeLibraryLoader in an unnamed module (file:/cta/users/ulvi.findik/.gradle/wrapper/dists/gradle-9.2.1-bin/2t0n5ozlw9xmuyvbp7dnzaxug/gradle-9.2.1/lib/native-platform-0.22-milestone-29.jar)
WARNING: Use --enable-native-access=ALL-UNNAMED to avoid a warning for callers in this module
WARNING: Restricted methods will be blocked in a future release unless native access is enabled


FAILURE: Build failed with an exception.

* What went wrong:
Could not initialize class org.gradle.toolchains.foojay.DistributionsKt
> Exception java.lang.NoSuchFieldError: Class org.gradle.jvm.toolchain.JvmVendorSpec does not have member field 'org.gradle.jvm.toolchain.JvmVendorSpec IBM_SEMERU' [in thread "Daemon worker"]

* Try:
> Run with --stacktrace option to get the stack trace.
> Run with --info or --debug option to get more log output.
> Run with --scan to generate a Build Scan (powered by Develocity).
> Get more help at https://help.gradle.org.

BUILD FAILED in 4s


Command 15 FAILED (Duration: 4.98s)

[16/240] Starting command 16...
Executing: ./gradlew runGrasp -PinstancePath="instances/10.json" -PoutputPath="output/singleThreadGrasp" -PtimeLimit=300 -PsearchMode="FIRST_IMPROVEMENT" -PskipProbability=0 -PlocalSearchMoves="insert,outOfPool,interSwap,shift,transfer,intraSwap" -Pseed=0 -PalphaType="FIXED" -Palpha=0.5
Command failed with return code: 1
Error: WARNING: A restricted method in java.lang.System has been called
WARNING: java.lang.System::load has been called by net.rubygrapefruit.platform.internal.NativeLibraryLoader in an unnamed module (file:/cta/users/ulvi.findik/.gradle/wrapper/dists/gradle-9.2.1-bin/2t0n5ozlw9xmuyvbp7dnzaxug/gradle-9.2.1/lib/native-platform-0.22-milestone-29.jar)
WARNING: Use --enable-native-access=ALL-UNNAMED to avoid a warning for callers in this module
WARNING: Restricted methods will be blocked in a future release unless native access is enabled


FAILURE: Build failed with an exception.

* What went wrong:
Could not initialize class org.gradle.toolchains.foojay.DistributionsKt
> Exception java.lang.NoSuchFieldError: Class org.gradle.jvm.toolchain.JvmVendorSpec does not have member field 'org.gradle.jvm.toolchain.JvmVendorSpec IBM_SEMERU' [in thread "Daemon worker"]

* Try:
> Run with --stacktrace option to get the stack trace.
> Run with --info or --debug option to get more log output.
> Run with --scan to generate a Build Scan (powered by Develocity).
> Get more help at https://help.gradle.org.

BUILD FAILED in 4s


Command 16 FAILED (Duration: 4.83s)

[17/240] Starting command 17...
Executing: ./gradlew runGrasp -PinstancePath="instances/10.json" -PoutputPath="output/singleThreadGrasp" -PtimeLimit=300 -PsearchMode="FIRST_IMPROVEMENT" -PskipProbability=0.25 -PlocalSearchMoves="insert,outOfPool,interSwap,shift,transfer,intraSwap" -Pseed=0 -PalphaType="FIXED" -Palpha=0.5
Command failed with return code: 1
Error: WARNING: A restricted method in java.lang.System has been called
WARNING: java.lang.System::load has been called by net.rubygrapefruit.platform.internal.NativeLibraryLoader in an unnamed module (file:/cta/users/ulvi.findik/.gradle/wrapper/dists/gradle-9.2.1-bin/2t0n5ozlw9xmuyvbp7dnzaxug/gradle-9.2.1/lib/native-platform-0.22-milestone-29.jar)
WARNING: Use --enable-native-access=ALL-UNNAMED to avoid a warning for callers in this module
WARNING: Restricted methods will be blocked in a future release unless native access is enabled


FAILURE: Build failed with an exception.

* What went wrong:
Class org.gradle.jvm.toolchain.JvmVendorSpec does not have member field 'org.gradle.jvm.toolchain.JvmVendorSpec IBM_SEMERU'

* Try:
> Run with --stacktrace option to get the stack trace.
> Run with --info or --debug option to get more log output.
> Run with --scan to generate a Build Scan (powered by Develocity).
> Get more help at https://help.gradle.org.

BUILD FAILED in 24s

Starting a Gradle Daemon, 3 busy and 1 incompatible and 52 stopped Daemons could not be reused, use --status for details

Command 17 FAILED (Duration: 25.59s)

[18/240] Starting command 18...
Executing: ./gradlew runGrasp -PinstancePath="instances/10.json" -PoutputPath="output/singleThreadGrasp" -PtimeLimit=300 -PsearchMode="FIRST_IMPROVEMENT" -PskipProbability=0.5 -PlocalSearchMoves="insert,outOfPool,interSwap,shift,transfer,intraSwap" -Pseed=0 -PalphaType="FIXED" -Palpha=0.5
Command failed with return code: 1
Error: WARNING: A restricted method in java.lang.System has been called
WARNING: java.lang.System::load has been called by net.rubygrapefruit.platform.internal.NativeLibraryLoader in an unnamed module (file:/cta/users/ulvi.findik/.gradle/wrapper/dists/gradle-9.2.1-bin/2t0n5ozlw9xmuyvbp7dnzaxug/gradle-9.2.1/lib/native-platform-0.22-milestone-29.jar)
WARNING: Use --enable-native-access=ALL-UNNAMED to avoid a warning for callers in this module
WARNING: Restricted methods will be blocked in a future release unless native access is enabled


FAILURE: Build failed with an exception.

* What went wrong:
Could not initialize class org.gradle.toolchains.foojay.DistributionsKt
> Exception java.lang.NoSuchFieldError: Class org.gradle.jvm.toolchain.JvmVendorSpec does not have member field 'org.gradle.jvm.toolchain.JvmVendorSpec IBM_SEMERU' [in thread "Daemon worker"]

* Try:
> Run with --stacktrace option to get the stack trace.
> Run with --info or --debug option to get more log output.
> Run with --scan to generate a Build Scan (powered by Develocity).
> Get more help at https://help.gradle.org.

BUILD FAILED in 5s


Command 18 FAILED (Duration: 5.52s)

[19/240] Starting command 19...
Executing: ./gradlew runGrasp -PinstancePath="instances/10.json" -PoutputPath="output/singleThreadGrasp" -PtimeLimit=300 -PsearchMode="FIRST_IMPROVEMENT" -PskipProbability=0 -PlocalSearchMoves="insert,outOfPool,interSwap,shift,transfer,intraSwap" -Pseed=0 -PalphaType="UNIFORM" -PminAlpha=0.1 -PmaxAlpha=1.0
Command failed with return code: 1
Error: WARNING: A restricted method in java.lang.System has been called
WARNING: java.lang.System::load has been called by net.rubygrapefruit.platform.internal.NativeLibraryLoader in an unnamed module (file:/cta/users/ulvi.findik/.gradle/wrapper/dists/gradle-9.2.1-bin/2t0n5ozlw9xmuyvbp7dnzaxug/gradle-9.2.1/lib/native-platform-0.22-milestone-29.jar)
WARNING: Use --enable-native-access=ALL-UNNAMED to avoid a warning for callers in this module
WARNING: Restricted methods will be blocked in a future release unless native access is enabled


FAILURE: Build failed with an exception.

* What went wrong:
Timeout waiting to connect to the Gradle daemon.
Daemon uid: 522c9e92-d144-46b7-8a76-f58fbaaa5b58 with diagnostics:
Daemon pid: 1486815
  log file: /cta/users/ulvi.findik/.gradle/daemon/9.2.1/daemon-1486815.out.log
----- Last 20 lines from daemon log file - daemon-1486815.out.log -----
	at org.gradle.launcher.bootstrap.ProcessBootstrap.runNoExit(ProcessBootstrap.java:72)
	at org.gradle.launcher.bootstrap.ProcessBootstrap.run(ProcessBootstrap.java:39)
	at org.gradle.launcher.daemon.bootstrap.GradleDaemon.main(GradleDaemon.java:22)
Daemon vm is shutting down... The daemon has exited normally or was terminated in response to a user interrupt.
2026-01-15T15:59:13.724+0300 [DEBUG] [org.gradle.launcher.daemon.registry.PersistentDaemonRegistry] Removing daemon address: [79b1169b-4c7c-49ed-be34-1196f0cec510 port:35301, addresses:[localhost/127.0.0.1]]
2026-01-15T15:59:13.725+0300 [DEBUG] [org.gradle.launcher.daemon.server.Daemon] VM shutdown hook was unable to remove the daemon address from the registry. It will be cleaned up later.
java.lang.IllegalStateException: Cannot start managing file contention because this handler has been closed.
	at org.gradle.cache.internal.locklistener.DefaultFileLockContentionHandler.assertNotStopped(DefaultFileLockContentionHandler.java:256)
	at org.gradle.cache.internal.locklistener.DefaultFileLockContentionHandler.reservePort(DefaultFileLockContentionHandler.java:294)
	at org.gradle.cache.internal.DefaultFileLockManager.lock(DefaultFileLockManager.java:124)
	at org.gradle.cache.internal.DefaultFileLockManager.lock(DefaultFileLockManager.java:106)
	at org.gradle.cache.internal.DefaultFileLockManager.lock(DefaultFileLockManager.java:101)
	at org.gradle.cache.internal.OnDemandFileAccess.updateFile(OnDemandFileAccess.java:51)
	at org.gradle.cache.internal.FileBackedObjectHolder.update(FileBackedObjectHolder.java:77)
	at org.gradle.cache.internal.FileIntegrityViolationSuppressingObjectHolderDecorator.lambda$update$0(FileIntegrityViolationSuppressingObjectHolderDecorator.java:48)
	at org.gradle.cache.internal.FileIntegrityViolationSuppressingObjectHolderDecorator.doUpdate(FileIntegrityViolationSuppressingObjectHolderDecorator.java:58)
	at org.gradle.cache.internal.FileIntegrityViolationSuppressingObjectHolderDecorator.update(FileIntegrityViolationSuppressingObjectHolderDecorator.java:48)
	at org.gradle.launcher.daemon.registry.PersistentDaemonRegistry.remove(PersistentDaemonRegistry.java:133)
	at org.gradle.launcher.daemon.server.Daemon$1.run(Daemon.java:133)
	at java.base/java.lang.Thread.run(Thread.java:1474)----- End of the daemon log -----


* Try:
> Run with --stacktrace option to get the stack trace.
> Run with --info or --debug option to get more log output.
> Run with --scan to generate a Build Scan (powered by Develocity).
> Get more help at https://help.gradle.org.

Starting a Gradle Daemon, 3 busy and 1 incompatible and 59 stopped Daemons could not be reused, use --status for details

Command 19 FAILED (Duration: 38.41s)

[20/240] Starting command 20...
Executing: ./gradlew runGrasp -PinstancePath="instances/10.json" -PoutputPath="output/singleThreadGrasp" -PtimeLimit=300 -PsearchMode="FIRST_IMPROVEMENT" -PskipProbability=0.25 -PlocalSearchMoves="insert,outOfPool,interSwap,shift,transfer,intraSwap" -Pseed=0 -PalphaType="UNIFORM" -PminAlpha=0.1 -PmaxAlpha=1.0
Command failed with return code: 1
Error: WARNING: A restricted method in java.lang.System has been called
WARNING: java.lang.System::load has been called by net.rubygrapefruit.platform.internal.NativeLibraryLoader in an unnamed module (file:/cta/users/ulvi.findik/.gradle/wrapper/dists/gradle-9.2.1-bin/2t0n5ozlw9xmuyvbp7dnzaxug/gradle-9.2.1/lib/native-platform-0.22-milestone-29.jar)
WARNING: Use --enable-native-access=ALL-UNNAMED to avoid a warning for callers in this module
WARNING: Restricted methods will be blocked in a future release unless native access is enabled


FAILURE: Build failed with an exception.

* What went wrong:
Class org.gradle.jvm.toolchain.JvmVendorSpec does not have member field 'org.gradle.jvm.toolchain.JvmVendorSpec IBM_SEMERU'

* Try:
> Run with --stacktrace option to get the stack trace.
> Run with --info or --debug option to get more log output.
> Run with --scan to generate a Build Scan (powered by Develocity).
> Get more help at https://help.gradle.org.

BUILD FAILED in 24s

Starting a Gradle Daemon, 5 busy and 8 stopped Daemons could not be reused, use --status for details

Command 20 FAILED (Duration: 25.36s)

[21/240] Starting command 21...
Executing: ./gradlew runGrasp -PinstancePath="instances/10.json" -PoutputPath="output/singleThreadGrasp" -PtimeLimit=300 -PsearchMode="FIRST_IMPROVEMENT" -PskipProbability=0.5 -PlocalSearchMoves="insert,outOfPool,interSwap,shift,transfer,intraSwap" -Pseed=0 -PalphaType="UNIFORM" -PminAlpha=0.1 -PmaxAlpha=1.0
Command failed with return code: 1
Error: WARNING: A restricted method in java.lang.System has been called
WARNING: java.lang.System::load has been called by net.rubygrapefruit.platform.internal.NativeLibraryLoader in an unnamed module (file:/cta/users/ulvi.findik/.gradle/wrapper/dists/gradle-9.2.1-bin/2t0n5ozlw9xmuyvbp7dnzaxug/gradle-9.2.1/lib/native-platform-0.22-milestone-29.jar)
WARNING: Use --enable-native-access=ALL-UNNAMED to avoid a warning for callers in this module
WARNING: Restricted methods will be blocked in a future release unless native access is enabled


FAILURE: Build failed with an exception.

* What went wrong:
Class org.gradle.jvm.toolchain.JvmVendorSpec does not have member field 'org.gradle.jvm.toolchain.JvmVendorSpec IBM_SEMERU'

* Try:
> Run with --stacktrace option to get the stack trace.
> Run with --info or --debug option to get more log output.
> Run with --scan to generate a Build Scan (powered by Develocity).
> Get more help at https://help.gradle.org.

BUILD FAILED in 24s

Starting a Gradle Daemon, 3 busy and 1 stopped Daemons could not be reused, use --status for details

Command 21 FAILED (Duration: 25.52s)

[22/240] Starting command 22...
Executing: ./gradlew runGrasp -PinstancePath="instances/10.json" -PoutputPath="output/singleThreadGrasp" -PtimeLimit=300 -PsearchMode="FIRST_IMPROVEMENT" -PskipProbability=0 -PlocalSearchMoves="insert,outOfPool,interSwap,shift,transfer,intraSwap" -Pseed=0 -PalphaType="UNIFORM" -PminAlpha=0.1 -PmaxAlpha=0.5
Command failed with return code: 1
Error: WARNING: A restricted method in java.lang.System has been called
WARNING: java.lang.System::load has been called by net.rubygrapefruit.platform.internal.NativeLibraryLoader in an unnamed module (file:/cta/users/ulvi.findik/.gradle/wrapper/dists/gradle-9.2.1-bin/2t0n5ozlw9xmuyvbp7dnzaxug/gradle-9.2.1/lib/native-platform-0.22-milestone-29.jar)
WARNING: Use --enable-native-access=ALL-UNNAMED to avoid a warning for callers in this module
WARNING: Restricted methods will be blocked in a future release unless native access is enabled


FAILURE: Build failed with an exception.

* What went wrong:
Class org.gradle.jvm.toolchain.JvmVendorSpec does not have member field 'org.gradle.jvm.toolchain.JvmVendorSpec IBM_SEMERU'

* Try:
> Run with --stacktrace option to get the stack trace.
> Run with --info or --debug option to get more log output.
> Run with --scan to generate a Build Scan (powered by Develocity).
> Get more help at https://help.gradle.org.

BUILD FAILED in 24s

Starting a Gradle Daemon, 3 busy and 1 incompatible and 8 stopped Daemons could not be reused, use --status for details

Command 22 FAILED (Duration: 25.12s)

[23/240] Starting command 23...
Executing: ./gradlew runGrasp -PinstancePath="instances/10.json" -PoutputPath="output/singleThreadGrasp" -PtimeLimit=300 -PsearchMode="FIRST_IMPROVEMENT" -PskipProbability=0.25 -PlocalSearchMoves="insert,outOfPool,interSwap,shift,transfer,intraSwap" -Pseed=0 -PalphaType="UNIFORM" -PminAlpha=0.1 -PmaxAlpha=0.5
Command failed with return code: 1
Error: WARNING: A restricted method in java.lang.System has been called
WARNING: java.lang.System::load has been called by net.rubygrapefruit.platform.internal.NativeLibraryLoader in an unnamed module (file:/cta/users/ulvi.findik/.gradle/wrapper/dists/gradle-9.2.1-bin/2t0n5ozlw9xmuyvbp7dnzaxug/gradle-9.2.1/lib/native-platform-0.22-milestone-29.jar)
WARNING: Use --enable-native-access=ALL-UNNAMED to avoid a warning for callers in this module
WARNING: Restricted methods will be blocked in a future release unless native access is enabled


FAILURE: Build failed with an exception.

* What went wrong:
Class org.gradle.jvm.toolchain.JvmVendorSpec does not have member field 'org.gradle.jvm.toolchain.JvmVendorSpec IBM_SEMERU'

* Try:
> Run with --stacktrace option to get the stack trace.
> Run with --info or --debug option to get more log output.
> Run with --scan to generate a Build Scan (powered by Develocity).
> Get more help at https://help.gradle.org.

BUILD FAILED in 24s

Starting a Gradle Daemon, 1 busy and 14 stopped Daemons could not be reused, use --status for details

Command 23 FAILED (Duration: 25.04s)

[24/240] Starting command 24...
Executing: ./gradlew runGrasp -PinstancePath="instances/10.json" -PoutputPath="output/singleThreadGrasp" -PtimeLimit=300 -PsearchMode="FIRST_IMPROVEMENT" -PskipProbability=0.5 -PlocalSearchMoves="insert,outOfPool,interSwap,shift,transfer,intraSwap" -Pseed=0 -PalphaType="UNIFORM" -PminAlpha=0.1 -PmaxAlpha=0.5
Command failed with return code: 1
Error: WARNING: A restricted method in java.lang.System has been called
WARNING: java.lang.System::load has been called by net.rubygrapefruit.platform.internal.NativeLibraryLoader in an unnamed module (file:/cta/users/ulvi.findik/.gradle/wrapper/dists/gradle-9.2.1-bin/2t0n5ozlw9xmuyvbp7dnzaxug/gradle-9.2.1/lib/native-platform-0.22-milestone-29.jar)
WARNING: Use --enable-native-access=ALL-UNNAMED to avoid a warning for callers in this module
WARNING: Restricted methods will be blocked in a future release unless native access is enabled


FAILURE: Build failed with an exception.

* What went wrong:
Could not initialize class org.gradle.toolchains.foojay.DistributionsKt
> Exception java.lang.NoSuchFieldError: Class org.gradle.jvm.toolchain.JvmVendorSpec does not have member field 'org.gradle.jvm.toolchain.JvmVendorSpec IBM_SEMERU' [in thread "Daemon worker"]

* Try:
> Run with --stacktrace option to get the stack trace.
> Run with --info or --debug option to get more log output.
> Run with --scan to generate a Build Scan (powered by Develocity).
> Get more help at https://help.gradle.org.

BUILD FAILED in 4s

Daemon will be stopped at the end of the build after the daemon was no longer found in the daemon registry

Command 24 FAILED (Duration: 5.33s)

[25/240] Starting command 25...
Executing: ./gradlew runGrasp -PinstancePath="instances/density=MEDIUM_nInventory=15_nHours=4_seed=3.json" -PoutputPath="output/singleThreadGrasp" -PtimeLimit=300 -PsearchMode="BEST_IMPROVEMENT" -PskipProbability=0 -PlocalSearchMoves="insert,outOfPool,interSwap,shift,transfer,intraSwap" -Pseed=0 -PalphaType="FIXED" -Palpha=0.25
Command failed with return code: 1
Error: WARNING: A restricted method in java.lang.System has been called
WARNING: java.lang.System::load has been called by net.rubygrapefruit.platform.internal.NativeLibraryLoader in an unnamed module (file:/cta/users/ulvi.findik/.gradle/wrapper/dists/gradle-9.2.1-bin/2t0n5ozlw9xmuyvbp7dnzaxug/gradle-9.2.1/lib/native-platform-0.22-milestone-29.jar)
WARNING: Use --enable-native-access=ALL-UNNAMED to avoid a warning for callers in this module
WARNING: Restricted methods will be blocked in a future release unless native access is enabled


FAILURE: Build failed with an exception.

* What went wrong:
Class org.gradle.jvm.toolchain.JvmVendorSpec does not have member field 'org.gradle.jvm.toolchain.JvmVendorSpec IBM_SEMERU'

* Try:
> Run with --stacktrace option to get the stack trace.
> Run with --info or --debug option to get more log output.
> Run with --scan to generate a Build Scan (powered by Develocity).
> Get more help at https://help.gradle.org.

BUILD FAILED in 23s

Starting a Gradle Daemon, 2 busy and 19 stopped Daemons could not be reused, use --status for details

Command 25 FAILED (Duration: 24.62s)

[26/240] Starting command 26...
Executing: ./gradlew runGrasp -PinstancePath="instances/density=MEDIUM_nInventory=15_nHours=4_seed=3.json" -PoutputPath="output/singleThreadGrasp" -PtimeLimit=300 -PsearchMode="BEST_IMPROVEMENT" -PskipProbability=0.25 -PlocalSearchMoves="insert,outOfPool,interSwap,shift,transfer,intraSwap" -Pseed=0 -PalphaType="FIXED" -Palpha=0.25
Command failed with return code: 1
Error: WARNING: A restricted method in java.lang.System has been called
WARNING: java.lang.System::load has been called by net.rubygrapefruit.platform.internal.NativeLibraryLoader in an unnamed module (file:/cta/users/ulvi.findik/.gradle/wrapper/dists/gradle-9.2.1-bin/2t0n5ozlw9xmuyvbp7dnzaxug/gradle-9.2.1/lib/native-platform-0.22-milestone-29.jar)
WARNING: Use --enable-native-access=ALL-UNNAMED to avoid a warning for callers in this module
WARNING: Restricted methods will be blocked in a future release unless native access is enabled


FAILURE: Build failed with an exception.

* What went wrong:
Class org.gradle.jvm.toolchain.JvmVendorSpec does not have member field 'org.gradle.jvm.toolchain.JvmVendorSpec IBM_SEMERU'

* Try:
> Run with --stacktrace option to get the stack trace.
> Run with --info or --debug option to get more log output.
> Run with --scan to generate a Build Scan (powered by Develocity).
> Get more help at https://help.gradle.org.

BUILD FAILED in 25s

Starting a Gradle Daemon, 1 busy and 26 stopped Daemons could not be reused, use --status for details

Command 26 FAILED (Duration: 26.48s)

[27/240] Starting command 27...
Executing: ./gradlew runGrasp -PinstancePath="instances/density=MEDIUM_nInventory=15_nHours=4_seed=3.json" -PoutputPath="output/singleThreadGrasp" -PtimeLimit=300 -PsearchMode="BEST_IMPROVEMENT" -PskipProbability=0.5 -PlocalSearchMoves="insert,outOfPool,interSwap,shift,transfer,intraSwap" -Pseed=0 -PalphaType="FIXED" -Palpha=0.25
Command failed with return code: 1
Error: WARNING: A restricted method in java.lang.System has been called
WARNING: java.lang.System::load has been called by net.rubygrapefruit.platform.internal.NativeLibraryLoader in an unnamed module (file:/cta/users/ulvi.findik/.gradle/wrapper/dists/gradle-9.2.1-bin/2t0n5ozlw9xmuyvbp7dnzaxug/gradle-9.2.1/lib/native-platform-0.22-milestone-29.jar)
WARNING: Use --enable-native-access=ALL-UNNAMED to avoid a warning for callers in this module
WARNING: Restricted methods will be blocked in a future release unless native access is enabled


FAILURE: Build failed with an exception.

* What went wrong:
Class org.gradle.jvm.toolchain.JvmVendorSpec does not have member field 'org.gradle.jvm.toolchain.JvmVendorSpec IBM_SEMERU'

* Try:
> Run with --stacktrace option to get the stack trace.
> Run with --info or --debug option to get more log output.
> Run with --scan to generate a Build Scan (powered by Develocity).
> Get more help at https://help.gradle.org.

BUILD FAILED in 24s

Starting a Gradle Daemon (subsequent builds will be faster)

Command 27 FAILED (Duration: 25.20s)

[28/240] Starting command 28...
Executing: ./gradlew runGrasp -PinstancePath="instances/density=MEDIUM_nInventory=15_nHours=4_seed=3.json" -PoutputPath="output/singleThreadGrasp" -PtimeLimit=300 -PsearchMode="BEST_IMPROVEMENT" -PskipProbability=0 -PlocalSearchMoves="insert,outOfPool,interSwap,shift,transfer,intraSwap" -Pseed=0 -PalphaType="FIXED" -Palpha=0.5
Command failed with return code: 1
Error: WARNING: A restricted method in java.lang.System has been called
WARNING: java.lang.System::load has been called by net.rubygrapefruit.platform.internal.NativeLibraryLoader in an unnamed module (file:/cta/users/ulvi.findik/.gradle/wrapper/dists/gradle-9.2.1-bin/2t0n5ozlw9xmuyvbp7dnzaxug/gradle-9.2.1/lib/native-platform-0.22-milestone-29.jar)
WARNING: Use --enable-native-access=ALL-UNNAMED to avoid a warning for callers in this module
WARNING: Restricted methods will be blocked in a future release unless native access is enabled


FAILURE: Build failed with an exception.

* What went wrong:
Could not initialize class org.gradle.toolchains.foojay.DistributionsKt
> Exception java.lang.NoSuchFieldError: Class org.gradle.jvm.toolchain.JvmVendorSpec does not have member field 'org.gradle.jvm.toolchain.JvmVendorSpec IBM_SEMERU' [in thread "Daemon worker"]

* Try:
> Run with --stacktrace option to get the stack trace.
> Run with --info or --debug option to get more log output.
> Run with --scan to generate a Build Scan (powered by Develocity).
> Get more help at https://help.gradle.org.

BUILD FAILED in 6s


Command 28 FAILED (Duration: 6.70s)

[29/240] Starting command 29...
Executing: ./gradlew runGrasp -PinstancePath="instances/density=MEDIUM_nInventory=15_nHours=4_seed=3.json" -PoutputPath="output/singleThreadGrasp" -PtimeLimit=300 -PsearchMode="BEST_IMPROVEMENT" -PskipProbability=0.25 -PlocalSearchMoves="insert,outOfPool,interSwap,shift,transfer,intraSwap" -Pseed=0 -PalphaType="FIXED" -Palpha=0.5
Command failed with return code: 1
Error: WARNING: A restricted method in java.lang.System has been called
WARNING: java.lang.System::load has been called by net.rubygrapefruit.platform.internal.NativeLibraryLoader in an unnamed module (file:/cta/users/ulvi.findik/.gradle/wrapper/dists/gradle-9.2.1-bin/2t0n5ozlw9xmuyvbp7dnzaxug/gradle-9.2.1/lib/native-platform-0.22-milestone-29.jar)
WARNING: Use --enable-native-access=ALL-UNNAMED to avoid a warning for callers in this module
WARNING: Restricted methods will be blocked in a future release unless native access is enabled


FAILURE: Build failed with an exception.

* What went wrong:
Could not read cache value from '/cta/users/ulvi.findik/.gradle/daemon/9.2.1/registry.bin'.

* Try:
> Run with --stacktrace option to get the stack trace.
> Run with --info or --debug option to get more log output.
> Run with --scan to generate a Build Scan (powered by Develocity).
> Get more help at https://help.gradle.org.

Starting a Gradle Daemon, 9 stopped Daemons could not be reused, use --status for details

Command 29 FAILED (Duration: 8.62s)

[30/240] Starting command 30...
Executing: ./gradlew runGrasp -PinstancePath="instances/density=MEDIUM_nInventory=15_nHours=4_seed=3.json" -PoutputPath="output/singleThreadGrasp" -PtimeLimit=300 -PsearchMode="BEST_IMPROVEMENT" -PskipProbability=0.5 -PlocalSearchMoves="insert,outOfPool,interSwap,shift,transfer,intraSwap" -Pseed=0 -PalphaType="FIXED" -Palpha=0.5
Command failed with return code: 1
Error: WARNING: A restricted method in java.lang.System has been called
WARNING: java.lang.System::load has been called by net.rubygrapefruit.platform.internal.NativeLibraryLoader in an unnamed module (file:/cta/users/ulvi.findik/.gradle/wrapper/dists/gradle-9.2.1-bin/2t0n5ozlw9xmuyvbp7dnzaxug/gradle-9.2.1/lib/native-platform-0.22-milestone-29.jar)
WARNING: Use --enable-native-access=ALL-UNNAMED to avoid a warning for callers in this module
WARNING: Restricted methods will be blocked in a future release unless native access is enabled


FAILURE: Build failed with an exception.

* What went wrong:
Class org.gradle.jvm.toolchain.JvmVendorSpec does not have member field 'org.gradle.jvm.toolchain.JvmVendorSpec IBM_SEMERU'

* Try:
> Run with --stacktrace option to get the stack trace.
> Run with --info or --debug option to get more log output.
> Run with --scan to generate a Build Scan (powered by Develocity).
> Get more help at https://help.gradle.org.

BUILD FAILED in 24s

Starting a Gradle Daemon, 6 busy and 9 stopped Daemons could not be reused, use --status for details

Command 30 FAILED (Duration: 25.30s)

[31/240] Starting command 31...
Executing: ./gradlew runGrasp -PinstancePath="instances/density=MEDIUM_nInventory=15_nHours=4_seed=3.json" -PoutputPath="output/singleThreadGrasp" -PtimeLimit=300 -PsearchMode="BEST_IMPROVEMENT" -PskipProbability=0 -PlocalSearchMoves="insert,outOfPool,interSwap,shift,transfer,intraSwap" -Pseed=0 -PalphaType="UNIFORM" -PminAlpha=0.1 -PmaxAlpha=1.0
Command failed with return code: 1
Error: WARNING: A restricted method in java.lang.System has been called
WARNING: java.lang.System::load has been called by net.rubygrapefruit.platform.internal.NativeLibraryLoader in an unnamed module (file:/cta/users/ulvi.findik/.gradle/wrapper/dists/gradle-9.2.1-bin/2t0n5ozlw9xmuyvbp7dnzaxug/gradle-9.2.1/lib/native-platform-0.22-milestone-29.jar)
WARNING: Use --enable-native-access=ALL-UNNAMED to avoid a warning for callers in this module
WARNING: Restricted methods will be blocked in a future release unless native access is enabled


FAILURE: Build failed with an exception.

* What went wrong:
Could not initialize class org.gradle.toolchains.foojay.DistributionsKt
> Exception java.lang.NoSuchFieldError: Class org.gradle.jvm.toolchain.JvmVendorSpec does not have member field 'org.gradle.jvm.toolchain.JvmVendorSpec IBM_SEMERU' [in thread "Daemon worker"]

* Try:
> Run with --stacktrace option to get the stack trace.
> Run with --info or --debug option to get more log output.
> Run with --scan to generate a Build Scan (powered by Develocity).
> Get more help at https://help.gradle.org.

BUILD FAILED in 5s


Command 31 FAILED (Duration: 5.72s)

[32/240] Starting command 32...
Executing: ./gradlew runGrasp -PinstancePath="instances/density=MEDIUM_nInventory=15_nHours=4_seed=3.json" -PoutputPath="output/singleThreadGrasp" -PtimeLimit=300 -PsearchMode="BEST_IMPROVEMENT" -PskipProbability=0.25 -PlocalSearchMoves="insert,outOfPool,interSwap,shift,transfer,intraSwap" -Pseed=0 -PalphaType="UNIFORM" -PminAlpha=0.1 -PmaxAlpha=1.0
Command failed with return code: 1
Error: WARNING: A restricted method in java.lang.System has been called
WARNING: java.lang.System::load has been called by net.rubygrapefruit.platform.internal.NativeLibraryLoader in an unnamed module (file:/cta/users/ulvi.findik/.gradle/wrapper/dists/gradle-9.2.1-bin/2t0n5ozlw9xmuyvbp7dnzaxug/gradle-9.2.1/lib/native-platform-0.22-milestone-29.jar)
WARNING: Use --enable-native-access=ALL-UNNAMED to avoid a warning for callers in this module
WARNING: Restricted methods will be blocked in a future release unless native access is enabled


FAILURE: Build failed with an exception.

* What went wrong:
Class org.gradle.jvm.toolchain.JvmVendorSpec does not have member field 'org.gradle.jvm.toolchain.JvmVendorSpec IBM_SEMERU'

* Try:
> Run with --stacktrace option to get the stack trace.
> Run with --info or --debug option to get more log output.
> Run with --scan to generate a Build Scan (powered by Develocity).
> Get more help at https://help.gradle.org.

BUILD FAILED in 23s

Starting a Gradle Daemon, 3 busy and 2 incompatible and 18 stopped Daemons could not be reused, use --status for details

Command 32 FAILED (Duration: 24.58s)

[33/240] Starting command 33...
Executing: ./gradlew runGrasp -PinstancePath="instances/density=MEDIUM_nInventory=15_nHours=4_seed=3.json" -PoutputPath="output/singleThreadGrasp" -PtimeLimit=300 -PsearchMode="BEST_IMPROVEMENT" -PskipProbability=0.5 -PlocalSearchMoves="insert,outOfPool,interSwap,shift,transfer,intraSwap" -Pseed=0 -PalphaType="UNIFORM" -PminAlpha=0.1 -PmaxAlpha=1.0
Command failed with return code: 1
Error: WARNING: A restricted method in java.lang.System has been called
WARNING: java.lang.System::load has been called by net.rubygrapefruit.platform.internal.NativeLibraryLoader in an unnamed module (file:/cta/users/ulvi.findik/.gradle/wrapper/dists/gradle-9.2.1-bin/2t0n5ozlw9xmuyvbp7dnzaxug/gradle-9.2.1/lib/native-platform-0.22-milestone-29.jar)
WARNING: Use --enable-native-access=ALL-UNNAMED to avoid a warning for callers in this module
WARNING: Restricted methods will be blocked in a future release unless native access is enabled


FAILURE: Build failed with an exception.

* What went wrong:
Could not initialize class org.gradle.toolchains.foojay.DistributionsKt
> Exception java.lang.NoSuchFieldError: Class org.gradle.jvm.toolchain.JvmVendorSpec does not have member field 'org.gradle.jvm.toolchain.JvmVendorSpec IBM_SEMERU' [in thread "Daemon worker"]

* Try:
> Run with --stacktrace option to get the stack trace.
> Run with --info or --debug option to get more log output.
> Run with --scan to generate a Build Scan (powered by Develocity).
> Get more help at https://help.gradle.org.

BUILD FAILED in 4s


Command 33 FAILED (Duration: 5.35s)

[34/240] Starting command 34...
Executing: ./gradlew runGrasp -PinstancePath="instances/density=MEDIUM_nInventory=15_nHours=4_seed=3.json" -PoutputPath="output/singleThreadGrasp" -PtimeLimit=300 -PsearchMode="BEST_IMPROVEMENT" -PskipProbability=0 -PlocalSearchMoves="insert,outOfPool,interSwap,shift,transfer,intraSwap" -Pseed=0 -PalphaType="UNIFORM" -PminAlpha=0.1 -PmaxAlpha=0.5
Command failed with return code: 1
Error: WARNING: A restricted method in java.lang.System has been called
WARNING: java.lang.System::load has been called by net.rubygrapefruit.platform.internal.NativeLibraryLoader in an unnamed module (file:/cta/users/ulvi.findik/.gradle/wrapper/dists/gradle-9.2.1-bin/2t0n5ozlw9xmuyvbp7dnzaxug/gradle-9.2.1/lib/native-platform-0.22-milestone-29.jar)
WARNING: Use --enable-native-access=ALL-UNNAMED to avoid a warning for callers in this module
WARNING: Restricted methods will be blocked in a future release unless native access is enabled


FAILURE: Build failed with an exception.

* What went wrong:
Could not initialize class org.gradle.toolchains.foojay.DistributionsKt
> Exception java.lang.NoSuchFieldError: Class org.gradle.jvm.toolchain.JvmVendorSpec does not have member field 'org.gradle.jvm.toolchain.JvmVendorSpec IBM_SEMERU' [in thread "Daemon worker"]

* Try:
> Run with --stacktrace option to get the stack trace.
> Run with --info or --debug option to get more log output.
> Run with --scan to generate a Build Scan (powered by Develocity).
> Get more help at https://help.gradle.org.

BUILD FAILED in 4s


Command 34 FAILED (Duration: 5.11s)

[35/240] Starting command 35...
Executing: ./gradlew runGrasp -PinstancePath="instances/density=MEDIUM_nInventory=15_nHours=4_seed=3.json" -PoutputPath="output/singleThreadGrasp" -PtimeLimit=300 -PsearchMode="BEST_IMPROVEMENT" -PskipProbability=0.25 -PlocalSearchMoves="insert,outOfPool,interSwap,shift,transfer,intraSwap" -Pseed=0 -PalphaType="UNIFORM" -PminAlpha=0.1 -PmaxAlpha=0.5
Command failed with return code: 1
Error: WARNING: A restricted method in java.lang.System has been called
WARNING: java.lang.System::load has been called by net.rubygrapefruit.platform.internal.NativeLibraryLoader in an unnamed module (file:/cta/users/ulvi.findik/.gradle/wrapper/dists/gradle-9.2.1-bin/2t0n5ozlw9xmuyvbp7dnzaxug/gradle-9.2.1/lib/native-platform-0.22-milestone-29.jar)
WARNING: Use --enable-native-access=ALL-UNNAMED to avoid a warning for callers in this module
WARNING: Restricted methods will be blocked in a future release unless native access is enabled


FAILURE: Build failed with an exception.

* What went wrong:
Class org.gradle.jvm.toolchain.JvmVendorSpec does not have member field 'org.gradle.jvm.toolchain.JvmVendorSpec IBM_SEMERU'

* Try:
> Run with --stacktrace option to get the stack trace.
> Run with --info or --debug option to get more log output.
> Run with --scan to generate a Build Scan (powered by Develocity).
> Get more help at https://help.gradle.org.

BUILD FAILED in 57s

Starting a Gradle Daemon, 4 busy and 1 incompatible and 25 stopped Daemons could not be reused, use --status for details

Command 35 FAILED (Duration: 58.73s)

[36/240] Starting command 36...
Executing: ./gradlew runGrasp -PinstancePath="instances/density=MEDIUM_nInventory=15_nHours=4_seed=3.json" -PoutputPath="output/singleThreadGrasp" -PtimeLimit=300 -PsearchMode="BEST_IMPROVEMENT" -PskipProbability=0.5 -PlocalSearchMoves="insert,outOfPool,interSwap,shift,transfer,intraSwap" -Pseed=0 -PalphaType="UNIFORM" -PminAlpha=0.1 -PmaxAlpha=0.5
Command failed with return code: 1
Error: WARNING: A restricted method in java.lang.System has been called
WARNING: java.lang.System::load has been called by net.rubygrapefruit.platform.internal.NativeLibraryLoader in an unnamed module (file:/cta/users/ulvi.findik/.gradle/wrapper/dists/gradle-9.2.1-bin/2t0n5ozlw9xmuyvbp7dnzaxug/gradle-9.2.1/lib/native-platform-0.22-milestone-29.jar)
WARNING: Use --enable-native-access=ALL-UNNAMED to avoid a warning for callers in this module
WARNING: Restricted methods will be blocked in a future release unless native access is enabled


FAILURE: Build failed with an exception.

* What went wrong:
Class org.gradle.jvm.toolchain.JvmVendorSpec does not have member field 'org.gradle.jvm.toolchain.JvmVendorSpec IBM_SEMERU'

* Try:
> Run with --stacktrace option to get the stack trace.
> Run with --info or --debug option to get more log output.
> Run with --scan to generate a Build Scan (powered by Develocity).
> Get more help at https://help.gradle.org.

BUILD FAILED in 24s

Starting a Gradle Daemon, 3 busy and 2 incompatible and 38 stopped Daemons could not be reused, use --status for details

Command 36 FAILED (Duration: 25.01s)

[37/240] Starting command 37...
Executing: ./gradlew runGrasp -PinstancePath="instances/density=MEDIUM_nInventory=15_nHours=4_seed=3.json" -PoutputPath="output/singleThreadGrasp" -PtimeLimit=300 -PsearchMode="FIRST_IMPROVEMENT" -PskipProbability=0 -PlocalSearchMoves="insert,outOfPool,interSwap,shift,transfer,intraSwap" -Pseed=0 -PalphaType="FIXED" -Palpha=0.25
Command failed with return code: 1
Error: WARNING: A restricted method in java.lang.System has been called
WARNING: java.lang.System::load has been called by net.rubygrapefruit.platform.internal.NativeLibraryLoader in an unnamed module (file:/cta/users/ulvi.findik/.gradle/wrapper/dists/gradle-9.2.1-bin/2t0n5ozlw9xmuyvbp7dnzaxug/gradle-9.2.1/lib/native-platform-0.22-milestone-29.jar)
WARNING: Use --enable-native-access=ALL-UNNAMED to avoid a warning for callers in this module
WARNING: Restricted methods will be blocked in a future release unless native access is enabled


FAILURE: Build failed with an exception.

* What went wrong:
Class org.gradle.jvm.toolchain.JvmVendorSpec does not have member field 'org.gradle.jvm.toolchain.JvmVendorSpec IBM_SEMERU'

* Try:
> Run with --stacktrace option to get the stack trace.
> Run with --info or --debug option to get more log output.
> Run with --scan to generate a Build Scan (powered by Develocity).
> Get more help at https://help.gradle.org.

BUILD FAILED in 24s

Starting a Gradle Daemon, 1 busy and 2 incompatible and 45 stopped Daemons could not be reused, use --status for details

Command 37 FAILED (Duration: 24.99s)

[38/240] Starting command 38...
Executing: ./gradlew runGrasp -PinstancePath="instances/density=MEDIUM_nInventory=15_nHours=4_seed=3.json" -PoutputPath="output/singleThreadGrasp" -PtimeLimit=300 -PsearchMode="FIRST_IMPROVEMENT" -PskipProbability=0.25 -PlocalSearchMoves="insert,outOfPool,interSwap,shift,transfer,intraSwap" -Pseed=0 -PalphaType="FIXED" -Palpha=0.25
Command failed with return code: 1
Error: WARNING: A restricted method in java.lang.System has been called
WARNING: java.lang.System::load has been called by net.rubygrapefruit.platform.internal.NativeLibraryLoader in an unnamed module (file:/cta/users/ulvi.findik/.gradle/wrapper/dists/gradle-9.2.1-bin/2t0n5ozlw9xmuyvbp7dnzaxug/gradle-9.2.1/lib/native-platform-0.22-milestone-29.jar)
WARNING: Use --enable-native-access=ALL-UNNAMED to avoid a warning for callers in this module
WARNING: Restricted methods will be blocked in a future release unless native access is enabled


FAILURE: Build failed with an exception.

* What went wrong:
Class org.gradle.jvm.toolchain.JvmVendorSpec does not have member field 'org.gradle.jvm.toolchain.JvmVendorSpec IBM_SEMERU'

* Try:
> Run with --stacktrace option to get the stack trace.
> Run with --info or --debug option to get more log output.
> Run with --scan to generate a Build Scan (powered by Develocity).
> Get more help at https://help.gradle.org.

BUILD FAILED in 24s

Starting a Gradle Daemon, 51 stopped Daemons could not be reused, use --status for details

Command 38 FAILED (Duration: 24.93s)

[39/240] Starting command 39...
Executing: ./gradlew runGrasp -PinstancePath="instances/density=MEDIUM_nInventory=15_nHours=4_seed=3.json" -PoutputPath="output/singleThreadGrasp" -PtimeLimit=300 -PsearchMode="FIRST_IMPROVEMENT" -PskipProbability=0.5 -PlocalSearchMoves="insert,outOfPool,interSwap,shift,transfer,intraSwap" -Pseed=0 -PalphaType="FIXED" -Palpha=0.25
Command failed with return code: 1
Error: WARNING: A restricted method in java.lang.System has been called
WARNING: java.lang.System::load has been called by net.rubygrapefruit.platform.internal.NativeLibraryLoader in an unnamed module (file:/cta/users/ulvi.findik/.gradle/wrapper/dists/gradle-9.2.1-bin/2t0n5ozlw9xmuyvbp7dnzaxug/gradle-9.2.1/lib/native-platform-0.22-milestone-29.jar)
WARNING: Use --enable-native-access=ALL-UNNAMED to avoid a warning for callers in this module
WARNING: Restricted methods will be blocked in a future release unless native access is enabled


FAILURE: Build failed with an exception.

* What went wrong:
Could not initialize class org.gradle.toolchains.foojay.DistributionsKt
> Exception java.lang.NoSuchFieldError: Class org.gradle.jvm.toolchain.JvmVendorSpec does not have member field 'org.gradle.jvm.toolchain.JvmVendorSpec IBM_SEMERU' [in thread "Daemon worker"]

* Try:
> Run with --stacktrace option to get the stack trace.
> Run with --info or --debug option to get more log output.
> Run with --scan to generate a Build Scan (powered by Develocity).
> Get more help at https://help.gradle.org.

BUILD FAILED in 4s


Command 39 FAILED (Duration: 5.16s)

[40/240] Starting command 40...
Executing: ./gradlew runGrasp -PinstancePath="instances/density=MEDIUM_nInventory=15_nHours=4_seed=3.json" -PoutputPath="output/singleThreadGrasp" -PtimeLimit=300 -PsearchMode="FIRST_IMPROVEMENT" -PskipProbability=0 -PlocalSearchMoves="insert,outOfPool,interSwap,shift,transfer,intraSwap" -Pseed=0 -PalphaType="FIXED" -Palpha=0.5
Command failed with return code: 1
Error: WARNING: A restricted method in java.lang.System has been called
WARNING: java.lang.System::load has been called by net.rubygrapefruit.platform.internal.NativeLibraryLoader in an unnamed module (file:/cta/users/ulvi.findik/.gradle/wrapper/dists/gradle-9.2.1-bin/2t0n5ozlw9xmuyvbp7dnzaxug/gradle-9.2.1/lib/native-platform-0.22-milestone-29.jar)
WARNING: Use --enable-native-access=ALL-UNNAMED to avoid a warning for callers in this module
WARNING: Restricted methods will be blocked in a future release unless native access is enabled


FAILURE: Build failed with an exception.

* What went wrong:
Class org.gradle.jvm.toolchain.JvmVendorSpec does not have member field 'org.gradle.jvm.toolchain.JvmVendorSpec IBM_SEMERU'

* Try:
> Run with --stacktrace option to get the stack trace.
> Run with --info or --debug option to get more log output.
> Run with --scan to generate a Build Scan (powered by Develocity).
> Get more help at https://help.gradle.org.

BUILD FAILED in 24s

Starting a Gradle Daemon, 2 busy and 7 stopped Daemons could not be reused, use --status for details

Command 40 FAILED (Duration: 24.98s)

[41/240] Starting command 41...
Executing: ./gradlew runGrasp -PinstancePath="instances/density=MEDIUM_nInventory=15_nHours=4_seed=3.json" -PoutputPath="output/singleThreadGrasp" -PtimeLimit=300 -PsearchMode="FIRST_IMPROVEMENT" -PskipProbability=0.25 -PlocalSearchMoves="insert,outOfPool,interSwap,shift,transfer,intraSwap" -Pseed=0 -PalphaType="FIXED" -Palpha=0.5
Command failed with return code: 1
Error: WARNING: A restricted method in java.lang.System has been called
WARNING: java.lang.System::load has been called by net.rubygrapefruit.platform.internal.NativeLibraryLoader in an unnamed module (file:/cta/users/ulvi.findik/.gradle/wrapper/dists/gradle-9.2.1-bin/2t0n5ozlw9xmuyvbp7dnzaxug/gradle-9.2.1/lib/native-platform-0.22-milestone-29.jar)
WARNING: Use --enable-native-access=ALL-UNNAMED to avoid a warning for callers in this module
WARNING: Restricted methods will be blocked in a future release unless native access is enabled


FAILURE: Build failed with an exception.

* What went wrong:
Class org.gradle.jvm.toolchain.JvmVendorSpec does not have member field 'org.gradle.jvm.toolchain.JvmVendorSpec IBM_SEMERU'

* Try:
> Run with --stacktrace option to get the stack trace.
> Run with --info or --debug option to get more log output.
> Run with --scan to generate a Build Scan (powered by Develocity).
> Get more help at https://help.gradle.org.

BUILD FAILED in 24s

Starting a Gradle Daemon, 2 busy and 2 incompatible and 13 stopped Daemons could not be reused, use --status for details
Daemon will be stopped at the end of the build after the daemon was no longer found in the daemon registry

Command 41 FAILED (Duration: 25.37s)

[42/240] Starting command 42...
Executing: ./gradlew runGrasp -PinstancePath="instances/density=MEDIUM_nInventory=15_nHours=4_seed=3.json" -PoutputPath="output/singleThreadGrasp" -PtimeLimit=300 -PsearchMode="FIRST_IMPROVEMENT" -PskipProbability=0.5 -PlocalSearchMoves="insert,outOfPool,interSwap,shift,transfer,intraSwap" -Pseed=0 -PalphaType="FIXED" -Palpha=0.5
Command failed with return code: 1
Error: WARNING: A restricted method in java.lang.System has been called
WARNING: java.lang.System::load has been called by net.rubygrapefruit.platform.internal.NativeLibraryLoader in an unnamed module (file:/cta/users/ulvi.findik/.gradle/wrapper/dists/gradle-9.2.1-bin/2t0n5ozlw9xmuyvbp7dnzaxug/gradle-9.2.1/lib/native-platform-0.22-milestone-29.jar)
WARNING: Use --enable-native-access=ALL-UNNAMED to avoid a warning for callers in this module
WARNING: Restricted methods will be blocked in a future release unless native access is enabled


FAILURE: Build failed with an exception.

* What went wrong:
Class org.gradle.jvm.toolchain.JvmVendorSpec does not have member field 'org.gradle.jvm.toolchain.JvmVendorSpec IBM_SEMERU'

* Try:
> Run with --stacktrace option to get the stack trace.
> Run with --info or --debug option to get more log output.
> Run with --scan to generate a Build Scan (powered by Develocity).
> Get more help at https://help.gradle.org.

BUILD FAILED in 23s

Starting a Gradle Daemon, 1 busy and 9 stopped Daemons could not be reused, use --status for details

Command 42 FAILED (Duration: 24.76s)

[43/240] Starting command 43...
Executing: ./gradlew runGrasp -PinstancePath="instances/density=MEDIUM_nInventory=15_nHours=4_seed=3.json" -PoutputPath="output/singleThreadGrasp" -PtimeLimit=300 -PsearchMode="FIRST_IMPROVEMENT" -PskipProbability=0 -PlocalSearchMoves="insert,outOfPool,interSwap,shift,transfer,intraSwap" -Pseed=0 -PalphaType="UNIFORM" -PminAlpha=0.1 -PmaxAlpha=1.0
Command failed with return code: 1
Error: WARNING: A restricted method in java.lang.System has been called
WARNING: java.lang.System::load has been called by net.rubygrapefruit.platform.internal.NativeLibraryLoader in an unnamed module (file:/cta/users/ulvi.findik/.gradle/wrapper/dists/gradle-9.2.1-bin/2t0n5ozlw9xmuyvbp7dnzaxug/gradle-9.2.1/lib/native-platform-0.22-milestone-29.jar)
WARNING: Use --enable-native-access=ALL-UNNAMED to avoid a warning for callers in this module
WARNING: Restricted methods will be blocked in a future release unless native access is enabled


FAILURE: Build failed with an exception.

* What went wrong:
Could not initialize class org.gradle.toolchains.foojay.DistributionsKt
> Exception java.lang.NoSuchFieldError: Class org.gradle.jvm.toolchain.JvmVendorSpec does not have member field 'org.gradle.jvm.toolchain.JvmVendorSpec IBM_SEMERU' [in thread "Daemon worker"]

* Try:
> Run with --stacktrace option to get the stack trace.
> Run with --info or --debug option to get more log output.
> Run with --scan to generate a Build Scan (powered by Develocity).
> Get more help at https://help.gradle.org.

BUILD FAILED in 5s


Command 43 FAILED (Duration: 5.44s)

[44/240] Starting command 44...
Executing: ./gradlew runGrasp -PinstancePath="instances/density=MEDIUM_nInventory=15_nHours=4_seed=3.json" -PoutputPath="output/singleThreadGrasp" -PtimeLimit=300 -PsearchMode="FIRST_IMPROVEMENT" -PskipProbability=0.25 -PlocalSearchMoves="insert,outOfPool,interSwap,shift,transfer,intraSwap" -Pseed=0 -PalphaType="UNIFORM" -PminAlpha=0.1 -PmaxAlpha=1.0
Command failed with return code: 1
Error: WARNING: A restricted method in java.lang.System has been called
WARNING: java.lang.System::load has been called by net.rubygrapefruit.platform.internal.NativeLibraryLoader in an unnamed module (file:/cta/users/ulvi.findik/.gradle/wrapper/dists/gradle-9.2.1-bin/2t0n5ozlw9xmuyvbp7dnzaxug/gradle-9.2.1/lib/native-platform-0.22-milestone-29.jar)
WARNING: Use --enable-native-access=ALL-UNNAMED to avoid a warning for callers in this module
WARNING: Restricted methods will be blocked in a future release unless native access is enabled


FAILURE: Build failed with an exception.

* What went wrong:
Class org.gradle.jvm.toolchain.JvmVendorSpec does not have member field 'org.gradle.jvm.toolchain.JvmVendorSpec IBM_SEMERU'

* Try:
> Run with --stacktrace option to get the stack trace.
> Run with --info or --debug option to get more log output.
> Run with --scan to generate a Build Scan (powered by Develocity).
> Get more help at https://help.gradle.org.

BUILD FAILED in 24s

Starting a Gradle Daemon, 1 busy and 16 stopped Daemons could not be reused, use --status for details

Command 44 FAILED (Duration: 25.02s)

[45/240] Starting command 45...
Executing: ./gradlew runGrasp -PinstancePath="instances/density=MEDIUM_nInventory=15_nHours=4_seed=3.json" -PoutputPath="output/singleThreadGrasp" -PtimeLimit=300 -PsearchMode="FIRST_IMPROVEMENT" -PskipProbability=0.5 -PlocalSearchMoves="insert,outOfPool,interSwap,shift,transfer,intraSwap" -Pseed=0 -PalphaType="UNIFORM" -PminAlpha=0.1 -PmaxAlpha=1.0
Command failed with return code: 1
Error: WARNING: A restricted method in java.lang.System has been called
WARNING: java.lang.System::load has been called by net.rubygrapefruit.platform.internal.NativeLibraryLoader in an unnamed module (file:/cta/users/ulvi.findik/.gradle/wrapper/dists/gradle-9.2.1-bin/2t0n5ozlw9xmuyvbp7dnzaxug/gradle-9.2.1/lib/native-platform-0.22-milestone-29.jar)
WARNING: Use --enable-native-access=ALL-UNNAMED to avoid a warning for callers in this module
WARNING: Restricted methods will be blocked in a future release unless native access is enabled


FAILURE: Build failed with an exception.

* What went wrong:
Class org.gradle.jvm.toolchain.JvmVendorSpec does not have member field 'org.gradle.jvm.toolchain.JvmVendorSpec IBM_SEMERU'

* Try:
> Run with --stacktrace option to get the stack trace.
> Run with --info or --debug option to get more log output.
> Run with --scan to generate a Build Scan (powered by Develocity).
> Get more help at https://help.gradle.org.

BUILD FAILED in 24s

Starting a Gradle Daemon, 1 busy and 22 stopped Daemons could not be reused, use --status for details

Command 45 FAILED (Duration: 25.01s)

[46/240] Starting command 46...
Executing: ./gradlew runGrasp -PinstancePath="instances/density=MEDIUM_nInventory=15_nHours=4_seed=3.json" -PoutputPath="output/singleThreadGrasp" -PtimeLimit=300 -PsearchMode="FIRST_IMPROVEMENT" -PskipProbability=0 -PlocalSearchMoves="insert,outOfPool,interSwap,shift,transfer,intraSwap" -Pseed=0 -PalphaType="UNIFORM" -PminAlpha=0.1 -PmaxAlpha=0.5
Command failed with return code: 1
Error: WARNING: A restricted method in java.lang.System has been called
WARNING: java.lang.System::load has been called by net.rubygrapefruit.platform.internal.NativeLibraryLoader in an unnamed module (file:/cta/users/ulvi.findik/.gradle/wrapper/dists/gradle-9.2.1-bin/2t0n5ozlw9xmuyvbp7dnzaxug/gradle-9.2.1/lib/native-platform-0.22-milestone-29.jar)
WARNING: Use --enable-native-access=ALL-UNNAMED to avoid a warning for callers in this module
WARNING: Restricted methods will be blocked in a future release unless native access is enabled


FAILURE: Build failed with an exception.

* What went wrong:
Class org.gradle.jvm.toolchain.JvmVendorSpec does not have member field 'org.gradle.jvm.toolchain.JvmVendorSpec IBM_SEMERU'

* Try:
> Run with --stacktrace option to get the stack trace.
> Run with --info or --debug option to get more log output.
> Run with --scan to generate a Build Scan (powered by Develocity).
> Get more help at https://help.gradle.org.

BUILD FAILED in 24s

Starting a Gradle Daemon, 2 busy and 27 stopped Daemons could not be reused, use --status for details

Command 46 FAILED (Duration: 24.88s)

[47/240] Starting command 47...
Executing: ./gradlew runGrasp -PinstancePath="instances/density=MEDIUM_nInventory=15_nHours=4_seed=3.json" -PoutputPath="output/singleThreadGrasp" -PtimeLimit=300 -PsearchMode="FIRST_IMPROVEMENT" -PskipProbability=0.25 -PlocalSearchMoves="insert,outOfPool,interSwap,shift,transfer,intraSwap" -Pseed=0 -PalphaType="UNIFORM" -PminAlpha=0.1 -PmaxAlpha=0.5
Command failed with return code: 1
Error: WARNING: A restricted method in java.lang.System has been called
WARNING: java.lang.System::load has been called by net.rubygrapefruit.platform.internal.NativeLibraryLoader in an unnamed module (file:/cta/users/ulvi.findik/.gradle/wrapper/dists/gradle-9.2.1-bin/2t0n5ozlw9xmuyvbp7dnzaxug/gradle-9.2.1/lib/native-platform-0.22-milestone-29.jar)
WARNING: Use --enable-native-access=ALL-UNNAMED to avoid a warning for callers in this module
WARNING: Restricted methods will be blocked in a future release unless native access is enabled


FAILURE: Build failed with an exception.

* What went wrong:
Class org.gradle.jvm.toolchain.JvmVendorSpec does not have member field 'org.gradle.jvm.toolchain.JvmVendorSpec IBM_SEMERU'

* Try:
> Run with --stacktrace option to get the stack trace.
> Run with --info or --debug option to get more log output.
> Run with --scan to generate a Build Scan (powered by Develocity).
> Get more help at https://help.gradle.org.

BUILD FAILED in 23s

Starting a Gradle Daemon, 2 busy and 7 stopped Daemons could not be reused, use --status for details

Command 47 FAILED (Duration: 24.85s)

[48/240] Starting command 48...
Executing: ./gradlew runGrasp -PinstancePath="instances/density=MEDIUM_nInventory=15_nHours=4_seed=3.json" -PoutputPath="output/singleThreadGrasp" -PtimeLimit=300 -PsearchMode="FIRST_IMPROVEMENT" -PskipProbability=0.5 -PlocalSearchMoves="insert,outOfPool,interSwap,shift,transfer,intraSwap" -Pseed=0 -PalphaType="UNIFORM" -PminAlpha=0.1 -PmaxAlpha=0.5
Command failed with return code: 1
Error: WARNING: A restricted method in java.lang.System has been called
WARNING: java.lang.System::load has been called by net.rubygrapefruit.platform.internal.NativeLibraryLoader in an unnamed module (file:/cta/users/ulvi.findik/.gradle/wrapper/dists/gradle-9.2.1-bin/2t0n5ozlw9xmuyvbp7dnzaxug/gradle-9.2.1/lib/native-platform-0.22-milestone-29.jar)
WARNING: Use --enable-native-access=ALL-UNNAMED to avoid a warning for callers in this module
WARNING: Restricted methods will be blocked in a future release unless native access is enabled


FAILURE: Build failed with an exception.

* What went wrong:
Class org.gradle.jvm.toolchain.JvmVendorSpec does not have member field 'org.gradle.jvm.toolchain.JvmVendorSpec IBM_SEMERU'

* Try:
> Run with --stacktrace option to get the stack trace.
> Run with --info or --debug option to get more log output.
> Run with --scan to generate a Build Scan (powered by Develocity).
> Get more help at https://help.gradle.org.

BUILD FAILED in 23s

Starting a Gradle Daemon, 1 busy and 12 stopped Daemons could not be reused, use --status for details

Command 48 FAILED (Duration: 24.59s)

[49/240] Starting command 49...
Executing: ./gradlew runGrasp -PinstancePath="instances/density=MEDIUM_nInventory=20_nHours=5_seed=3.json" -PoutputPath="output/singleThreadGrasp" -PtimeLimit=300 -PsearchMode="BEST_IMPROVEMENT" -PskipProbability=0 -PlocalSearchMoves="insert,outOfPool,interSwap,shift,transfer,intraSwap" -Pseed=0 -PalphaType="FIXED" -Palpha=0.25
Command failed with return code: 1
Error: WARNING: A restricted method in java.lang.System has been called
WARNING: java.lang.System::load has been called by net.rubygrapefruit.platform.internal.NativeLibraryLoader in an unnamed module (file:/cta/users/ulvi.findik/.gradle/wrapper/dists/gradle-9.2.1-bin/2t0n5ozlw9xmuyvbp7dnzaxug/gradle-9.2.1/lib/native-platform-0.22-milestone-29.jar)
WARNING: Use --enable-native-access=ALL-UNNAMED to avoid a warning for callers in this module
WARNING: Restricted methods will be blocked in a future release unless native access is enabled


FAILURE: Build failed with an exception.

* What went wrong:
Class org.gradle.jvm.toolchain.JvmVendorSpec does not have member field 'org.gradle.jvm.toolchain.JvmVendorSpec IBM_SEMERU'

* Try:
> Run with --stacktrace option to get the stack trace.
> Run with --info or --debug option to get more log output.
> Run with --scan to generate a Build Scan (powered by Develocity).
> Get more help at https://help.gradle.org.

BUILD FAILED in 24s

Starting a Gradle Daemon, 1 busy and 18 stopped Daemons could not be reused, use --status for details

Command 49 FAILED (Duration: 24.97s)

[50/240] Starting command 50...
Executing: ./gradlew runGrasp -PinstancePath="instances/density=MEDIUM_nInventory=20_nHours=5_seed=3.json" -PoutputPath="output/singleThreadGrasp" -PtimeLimit=300 -PsearchMode="BEST_IMPROVEMENT" -PskipProbability=0.25 -PlocalSearchMoves="insert,outOfPool,interSwap,shift,transfer,intraSwap" -Pseed=0 -PalphaType="FIXED" -Palpha=0.25
Command failed with return code: 1
Error: WARNING: A restricted method in java.lang.System has been called
WARNING: java.lang.System::load has been called by net.rubygrapefruit.platform.internal.NativeLibraryLoader in an unnamed module (file:/cta/users/ulvi.findik/.gradle/wrapper/dists/gradle-9.2.1-bin/2t0n5ozlw9xmuyvbp7dnzaxug/gradle-9.2.1/lib/native-platform-0.22-milestone-29.jar)
WARNING: Use --enable-native-access=ALL-UNNAMED to avoid a warning for callers in this module
WARNING: Restricted methods will be blocked in a future release unless native access is enabled


FAILURE: Build failed with an exception.

* What went wrong:
Class org.gradle.jvm.toolchain.JvmVendorSpec does not have member field 'org.gradle.jvm.toolchain.JvmVendorSpec IBM_SEMERU'

* Try:
> Run with --stacktrace option to get the stack trace.
> Run with --info or --debug option to get more log output.
> Run with --scan to generate a Build Scan (powered by Develocity).
> Get more help at https://help.gradle.org.

BUILD FAILED in 24s

Starting a Gradle Daemon, 1 busy and 24 stopped Daemons could not be reused, use --status for details

Command 50 FAILED (Duration: 25.30s)

[51/240] Starting command 51...
Executing: ./gradlew runGrasp -PinstancePath="instances/density=MEDIUM_nInventory=20_nHours=5_seed=3.json" -PoutputPath="output/singleThreadGrasp" -PtimeLimit=300 -PsearchMode="BEST_IMPROVEMENT" -PskipProbability=0.5 -PlocalSearchMoves="insert,outOfPool,interSwap,shift,transfer,intraSwap" -Pseed=0 -PalphaType="FIXED" -Palpha=0.25
Command failed with return code: 1
Error: WARNING: A restricted method in java.lang.System has been called
WARNING: java.lang.System::load has been called by net.rubygrapefruit.platform.internal.NativeLibraryLoader in an unnamed module (file:/cta/users/ulvi.findik/.gradle/wrapper/dists/gradle-9.2.1-bin/2t0n5ozlw9xmuyvbp7dnzaxug/gradle-9.2.1/lib/native-platform-0.22-milestone-29.jar)
WARNING: Use --enable-native-access=ALL-UNNAMED to avoid a warning for callers in this module
WARNING: Restricted methods will be blocked in a future release unless native access is enabled


FAILURE: Build failed with an exception.

* What went wrong:
Class org.gradle.jvm.toolchain.JvmVendorSpec does not have member field 'org.gradle.jvm.toolchain.JvmVendorSpec IBM_SEMERU'

* Try:
> Run with --stacktrace option to get the stack trace.
> Run with --info or --debug option to get more log output.
> Run with --scan to generate a Build Scan (powered by Develocity).
> Get more help at https://help.gradle.org.

BUILD FAILED in 24s

Starting a Gradle Daemon, 1 busy and 30 stopped Daemons could not be reused, use --status for details

Command 51 FAILED (Duration: 25.60s)

[52/240] Starting command 52...
Executing: ./gradlew runGrasp -PinstancePath="instances/density=MEDIUM_nInventory=20_nHours=5_seed=3.json" -PoutputPath="output/singleThreadGrasp" -PtimeLimit=300 -PsearchMode="BEST_IMPROVEMENT" -PskipProbability=0 -PlocalSearchMoves="insert,outOfPool,interSwap,shift,transfer,intraSwap" -Pseed=0 -PalphaType="FIXED" -Palpha=0.5
Command failed with return code: 1
Error: WARNING: A restricted method in java.lang.System has been called
WARNING: java.lang.System::load has been called by net.rubygrapefruit.platform.internal.NativeLibraryLoader in an unnamed module (file:/cta/users/ulvi.findik/.gradle/wrapper/dists/gradle-9.2.1-bin/2t0n5ozlw9xmuyvbp7dnzaxug/gradle-9.2.1/lib/native-platform-0.22-milestone-29.jar)
WARNING: Use --enable-native-access=ALL-UNNAMED to avoid a warning for callers in this module
WARNING: Restricted methods will be blocked in a future release unless native access is enabled


FAILURE: Build failed with an exception.

* What went wrong:
Class org.gradle.jvm.toolchain.JvmVendorSpec does not have member field 'org.gradle.jvm.toolchain.JvmVendorSpec IBM_SEMERU'

* Try:
> Run with --stacktrace option to get the stack trace.
> Run with --info or --debug option to get more log output.
> Run with --scan to generate a Build Scan (powered by Develocity).
> Get more help at https://help.gradle.org.

BUILD FAILED in 24s

Starting a Gradle Daemon, 1 busy and 4 stopped Daemons could not be reused, use --status for details

Command 52 FAILED (Duration: 25.43s)

[53/240] Starting command 53...
Executing: ./gradlew runGrasp -PinstancePath="instances/density=MEDIUM_nInventory=20_nHours=5_seed=3.json" -PoutputPath="output/singleThreadGrasp" -PtimeLimit=300 -PsearchMode="BEST_IMPROVEMENT" -PskipProbability=0.25 -PlocalSearchMoves="insert,outOfPool,interSwap,shift,transfer,intraSwap" -Pseed=0 -PalphaType="FIXED" -Palpha=0.5
Command failed with return code: 1
Error: WARNING: A restricted method in java.lang.System has been called
WARNING: java.lang.System::load has been called by net.rubygrapefruit.platform.internal.NativeLibraryLoader in an unnamed module (file:/cta/users/ulvi.findik/.gradle/wrapper/dists/gradle-9.2.1-bin/2t0n5ozlw9xmuyvbp7dnzaxug/gradle-9.2.1/lib/native-platform-0.22-milestone-29.jar)
WARNING: Use --enable-native-access=ALL-UNNAMED to avoid a warning for callers in this module
WARNING: Restricted methods will be blocked in a future release unless native access is enabled


FAILURE: Build failed with an exception.

* What went wrong:
Class org.gradle.jvm.toolchain.JvmVendorSpec does not have member field 'org.gradle.jvm.toolchain.JvmVendorSpec IBM_SEMERU'

* Try:
> Run with --stacktrace option to get the stack trace.
> Run with --info or --debug option to get more log output.
> Run with --scan to generate a Build Scan (powered by Develocity).
> Get more help at https://help.gradle.org.

BUILD FAILED in 24s

Starting a Gradle Daemon, 2 busy and 1 incompatible and 11 stopped Daemons could not be reused, use --status for details

Command 53 FAILED (Duration: 24.84s)

[54/240] Starting command 54...
Executing: ./gradlew runGrasp -PinstancePath="instances/density=MEDIUM_nInventory=20_nHours=5_seed=3.json" -PoutputPath="output/singleThreadGrasp" -PtimeLimit=300 -PsearchMode="BEST_IMPROVEMENT" -PskipProbability=0.5 -PlocalSearchMoves="insert,outOfPool,interSwap,shift,transfer,intraSwap" -Pseed=0 -PalphaType="FIXED" -Palpha=0.5
Command failed with return code: 1
Error: WARNING: A restricted method in java.lang.System has been called
WARNING: java.lang.System::load has been called by net.rubygrapefruit.platform.internal.NativeLibraryLoader in an unnamed module (file:/cta/users/ulvi.findik/.gradle/wrapper/dists/gradle-9.2.1-bin/2t0n5ozlw9xmuyvbp7dnzaxug/gradle-9.2.1/lib/native-platform-0.22-milestone-29.jar)
WARNING: Use --enable-native-access=ALL-UNNAMED to avoid a warning for callers in this module
WARNING: Restricted methods will be blocked in a future release unless native access is enabled


FAILURE: Build failed with an exception.

* What went wrong:
Could not initialize class org.gradle.toolchains.foojay.DistributionsKt
> Exception java.lang.NoSuchFieldError: Class org.gradle.jvm.toolchain.JvmVendorSpec does not have member field 'org.gradle.jvm.toolchain.JvmVendorSpec IBM_SEMERU' [in thread "Daemon worker"]

* Try:
> Run with --stacktrace option to get the stack trace.
> Run with --info or --debug option to get more log output.
> Run with --scan to generate a Build Scan (powered by Develocity).
> Get more help at https://help.gradle.org.

BUILD FAILED in 4s


Command 54 FAILED (Duration: 5.40s)

[55/240] Starting command 55...
Executing: ./gradlew runGrasp -PinstancePath="instances/density=MEDIUM_nInventory=20_nHours=5_seed=3.json" -PoutputPath="output/singleThreadGrasp" -PtimeLimit=300 -PsearchMode="BEST_IMPROVEMENT" -PskipProbability=0 -PlocalSearchMoves="insert,outOfPool,interSwap,shift,transfer,intraSwap" -Pseed=0 -PalphaType="UNIFORM" -PminAlpha=0.1 -PmaxAlpha=1.0
Command failed with return code: 1
Error: WARNING: A restricted method in java.lang.System has been called
WARNING: java.lang.System::load has been called by net.rubygrapefruit.platform.internal.NativeLibraryLoader in an unnamed module (file:/cta/users/ulvi.findik/.gradle/wrapper/dists/gradle-9.2.1-bin/2t0n5ozlw9xmuyvbp7dnzaxug/gradle-9.2.1/lib/native-platform-0.22-milestone-29.jar)
WARNING: Use --enable-native-access=ALL-UNNAMED to avoid a warning for callers in this module
WARNING: Restricted methods will be blocked in a future release unless native access is enabled


FAILURE: Build failed with an exception.

* What went wrong:
Class org.gradle.jvm.toolchain.JvmVendorSpec does not have member field 'org.gradle.jvm.toolchain.JvmVendorSpec IBM_SEMERU'

* Try:
> Run with --stacktrace option to get the stack trace.
> Run with --info or --debug option to get more log output.
> Run with --scan to generate a Build Scan (powered by Develocity).
> Get more help at https://help.gradle.org.

BUILD FAILED in 24s

Starting a Gradle Daemon, 2 busy and 17 stopped Daemons could not be reused, use --status for details

Command 55 FAILED (Duration: 25.05s)

[56/240] Starting command 56...
Executing: ./gradlew runGrasp -PinstancePath="instances/density=MEDIUM_nInventory=20_nHours=5_seed=3.json" -PoutputPath="output/singleThreadGrasp" -PtimeLimit=300 -PsearchMode="BEST_IMPROVEMENT" -PskipProbability=0.25 -PlocalSearchMoves="insert,outOfPool,interSwap,shift,transfer,intraSwap" -Pseed=0 -PalphaType="UNIFORM" -PminAlpha=0.1 -PmaxAlpha=1.0
Command failed with return code: 1
Error: WARNING: A restricted method in java.lang.System has been called
WARNING: java.lang.System::load has been called by net.rubygrapefruit.platform.internal.NativeLibraryLoader in an unnamed module (file:/cta/users/ulvi.findik/.gradle/wrapper/dists/gradle-9.2.1-bin/2t0n5ozlw9xmuyvbp7dnzaxug/gradle-9.2.1/lib/native-platform-0.22-milestone-29.jar)
WARNING: Use --enable-native-access=ALL-UNNAMED to avoid a warning for callers in this module
WARNING: Restricted methods will be blocked in a future release unless native access is enabled


FAILURE: Build failed with an exception.

* What went wrong:
Class org.gradle.jvm.toolchain.JvmVendorSpec does not have member field 'org.gradle.jvm.toolchain.JvmVendorSpec IBM_SEMERU'

* Try:
> Run with --stacktrace option to get the stack trace.
> Run with --info or --debug option to get more log output.
> Run with --scan to generate a Build Scan (powered by Develocity).
> Get more help at https://help.gradle.org.

BUILD FAILED in 23s

Starting a Gradle Daemon, 1 busy and 2 incompatible and 24 stopped Daemons could not be reused, use --status for details

Command 56 FAILED (Duration: 24.65s)

[57/240] Starting command 57...
Executing: ./gradlew runGrasp -PinstancePath="instances/density=MEDIUM_nInventory=20_nHours=5_seed=3.json" -PoutputPath="output/singleThreadGrasp" -PtimeLimit=300 -PsearchMode="BEST_IMPROVEMENT" -PskipProbability=0.5 -PlocalSearchMoves="insert,outOfPool,interSwap,shift,transfer,intraSwap" -Pseed=0 -PalphaType="UNIFORM" -PminAlpha=0.1 -PmaxAlpha=1.0
Command failed with return code: 1
Error: WARNING: A restricted method in java.lang.System has been called
WARNING: java.lang.System::load has been called by net.rubygrapefruit.platform.internal.NativeLibraryLoader in an unnamed module (file:/cta/users/ulvi.findik/.gradle/wrapper/dists/gradle-9.2.1-bin/2t0n5ozlw9xmuyvbp7dnzaxug/gradle-9.2.1/lib/native-platform-0.22-milestone-29.jar)
WARNING: Use --enable-native-access=ALL-UNNAMED to avoid a warning for callers in this module
WARNING: Restricted methods will be blocked in a future release unless native access is enabled


FAILURE: Build failed with an exception.

* What went wrong:
Class org.gradle.jvm.toolchain.JvmVendorSpec does not have member field 'org.gradle.jvm.toolchain.JvmVendorSpec IBM_SEMERU'

* Try:
> Run with --stacktrace option to get the stack trace.
> Run with --info or --debug option to get more log output.
> Run with --scan to generate a Build Scan (powered by Develocity).
> Get more help at https://help.gradle.org.

BUILD FAILED in 24s

Starting a Gradle Daemon, 1 busy and 2 incompatible and 29 stopped Daemons could not be reused, use --status for details

Command 57 FAILED (Duration: 25.75s)

[58/240] Starting command 58...
Executing: ./gradlew runGrasp -PinstancePath="instances/density=MEDIUM_nInventory=20_nHours=5_seed=3.json" -PoutputPath="output/singleThreadGrasp" -PtimeLimit=300 -PsearchMode="BEST_IMPROVEMENT" -PskipProbability=0 -PlocalSearchMoves="insert,outOfPool,interSwap,shift,transfer,intraSwap" -Pseed=0 -PalphaType="UNIFORM" -PminAlpha=0.1 -PmaxAlpha=0.5
Command failed with return code: 1
Error: WARNING: A restricted method in java.lang.System has been called
WARNING: java.lang.System::load has been called by net.rubygrapefruit.platform.internal.NativeLibraryLoader in an unnamed module (file:/cta/users/ulvi.findik/.gradle/wrapper/dists/gradle-9.2.1-bin/2t0n5ozlw9xmuyvbp7dnzaxug/gradle-9.2.1/lib/native-platform-0.22-milestone-29.jar)
WARNING: Use --enable-native-access=ALL-UNNAMED to avoid a warning for callers in this module
WARNING: Restricted methods will be blocked in a future release unless native access is enabled


FAILURE: Build failed with an exception.

* What went wrong:
Class org.gradle.jvm.toolchain.JvmVendorSpec does not have member field 'org.gradle.jvm.toolchain.JvmVendorSpec IBM_SEMERU'

* Try:
> Run with --stacktrace option to get the stack trace.
> Run with --info or --debug option to get more log output.
> Run with --scan to generate a Build Scan (powered by Develocity).
> Get more help at https://help.gradle.org.

BUILD FAILED in 24s

Starting a Gradle Daemon, 2 incompatible and 36 stopped Daemons could not be reused, use --status for details

Command 58 FAILED (Duration: 24.93s)

[59/240] Starting command 59...
Executing: ./gradlew runGrasp -PinstancePath="instances/density=MEDIUM_nInventory=20_nHours=5_seed=3.json" -PoutputPath="output/singleThreadGrasp" -PtimeLimit=300 -PsearchMode="BEST_IMPROVEMENT" -PskipProbability=0.25 -PlocalSearchMoves="insert,outOfPool,interSwap,shift,transfer,intraSwap" -Pseed=0 -PalphaType="UNIFORM" -PminAlpha=0.1 -PmaxAlpha=0.5
Command failed with return code: 1
Error: WARNING: A restricted method in java.lang.System has been called
WARNING: java.lang.System::load has been called by net.rubygrapefruit.platform.internal.NativeLibraryLoader in an unnamed module (file:/cta/users/ulvi.findik/.gradle/wrapper/dists/gradle-9.2.1-bin/2t0n5ozlw9xmuyvbp7dnzaxug/gradle-9.2.1/lib/native-platform-0.22-milestone-29.jar)
WARNING: Use --enable-native-access=ALL-UNNAMED to avoid a warning for callers in this module
WARNING: Restricted methods will be blocked in a future release unless native access is enabled


FAILURE: Build failed with an exception.

* What went wrong:
Could not initialize class org.gradle.toolchains.foojay.DistributionsKt
> Exception java.lang.NoSuchFieldError: Class org.gradle.jvm.toolchain.JvmVendorSpec does not have member field 'org.gradle.jvm.toolchain.JvmVendorSpec IBM_SEMERU' [in thread "Daemon worker"]

* Try:
> Run with --stacktrace option to get the stack trace.
> Run with --info or --debug option to get more log output.
> Run with --scan to generate a Build Scan (powered by Develocity).
> Get more help at https://help.gradle.org.

BUILD FAILED in 5s


Command 59 FAILED (Duration: 6.31s)

[60/240] Starting command 60...
Executing: ./gradlew runGrasp -PinstancePath="instances/density=MEDIUM_nInventory=20_nHours=5_seed=3.json" -PoutputPath="output/singleThreadGrasp" -PtimeLimit=300 -PsearchMode="BEST_IMPROVEMENT" -PskipProbability=0.5 -PlocalSearchMoves="insert,outOfPool,interSwap,shift,transfer,intraSwap" -Pseed=0 -PalphaType="UNIFORM" -PminAlpha=0.1 -PmaxAlpha=0.5
Command failed with return code: 1
Error: WARNING: A restricted method in java.lang.System has been called
WARNING: java.lang.System::load has been called by net.rubygrapefruit.platform.internal.NativeLibraryLoader in an unnamed module (file:/cta/users/ulvi.findik/.gradle/wrapper/dists/gradle-9.2.1-bin/2t0n5ozlw9xmuyvbp7dnzaxug/gradle-9.2.1/lib/native-platform-0.22-milestone-29.jar)
WARNING: Use --enable-native-access=ALL-UNNAMED to avoid a warning for callers in this module
WARNING: Restricted methods will be blocked in a future release unless native access is enabled


FAILURE: Build failed with an exception.

* What went wrong:
Class org.gradle.jvm.toolchain.JvmVendorSpec does not have member field 'org.gradle.jvm.toolchain.JvmVendorSpec IBM_SEMERU'

* Try:
> Run with --stacktrace option to get the stack trace.
> Run with --info or --debug option to get more log output.
> Run with --scan to generate a Build Scan (powered by Develocity).
> Get more help at https://help.gradle.org.

BUILD FAILED in 24s

Starting a Gradle Daemon, 3 busy and 1 incompatible and 10 stopped Daemons could not be reused, use --status for details
Daemon will be stopped at the end of the build after the daemon was no longer found in the daemon registry

Command 60 FAILED (Duration: 24.84s)

[61/240] Starting command 61...
Executing: ./gradlew runGrasp -PinstancePath="instances/density=MEDIUM_nInventory=20_nHours=5_seed=3.json" -PoutputPath="output/singleThreadGrasp" -PtimeLimit=300 -PsearchMode="FIRST_IMPROVEMENT" -PskipProbability=0 -PlocalSearchMoves="insert,outOfPool,interSwap,shift,transfer,intraSwap" -Pseed=0 -PalphaType="FIXED" -Palpha=0.25
Command failed with return code: 1
Error: WARNING: A restricted method in java.lang.System has been called
WARNING: java.lang.System::load has been called by net.rubygrapefruit.platform.internal.NativeLibraryLoader in an unnamed module (file:/cta/users/ulvi.findik/.gradle/wrapper/dists/gradle-9.2.1-bin/2t0n5ozlw9xmuyvbp7dnzaxug/gradle-9.2.1/lib/native-platform-0.22-milestone-29.jar)
WARNING: Use --enable-native-access=ALL-UNNAMED to avoid a warning for callers in this module
WARNING: Restricted methods will be blocked in a future release unless native access is enabled


FAILURE: Build failed with an exception.

* What went wrong:
Class org.gradle.jvm.toolchain.JvmVendorSpec does not have member field 'org.gradle.jvm.toolchain.JvmVendorSpec IBM_SEMERU'

* Try:
> Run with --stacktrace option to get the stack trace.
> Run with --info or --debug option to get more log output.
> Run with --scan to generate a Build Scan (powered by Develocity).
> Get more help at https://help.gradle.org.

BUILD FAILED in 23s

Starting a Gradle Daemon, 2 busy and 2 incompatible and 8 stopped Daemons could not be reused, use --status for details

Command 61 FAILED (Duration: 24.45s)

[62/240] Starting command 62...
Executing: ./gradlew runGrasp -PinstancePath="instances/density=MEDIUM_nInventory=20_nHours=5_seed=3.json" -PoutputPath="output/singleThreadGrasp" -PtimeLimit=300 -PsearchMode="FIRST_IMPROVEMENT" -PskipProbability=0.25 -PlocalSearchMoves="insert,outOfPool,interSwap,shift,transfer,intraSwap" -Pseed=0 -PalphaType="FIXED" -Palpha=0.25
Command failed with return code: 1
Error: WARNING: A restricted method in java.lang.System has been called
WARNING: java.lang.System::load has been called by net.rubygrapefruit.platform.internal.NativeLibraryLoader in an unnamed module (file:/cta/users/ulvi.findik/.gradle/wrapper/dists/gradle-9.2.1-bin/2t0n5ozlw9xmuyvbp7dnzaxug/gradle-9.2.1/lib/native-platform-0.22-milestone-29.jar)
WARNING: Use --enable-native-access=ALL-UNNAMED to avoid a warning for callers in this module
WARNING: Restricted methods will be blocked in a future release unless native access is enabled


FAILURE: Build failed with an exception.

* What went wrong:
Class org.gradle.jvm.toolchain.JvmVendorSpec does not have member field 'org.gradle.jvm.toolchain.JvmVendorSpec IBM_SEMERU'

* Try:
> Run with --stacktrace option to get the stack trace.
> Run with --info or --debug option to get more log output.
> Run with --scan to generate a Build Scan (powered by Develocity).
> Get more help at https://help.gradle.org.

BUILD FAILED in 23s

Starting a Gradle Daemon, 15 stopped Daemons could not be reused, use --status for details

Command 62 FAILED (Duration: 24.45s)

[63/240] Starting command 63...
Executing: ./gradlew runGrasp -PinstancePath="instances/density=MEDIUM_nInventory=20_nHours=5_seed=3.json" -PoutputPath="output/singleThreadGrasp" -PtimeLimit=300 -PsearchMode="FIRST_IMPROVEMENT" -PskipProbability=0.5 -PlocalSearchMoves="insert,outOfPool,interSwap,shift,transfer,intraSwap" -Pseed=0 -PalphaType="FIXED" -Palpha=0.25
Command failed with return code: 1
Error: WARNING: A restricted method in java.lang.System has been called
WARNING: java.lang.System::load has been called by net.rubygrapefruit.platform.internal.NativeLibraryLoader in an unnamed module (file:/cta/users/ulvi.findik/.gradle/wrapper/dists/gradle-9.2.1-bin/2t0n5ozlw9xmuyvbp7dnzaxug/gradle-9.2.1/lib/native-platform-0.22-milestone-29.jar)
WARNING: Use --enable-native-access=ALL-UNNAMED to avoid a warning for callers in this module
WARNING: Restricted methods will be blocked in a future release unless native access is enabled


FAILURE: Build failed with an exception.

* What went wrong:
Class org.gradle.jvm.toolchain.JvmVendorSpec does not have member field 'org.gradle.jvm.toolchain.JvmVendorSpec IBM_SEMERU'

* Try:
> Run with --stacktrace option to get the stack trace.
> Run with --info or --debug option to get more log output.
> Run with --scan to generate a Build Scan (powered by Develocity).
> Get more help at https://help.gradle.org.

BUILD FAILED in 23s

Starting a Gradle Daemon, 21 stopped Daemons could not be reused, use --status for details

Command 63 FAILED (Duration: 24.79s)

[64/240] Starting command 64...
Executing: ./gradlew runGrasp -PinstancePath="instances/density=MEDIUM_nInventory=20_nHours=5_seed=3.json" -PoutputPath="output/singleThreadGrasp" -PtimeLimit=300 -PsearchMode="FIRST_IMPROVEMENT" -PskipProbability=0 -PlocalSearchMoves="insert,outOfPool,interSwap,shift,transfer,intraSwap" -Pseed=0 -PalphaType="FIXED" -Palpha=0.5
Command failed with return code: 1
Error: WARNING: A restricted method in java.lang.System has been called
WARNING: java.lang.System::load has been called by net.rubygrapefruit.platform.internal.NativeLibraryLoader in an unnamed module (file:/cta/users/ulvi.findik/.gradle/wrapper/dists/gradle-9.2.1-bin/2t0n5ozlw9xmuyvbp7dnzaxug/gradle-9.2.1/lib/native-platform-0.22-milestone-29.jar)
WARNING: Use --enable-native-access=ALL-UNNAMED to avoid a warning for callers in this module
WARNING: Restricted methods will be blocked in a future release unless native access is enabled


FAILURE: Build failed with an exception.

* What went wrong:
Class org.gradle.jvm.toolchain.JvmVendorSpec does not have member field 'org.gradle.jvm.toolchain.JvmVendorSpec IBM_SEMERU'

* Try:
> Run with --stacktrace option to get the stack trace.
> Run with --info or --debug option to get more log output.
> Run with --scan to generate a Build Scan (powered by Develocity).
> Get more help at https://help.gradle.org.

BUILD FAILED in 23s

Starting a Gradle Daemon, 27 stopped Daemons could not be reused, use --status for details

Command 64 FAILED (Duration: 24.69s)

[65/240] Starting command 65...
Executing: ./gradlew runGrasp -PinstancePath="instances/density=MEDIUM_nInventory=20_nHours=5_seed=3.json" -PoutputPath="output/singleThreadGrasp" -PtimeLimit=300 -PsearchMode="FIRST_IMPROVEMENT" -PskipProbability=0.25 -PlocalSearchMoves="insert,outOfPool,interSwap,shift,transfer,intraSwap" -Pseed=0 -PalphaType="FIXED" -Palpha=0.5
Command failed with return code: 1
Error: WARNING: A restricted method in java.lang.System has been called
WARNING: java.lang.System::load has been called by net.rubygrapefruit.platform.internal.NativeLibraryLoader in an unnamed module (file:/cta/users/ulvi.findik/.gradle/wrapper/dists/gradle-9.2.1-bin/2t0n5ozlw9xmuyvbp7dnzaxug/gradle-9.2.1/lib/native-platform-0.22-milestone-29.jar)
WARNING: Use --enable-native-access=ALL-UNNAMED to avoid a warning for callers in this module
WARNING: Restricted methods will be blocked in a future release unless native access is enabled


FAILURE: Build failed with an exception.

* What went wrong:
Could not initialize class org.gradle.toolchains.foojay.DistributionsKt
> Exception java.lang.NoSuchFieldError: Class org.gradle.jvm.toolchain.JvmVendorSpec does not have member field 'org.gradle.jvm.toolchain.JvmVendorSpec IBM_SEMERU' [in thread "Daemon worker"]

* Try:
> Run with --stacktrace option to get the stack trace.
> Run with --info or --debug option to get more log output.
> Run with --scan to generate a Build Scan (powered by Develocity).
> Get more help at https://help.gradle.org.

BUILD FAILED in 5s


Command 65 FAILED (Duration: 5.53s)

[66/240] Starting command 66...
Executing: ./gradlew runGrasp -PinstancePath="instances/density=MEDIUM_nInventory=20_nHours=5_seed=3.json" -PoutputPath="output/singleThreadGrasp" -PtimeLimit=300 -PsearchMode="FIRST_IMPROVEMENT" -PskipProbability=0.5 -PlocalSearchMoves="insert,outOfPool,interSwap,shift,transfer,intraSwap" -Pseed=0 -PalphaType="FIXED" -Palpha=0.5
Command failed with return code: 1
Error: WARNING: A restricted method in java.lang.System has been called
WARNING: java.lang.System::load has been called by net.rubygrapefruit.platform.internal.NativeLibraryLoader in an unnamed module (file:/cta/users/ulvi.findik/.gradle/wrapper/dists/gradle-9.2.1-bin/2t0n5ozlw9xmuyvbp7dnzaxug/gradle-9.2.1/lib/native-platform-0.22-milestone-29.jar)
WARNING: Use --enable-native-access=ALL-UNNAMED to avoid a warning for callers in this module
WARNING: Restricted methods will be blocked in a future release unless native access is enabled

Problem in daemon expiration check
org.gradle.api.GradleException: Could not read cache value from '/cta/users/ulvi.findik/.gradle/daemon/9.2.1/registry.bin'.
	at org.gradle.cache.internal.FileBackedObjectHolder.deserialize(FileBackedObjectHolder.java:139)
	at org.gradle.cache.internal.DefaultFileLockManager$DefaultFileLock.readFile(DefaultFileLockManager.java:210)
	at org.gradle.cache.internal.OnDemandFileAccess.readFile(OnDemandFileAccess.java:43)
	at org.gradle.cache.internal.FileBackedObjectHolder.get(FileBackedObjectHolder.java:49)
	at org.gradle.cache.internal.FileIntegrityViolationSuppressingObjectHolderDecorator.get(FileIntegrityViolationSuppressingObjectHolderDecorator.java:35)
	at org.gradle.launcher.daemon.registry.PersistentDaemonRegistry.getAll(PersistentDaemonRegistry.java:71)
	at org.gradle.launcher.daemon.server.DaemonRegistryUnavailableExpirationStrategy.checkExpiration(DaemonRegistryUnavailableExpirationStrategy.java:63)
	at org.gradle.launcher.daemon.server.expiry.AnyDaemonExpirationStrategy.checkExpiration(AnyDaemonExpirationStrategy.java:44)
	at org.gradle.launcher.daemon.server.MasterExpirationStrategy.checkExpiration(MasterExpirationStrategy.java:80)
	at org.gradle.launcher.daemon.server.Daemon$DaemonExpirationPeriodicCheck.run(Daemon.java:273)
	at org.gradle.internal.concurrent.ExecutorPolicy$CatchAndRecordFailures.onExecute(ExecutorPolicy.java:64)
	at org.gradle.internal.concurrent.AbstractManagedExecutor$1.run(AbstractManagedExecutor.java:47)
	at java.base/java.util.concurrent.Executors$RunnableAdapter.call(Executors.java:545)
	at java.base/java.util.concurrent.FutureTask.runAndReset(FutureTask.java:369)
	at java.base/java.util.concurrent.ScheduledThreadPoolExecutor$ScheduledFutureTask.run(ScheduledThreadPoolExecutor.java:310)
	at java.base/java.util.concurrent.ThreadPoolExecutor.runWorker(ThreadPoolExecutor.java:1090)
	at java.base/java.util.concurrent.ThreadPoolExecutor$Worker.run(ThreadPoolExecutor.java:614)
	at java.base/java.lang.Thread.run(Thread.java:1474)
Caused by: java.io.EOFException
	at java.base/java.io.DataInputStream.readUnsignedByte(DataInputStream.java:302)
	at java.base/java.io.DataInputStream.readBoolean(DataInputStream.java:260)
	at org.gradle.internal.serialize.InputStreamBackedDecoder.readBoolean(InputStreamBackedDecoder.java:73)
	at org.gradle.launcher.daemon.registry.DaemonRegistryContent$Serializer.read(DaemonRegistryContent.java:117)
	at org.gradle.launcher.daemon.registry.DaemonRegistryContent$Serializer.read(DaemonRegistryContent.java:113)
	at org.gradle.cache.internal.FileBackedObjectHolder.deserialize(FileBackedObjectHolder.java:134)
	... 17 more

FAILURE: Build failed with an exception.

* What went wrong:
Class org.gradle.jvm.toolchain.JvmVendorSpec does not have member field 'org.gradle.jvm.toolchain.JvmVendorSpec IBM_SEMERU'

* Try:
> Run with --stacktrace option to get the stack trace.
> Run with --info or --debug option to get more log output.
> Run with --scan to generate a Build Scan (powered by Develocity).
> Get more help at https://help.gradle.org.

BUILD FAILED in 24s

Starting a Gradle Daemon, 3 busy and 32 stopped Daemons could not be reused, use --status for details

Command 66 FAILED (Duration: 24.81s)

[67/240] Starting command 67...
Executing: ./gradlew runGrasp -PinstancePath="instances/density=MEDIUM_nInventory=20_nHours=5_seed=3.json" -PoutputPath="output/singleThreadGrasp" -PtimeLimit=300 -PsearchMode="FIRST_IMPROVEMENT" -PskipProbability=0 -PlocalSearchMoves="insert,outOfPool,interSwap,shift,transfer,intraSwap" -Pseed=0 -PalphaType="UNIFORM" -PminAlpha=0.1 -PmaxAlpha=1.0
Command failed with return code: 1
Error: WARNING: A restricted method in java.lang.System has been called
WARNING: java.lang.System::load has been called by net.rubygrapefruit.platform.internal.NativeLibraryLoader in an unnamed module (file:/cta/users/ulvi.findik/.gradle/wrapper/dists/gradle-9.2.1-bin/2t0n5ozlw9xmuyvbp7dnzaxug/gradle-9.2.1/lib/native-platform-0.22-milestone-29.jar)
WARNING: Use --enable-native-access=ALL-UNNAMED to avoid a warning for callers in this module
WARNING: Restricted methods will be blocked in a future release unless native access is enabled


FAILURE: Build failed with an exception.

* What went wrong:
Class org.gradle.jvm.toolchain.JvmVendorSpec does not have member field 'org.gradle.jvm.toolchain.JvmVendorSpec IBM_SEMERU'

* Try:
> Run with --stacktrace option to get the stack trace.
> Run with --info or --debug option to get more log output.
> Run with --scan to generate a Build Scan (powered by Develocity).
> Get more help at https://help.gradle.org.

BUILD FAILED in 24s

Starting a Gradle Daemon, 3 busy and 6 stopped Daemons could not be reused, use --status for details

Command 67 FAILED (Duration: 25.27s)

[68/240] Starting command 68...
Executing: ./gradlew runGrasp -PinstancePath="instances/density=MEDIUM_nInventory=20_nHours=5_seed=3.json" -PoutputPath="output/singleThreadGrasp" -PtimeLimit=300 -PsearchMode="FIRST_IMPROVEMENT" -PskipProbability=0.25 -PlocalSearchMoves="insert,outOfPool,interSwap,shift,transfer,intraSwap" -Pseed=0 -PalphaType="UNIFORM" -PminAlpha=0.1 -PmaxAlpha=1.0
Command failed with return code: 1
Error: WARNING: A restricted method in java.lang.System has been called
WARNING: java.lang.System::load has been called by net.rubygrapefruit.platform.internal.NativeLibraryLoader in an unnamed module (file:/cta/users/ulvi.findik/.gradle/wrapper/dists/gradle-9.2.1-bin/2t0n5ozlw9xmuyvbp7dnzaxug/gradle-9.2.1/lib/native-platform-0.22-milestone-29.jar)
WARNING: Use --enable-native-access=ALL-UNNAMED to avoid a warning for callers in this module
WARNING: Restricted methods will be blocked in a future release unless native access is enabled


FAILURE: Build failed with an exception.

* What went wrong:
Could not initialize class org.gradle.toolchains.foojay.DistributionsKt
> Exception java.lang.NoSuchFieldError: Class org.gradle.jvm.toolchain.JvmVendorSpec does not have member field 'org.gradle.jvm.toolchain.JvmVendorSpec IBM_SEMERU' [in thread "Daemon worker"]

* Try:
> Run with --stacktrace option to get the stack trace.
> Run with --info or --debug option to get more log output.
> Run with --scan to generate a Build Scan (powered by Develocity).
> Get more help at https://help.gradle.org.

BUILD FAILED in 5s


Command 68 FAILED (Duration: 5.48s)

[69/240] Starting command 69...
Executing: ./gradlew runGrasp -PinstancePath="instances/density=MEDIUM_nInventory=20_nHours=5_seed=3.json" -PoutputPath="output/singleThreadGrasp" -PtimeLimit=300 -PsearchMode="FIRST_IMPROVEMENT" -PskipProbability=0.5 -PlocalSearchMoves="insert,outOfPool,interSwap,shift,transfer,intraSwap" -Pseed=0 -PalphaType="UNIFORM" -PminAlpha=0.1 -PmaxAlpha=1.0
Command failed with return code: 1
