[INFO] Activating existing environment...
==========================================
 SLURM JOB STATISTICS
==========================================
Job ID:        154795
Node:          cn04
User:          ulvi.findik
Date:          Thu Jan 15 15:53:59 +03 2026
Input File:    grasp_single_thread_commands/run_commands_5.txt
------------------------------------------
 CPU Details:
Model name:          Intel(R) Xeon(R) CPU E5-2680 v2 @ 2.80GHz
CPU Cores:     19
------------------------------------------
 Memory Details:
              total        used        free      shared  buff/cache   available
Mem:          251Gi       1.0Gi       241Gi       9.6Gi       9.7Gi       239Gi
Swap:            0B          0B          0B
==========================================

Starting execution of 240 commands...

[1/240] Starting command 1...
Executing: ./gradlew runGrasp -PinstancePath="instances/density=LOW_nInventory=20_nHours=5_seed=3.json" -PoutputPath="output/singleThreadGrasp" -PtimeLimit=300 -PsearchMode="BEST_IMPROVEMENT" -PskipProbability=0 -PlocalSearchMoves="insert,outOfPool,interSwap,shift,transfer,intraSwap" -Pseed=0 -PalphaType="FIXED" -Palpha=0.25
Command failed with return code: 1
Error: WARNING: A restricted method in java.lang.System has been called
WARNING: java.lang.System::load has been called by net.rubygrapefruit.platform.internal.NativeLibraryLoader in an unnamed module (file:/cta/users/ulvi.findik/.gradle/wrapper/dists/gradle-9.2.1-bin/2t0n5ozlw9xmuyvbp7dnzaxug/gradle-9.2.1/lib/native-platform-0.22-milestone-29.jar)
WARNING: Use --enable-native-access=ALL-UNNAMED to avoid a warning for callers in this module
WARNING: Restricted methods will be blocked in a future release unless native access is enabled


FAILURE: Build failed with an exception.

* What went wrong:
Class org.gradle.jvm.toolchain.JvmVendorSpec does not have member field 'org.gradle.jvm.toolchain.JvmVendorSpec IBM_SEMERU'

* Try:
> Run with --stacktrace option to get the stack trace.
> Run with --info or --debug option to get more log output.
> Run with --scan to generate a Build Scan (powered by Develocity).
> Get more help at https://help.gradle.org.

BUILD FAILED in 41s

Starting a Gradle Daemon, 1 busy and 1 incompatible and 46 stopped Daemons could not be reused, use --status for details

Command 1 FAILED (Duration: 42.15s)

[2/240] Starting command 2...
Executing: ./gradlew runGrasp -PinstancePath="instances/density=LOW_nInventory=20_nHours=5_seed=3.json" -PoutputPath="output/singleThreadGrasp" -PtimeLimit=300 -PsearchMode="BEST_IMPROVEMENT" -PskipProbability=0.25 -PlocalSearchMoves="insert,outOfPool,interSwap,shift,transfer,intraSwap" -Pseed=0 -PalphaType="FIXED" -Palpha=0.25
Command failed with return code: 1
Error: WARNING: A restricted method in java.lang.System has been called
WARNING: java.lang.System::load has been called by net.rubygrapefruit.platform.internal.NativeLibraryLoader in an unnamed module (file:/cta/users/ulvi.findik/.gradle/wrapper/dists/gradle-9.2.1-bin/2t0n5ozlw9xmuyvbp7dnzaxug/gradle-9.2.1/lib/native-platform-0.22-milestone-29.jar)
WARNING: Use --enable-native-access=ALL-UNNAMED to avoid a warning for callers in this module
WARNING: Restricted methods will be blocked in a future release unless native access is enabled


FAILURE: Build failed with an exception.

* What went wrong:
Could not initialize class org.gradle.toolchains.foojay.DistributionsKt
> Exception java.lang.NoSuchFieldError: Class org.gradle.jvm.toolchain.JvmVendorSpec does not have member field 'org.gradle.jvm.toolchain.JvmVendorSpec IBM_SEMERU' [in thread "Daemon worker"]

* Try:
> Run with --stacktrace option to get the stack trace.
> Run with --info or --debug option to get more log output.
> Run with --scan to generate a Build Scan (powered by Develocity).
> Get more help at https://help.gradle.org.

BUILD FAILED in 5s


Command 2 FAILED (Duration: 5.56s)

[3/240] Starting command 3...
Executing: ./gradlew runGrasp -PinstancePath="instances/density=LOW_nInventory=20_nHours=5_seed=3.json" -PoutputPath="output/singleThreadGrasp" -PtimeLimit=300 -PsearchMode="BEST_IMPROVEMENT" -PskipProbability=0.5 -PlocalSearchMoves="insert,outOfPool,interSwap,shift,transfer,intraSwap" -Pseed=0 -PalphaType="FIXED" -Palpha=0.25
Command failed with return code: 1
Error: WARNING: A restricted method in java.lang.System has been called
WARNING: java.lang.System::load has been called by net.rubygrapefruit.platform.internal.NativeLibraryLoader in an unnamed module (file:/cta/users/ulvi.findik/.gradle/wrapper/dists/gradle-9.2.1-bin/2t0n5ozlw9xmuyvbp7dnzaxug/gradle-9.2.1/lib/native-platform-0.22-milestone-29.jar)
WARNING: Use --enable-native-access=ALL-UNNAMED to avoid a warning for callers in this module
WARNING: Restricted methods will be blocked in a future release unless native access is enabled


FAILURE: Build failed with an exception.

* What went wrong:
Could not initialize class org.gradle.toolchains.foojay.DistributionsKt
> Exception java.lang.NoSuchFieldError: Class org.gradle.jvm.toolchain.JvmVendorSpec does not have member field 'org.gradle.jvm.toolchain.JvmVendorSpec IBM_SEMERU' [in thread "Daemon worker"]

* Try:
> Run with --stacktrace option to get the stack trace.
> Run with --info or --debug option to get more log output.
> Run with --scan to generate a Build Scan (powered by Develocity).
> Get more help at https://help.gradle.org.

BUILD FAILED in 4s


Command 3 FAILED (Duration: 5.10s)

[4/240] Starting command 4...
Executing: ./gradlew runGrasp -PinstancePath="instances/density=LOW_nInventory=20_nHours=5_seed=3.json" -PoutputPath="output/singleThreadGrasp" -PtimeLimit=300 -PsearchMode="BEST_IMPROVEMENT" -PskipProbability=0 -PlocalSearchMoves="insert,outOfPool,interSwap,shift,transfer,intraSwap" -Pseed=0 -PalphaType="FIXED" -Palpha=0.5
Command failed with return code: 1
Error: WARNING: A restricted method in java.lang.System has been called
WARNING: java.lang.System::load has been called by net.rubygrapefruit.platform.internal.NativeLibraryLoader in an unnamed module (file:/cta/users/ulvi.findik/.gradle/wrapper/dists/gradle-9.2.1-bin/2t0n5ozlw9xmuyvbp7dnzaxug/gradle-9.2.1/lib/native-platform-0.22-milestone-29.jar)
WARNING: Use --enable-native-access=ALL-UNNAMED to avoid a warning for callers in this module
WARNING: Restricted methods will be blocked in a future release unless native access is enabled


FAILURE: Build failed with an exception.

* What went wrong:
Class org.gradle.jvm.toolchain.JvmVendorSpec does not have member field 'org.gradle.jvm.toolchain.JvmVendorSpec IBM_SEMERU'

* Try:
> Run with --stacktrace option to get the stack trace.
> Run with --info or --debug option to get more log output.
> Run with --scan to generate a Build Scan (powered by Develocity).
> Get more help at https://help.gradle.org.

BUILD FAILED in 23s

Starting a Gradle Daemon, 1 stopped Daemon could not be reused, use --status for details

Command 4 FAILED (Duration: 24.79s)

[5/240] Starting command 5...
Executing: ./gradlew runGrasp -PinstancePath="instances/density=LOW_nInventory=20_nHours=5_seed=3.json" -PoutputPath="output/singleThreadGrasp" -PtimeLimit=300 -PsearchMode="BEST_IMPROVEMENT" -PskipProbability=0.25 -PlocalSearchMoves="insert,outOfPool,interSwap,shift,transfer,intraSwap" -Pseed=0 -PalphaType="FIXED" -Palpha=0.5
Command failed with return code: 1
Error: WARNING: A restricted method in java.lang.System has been called
WARNING: java.lang.System::load has been called by net.rubygrapefruit.platform.internal.NativeLibraryLoader in an unnamed module (file:/cta/users/ulvi.findik/.gradle/wrapper/dists/gradle-9.2.1-bin/2t0n5ozlw9xmuyvbp7dnzaxug/gradle-9.2.1/lib/native-platform-0.22-milestone-29.jar)
WARNING: Use --enable-native-access=ALL-UNNAMED to avoid a warning for callers in this module
WARNING: Restricted methods will be blocked in a future release unless native access is enabled


FAILURE: Build failed with an exception.

* What went wrong:
Class org.gradle.jvm.toolchain.JvmVendorSpec does not have member field 'org.gradle.jvm.toolchain.JvmVendorSpec IBM_SEMERU'

* Try:
> Run with --stacktrace option to get the stack trace.
> Run with --info or --debug option to get more log output.
> Run with --scan to generate a Build Scan (powered by Develocity).
> Get more help at https://help.gradle.org.

BUILD FAILED in 24s

Starting a Gradle Daemon, 12 stopped Daemons could not be reused, use --status for details

Command 5 FAILED (Duration: 24.92s)

[6/240] Starting command 6...
Executing: ./gradlew runGrasp -PinstancePath="instances/density=LOW_nInventory=20_nHours=5_seed=3.json" -PoutputPath="output/singleThreadGrasp" -PtimeLimit=300 -PsearchMode="BEST_IMPROVEMENT" -PskipProbability=0.5 -PlocalSearchMoves="insert,outOfPool,interSwap,shift,transfer,intraSwap" -Pseed=0 -PalphaType="FIXED" -Palpha=0.5
Command failed with return code: 1
Error: WARNING: A restricted method in java.lang.System has been called
WARNING: java.lang.System::load has been called by net.rubygrapefruit.platform.internal.NativeLibraryLoader in an unnamed module (file:/cta/users/ulvi.findik/.gradle/wrapper/dists/gradle-9.2.1-bin/2t0n5ozlw9xmuyvbp7dnzaxug/gradle-9.2.1/lib/native-platform-0.22-milestone-29.jar)
WARNING: Use --enable-native-access=ALL-UNNAMED to avoid a warning for callers in this module
WARNING: Restricted methods will be blocked in a future release unless native access is enabled


FAILURE: Build failed with an exception.

* What went wrong:
Class org.gradle.jvm.toolchain.JvmVendorSpec does not have member field 'org.gradle.jvm.toolchain.JvmVendorSpec IBM_SEMERU'

* Try:
> Run with --stacktrace option to get the stack trace.
> Run with --info or --debug option to get more log output.
> Run with --scan to generate a Build Scan (powered by Develocity).
> Get more help at https://help.gradle.org.

BUILD FAILED in 23s

Starting a Gradle Daemon, 18 stopped Daemons could not be reused, use --status for details

Command 6 FAILED (Duration: 24.78s)

[7/240] Starting command 7...
Executing: ./gradlew runGrasp -PinstancePath="instances/density=LOW_nInventory=20_nHours=5_seed=3.json" -PoutputPath="output/singleThreadGrasp" -PtimeLimit=300 -PsearchMode="BEST_IMPROVEMENT" -PskipProbability=0 -PlocalSearchMoves="insert,outOfPool,interSwap,shift,transfer,intraSwap" -Pseed=0 -PalphaType="UNIFORM" -PminAlpha=0.1 -PmaxAlpha=1.0
Command failed with return code: 1
Error: WARNING: A restricted method in java.lang.System has been called
WARNING: java.lang.System::load has been called by net.rubygrapefruit.platform.internal.NativeLibraryLoader in an unnamed module (file:/cta/users/ulvi.findik/.gradle/wrapper/dists/gradle-9.2.1-bin/2t0n5ozlw9xmuyvbp7dnzaxug/gradle-9.2.1/lib/native-platform-0.22-milestone-29.jar)
WARNING: Use --enable-native-access=ALL-UNNAMED to avoid a warning for callers in this module
WARNING: Restricted methods will be blocked in a future release unless native access is enabled


FAILURE: Build failed with an exception.

* What went wrong:
Class org.gradle.jvm.toolchain.JvmVendorSpec does not have member field 'org.gradle.jvm.toolchain.JvmVendorSpec IBM_SEMERU'

* Try:
> Run with --stacktrace option to get the stack trace.
> Run with --info or --debug option to get more log output.
> Run with --scan to generate a Build Scan (powered by Develocity).
> Get more help at https://help.gradle.org.

BUILD FAILED in 24s

Starting a Gradle Daemon, 1 busy and 24 stopped Daemons could not be reused, use --status for details

Command 7 FAILED (Duration: 25.04s)

[8/240] Starting command 8...
Executing: ./gradlew runGrasp -PinstancePath="instances/density=LOW_nInventory=20_nHours=5_seed=3.json" -PoutputPath="output/singleThreadGrasp" -PtimeLimit=300 -PsearchMode="BEST_IMPROVEMENT" -PskipProbability=0.25 -PlocalSearchMoves="insert,outOfPool,interSwap,shift,transfer,intraSwap" -Pseed=0 -PalphaType="UNIFORM" -PminAlpha=0.1 -PmaxAlpha=1.0
Command failed with return code: 1
Error: WARNING: A restricted method in java.lang.System has been called
WARNING: java.lang.System::load has been called by net.rubygrapefruit.platform.internal.NativeLibraryLoader in an unnamed module (file:/cta/users/ulvi.findik/.gradle/wrapper/dists/gradle-9.2.1-bin/2t0n5ozlw9xmuyvbp7dnzaxug/gradle-9.2.1/lib/native-platform-0.22-milestone-29.jar)
WARNING: Use --enable-native-access=ALL-UNNAMED to avoid a warning for callers in this module
WARNING: Restricted methods will be blocked in a future release unless native access is enabled


FAILURE: Build failed with an exception.

* What went wrong:
Class org.gradle.jvm.toolchain.JvmVendorSpec does not have member field 'org.gradle.jvm.toolchain.JvmVendorSpec IBM_SEMERU'

* Try:
> Run with --stacktrace option to get the stack trace.
> Run with --info or --debug option to get more log output.
> Run with --scan to generate a Build Scan (powered by Develocity).
> Get more help at https://help.gradle.org.

BUILD FAILED in 23s

Starting a Gradle Daemon, 30 stopped Daemons could not be reused, use --status for details

Command 8 FAILED (Duration: 24.72s)

[9/240] Starting command 9...
Executing: ./gradlew runGrasp -PinstancePath="instances/density=LOW_nInventory=20_nHours=5_seed=3.json" -PoutputPath="output/singleThreadGrasp" -PtimeLimit=300 -PsearchMode="BEST_IMPROVEMENT" -PskipProbability=0.5 -PlocalSearchMoves="insert,outOfPool,interSwap,shift,transfer,intraSwap" -Pseed=0 -PalphaType="UNIFORM" -PminAlpha=0.1 -PmaxAlpha=1.0
Command failed with return code: 1
Error: WARNING: A restricted method in java.lang.System has been called
WARNING: java.lang.System::load has been called by net.rubygrapefruit.platform.internal.NativeLibraryLoader in an unnamed module (file:/cta/users/ulvi.findik/.gradle/wrapper/dists/gradle-9.2.1-bin/2t0n5ozlw9xmuyvbp7dnzaxug/gradle-9.2.1/lib/native-platform-0.22-milestone-29.jar)
WARNING: Use --enable-native-access=ALL-UNNAMED to avoid a warning for callers in this module
WARNING: Restricted methods will be blocked in a future release unless native access is enabled


FAILURE: Build failed with an exception.

* What went wrong:
Class org.gradle.jvm.toolchain.JvmVendorSpec does not have member field 'org.gradle.jvm.toolchain.JvmVendorSpec IBM_SEMERU'

* Try:
> Run with --stacktrace option to get the stack trace.
> Run with --info or --debug option to get more log output.
> Run with --scan to generate a Build Scan (powered by Develocity).
> Get more help at https://help.gradle.org.

BUILD FAILED in 23s

Starting a Gradle Daemon, 1 busy and 1 incompatible and 35 stopped Daemons could not be reused, use --status for details

Command 9 FAILED (Duration: 24.52s)

[10/240] Starting command 10...
Executing: ./gradlew runGrasp -PinstancePath="instances/density=LOW_nInventory=20_nHours=5_seed=3.json" -PoutputPath="output/singleThreadGrasp" -PtimeLimit=300 -PsearchMode="BEST_IMPROVEMENT" -PskipProbability=0 -PlocalSearchMoves="insert,outOfPool,interSwap,shift,transfer,intraSwap" -Pseed=0 -PalphaType="UNIFORM" -PminAlpha=0.1 -PmaxAlpha=0.5
Command failed with return code: 1
Error: WARNING: A restricted method in java.lang.System has been called
WARNING: java.lang.System::load has been called by net.rubygrapefruit.platform.internal.NativeLibraryLoader in an unnamed module (file:/cta/users/ulvi.findik/.gradle/wrapper/dists/gradle-9.2.1-bin/2t0n5ozlw9xmuyvbp7dnzaxug/gradle-9.2.1/lib/native-platform-0.22-milestone-29.jar)
WARNING: Use --enable-native-access=ALL-UNNAMED to avoid a warning for callers in this module
WARNING: Restricted methods will be blocked in a future release unless native access is enabled


FAILURE: Build failed with an exception.

* What went wrong:
Could not initialize class org.gradle.toolchains.foojay.DistributionsKt
> Exception java.lang.NoSuchFieldError: Class org.gradle.jvm.toolchain.JvmVendorSpec does not have member field 'org.gradle.jvm.toolchain.JvmVendorSpec IBM_SEMERU' [in thread "Daemon worker"]

* Try:
> Run with --stacktrace option to get the stack trace.
> Run with --info or --debug option to get more log output.
> Run with --scan to generate a Build Scan (powered by Develocity).
> Get more help at https://help.gradle.org.

BUILD FAILED in 5s


Command 10 FAILED (Duration: 5.64s)

[11/240] Starting command 11...
Executing: ./gradlew runGrasp -PinstancePath="instances/density=LOW_nInventory=20_nHours=5_seed=3.json" -PoutputPath="output/singleThreadGrasp" -PtimeLimit=300 -PsearchMode="BEST_IMPROVEMENT" -PskipProbability=0.25 -PlocalSearchMoves="insert,outOfPool,interSwap,shift,transfer,intraSwap" -Pseed=0 -PalphaType="UNIFORM" -PminAlpha=0.1 -PmaxAlpha=0.5
Command failed with return code: 1
Error: WARNING: A restricted method in java.lang.System has been called
WARNING: java.lang.System::load has been called by net.rubygrapefruit.platform.internal.NativeLibraryLoader in an unnamed module (file:/cta/users/ulvi.findik/.gradle/wrapper/dists/gradle-9.2.1-bin/2t0n5ozlw9xmuyvbp7dnzaxug/gradle-9.2.1/lib/native-platform-0.22-milestone-29.jar)
WARNING: Use --enable-native-access=ALL-UNNAMED to avoid a warning for callers in this module
WARNING: Restricted methods will be blocked in a future release unless native access is enabled


FAILURE: Build failed with an exception.

* What went wrong:
Class org.gradle.jvm.toolchain.JvmVendorSpec does not have member field 'org.gradle.jvm.toolchain.JvmVendorSpec IBM_SEMERU'

* Try:
> Run with --stacktrace option to get the stack trace.
> Run with --info or --debug option to get more log output.
> Run with --scan to generate a Build Scan (powered by Develocity).
> Get more help at https://help.gradle.org.

BUILD FAILED in 24s

Starting a Gradle Daemon, 3 busy and 2 incompatible and 41 stopped Daemons could not be reused, use --status for details

Command 11 FAILED (Duration: 25.23s)

[12/240] Starting command 12...
Executing: ./gradlew runGrasp -PinstancePath="instances/density=LOW_nInventory=20_nHours=5_seed=3.json" -PoutputPath="output/singleThreadGrasp" -PtimeLimit=300 -PsearchMode="BEST_IMPROVEMENT" -PskipProbability=0.5 -PlocalSearchMoves="insert,outOfPool,interSwap,shift,transfer,intraSwap" -Pseed=0 -PalphaType="UNIFORM" -PminAlpha=0.1 -PmaxAlpha=0.5
Command failed with return code: 1
Error: WARNING: A restricted method in java.lang.System has been called
WARNING: java.lang.System::load has been called by net.rubygrapefruit.platform.internal.NativeLibraryLoader in an unnamed module (file:/cta/users/ulvi.findik/.gradle/wrapper/dists/gradle-9.2.1-bin/2t0n5ozlw9xmuyvbp7dnzaxug/gradle-9.2.1/lib/native-platform-0.22-milestone-29.jar)
WARNING: Use --enable-native-access=ALL-UNNAMED to avoid a warning for callers in this module
WARNING: Restricted methods will be blocked in a future release unless native access is enabled


FAILURE: Build failed with an exception.

* What went wrong:
Could not initialize class org.gradle.toolchains.foojay.DistributionsKt
> Exception java.lang.NoSuchFieldError: Class org.gradle.jvm.toolchain.JvmVendorSpec does not have member field 'org.gradle.jvm.toolchain.JvmVendorSpec IBM_SEMERU' [in thread "Daemon worker"]

* Try:
> Run with --stacktrace option to get the stack trace.
> Run with --info or --debug option to get more log output.
> Run with --scan to generate a Build Scan (powered by Develocity).
> Get more help at https://help.gradle.org.

BUILD FAILED in 7s


Command 12 FAILED (Duration: 7.58s)

[13/240] Starting command 13...
Executing: ./gradlew runGrasp -PinstancePath="instances/density=LOW_nInventory=20_nHours=5_seed=3.json" -PoutputPath="output/singleThreadGrasp" -PtimeLimit=300 -PsearchMode="FIRST_IMPROVEMENT" -PskipProbability=0 -PlocalSearchMoves="insert,outOfPool,interSwap,shift,transfer,intraSwap" -Pseed=0 -PalphaType="FIXED" -Palpha=0.25
Command failed with return code: 1
Error: WARNING: A restricted method in java.lang.System has been called
WARNING: java.lang.System::load has been called by net.rubygrapefruit.platform.internal.NativeLibraryLoader in an unnamed module (file:/cta/users/ulvi.findik/.gradle/wrapper/dists/gradle-9.2.1-bin/2t0n5ozlw9xmuyvbp7dnzaxug/gradle-9.2.1/lib/native-platform-0.22-milestone-29.jar)
WARNING: Use --enable-native-access=ALL-UNNAMED to avoid a warning for callers in this module
WARNING: Restricted methods will be blocked in a future release unless native access is enabled


FAILURE: Build failed with an exception.

* What went wrong:
Class org.gradle.jvm.toolchain.JvmVendorSpec does not have member field 'org.gradle.jvm.toolchain.JvmVendorSpec IBM_SEMERU'

* Try:
> Run with --stacktrace option to get the stack trace.
> Run with --info or --debug option to get more log output.
> Run with --scan to generate a Build Scan (powered by Develocity).
> Get more help at https://help.gradle.org.

BUILD FAILED in 24s

Starting a Gradle Daemon, 2 busy and 48 stopped Daemons could not be reused, use --status for details

Command 13 FAILED (Duration: 25.35s)

[14/240] Starting command 14...
Executing: ./gradlew runGrasp -PinstancePath="instances/density=LOW_nInventory=20_nHours=5_seed=3.json" -PoutputPath="output/singleThreadGrasp" -PtimeLimit=300 -PsearchMode="FIRST_IMPROVEMENT" -PskipProbability=0.25 -PlocalSearchMoves="insert,outOfPool,interSwap,shift,transfer,intraSwap" -Pseed=0 -PalphaType="FIXED" -Palpha=0.25
Command failed with return code: 1
Error: WARNING: A restricted method in java.lang.System has been called
WARNING: java.lang.System::load has been called by net.rubygrapefruit.platform.internal.NativeLibraryLoader in an unnamed module (file:/cta/users/ulvi.findik/.gradle/wrapper/dists/gradle-9.2.1-bin/2t0n5ozlw9xmuyvbp7dnzaxug/gradle-9.2.1/lib/native-platform-0.22-milestone-29.jar)
WARNING: Use --enable-native-access=ALL-UNNAMED to avoid a warning for callers in this module
WARNING: Restricted methods will be blocked in a future release unless native access is enabled


FAILURE: Build failed with an exception.

* What went wrong:
Class org.gradle.jvm.toolchain.JvmVendorSpec does not have member field 'org.gradle.jvm.toolchain.JvmVendorSpec IBM_SEMERU'

* Try:
> Run with --stacktrace option to get the stack trace.
> Run with --info or --debug option to get more log output.
> Run with --scan to generate a Build Scan (powered by Develocity).
> Get more help at https://help.gradle.org.

BUILD FAILED in 24s

Starting a Gradle Daemon, 4 busy and 52 stopped Daemons could not be reused, use --status for details

Command 14 FAILED (Duration: 25.04s)

[15/240] Starting command 15...
Executing: ./gradlew runGrasp -PinstancePath="instances/density=LOW_nInventory=20_nHours=5_seed=3.json" -PoutputPath="output/singleThreadGrasp" -PtimeLimit=300 -PsearchMode="FIRST_IMPROVEMENT" -PskipProbability=0.5 -PlocalSearchMoves="insert,outOfPool,interSwap,shift,transfer,intraSwap" -Pseed=0 -PalphaType="FIXED" -Palpha=0.25
Command failed with return code: 1
Error: WARNING: A restricted method in java.lang.System has been called
WARNING: java.lang.System::load has been called by net.rubygrapefruit.platform.internal.NativeLibraryLoader in an unnamed module (file:/cta/users/ulvi.findik/.gradle/wrapper/dists/gradle-9.2.1-bin/2t0n5ozlw9xmuyvbp7dnzaxug/gradle-9.2.1/lib/native-platform-0.22-milestone-29.jar)
WARNING: Use --enable-native-access=ALL-UNNAMED to avoid a warning for callers in this module
WARNING: Restricted methods will be blocked in a future release unless native access is enabled


FAILURE: Build failed with an exception.

* What went wrong:
Could not initialize class org.gradle.toolchains.foojay.DistributionsKt
> Exception java.lang.NoSuchFieldError: Class org.gradle.jvm.toolchain.JvmVendorSpec does not have member field 'org.gradle.jvm.toolchain.JvmVendorSpec IBM_SEMERU' [in thread "Daemon worker"]

* Try:
> Run with --stacktrace option to get the stack trace.
> Run with --info or --debug option to get more log output.
> Run with --scan to generate a Build Scan (powered by Develocity).
> Get more help at https://help.gradle.org.

BUILD FAILED in 5s


Command 15 FAILED (Duration: 5.39s)

[16/240] Starting command 16...
Executing: ./gradlew runGrasp -PinstancePath="instances/density=LOW_nInventory=20_nHours=5_seed=3.json" -PoutputPath="output/singleThreadGrasp" -PtimeLimit=300 -PsearchMode="FIRST_IMPROVEMENT" -PskipProbability=0 -PlocalSearchMoves="insert,outOfPool,interSwap,shift,transfer,intraSwap" -Pseed=0 -PalphaType="FIXED" -Palpha=0.5
Command failed with return code: 1
Error: WARNING: A restricted method in java.lang.System has been called
WARNING: java.lang.System::load has been called by net.rubygrapefruit.platform.internal.NativeLibraryLoader in an unnamed module (file:/cta/users/ulvi.findik/.gradle/wrapper/dists/gradle-9.2.1-bin/2t0n5ozlw9xmuyvbp7dnzaxug/gradle-9.2.1/lib/native-platform-0.22-milestone-29.jar)
WARNING: Use --enable-native-access=ALL-UNNAMED to avoid a warning for callers in this module
WARNING: Restricted methods will be blocked in a future release unless native access is enabled


FAILURE: Build failed with an exception.

* What went wrong:
Class org.gradle.jvm.toolchain.JvmVendorSpec does not have member field 'org.gradle.jvm.toolchain.JvmVendorSpec IBM_SEMERU'

* Try:
> Run with --stacktrace option to get the stack trace.
> Run with --info or --debug option to get more log output.
> Run with --scan to generate a Build Scan (powered by Develocity).
> Get more help at https://help.gradle.org.

BUILD FAILED in 24s

Starting a Gradle Daemon, 3 busy and 59 stopped Daemons could not be reused, use --status for details

Command 16 FAILED (Duration: 25.41s)

[17/240] Starting command 17...
Executing: ./gradlew runGrasp -PinstancePath="instances/density=LOW_nInventory=20_nHours=5_seed=3.json" -PoutputPath="output/singleThreadGrasp" -PtimeLimit=300 -PsearchMode="FIRST_IMPROVEMENT" -PskipProbability=0.25 -PlocalSearchMoves="insert,outOfPool,interSwap,shift,transfer,intraSwap" -Pseed=0 -PalphaType="FIXED" -Palpha=0.5
Command failed with return code: 1
Error: WARNING: A restricted method in java.lang.System has been called
WARNING: java.lang.System::load has been called by net.rubygrapefruit.platform.internal.NativeLibraryLoader in an unnamed module (file:/cta/users/ulvi.findik/.gradle/wrapper/dists/gradle-9.2.1-bin/2t0n5ozlw9xmuyvbp7dnzaxug/gradle-9.2.1/lib/native-platform-0.22-milestone-29.jar)
WARNING: Use --enable-native-access=ALL-UNNAMED to avoid a warning for callers in this module
WARNING: Restricted methods will be blocked in a future release unless native access is enabled


FAILURE: Build failed with an exception.

* What went wrong:
Class org.gradle.jvm.toolchain.JvmVendorSpec does not have member field 'org.gradle.jvm.toolchain.JvmVendorSpec IBM_SEMERU'

* Try:
> Run with --stacktrace option to get the stack trace.
> Run with --info or --debug option to get more log output.
> Run with --scan to generate a Build Scan (powered by Develocity).
> Get more help at https://help.gradle.org.

BUILD FAILED in 24s

Starting a Gradle Daemon, 2 busy and 2 incompatible and 7 stopped Daemons could not be reused, use --status for details

Command 17 FAILED (Duration: 24.93s)

[18/240] Starting command 18...
Executing: ./gradlew runGrasp -PinstancePath="instances/density=LOW_nInventory=20_nHours=5_seed=3.json" -PoutputPath="output/singleThreadGrasp" -PtimeLimit=300 -PsearchMode="FIRST_IMPROVEMENT" -PskipProbability=0.5 -PlocalSearchMoves="insert,outOfPool,interSwap,shift,transfer,intraSwap" -Pseed=0 -PalphaType="FIXED" -Palpha=0.5
Command failed with return code: 1
Error: WARNING: A restricted method in java.lang.System has been called
WARNING: java.lang.System::load has been called by net.rubygrapefruit.platform.internal.NativeLibraryLoader in an unnamed module (file:/cta/users/ulvi.findik/.gradle/wrapper/dists/gradle-9.2.1-bin/2t0n5ozlw9xmuyvbp7dnzaxug/gradle-9.2.1/lib/native-platform-0.22-milestone-29.jar)
WARNING: Use --enable-native-access=ALL-UNNAMED to avoid a warning for callers in this module
WARNING: Restricted methods will be blocked in a future release unless native access is enabled


FAILURE: Build failed with an exception.

* What went wrong:
Class org.gradle.jvm.toolchain.JvmVendorSpec does not have member field 'org.gradle.jvm.toolchain.JvmVendorSpec IBM_SEMERU'

* Try:
> Run with --stacktrace option to get the stack trace.
> Run with --info or --debug option to get more log output.
> Run with --scan to generate a Build Scan (powered by Develocity).
> Get more help at https://help.gradle.org.

BUILD FAILED in 23s

Starting a Gradle Daemon, 1 busy and 13 stopped Daemons could not be reused, use --status for details

Command 18 FAILED (Duration: 24.67s)

[19/240] Starting command 19...
Executing: ./gradlew runGrasp -PinstancePath="instances/density=LOW_nInventory=20_nHours=5_seed=3.json" -PoutputPath="output/singleThreadGrasp" -PtimeLimit=300 -PsearchMode="FIRST_IMPROVEMENT" -PskipProbability=0 -PlocalSearchMoves="insert,outOfPool,interSwap,shift,transfer,intraSwap" -Pseed=0 -PalphaType="UNIFORM" -PminAlpha=0.1 -PmaxAlpha=1.0
Command failed with return code: 1
Error: WARNING: A restricted method in java.lang.System has been called
WARNING: java.lang.System::load has been called by net.rubygrapefruit.platform.internal.NativeLibraryLoader in an unnamed module (file:/cta/users/ulvi.findik/.gradle/wrapper/dists/gradle-9.2.1-bin/2t0n5ozlw9xmuyvbp7dnzaxug/gradle-9.2.1/lib/native-platform-0.22-milestone-29.jar)
WARNING: Use --enable-native-access=ALL-UNNAMED to avoid a warning for callers in this module
WARNING: Restricted methods will be blocked in a future release unless native access is enabled


FAILURE: Build failed with an exception.

* What went wrong:
Class org.gradle.jvm.toolchain.JvmVendorSpec does not have member field 'org.gradle.jvm.toolchain.JvmVendorSpec IBM_SEMERU'

* Try:
> Run with --stacktrace option to get the stack trace.
> Run with --info or --debug option to get more log output.
> Run with --scan to generate a Build Scan (powered by Develocity).
> Get more help at https://help.gradle.org.

BUILD FAILED in 24s

Starting a Gradle Daemon, 4 busy and 5 stopped Daemons could not be reused, use --status for details

Command 19 FAILED (Duration: 24.93s)

[20/240] Starting command 20...
Executing: ./gradlew runGrasp -PinstancePath="instances/density=LOW_nInventory=20_nHours=5_seed=3.json" -PoutputPath="output/singleThreadGrasp" -PtimeLimit=300 -PsearchMode="FIRST_IMPROVEMENT" -PskipProbability=0.25 -PlocalSearchMoves="insert,outOfPool,interSwap,shift,transfer,intraSwap" -Pseed=0 -PalphaType="UNIFORM" -PminAlpha=0.1 -PmaxAlpha=1.0
Command failed with return code: 1
Error: WARNING: A restricted method in java.lang.System has been called
WARNING: java.lang.System::load has been called by net.rubygrapefruit.platform.internal.NativeLibraryLoader in an unnamed module (file:/cta/users/ulvi.findik/.gradle/wrapper/dists/gradle-9.2.1-bin/2t0n5ozlw9xmuyvbp7dnzaxug/gradle-9.2.1/lib/native-platform-0.22-milestone-29.jar)
WARNING: Use --enable-native-access=ALL-UNNAMED to avoid a warning for callers in this module
WARNING: Restricted methods will be blocked in a future release unless native access is enabled


FAILURE: Build failed with an exception.

* What went wrong:
Could not initialize class org.gradle.toolchains.foojay.DistributionsKt
> Exception java.lang.NoSuchFieldError: Class org.gradle.jvm.toolchain.JvmVendorSpec does not have member field 'org.gradle.jvm.toolchain.JvmVendorSpec IBM_SEMERU' [in thread "Daemon worker"]

* Try:
> Run with --stacktrace option to get the stack trace.
> Run with --info or --debug option to get more log output.
> Run with --scan to generate a Build Scan (powered by Develocity).
> Get more help at https://help.gradle.org.

BUILD FAILED in 6s


Command 20 FAILED (Duration: 7.25s)

[21/240] Starting command 21...
Executing: ./gradlew runGrasp -PinstancePath="instances/density=LOW_nInventory=20_nHours=5_seed=3.json" -PoutputPath="output/singleThreadGrasp" -PtimeLimit=300 -PsearchMode="FIRST_IMPROVEMENT" -PskipProbability=0.5 -PlocalSearchMoves="insert,outOfPool,interSwap,shift,transfer,intraSwap" -Pseed=0 -PalphaType="UNIFORM" -PminAlpha=0.1 -PmaxAlpha=1.0
Command failed with return code: 1
Error: WARNING: A restricted method in java.lang.System has been called
WARNING: java.lang.System::load has been called by net.rubygrapefruit.platform.internal.NativeLibraryLoader in an unnamed module (file:/cta/users/ulvi.findik/.gradle/wrapper/dists/gradle-9.2.1-bin/2t0n5ozlw9xmuyvbp7dnzaxug/gradle-9.2.1/lib/native-platform-0.22-milestone-29.jar)
WARNING: Use --enable-native-access=ALL-UNNAMED to avoid a warning for callers in this module
WARNING: Restricted methods will be blocked in a future release unless native access is enabled


FAILURE: Build failed with an exception.

* What went wrong:
Could not initialize class org.gradle.toolchains.foojay.DistributionsKt
> Exception java.lang.NoSuchFieldError: Class org.gradle.jvm.toolchain.JvmVendorSpec does not have member field 'org.gradle.jvm.toolchain.JvmVendorSpec IBM_SEMERU' [in thread "Daemon worker"]

* Try:
> Run with --stacktrace option to get the stack trace.
> Run with --info or --debug option to get more log output.
> Run with --scan to generate a Build Scan (powered by Develocity).
> Get more help at https://help.gradle.org.

BUILD FAILED in 5s


Command 21 FAILED (Duration: 5.90s)

[22/240] Starting command 22...
Executing: ./gradlew runGrasp -PinstancePath="instances/density=LOW_nInventory=20_nHours=5_seed=3.json" -PoutputPath="output/singleThreadGrasp" -PtimeLimit=300 -PsearchMode="FIRST_IMPROVEMENT" -PskipProbability=0 -PlocalSearchMoves="insert,outOfPool,interSwap,shift,transfer,intraSwap" -Pseed=0 -PalphaType="UNIFORM" -PminAlpha=0.1 -PmaxAlpha=0.5
Command failed with return code: 1
Error: WARNING: A restricted method in java.lang.System has been called
WARNING: java.lang.System::load has been called by net.rubygrapefruit.platform.internal.NativeLibraryLoader in an unnamed module (file:/cta/users/ulvi.findik/.gradle/wrapper/dists/gradle-9.2.1-bin/2t0n5ozlw9xmuyvbp7dnzaxug/gradle-9.2.1/lib/native-platform-0.22-milestone-29.jar)
WARNING: Use --enable-native-access=ALL-UNNAMED to avoid a warning for callers in this module
WARNING: Restricted methods will be blocked in a future release unless native access is enabled


FAILURE: Build failed with an exception.

* What went wrong:
Class org.gradle.jvm.toolchain.JvmVendorSpec does not have member field 'org.gradle.jvm.toolchain.JvmVendorSpec IBM_SEMERU'

* Try:
> Run with --stacktrace option to get the stack trace.
> Run with --info or --debug option to get more log output.
> Run with --scan to generate a Build Scan (powered by Develocity).
> Get more help at https://help.gradle.org.

BUILD FAILED in 25s

Starting a Gradle Daemon, 1 busy and 14 stopped Daemons could not be reused, use --status for details

Command 22 FAILED (Duration: 25.96s)

[23/240] Starting command 23...
Executing: ./gradlew runGrasp -PinstancePath="instances/density=LOW_nInventory=20_nHours=5_seed=3.json" -PoutputPath="output/singleThreadGrasp" -PtimeLimit=300 -PsearchMode="FIRST_IMPROVEMENT" -PskipProbability=0.25 -PlocalSearchMoves="insert,outOfPool,interSwap,shift,transfer,intraSwap" -Pseed=0 -PalphaType="UNIFORM" -PminAlpha=0.1 -PmaxAlpha=0.5
Command failed with return code: 1
Error: WARNING: A restricted method in java.lang.System has been called
WARNING: java.lang.System::load has been called by net.rubygrapefruit.platform.internal.NativeLibraryLoader in an unnamed module (file:/cta/users/ulvi.findik/.gradle/wrapper/dists/gradle-9.2.1-bin/2t0n5ozlw9xmuyvbp7dnzaxug/gradle-9.2.1/lib/native-platform-0.22-milestone-29.jar)
WARNING: Use --enable-native-access=ALL-UNNAMED to avoid a warning for callers in this module
WARNING: Restricted methods will be blocked in a future release unless native access is enabled


FAILURE: Build failed with an exception.

* What went wrong:
Class org.gradle.jvm.toolchain.JvmVendorSpec does not have member field 'org.gradle.jvm.toolchain.JvmVendorSpec IBM_SEMERU'

* Try:
> Run with --stacktrace option to get the stack trace.
> Run with --info or --debug option to get more log output.
> Run with --scan to generate a Build Scan (powered by Develocity).
> Get more help at https://help.gradle.org.

BUILD FAILED in 24s

Starting a Gradle Daemon, 2 busy and 3 incompatible and 18 stopped Daemons could not be reused, use --status for details

Command 23 FAILED (Duration: 25.57s)

[24/240] Starting command 24...
Executing: ./gradlew runGrasp -PinstancePath="instances/density=LOW_nInventory=20_nHours=5_seed=3.json" -PoutputPath="output/singleThreadGrasp" -PtimeLimit=300 -PsearchMode="FIRST_IMPROVEMENT" -PskipProbability=0.5 -PlocalSearchMoves="insert,outOfPool,interSwap,shift,transfer,intraSwap" -Pseed=0 -PalphaType="UNIFORM" -PminAlpha=0.1 -PmaxAlpha=0.5
Command failed with return code: 1
Error: WARNING: A restricted method in java.lang.System has been called
WARNING: java.lang.System::load has been called by net.rubygrapefruit.platform.internal.NativeLibraryLoader in an unnamed module (file:/cta/users/ulvi.findik/.gradle/wrapper/dists/gradle-9.2.1-bin/2t0n5ozlw9xmuyvbp7dnzaxug/gradle-9.2.1/lib/native-platform-0.22-milestone-29.jar)
WARNING: Use --enable-native-access=ALL-UNNAMED to avoid a warning for callers in this module
WARNING: Restricted methods will be blocked in a future release unless native access is enabled


FAILURE: Build failed with an exception.

* What went wrong:
Class org.gradle.jvm.toolchain.JvmVendorSpec does not have member field 'org.gradle.jvm.toolchain.JvmVendorSpec IBM_SEMERU'

* Try:
> Run with --stacktrace option to get the stack trace.
> Run with --info or --debug option to get more log output.
> Run with --scan to generate a Build Scan (powered by Develocity).
> Get more help at https://help.gradle.org.

BUILD FAILED in 23s

Starting a Gradle Daemon, 1 busy and 3 incompatible and 25 stopped Daemons could not be reused, use --status for details

Command 24 FAILED (Duration: 24.75s)

[25/240] Starting command 25...
Executing: ./gradlew runGrasp -PinstancePath="instances/density=HIGH_nInventory=20_nHours=5_seed=6.json" -PoutputPath="output/singleThreadGrasp" -PtimeLimit=300 -PsearchMode="BEST_IMPROVEMENT" -PskipProbability=0 -PlocalSearchMoves="insert,outOfPool,interSwap,shift,transfer,intraSwap" -Pseed=0 -PalphaType="FIXED" -Palpha=0.25
Command failed with return code: 1
Error: WARNING: A restricted method in java.lang.System has been called
WARNING: java.lang.System::load has been called by net.rubygrapefruit.platform.internal.NativeLibraryLoader in an unnamed module (file:/cta/users/ulvi.findik/.gradle/wrapper/dists/gradle-9.2.1-bin/2t0n5ozlw9xmuyvbp7dnzaxug/gradle-9.2.1/lib/native-platform-0.22-milestone-29.jar)
WARNING: Use --enable-native-access=ALL-UNNAMED to avoid a warning for callers in this module
WARNING: Restricted methods will be blocked in a future release unless native access is enabled


FAILURE: Build failed with an exception.

* What went wrong:
Timeout waiting to connect to the Gradle daemon.
Daemon uid: 7968e942-670f-4294-8fdc-ab2398ff18ca with diagnostics:
Daemon pid: 3554026
  log file: /cta/users/ulvi.findik/.gradle/daemon/9.2.1/daemon-3554026.out.log
----- Last 20 lines from daemon log file - daemon-3554026.out.log -----
	at org.gradle.launcher.bootstrap.ProcessBootstrap.runNoExit(ProcessBootstrap.java:72)
	at org.gradle.launcher.bootstrap.ProcessBootstrap.run(ProcessBootstrap.java:39)
	at org.gradle.launcher.daemon.bootstrap.GradleDaemon.main(GradleDaemon.java:22)
Daemon vm is shutting down... The daemon has exited normally or was terminated in response to a user interrupt.
2026-01-15T16:02:23.451+0300 [DEBUG] [org.gradle.launcher.daemon.registry.PersistentDaemonRegistry] Removing daemon address: [1f37192f-1c86-47bb-a46c-ae1d5647d309 port:44153, addresses:[localhost/127.0.0.1]]
2026-01-15T16:02:23.453+0300 [DEBUG] [org.gradle.launcher.daemon.server.Daemon] VM shutdown hook was unable to remove the daemon address from the registry. It will be cleaned up later.
java.lang.IllegalStateException: Cannot start managing file contention because this handler has been closed.
	at org.gradle.cache.internal.locklistener.DefaultFileLockContentionHandler.assertNotStopped(DefaultFileLockContentionHandler.java:256)
	at org.gradle.cache.internal.locklistener.DefaultFileLockContentionHandler.reservePort(DefaultFileLockContentionHandler.java:294)
	at org.gradle.cache.internal.DefaultFileLockManager.lock(DefaultFileLockManager.java:124)
	at org.gradle.cache.internal.DefaultFileLockManager.lock(DefaultFileLockManager.java:106)
	at org.gradle.cache.internal.DefaultFileLockManager.lock(DefaultFileLockManager.java:101)
	at org.gradle.cache.internal.OnDemandFileAccess.updateFile(OnDemandFileAccess.java:51)
	at org.gradle.cache.internal.FileBackedObjectHolder.update(FileBackedObjectHolder.java:77)
	at org.gradle.cache.internal.FileIntegrityViolationSuppressingObjectHolderDecorator.lambda$update$0(FileIntegrityViolationSuppressingObjectHolderDecorator.java:48)
	at org.gradle.cache.internal.FileIntegrityViolationSuppressingObjectHolderDecorator.doUpdate(FileIntegrityViolationSuppressingObjectHolderDecorator.java:58)
	at org.gradle.cache.internal.FileIntegrityViolationSuppressingObjectHolderDecorator.update(FileIntegrityViolationSuppressingObjectHolderDecorator.java:48)
	at org.gradle.launcher.daemon.registry.PersistentDaemonRegistry.remove(PersistentDaemonRegistry.java:133)
	at org.gradle.launcher.daemon.server.Daemon$1.run(Daemon.java:133)
	at java.base/java.lang.Thread.run(Thread.java:1474)----- End of the daemon log -----


* Try:
> Run with --stacktrace option to get the stack trace.
> Run with --info or --debug option to get more log output.
> Run with --scan to generate a Build Scan (powered by Develocity).
> Get more help at https://help.gradle.org.

Starting a Gradle Daemon, 1 busy and 1 incompatible and 31 stopped Daemons could not be reused, use --status for details

Command 25 FAILED (Duration: 38.48s)

[26/240] Starting command 26...
Executing: ./gradlew runGrasp -PinstancePath="instances/density=HIGH_nInventory=20_nHours=5_seed=6.json" -PoutputPath="output/singleThreadGrasp" -PtimeLimit=300 -PsearchMode="BEST_IMPROVEMENT" -PskipProbability=0.25 -PlocalSearchMoves="insert,outOfPool,interSwap,shift,transfer,intraSwap" -Pseed=0 -PalphaType="FIXED" -Palpha=0.25
Command failed with return code: 1
Error: WARNING: A restricted method in java.lang.System has been called
WARNING: java.lang.System::load has been called by net.rubygrapefruit.platform.internal.NativeLibraryLoader in an unnamed module (file:/cta/users/ulvi.findik/.gradle/wrapper/dists/gradle-9.2.1-bin/2t0n5ozlw9xmuyvbp7dnzaxug/gradle-9.2.1/lib/native-platform-0.22-milestone-29.jar)
WARNING: Use --enable-native-access=ALL-UNNAMED to avoid a warning for callers in this module
WARNING: Restricted methods will be blocked in a future release unless native access is enabled


FAILURE: Build failed with an exception.

* What went wrong:
Class org.gradle.jvm.toolchain.JvmVendorSpec does not have member field 'org.gradle.jvm.toolchain.JvmVendorSpec IBM_SEMERU'

* Try:
> Run with --stacktrace option to get the stack trace.
> Run with --info or --debug option to get more log output.
> Run with --scan to generate a Build Scan (powered by Develocity).
> Get more help at https://help.gradle.org.

BUILD FAILED in 23s

Starting a Gradle Daemon, 9 stopped Daemons could not be reused, use --status for details

Command 26 FAILED (Duration: 24.81s)

[27/240] Starting command 27...
Executing: ./gradlew runGrasp -PinstancePath="instances/density=HIGH_nInventory=20_nHours=5_seed=6.json" -PoutputPath="output/singleThreadGrasp" -PtimeLimit=300 -PsearchMode="BEST_IMPROVEMENT" -PskipProbability=0.5 -PlocalSearchMoves="insert,outOfPool,interSwap,shift,transfer,intraSwap" -Pseed=0 -PalphaType="FIXED" -Palpha=0.25
Command failed with return code: 1
Error: WARNING: A restricted method in java.lang.System has been called
WARNING: java.lang.System::load has been called by net.rubygrapefruit.platform.internal.NativeLibraryLoader in an unnamed module (file:/cta/users/ulvi.findik/.gradle/wrapper/dists/gradle-9.2.1-bin/2t0n5ozlw9xmuyvbp7dnzaxug/gradle-9.2.1/lib/native-platform-0.22-milestone-29.jar)
WARNING: Use --enable-native-access=ALL-UNNAMED to avoid a warning for callers in this module
WARNING: Restricted methods will be blocked in a future release unless native access is enabled


FAILURE: Build failed with an exception.

* What went wrong:
Class org.gradle.jvm.toolchain.JvmVendorSpec does not have member field 'org.gradle.jvm.toolchain.JvmVendorSpec IBM_SEMERU'

* Try:
> Run with --stacktrace option to get the stack trace.
> Run with --info or --debug option to get more log output.
> Run with --scan to generate a Build Scan (powered by Develocity).
> Get more help at https://help.gradle.org.

BUILD FAILED in 23s

Starting a Gradle Daemon, 4 busy and 14 stopped Daemons could not be reused, use --status for details

Command 27 FAILED (Duration: 24.59s)

[28/240] Starting command 28...
Executing: ./gradlew runGrasp -PinstancePath="instances/density=HIGH_nInventory=20_nHours=5_seed=6.json" -PoutputPath="output/singleThreadGrasp" -PtimeLimit=300 -PsearchMode="BEST_IMPROVEMENT" -PskipProbability=0 -PlocalSearchMoves="insert,outOfPool,interSwap,shift,transfer,intraSwap" -Pseed=0 -PalphaType="FIXED" -Palpha=0.5
Command failed with return code: 1
Error: WARNING: A restricted method in java.lang.System has been called
WARNING: java.lang.System::load has been called by net.rubygrapefruit.platform.internal.NativeLibraryLoader in an unnamed module (file:/cta/users/ulvi.findik/.gradle/wrapper/dists/gradle-9.2.1-bin/2t0n5ozlw9xmuyvbp7dnzaxug/gradle-9.2.1/lib/native-platform-0.22-milestone-29.jar)
WARNING: Use --enable-native-access=ALL-UNNAMED to avoid a warning for callers in this module
WARNING: Restricted methods will be blocked in a future release unless native access is enabled


FAILURE: Build failed with an exception.

* What went wrong:
Could not initialize class org.gradle.toolchains.foojay.DistributionsKt
> Exception java.lang.NoSuchFieldError: Class org.gradle.jvm.toolchain.JvmVendorSpec does not have member field 'org.gradle.jvm.toolchain.JvmVendorSpec IBM_SEMERU' [in thread "Daemon worker"]

* Try:
> Run with --stacktrace option to get the stack trace.
> Run with --info or --debug option to get more log output.
> Run with --scan to generate a Build Scan (powered by Develocity).
> Get more help at https://help.gradle.org.

BUILD FAILED in 4s


Command 28 FAILED (Duration: 5.17s)

[29/240] Starting command 29...
Executing: ./gradlew runGrasp -PinstancePath="instances/density=HIGH_nInventory=20_nHours=5_seed=6.json" -PoutputPath="output/singleThreadGrasp" -PtimeLimit=300 -PsearchMode="BEST_IMPROVEMENT" -PskipProbability=0.25 -PlocalSearchMoves="insert,outOfPool,interSwap,shift,transfer,intraSwap" -Pseed=0 -PalphaType="FIXED" -Palpha=0.5
Command failed with return code: 1
Error: WARNING: A restricted method in java.lang.System has been called
WARNING: java.lang.System::load has been called by net.rubygrapefruit.platform.internal.NativeLibraryLoader in an unnamed module (file:/cta/users/ulvi.findik/.gradle/wrapper/dists/gradle-9.2.1-bin/2t0n5ozlw9xmuyvbp7dnzaxug/gradle-9.2.1/lib/native-platform-0.22-milestone-29.jar)
WARNING: Use --enable-native-access=ALL-UNNAMED to avoid a warning for callers in this module
WARNING: Restricted methods will be blocked in a future release unless native access is enabled


FAILURE: Build failed with an exception.

* What went wrong:
Could not initialize class org.gradle.toolchains.foojay.DistributionsKt
> Exception java.lang.NoSuchFieldError: Class org.gradle.jvm.toolchain.JvmVendorSpec does not have member field 'org.gradle.jvm.toolchain.JvmVendorSpec IBM_SEMERU' [in thread "Daemon worker"]

* Try:
> Run with --stacktrace option to get the stack trace.
> Run with --info or --debug option to get more log output.
> Run with --scan to generate a Build Scan (powered by Develocity).
> Get more help at https://help.gradle.org.

BUILD FAILED in 4s


Command 29 FAILED (Duration: 5.09s)

[30/240] Starting command 30...
Executing: ./gradlew runGrasp -PinstancePath="instances/density=HIGH_nInventory=20_nHours=5_seed=6.json" -PoutputPath="output/singleThreadGrasp" -PtimeLimit=300 -PsearchMode="BEST_IMPROVEMENT" -PskipProbability=0.5 -PlocalSearchMoves="insert,outOfPool,interSwap,shift,transfer,intraSwap" -Pseed=0 -PalphaType="FIXED" -Palpha=0.5
Command failed with return code: 1
Error: WARNING: A restricted method in java.lang.System has been called
WARNING: java.lang.System::load has been called by net.rubygrapefruit.platform.internal.NativeLibraryLoader in an unnamed module (file:/cta/users/ulvi.findik/.gradle/wrapper/dists/gradle-9.2.1-bin/2t0n5ozlw9xmuyvbp7dnzaxug/gradle-9.2.1/lib/native-platform-0.22-milestone-29.jar)
WARNING: Use --enable-native-access=ALL-UNNAMED to avoid a warning for callers in this module
WARNING: Restricted methods will be blocked in a future release unless native access is enabled


FAILURE: Build failed with an exception.

* What went wrong:
Class org.gradle.jvm.toolchain.JvmVendorSpec does not have member field 'org.gradle.jvm.toolchain.JvmVendorSpec IBM_SEMERU'

* Try:
> Run with --stacktrace option to get the stack trace.
> Run with --info or --debug option to get more log output.
> Run with --scan to generate a Build Scan (powered by Develocity).
> Get more help at https://help.gradle.org.

BUILD FAILED in 24s

Starting a Gradle Daemon, 3 busy and 1 incompatible and 23 stopped Daemons could not be reused, use --status for details

Command 30 FAILED (Duration: 25.12s)

[31/240] Starting command 31...
Executing: ./gradlew runGrasp -PinstancePath="instances/density=HIGH_nInventory=20_nHours=5_seed=6.json" -PoutputPath="output/singleThreadGrasp" -PtimeLimit=300 -PsearchMode="BEST_IMPROVEMENT" -PskipProbability=0 -PlocalSearchMoves="insert,outOfPool,interSwap,shift,transfer,intraSwap" -Pseed=0 -PalphaType="UNIFORM" -PminAlpha=0.1 -PmaxAlpha=1.0
Command failed with return code: 1
Error: WARNING: A restricted method in java.lang.System has been called
WARNING: java.lang.System::load has been called by net.rubygrapefruit.platform.internal.NativeLibraryLoader in an unnamed module (file:/cta/users/ulvi.findik/.gradle/wrapper/dists/gradle-9.2.1-bin/2t0n5ozlw9xmuyvbp7dnzaxug/gradle-9.2.1/lib/native-platform-0.22-milestone-29.jar)
WARNING: Use --enable-native-access=ALL-UNNAMED to avoid a warning for callers in this module
WARNING: Restricted methods will be blocked in a future release unless native access is enabled


FAILURE: Build failed with an exception.

* What went wrong:
Could not initialize class org.gradle.toolchains.foojay.DistributionsKt
> Exception java.lang.NoSuchFieldError: Class org.gradle.jvm.toolchain.JvmVendorSpec does not have member field 'org.gradle.jvm.toolchain.JvmVendorSpec IBM_SEMERU' [in thread "Daemon worker"]

* Try:
> Run with --stacktrace option to get the stack trace.
> Run with --info or --debug option to get more log output.
> Run with --scan to generate a Build Scan (powered by Develocity).
> Get more help at https://help.gradle.org.

BUILD FAILED in 4s


Command 31 FAILED (Duration: 5.31s)

[32/240] Starting command 32...
Executing: ./gradlew runGrasp -PinstancePath="instances/density=HIGH_nInventory=20_nHours=5_seed=6.json" -PoutputPath="output/singleThreadGrasp" -PtimeLimit=300 -PsearchMode="BEST_IMPROVEMENT" -PskipProbability=0.25 -PlocalSearchMoves="insert,outOfPool,interSwap,shift,transfer,intraSwap" -Pseed=0 -PalphaType="UNIFORM" -PminAlpha=0.1 -PmaxAlpha=1.0
Command failed with return code: 1
Error: WARNING: A restricted method in java.lang.System has been called
WARNING: java.lang.System::load has been called by net.rubygrapefruit.platform.internal.NativeLibraryLoader in an unnamed module (file:/cta/users/ulvi.findik/.gradle/wrapper/dists/gradle-9.2.1-bin/2t0n5ozlw9xmuyvbp7dnzaxug/gradle-9.2.1/lib/native-platform-0.22-milestone-29.jar)
WARNING: Use --enable-native-access=ALL-UNNAMED to avoid a warning for callers in this module
WARNING: Restricted methods will be blocked in a future release unless native access is enabled


FAILURE: Build failed with an exception.

* What went wrong:
Class org.gradle.jvm.toolchain.JvmVendorSpec does not have member field 'org.gradle.jvm.toolchain.JvmVendorSpec IBM_SEMERU'

* Try:
> Run with --stacktrace option to get the stack trace.
> Run with --info or --debug option to get more log output.
> Run with --scan to generate a Build Scan (powered by Develocity).
> Get more help at https://help.gradle.org.

BUILD FAILED in 24s

Starting a Gradle Daemon, 4 busy and 29 stopped Daemons could not be reused, use --status for details

Command 32 FAILED (Duration: 25.00s)

[33/240] Starting command 33...
Executing: ./gradlew runGrasp -PinstancePath="instances/density=HIGH_nInventory=20_nHours=5_seed=6.json" -PoutputPath="output/singleThreadGrasp" -PtimeLimit=300 -PsearchMode="BEST_IMPROVEMENT" -PskipProbability=0.5 -PlocalSearchMoves="insert,outOfPool,interSwap,shift,transfer,intraSwap" -Pseed=0 -PalphaType="UNIFORM" -PminAlpha=0.1 -PmaxAlpha=1.0
Command failed with return code: 1
Error: WARNING: A restricted method in java.lang.System has been called
WARNING: java.lang.System::load has been called by net.rubygrapefruit.platform.internal.NativeLibraryLoader in an unnamed module (file:/cta/users/ulvi.findik/.gradle/wrapper/dists/gradle-9.2.1-bin/2t0n5ozlw9xmuyvbp7dnzaxug/gradle-9.2.1/lib/native-platform-0.22-milestone-29.jar)
WARNING: Use --enable-native-access=ALL-UNNAMED to avoid a warning for callers in this module
WARNING: Restricted methods will be blocked in a future release unless native access is enabled


FAILURE: Build failed with an exception.

* What went wrong:
Could not initialize class org.gradle.toolchains.foojay.DistributionsKt
> Exception java.lang.NoSuchFieldError: Class org.gradle.jvm.toolchain.JvmVendorSpec does not have member field 'org.gradle.jvm.toolchain.JvmVendorSpec IBM_SEMERU' [in thread "Daemon worker"]

* Try:
> Run with --stacktrace option to get the stack trace.
> Run with --info or --debug option to get more log output.
> Run with --scan to generate a Build Scan (powered by Develocity).
> Get more help at https://help.gradle.org.

BUILD FAILED in 4s


Command 33 FAILED (Duration: 5.31s)

[34/240] Starting command 34...
Executing: ./gradlew runGrasp -PinstancePath="instances/density=HIGH_nInventory=20_nHours=5_seed=6.json" -PoutputPath="output/singleThreadGrasp" -PtimeLimit=300 -PsearchMode="BEST_IMPROVEMENT" -PskipProbability=0 -PlocalSearchMoves="insert,outOfPool,interSwap,shift,transfer,intraSwap" -Pseed=0 -PalphaType="UNIFORM" -PminAlpha=0.1 -PmaxAlpha=0.5
Command failed with return code: 1
Error: WARNING: A restricted method in java.lang.System has been called
WARNING: java.lang.System::load has been called by net.rubygrapefruit.platform.internal.NativeLibraryLoader in an unnamed module (file:/cta/users/ulvi.findik/.gradle/wrapper/dists/gradle-9.2.1-bin/2t0n5ozlw9xmuyvbp7dnzaxug/gradle-9.2.1/lib/native-platform-0.22-milestone-29.jar)
WARNING: Use --enable-native-access=ALL-UNNAMED to avoid a warning for callers in this module
WARNING: Restricted methods will be blocked in a future release unless native access is enabled


FAILURE: Build failed with an exception.

* What went wrong:
Class org.gradle.jvm.toolchain.JvmVendorSpec does not have member field 'org.gradle.jvm.toolchain.JvmVendorSpec IBM_SEMERU'

* Try:
> Run with --stacktrace option to get the stack trace.
> Run with --info or --debug option to get more log output.
> Run with --scan to generate a Build Scan (powered by Develocity).
> Get more help at https://help.gradle.org.

BUILD FAILED in 23s

Starting a Gradle Daemon, 5 busy and 34 stopped Daemons could not be reused, use --status for details

Command 34 FAILED (Duration: 24.81s)

[35/240] Starting command 35...
Executing: ./gradlew runGrasp -PinstancePath="instances/density=HIGH_nInventory=20_nHours=5_seed=6.json" -PoutputPath="output/singleThreadGrasp" -PtimeLimit=300 -PsearchMode="BEST_IMPROVEMENT" -PskipProbability=0.25 -PlocalSearchMoves="insert,outOfPool,interSwap,shift,transfer,intraSwap" -Pseed=0 -PalphaType="UNIFORM" -PminAlpha=0.1 -PmaxAlpha=0.5
Command failed with return code: 1
Error: WARNING: A restricted method in java.lang.System has been called
WARNING: java.lang.System::load has been called by net.rubygrapefruit.platform.internal.NativeLibraryLoader in an unnamed module (file:/cta/users/ulvi.findik/.gradle/wrapper/dists/gradle-9.2.1-bin/2t0n5ozlw9xmuyvbp7dnzaxug/gradle-9.2.1/lib/native-platform-0.22-milestone-29.jar)
WARNING: Use --enable-native-access=ALL-UNNAMED to avoid a warning for callers in this module
WARNING: Restricted methods will be blocked in a future release unless native access is enabled


FAILURE: Build failed with an exception.

* What went wrong:
Could not initialize class org.gradle.toolchains.foojay.DistributionsKt
> Exception java.lang.NoSuchFieldError: Class org.gradle.jvm.toolchain.JvmVendorSpec does not have member field 'org.gradle.jvm.toolchain.JvmVendorSpec IBM_SEMERU' [in thread "Daemon worker"]

* Try:
> Run with --stacktrace option to get the stack trace.
> Run with --info or --debug option to get more log output.
> Run with --scan to generate a Build Scan (powered by Develocity).
> Get more help at https://help.gradle.org.

BUILD FAILED in 4s


Command 35 FAILED (Duration: 5.36s)

[36/240] Starting command 36...
Executing: ./gradlew runGrasp -PinstancePath="instances/density=HIGH_nInventory=20_nHours=5_seed=6.json" -PoutputPath="output/singleThreadGrasp" -PtimeLimit=300 -PsearchMode="BEST_IMPROVEMENT" -PskipProbability=0.5 -PlocalSearchMoves="insert,outOfPool,interSwap,shift,transfer,intraSwap" -Pseed=0 -PalphaType="UNIFORM" -PminAlpha=0.1 -PmaxAlpha=0.5
Command failed with return code: 1
Error: WARNING: A restricted method in java.lang.System has been called
WARNING: java.lang.System::load has been called by net.rubygrapefruit.platform.internal.NativeLibraryLoader in an unnamed module (file:/cta/users/ulvi.findik/.gradle/wrapper/dists/gradle-9.2.1-bin/2t0n5ozlw9xmuyvbp7dnzaxug/gradle-9.2.1/lib/native-platform-0.22-milestone-29.jar)
WARNING: Use --enable-native-access=ALL-UNNAMED to avoid a warning for callers in this module
WARNING: Restricted methods will be blocked in a future release unless native access is enabled


FAILURE: Build failed with an exception.

* What went wrong:
Class org.gradle.jvm.toolchain.JvmVendorSpec does not have member field 'org.gradle.jvm.toolchain.JvmVendorSpec IBM_SEMERU'

* Try:
> Run with --stacktrace option to get the stack trace.
> Run with --info or --debug option to get more log output.
> Run with --scan to generate a Build Scan (powered by Develocity).
> Get more help at https://help.gradle.org.

BUILD FAILED in 24s

Starting a Gradle Daemon, 5 busy and 40 stopped Daemons could not be reused, use --status for details

Command 36 FAILED (Duration: 24.90s)

[37/240] Starting command 37...
Executing: ./gradlew runGrasp -PinstancePath="instances/density=HIGH_nInventory=20_nHours=5_seed=6.json" -PoutputPath="output/singleThreadGrasp" -PtimeLimit=300 -PsearchMode="FIRST_IMPROVEMENT" -PskipProbability=0 -PlocalSearchMoves="insert,outOfPool,interSwap,shift,transfer,intraSwap" -Pseed=0 -PalphaType="FIXED" -Palpha=0.25
Command failed with return code: 1
Error: WARNING: A restricted method in java.lang.System has been called
WARNING: java.lang.System::load has been called by net.rubygrapefruit.platform.internal.NativeLibraryLoader in an unnamed module (file:/cta/users/ulvi.findik/.gradle/wrapper/dists/gradle-9.2.1-bin/2t0n5ozlw9xmuyvbp7dnzaxug/gradle-9.2.1/lib/native-platform-0.22-milestone-29.jar)
WARNING: Use --enable-native-access=ALL-UNNAMED to avoid a warning for callers in this module
WARNING: Restricted methods will be blocked in a future release unless native access is enabled


FAILURE: Build failed with an exception.

* What went wrong:
Could not initialize class org.gradle.toolchains.foojay.DistributionsKt
> Exception java.lang.NoSuchFieldError: Class org.gradle.jvm.toolchain.JvmVendorSpec does not have member field 'org.gradle.jvm.toolchain.JvmVendorSpec IBM_SEMERU' [in thread "Daemon worker"]

* Try:
> Run with --stacktrace option to get the stack trace.
> Run with --info or --debug option to get more log output.
> Run with --scan to generate a Build Scan (powered by Develocity).
> Get more help at https://help.gradle.org.

BUILD FAILED in 4s


Command 37 FAILED (Duration: 5.33s)

[38/240] Starting command 38...
Executing: ./gradlew runGrasp -PinstancePath="instances/density=HIGH_nInventory=20_nHours=5_seed=6.json" -PoutputPath="output/singleThreadGrasp" -PtimeLimit=300 -PsearchMode="FIRST_IMPROVEMENT" -PskipProbability=0.25 -PlocalSearchMoves="insert,outOfPool,interSwap,shift,transfer,intraSwap" -Pseed=0 -PalphaType="FIXED" -Palpha=0.25
Command failed with return code: 1
Error: WARNING: A restricted method in java.lang.System has been called
WARNING: java.lang.System::load has been called by net.rubygrapefruit.platform.internal.NativeLibraryLoader in an unnamed module (file:/cta/users/ulvi.findik/.gradle/wrapper/dists/gradle-9.2.1-bin/2t0n5ozlw9xmuyvbp7dnzaxug/gradle-9.2.1/lib/native-platform-0.22-milestone-29.jar)
WARNING: Use --enable-native-access=ALL-UNNAMED to avoid a warning for callers in this module
WARNING: Restricted methods will be blocked in a future release unless native access is enabled


FAILURE: Build failed with an exception.

* What went wrong:
Class org.gradle.jvm.toolchain.JvmVendorSpec does not have member field 'org.gradle.jvm.toolchain.JvmVendorSpec IBM_SEMERU'

* Try:
> Run with --stacktrace option to get the stack trace.
> Run with --info or --debug option to get more log output.
> Run with --scan to generate a Build Scan (powered by Develocity).
> Get more help at https://help.gradle.org.

BUILD FAILED in 24s

Starting a Gradle Daemon, 1 incompatible and 51 stopped Daemons could not be reused, use --status for details

Command 38 FAILED (Duration: 25.28s)

[39/240] Starting command 39...
Executing: ./gradlew runGrasp -PinstancePath="instances/density=HIGH_nInventory=20_nHours=5_seed=6.json" -PoutputPath="output/singleThreadGrasp" -PtimeLimit=300 -PsearchMode="FIRST_IMPROVEMENT" -PskipProbability=0.5 -PlocalSearchMoves="insert,outOfPool,interSwap,shift,transfer,intraSwap" -Pseed=0 -PalphaType="FIXED" -Palpha=0.25
Command failed with return code: 1
Error: WARNING: A restricted method in java.lang.System has been called
WARNING: java.lang.System::load has been called by net.rubygrapefruit.platform.internal.NativeLibraryLoader in an unnamed module (file:/cta/users/ulvi.findik/.gradle/wrapper/dists/gradle-9.2.1-bin/2t0n5ozlw9xmuyvbp7dnzaxug/gradle-9.2.1/lib/native-platform-0.22-milestone-29.jar)
WARNING: Use --enable-native-access=ALL-UNNAMED to avoid a warning for callers in this module
WARNING: Restricted methods will be blocked in a future release unless native access is enabled


FAILURE: Build failed with an exception.

* What went wrong:
Could not initialize class org.gradle.toolchains.foojay.DistributionsKt
> Exception java.lang.NoSuchFieldError: Class org.gradle.jvm.toolchain.JvmVendorSpec does not have member field 'org.gradle.jvm.toolchain.JvmVendorSpec IBM_SEMERU' [in thread "Daemon worker"]

* Try:
> Run with --stacktrace option to get the stack trace.
> Run with --info or --debug option to get more log output.
> Run with --scan to generate a Build Scan (powered by Develocity).
> Get more help at https://help.gradle.org.

BUILD FAILED in 5s


Command 39 FAILED (Duration: 5.42s)

[40/240] Starting command 40...
Executing: ./gradlew runGrasp -PinstancePath="instances/density=HIGH_nInventory=20_nHours=5_seed=6.json" -PoutputPath="output/singleThreadGrasp" -PtimeLimit=300 -PsearchMode="FIRST_IMPROVEMENT" -PskipProbability=0 -PlocalSearchMoves="insert,outOfPool,interSwap,shift,transfer,intraSwap" -Pseed=0 -PalphaType="FIXED" -Palpha=0.5
Command failed with return code: 1
Error: WARNING: A restricted method in java.lang.System has been called
WARNING: java.lang.System::load has been called by net.rubygrapefruit.platform.internal.NativeLibraryLoader in an unnamed module (file:/cta/users/ulvi.findik/.gradle/wrapper/dists/gradle-9.2.1-bin/2t0n5ozlw9xmuyvbp7dnzaxug/gradle-9.2.1/lib/native-platform-0.22-milestone-29.jar)
WARNING: Use --enable-native-access=ALL-UNNAMED to avoid a warning for callers in this module
WARNING: Restricted methods will be blocked in a future release unless native access is enabled


FAILURE: Build failed with an exception.

* What went wrong:
Class org.gradle.jvm.toolchain.JvmVendorSpec does not have member field 'org.gradle.jvm.toolchain.JvmVendorSpec IBM_SEMERU'

* Try:
> Run with --stacktrace option to get the stack trace.
> Run with --info or --debug option to get more log output.
> Run with --scan to generate a Build Scan (powered by Develocity).
> Get more help at https://help.gradle.org.

BUILD FAILED in 24s

Starting a Gradle Daemon, 2 busy and 1 incompatible and 7 stopped Daemons could not be reused, use --status for details

Command 40 FAILED (Duration: 24.92s)

[41/240] Starting command 41...
Executing: ./gradlew runGrasp -PinstancePath="instances/density=HIGH_nInventory=20_nHours=5_seed=6.json" -PoutputPath="output/singleThreadGrasp" -PtimeLimit=300 -PsearchMode="FIRST_IMPROVEMENT" -PskipProbability=0.25 -PlocalSearchMoves="insert,outOfPool,interSwap,shift,transfer,intraSwap" -Pseed=0 -PalphaType="FIXED" -Palpha=0.5
Command failed with return code: 1
Error: WARNING: A restricted method in java.lang.System has been called
WARNING: java.lang.System::load has been called by net.rubygrapefruit.platform.internal.NativeLibraryLoader in an unnamed module (file:/cta/users/ulvi.findik/.gradle/wrapper/dists/gradle-9.2.1-bin/2t0n5ozlw9xmuyvbp7dnzaxug/gradle-9.2.1/lib/native-platform-0.22-milestone-29.jar)
WARNING: Use --enable-native-access=ALL-UNNAMED to avoid a warning for callers in this module
WARNING: Restricted methods will be blocked in a future release unless native access is enabled


FAILURE: Build failed with an exception.

* What went wrong:
Could not initialize class org.gradle.toolchains.foojay.DistributionsKt
> Exception java.lang.NoSuchFieldError: Class org.gradle.jvm.toolchain.JvmVendorSpec does not have member field 'org.gradle.jvm.toolchain.JvmVendorSpec IBM_SEMERU' [in thread "Daemon worker"]

* Try:
> Run with --stacktrace option to get the stack trace.
> Run with --info or --debug option to get more log output.
> Run with --scan to generate a Build Scan (powered by Develocity).
> Get more help at https://help.gradle.org.

BUILD FAILED in 4s


Command 41 FAILED (Duration: 5.26s)

[42/240] Starting command 42...
Executing: ./gradlew runGrasp -PinstancePath="instances/density=HIGH_nInventory=20_nHours=5_seed=6.json" -PoutputPath="output/singleThreadGrasp" -PtimeLimit=300 -PsearchMode="FIRST_IMPROVEMENT" -PskipProbability=0.5 -PlocalSearchMoves="insert,outOfPool,interSwap,shift,transfer,intraSwap" -Pseed=0 -PalphaType="FIXED" -Palpha=0.5
Command failed with return code: 1
Error: WARNING: A restricted method in java.lang.System has been called
WARNING: java.lang.System::load has been called by net.rubygrapefruit.platform.internal.NativeLibraryLoader in an unnamed module (file:/cta/users/ulvi.findik/.gradle/wrapper/dists/gradle-9.2.1-bin/2t0n5ozlw9xmuyvbp7dnzaxug/gradle-9.2.1/lib/native-platform-0.22-milestone-29.jar)
WARNING: Use --enable-native-access=ALL-UNNAMED to avoid a warning for callers in this module
WARNING: Restricted methods will be blocked in a future release unless native access is enabled


FAILURE: Build failed with an exception.

* What went wrong:
Class org.gradle.jvm.toolchain.JvmVendorSpec does not have member field 'org.gradle.jvm.toolchain.JvmVendorSpec IBM_SEMERU'

* Try:
> Run with --stacktrace option to get the stack trace.
> Run with --info or --debug option to get more log output.
> Run with --scan to generate a Build Scan (powered by Develocity).
> Get more help at https://help.gradle.org.

BUILD FAILED in 24s

Starting a Gradle Daemon, 15 stopped Daemons could not be reused, use --status for details

Command 42 FAILED (Duration: 25.78s)

[43/240] Starting command 43...
Executing: ./gradlew runGrasp -PinstancePath="instances/density=HIGH_nInventory=20_nHours=5_seed=6.json" -PoutputPath="output/singleThreadGrasp" -PtimeLimit=300 -PsearchMode="FIRST_IMPROVEMENT" -PskipProbability=0 -PlocalSearchMoves="insert,outOfPool,interSwap,shift,transfer,intraSwap" -Pseed=0 -PalphaType="UNIFORM" -PminAlpha=0.1 -PmaxAlpha=1.0
Command failed with return code: 1
Error: WARNING: A restricted method in java.lang.System has been called
WARNING: java.lang.System::load has been called by net.rubygrapefruit.platform.internal.NativeLibraryLoader in an unnamed module (file:/cta/users/ulvi.findik/.gradle/wrapper/dists/gradle-9.2.1-bin/2t0n5ozlw9xmuyvbp7dnzaxug/gradle-9.2.1/lib/native-platform-0.22-milestone-29.jar)
WARNING: Use --enable-native-access=ALL-UNNAMED to avoid a warning for callers in this module
WARNING: Restricted methods will be blocked in a future release unless native access is enabled


FAILURE: Build failed with an exception.

* What went wrong:
Class org.gradle.jvm.toolchain.JvmVendorSpec does not have member field 'org.gradle.jvm.toolchain.JvmVendorSpec IBM_SEMERU'

* Try:
> Run with --stacktrace option to get the stack trace.
> Run with --info or --debug option to get more log output.
> Run with --scan to generate a Build Scan (powered by Develocity).
> Get more help at https://help.gradle.org.

BUILD FAILED in 24s

Starting a Gradle Daemon, 1 busy and 10 stopped Daemons could not be reused, use --status for details

Command 43 FAILED (Duration: 24.93s)

[44/240] Starting command 44...
Executing: ./gradlew runGrasp -PinstancePath="instances/density=HIGH_nInventory=20_nHours=5_seed=6.json" -PoutputPath="output/singleThreadGrasp" -PtimeLimit=300 -PsearchMode="FIRST_IMPROVEMENT" -PskipProbability=0.25 -PlocalSearchMoves="insert,outOfPool,interSwap,shift,transfer,intraSwap" -Pseed=0 -PalphaType="UNIFORM" -PminAlpha=0.1 -PmaxAlpha=1.0
Command failed with return code: 1
Error: WARNING: A restricted method in java.lang.System has been called
WARNING: java.lang.System::load has been called by net.rubygrapefruit.platform.internal.NativeLibraryLoader in an unnamed module (file:/cta/users/ulvi.findik/.gradle/wrapper/dists/gradle-9.2.1-bin/2t0n5ozlw9xmuyvbp7dnzaxug/gradle-9.2.1/lib/native-platform-0.22-milestone-29.jar)
WARNING: Use --enable-native-access=ALL-UNNAMED to avoid a warning for callers in this module
WARNING: Restricted methods will be blocked in a future release unless native access is enabled


FAILURE: Build failed with an exception.

* What went wrong:
Class org.gradle.jvm.toolchain.JvmVendorSpec does not have member field 'org.gradle.jvm.toolchain.JvmVendorSpec IBM_SEMERU'

* Try:
> Run with --stacktrace option to get the stack trace.
> Run with --info or --debug option to get more log output.
> Run with --scan to generate a Build Scan (powered by Develocity).
> Get more help at https://help.gradle.org.

BUILD FAILED in 24s

Starting a Gradle Daemon, 16 stopped Daemons could not be reused, use --status for details

Command 44 FAILED (Duration: 24.81s)

[45/240] Starting command 45...
Executing: ./gradlew runGrasp -PinstancePath="instances/density=HIGH_nInventory=20_nHours=5_seed=6.json" -PoutputPath="output/singleThreadGrasp" -PtimeLimit=300 -PsearchMode="FIRST_IMPROVEMENT" -PskipProbability=0.5 -PlocalSearchMoves="insert,outOfPool,interSwap,shift,transfer,intraSwap" -Pseed=0 -PalphaType="UNIFORM" -PminAlpha=0.1 -PmaxAlpha=1.0
Command failed with return code: 1
Error: WARNING: A restricted method in java.lang.System has been called
WARNING: java.lang.System::load has been called by net.rubygrapefruit.platform.internal.NativeLibraryLoader in an unnamed module (file:/cta/users/ulvi.findik/.gradle/wrapper/dists/gradle-9.2.1-bin/2t0n5ozlw9xmuyvbp7dnzaxug/gradle-9.2.1/lib/native-platform-0.22-milestone-29.jar)
WARNING: Use --enable-native-access=ALL-UNNAMED to avoid a warning for callers in this module
WARNING: Restricted methods will be blocked in a future release unless native access is enabled


FAILURE: Build failed with an exception.

* What went wrong:
Class org.gradle.jvm.toolchain.JvmVendorSpec does not have member field 'org.gradle.jvm.toolchain.JvmVendorSpec IBM_SEMERU'

* Try:
> Run with --stacktrace option to get the stack trace.
> Run with --info or --debug option to get more log output.
> Run with --scan to generate a Build Scan (powered by Develocity).
> Get more help at https://help.gradle.org.

BUILD FAILED in 23s

Starting a Gradle Daemon, 1 incompatible and 22 stopped Daemons could not be reused, use --status for details

Command 45 FAILED (Duration: 24.84s)

[46/240] Starting command 46...
Executing: ./gradlew runGrasp -PinstancePath="instances/density=HIGH_nInventory=20_nHours=5_seed=6.json" -PoutputPath="output/singleThreadGrasp" -PtimeLimit=300 -PsearchMode="FIRST_IMPROVEMENT" -PskipProbability=0 -PlocalSearchMoves="insert,outOfPool,interSwap,shift,transfer,intraSwap" -Pseed=0 -PalphaType="UNIFORM" -PminAlpha=0.1 -PmaxAlpha=0.5
Command failed with return code: 1
Error: WARNING: A restricted method in java.lang.System has been called
WARNING: java.lang.System::load has been called by net.rubygrapefruit.platform.internal.NativeLibraryLoader in an unnamed module (file:/cta/users/ulvi.findik/.gradle/wrapper/dists/gradle-9.2.1-bin/2t0n5ozlw9xmuyvbp7dnzaxug/gradle-9.2.1/lib/native-platform-0.22-milestone-29.jar)
WARNING: Use --enable-native-access=ALL-UNNAMED to avoid a warning for callers in this module
WARNING: Restricted methods will be blocked in a future release unless native access is enabled


FAILURE: Build failed with an exception.

* What went wrong:
Class org.gradle.jvm.toolchain.JvmVendorSpec does not have member field 'org.gradle.jvm.toolchain.JvmVendorSpec IBM_SEMERU'

* Try:
> Run with --stacktrace option to get the stack trace.
> Run with --info or --debug option to get more log output.
> Run with --scan to generate a Build Scan (powered by Develocity).
> Get more help at https://help.gradle.org.

BUILD FAILED in 23s

Starting a Gradle Daemon, 1 busy and 2 incompatible and 27 stopped Daemons could not be reused, use --status for details
Daemon will be stopped at the end of the build after the daemon was no longer found in the daemon registry

Command 46 FAILED (Duration: 24.29s)

[47/240] Starting command 47...
Executing: ./gradlew runGrasp -PinstancePath="instances/density=HIGH_nInventory=20_nHours=5_seed=6.json" -PoutputPath="output/singleThreadGrasp" -PtimeLimit=300 -PsearchMode="FIRST_IMPROVEMENT" -PskipProbability=0.25 -PlocalSearchMoves="insert,outOfPool,interSwap,shift,transfer,intraSwap" -Pseed=0 -PalphaType="UNIFORM" -PminAlpha=0.1 -PmaxAlpha=0.5
Command failed with return code: 1
Error: WARNING: A restricted method in java.lang.System has been called
WARNING: java.lang.System::load has been called by net.rubygrapefruit.platform.internal.NativeLibraryLoader in an unnamed module (file:/cta/users/ulvi.findik/.gradle/wrapper/dists/gradle-9.2.1-bin/2t0n5ozlw9xmuyvbp7dnzaxug/gradle-9.2.1/lib/native-platform-0.22-milestone-29.jar)
WARNING: Use --enable-native-access=ALL-UNNAMED to avoid a warning for callers in this module
WARNING: Restricted methods will be blocked in a future release unless native access is enabled


FAILURE: Build failed with an exception.

* What went wrong:
Class org.gradle.jvm.toolchain.JvmVendorSpec does not have member field 'org.gradle.jvm.toolchain.JvmVendorSpec IBM_SEMERU'

* Try:
> Run with --stacktrace option to get the stack trace.
> Run with --info or --debug option to get more log output.
> Run with --scan to generate a Build Scan (powered by Develocity).
> Get more help at https://help.gradle.org.

BUILD FAILED in 23s

Starting a Gradle Daemon, 2 busy and 2 incompatible and 6 stopped Daemons could not be reused, use --status for details

Command 47 FAILED (Duration: 24.57s)

[48/240] Starting command 48...
Executing: ./gradlew runGrasp -PinstancePath="instances/density=HIGH_nInventory=20_nHours=5_seed=6.json" -PoutputPath="output/singleThreadGrasp" -PtimeLimit=300 -PsearchMode="FIRST_IMPROVEMENT" -PskipProbability=0.5 -PlocalSearchMoves="insert,outOfPool,interSwap,shift,transfer,intraSwap" -Pseed=0 -PalphaType="UNIFORM" -PminAlpha=0.1 -PmaxAlpha=0.5
Command failed with return code: 1
Error: WARNING: A restricted method in java.lang.System has been called
WARNING: java.lang.System::load has been called by net.rubygrapefruit.platform.internal.NativeLibraryLoader in an unnamed module (file:/cta/users/ulvi.findik/.gradle/wrapper/dists/gradle-9.2.1-bin/2t0n5ozlw9xmuyvbp7dnzaxug/gradle-9.2.1/lib/native-platform-0.22-milestone-29.jar)
WARNING: Use --enable-native-access=ALL-UNNAMED to avoid a warning for callers in this module
WARNING: Restricted methods will be blocked in a future release unless native access is enabled


FAILURE: Build failed with an exception.

* What went wrong:
Class org.gradle.jvm.toolchain.JvmVendorSpec does not have member field 'org.gradle.jvm.toolchain.JvmVendorSpec IBM_SEMERU'

* Try:
> Run with --stacktrace option to get the stack trace.
> Run with --info or --debug option to get more log output.
> Run with --scan to generate a Build Scan (powered by Develocity).
> Get more help at https://help.gradle.org.

BUILD FAILED in 23s

Starting a Gradle Daemon, 4 incompatible and 12 stopped Daemons could not be reused, use --status for details

Command 48 FAILED (Duration: 24.74s)

[49/240] Starting command 49...
Executing: ./gradlew runGrasp -PinstancePath="instances/density=LOW_nInventory=15_nHours=4_seed=3.json" -PoutputPath="output/singleThreadGrasp" -PtimeLimit=300 -PsearchMode="BEST_IMPROVEMENT" -PskipProbability=0 -PlocalSearchMoves="insert,outOfPool,interSwap,shift,transfer,intraSwap" -Pseed=0 -PalphaType="FIXED" -Palpha=0.25
Command failed with return code: 1
Error: WARNING: A restricted method in java.lang.System has been called
WARNING: java.lang.System::load has been called by net.rubygrapefruit.platform.internal.NativeLibraryLoader in an unnamed module (file:/cta/users/ulvi.findik/.gradle/wrapper/dists/gradle-9.2.1-bin/2t0n5ozlw9xmuyvbp7dnzaxug/gradle-9.2.1/lib/native-platform-0.22-milestone-29.jar)
WARNING: Use --enable-native-access=ALL-UNNAMED to avoid a warning for callers in this module
WARNING: Restricted methods will be blocked in a future release unless native access is enabled


FAILURE: Build failed with an exception.

* What went wrong:
Class org.gradle.jvm.toolchain.JvmVendorSpec does not have member field 'org.gradle.jvm.toolchain.JvmVendorSpec IBM_SEMERU'

* Try:
> Run with --stacktrace option to get the stack trace.
> Run with --info or --debug option to get more log output.
> Run with --scan to generate a Build Scan (powered by Develocity).
> Get more help at https://help.gradle.org.

BUILD FAILED in 23s

Starting a Gradle Daemon, 18 stopped Daemons could not be reused, use --status for details

Command 49 FAILED (Duration: 24.49s)

[50/240] Starting command 50...
Executing: ./gradlew runGrasp -PinstancePath="instances/density=LOW_nInventory=15_nHours=4_seed=3.json" -PoutputPath="output/singleThreadGrasp" -PtimeLimit=300 -PsearchMode="BEST_IMPROVEMENT" -PskipProbability=0.25 -PlocalSearchMoves="insert,outOfPool,interSwap,shift,transfer,intraSwap" -Pseed=0 -PalphaType="FIXED" -Palpha=0.25
Command failed with return code: 1
Error: WARNING: A restricted method in java.lang.System has been called
WARNING: java.lang.System::load has been called by net.rubygrapefruit.platform.internal.NativeLibraryLoader in an unnamed module (file:/cta/users/ulvi.findik/.gradle/wrapper/dists/gradle-9.2.1-bin/2t0n5ozlw9xmuyvbp7dnzaxug/gradle-9.2.1/lib/native-platform-0.22-milestone-29.jar)
WARNING: Use --enable-native-access=ALL-UNNAMED to avoid a warning for callers in this module
WARNING: Restricted methods will be blocked in a future release unless native access is enabled


FAILURE: Build failed with an exception.

* What went wrong:
Class org.gradle.jvm.toolchain.JvmVendorSpec does not have member field 'org.gradle.jvm.toolchain.JvmVendorSpec IBM_SEMERU'

* Try:
> Run with --stacktrace option to get the stack trace.
> Run with --info or --debug option to get more log output.
> Run with --scan to generate a Build Scan (powered by Develocity).
> Get more help at https://help.gradle.org.

BUILD FAILED in 24s

Starting a Gradle Daemon, 2 incompatible and 24 stopped Daemons could not be reused, use --status for details

Command 50 FAILED (Duration: 25.16s)

[51/240] Starting command 51...
Executing: ./gradlew runGrasp -PinstancePath="instances/density=LOW_nInventory=15_nHours=4_seed=3.json" -PoutputPath="output/singleThreadGrasp" -PtimeLimit=300 -PsearchMode="BEST_IMPROVEMENT" -PskipProbability=0.5 -PlocalSearchMoves="insert,outOfPool,interSwap,shift,transfer,intraSwap" -Pseed=0 -PalphaType="FIXED" -Palpha=0.25
Command failed with return code: 1
Error: WARNING: A restricted method in java.lang.System has been called
WARNING: java.lang.System::load has been called by net.rubygrapefruit.platform.internal.NativeLibraryLoader in an unnamed module (file:/cta/users/ulvi.findik/.gradle/wrapper/dists/gradle-9.2.1-bin/2t0n5ozlw9xmuyvbp7dnzaxug/gradle-9.2.1/lib/native-platform-0.22-milestone-29.jar)
WARNING: Use --enable-native-access=ALL-UNNAMED to avoid a warning for callers in this module
WARNING: Restricted methods will be blocked in a future release unless native access is enabled


FAILURE: Build failed with an exception.

* What went wrong:
Class org.gradle.jvm.toolchain.JvmVendorSpec does not have member field 'org.gradle.jvm.toolchain.JvmVendorSpec IBM_SEMERU'

* Try:
> Run with --stacktrace option to get the stack trace.
> Run with --info or --debug option to get more log output.
> Run with --scan to generate a Build Scan (powered by Develocity).
> Get more help at https://help.gradle.org.

BUILD FAILED in 23s

Starting a Gradle Daemon, 3 incompatible and 30 stopped Daemons could not be reused, use --status for details

Command 51 FAILED (Duration: 24.71s)

[52/240] Starting command 52...
Executing: ./gradlew runGrasp -PinstancePath="instances/density=LOW_nInventory=15_nHours=4_seed=3.json" -PoutputPath="output/singleThreadGrasp" -PtimeLimit=300 -PsearchMode="BEST_IMPROVEMENT" -PskipProbability=0 -PlocalSearchMoves="insert,outOfPool,interSwap,shift,transfer,intraSwap" -Pseed=0 -PalphaType="FIXED" -Palpha=0.5
Command failed with return code: 1
Error: WARNING: A restricted method in java.lang.System has been called
WARNING: java.lang.System::load has been called by net.rubygrapefruit.platform.internal.NativeLibraryLoader in an unnamed module (file:/cta/users/ulvi.findik/.gradle/wrapper/dists/gradle-9.2.1-bin/2t0n5ozlw9xmuyvbp7dnzaxug/gradle-9.2.1/lib/native-platform-0.22-milestone-29.jar)
WARNING: Use --enable-native-access=ALL-UNNAMED to avoid a warning for callers in this module
WARNING: Restricted methods will be blocked in a future release unless native access is enabled


FAILURE: Build failed with an exception.

* What went wrong:
Class org.gradle.jvm.toolchain.JvmVendorSpec does not have member field 'org.gradle.jvm.toolchain.JvmVendorSpec IBM_SEMERU'

* Try:
> Run with --stacktrace option to get the stack trace.
> Run with --info or --debug option to get more log output.
> Run with --scan to generate a Build Scan (powered by Develocity).
> Get more help at https://help.gradle.org.

BUILD FAILED in 24s

Starting a Gradle Daemon, 1 busy and 35 stopped Daemons could not be reused, use --status for details

Command 52 FAILED (Duration: 25.57s)

[53/240] Starting command 53...
Executing: ./gradlew runGrasp -PinstancePath="instances/density=LOW_nInventory=15_nHours=4_seed=3.json" -PoutputPath="output/singleThreadGrasp" -PtimeLimit=300 -PsearchMode="BEST_IMPROVEMENT" -PskipProbability=0.25 -PlocalSearchMoves="insert,outOfPool,interSwap,shift,transfer,intraSwap" -Pseed=0 -PalphaType="FIXED" -Palpha=0.5
Command failed with return code: 1
Error: WARNING: A restricted method in java.lang.System has been called
WARNING: java.lang.System::load has been called by net.rubygrapefruit.platform.internal.NativeLibraryLoader in an unnamed module (file:/cta/users/ulvi.findik/.gradle/wrapper/dists/gradle-9.2.1-bin/2t0n5ozlw9xmuyvbp7dnzaxug/gradle-9.2.1/lib/native-platform-0.22-milestone-29.jar)
WARNING: Use --enable-native-access=ALL-UNNAMED to avoid a warning for callers in this module
WARNING: Restricted methods will be blocked in a future release unless native access is enabled


FAILURE: Build failed with an exception.

* What went wrong:
Could not initialize class org.gradle.toolchains.foojay.DistributionsKt
> Exception java.lang.NoSuchFieldError: Class org.gradle.jvm.toolchain.JvmVendorSpec does not have member field 'org.gradle.jvm.toolchain.JvmVendorSpec IBM_SEMERU' [in thread "Daemon worker"]

* Try:
> Run with --stacktrace option to get the stack trace.
> Run with --info or --debug option to get more log output.
> Run with --scan to generate a Build Scan (powered by Develocity).
> Get more help at https://help.gradle.org.

BUILD FAILED in 5s


Command 53 FAILED (Duration: 5.52s)

[54/240] Starting command 54...
Executing: ./gradlew runGrasp -PinstancePath="instances/density=LOW_nInventory=15_nHours=4_seed=3.json" -PoutputPath="output/singleThreadGrasp" -PtimeLimit=300 -PsearchMode="BEST_IMPROVEMENT" -PskipProbability=0.5 -PlocalSearchMoves="insert,outOfPool,interSwap,shift,transfer,intraSwap" -Pseed=0 -PalphaType="FIXED" -Palpha=0.5
Command failed with return code: 1
Error: WARNING: A restricted method in java.lang.System has been called
WARNING: java.lang.System::load has been called by net.rubygrapefruit.platform.internal.NativeLibraryLoader in an unnamed module (file:/cta/users/ulvi.findik/.gradle/wrapper/dists/gradle-9.2.1-bin/2t0n5ozlw9xmuyvbp7dnzaxug/gradle-9.2.1/lib/native-platform-0.22-milestone-29.jar)
WARNING: Use --enable-native-access=ALL-UNNAMED to avoid a warning for callers in this module
WARNING: Restricted methods will be blocked in a future release unless native access is enabled


FAILURE: Build failed with an exception.

* What went wrong:
Class org.gradle.jvm.toolchain.JvmVendorSpec does not have member field 'org.gradle.jvm.toolchain.JvmVendorSpec IBM_SEMERU'

* Try:
> Run with --stacktrace option to get the stack trace.
> Run with --info or --debug option to get more log output.
> Run with --scan to generate a Build Scan (powered by Develocity).
> Get more help at https://help.gradle.org.

BUILD FAILED in 23s

Starting a Gradle Daemon, 2 busy and 11 stopped Daemons could not be reused, use --status for details

Command 54 FAILED (Duration: 24.73s)

[55/240] Starting command 55...
Executing: ./gradlew runGrasp -PinstancePath="instances/density=LOW_nInventory=15_nHours=4_seed=3.json" -PoutputPath="output/singleThreadGrasp" -PtimeLimit=300 -PsearchMode="BEST_IMPROVEMENT" -PskipProbability=0 -PlocalSearchMoves="insert,outOfPool,interSwap,shift,transfer,intraSwap" -Pseed=0 -PalphaType="UNIFORM" -PminAlpha=0.1 -PmaxAlpha=1.0
Command failed with return code: 1
Error: WARNING: A restricted method in java.lang.System has been called
WARNING: java.lang.System::load has been called by net.rubygrapefruit.platform.internal.NativeLibraryLoader in an unnamed module (file:/cta/users/ulvi.findik/.gradle/wrapper/dists/gradle-9.2.1-bin/2t0n5ozlw9xmuyvbp7dnzaxug/gradle-9.2.1/lib/native-platform-0.22-milestone-29.jar)
WARNING: Use --enable-native-access=ALL-UNNAMED to avoid a warning for callers in this module
WARNING: Restricted methods will be blocked in a future release unless native access is enabled


FAILURE: Build failed with an exception.

* What went wrong:
Could not initialize class org.gradle.toolchains.foojay.DistributionsKt
> Exception java.lang.NoSuchFieldError: Class org.gradle.jvm.toolchain.JvmVendorSpec does not have member field 'org.gradle.jvm.toolchain.JvmVendorSpec IBM_SEMERU' [in thread "Daemon worker"]

* Try:
> Run with --stacktrace option to get the stack trace.
> Run with --info or --debug option to get more log output.
> Run with --scan to generate a Build Scan (powered by Develocity).
> Get more help at https://help.gradle.org.

BUILD FAILED in 4s

Daemon will be stopped at the end of the build after the daemon was no longer found in the daemon registry

Command 55 FAILED (Duration: 5.22s)

[56/240] Starting command 56...
Executing: ./gradlew runGrasp -PinstancePath="instances/density=LOW_nInventory=15_nHours=4_seed=3.json" -PoutputPath="output/singleThreadGrasp" -PtimeLimit=300 -PsearchMode="BEST_IMPROVEMENT" -PskipProbability=0.25 -PlocalSearchMoves="insert,outOfPool,interSwap,shift,transfer,intraSwap" -Pseed=0 -PalphaType="UNIFORM" -PminAlpha=0.1 -PmaxAlpha=1.0
Command failed with return code: 1
Error: WARNING: A restricted method in java.lang.System has been called
WARNING: java.lang.System::load has been called by net.rubygrapefruit.platform.internal.NativeLibraryLoader in an unnamed module (file:/cta/users/ulvi.findik/.gradle/wrapper/dists/gradle-9.2.1-bin/2t0n5ozlw9xmuyvbp7dnzaxug/gradle-9.2.1/lib/native-platform-0.22-milestone-29.jar)
WARNING: Use --enable-native-access=ALL-UNNAMED to avoid a warning for callers in this module
WARNING: Restricted methods will be blocked in a future release unless native access is enabled


FAILURE: Build failed with an exception.

* What went wrong:
Class org.gradle.jvm.toolchain.JvmVendorSpec does not have member field 'org.gradle.jvm.toolchain.JvmVendorSpec IBM_SEMERU'

* Try:
> Run with --stacktrace option to get the stack trace.
> Run with --info or --debug option to get more log output.
> Run with --scan to generate a Build Scan (powered by Develocity).
> Get more help at https://help.gradle.org.

BUILD FAILED in 23s

Starting a Gradle Daemon, 3 busy and 17 stopped Daemons could not be reused, use --status for details

Command 56 FAILED (Duration: 24.60s)

[57/240] Starting command 57...
Executing: ./gradlew runGrasp -PinstancePath="instances/density=LOW_nInventory=15_nHours=4_seed=3.json" -PoutputPath="output/singleThreadGrasp" -PtimeLimit=300 -PsearchMode="BEST_IMPROVEMENT" -PskipProbability=0.5 -PlocalSearchMoves="insert,outOfPool,interSwap,shift,transfer,intraSwap" -Pseed=0 -PalphaType="UNIFORM" -PminAlpha=0.1 -PmaxAlpha=1.0
Command failed with return code: 1
Error: WARNING: A restricted method in java.lang.System has been called
WARNING: java.lang.System::load has been called by net.rubygrapefruit.platform.internal.NativeLibraryLoader in an unnamed module (file:/cta/users/ulvi.findik/.gradle/wrapper/dists/gradle-9.2.1-bin/2t0n5ozlw9xmuyvbp7dnzaxug/gradle-9.2.1/lib/native-platform-0.22-milestone-29.jar)
WARNING: Use --enable-native-access=ALL-UNNAMED to avoid a warning for callers in this module
WARNING: Restricted methods will be blocked in a future release unless native access is enabled


FAILURE: Build failed with an exception.

* What went wrong:
Class org.gradle.jvm.toolchain.JvmVendorSpec does not have member field 'org.gradle.jvm.toolchain.JvmVendorSpec IBM_SEMERU'

* Try:
> Run with --stacktrace option to get the stack trace.
> Run with --info or --debug option to get more log output.
> Run with --scan to generate a Build Scan (powered by Develocity).
> Get more help at https://help.gradle.org.

BUILD FAILED in 24s

Starting a Gradle Daemon, 1 busy and 24 stopped Daemons could not be reused, use --status for details

Command 57 FAILED (Duration: 25.10s)

[58/240] Starting command 58...
Executing: ./gradlew runGrasp -PinstancePath="instances/density=LOW_nInventory=15_nHours=4_seed=3.json" -PoutputPath="output/singleThreadGrasp" -PtimeLimit=300 -PsearchMode="BEST_IMPROVEMENT" -PskipProbability=0 -PlocalSearchMoves="insert,outOfPool,interSwap,shift,transfer,intraSwap" -Pseed=0 -PalphaType="UNIFORM" -PminAlpha=0.1 -PmaxAlpha=0.5
Command failed with return code: 1
Error: WARNING: A restricted method in java.lang.System has been called
WARNING: java.lang.System::load has been called by net.rubygrapefruit.platform.internal.NativeLibraryLoader in an unnamed module (file:/cta/users/ulvi.findik/.gradle/wrapper/dists/gradle-9.2.1-bin/2t0n5ozlw9xmuyvbp7dnzaxug/gradle-9.2.1/lib/native-platform-0.22-milestone-29.jar)
WARNING: Use --enable-native-access=ALL-UNNAMED to avoid a warning for callers in this module
WARNING: Restricted methods will be blocked in a future release unless native access is enabled


FAILURE: Build failed with an exception.

* What went wrong:
Class org.gradle.jvm.toolchain.JvmVendorSpec does not have member field 'org.gradle.jvm.toolchain.JvmVendorSpec IBM_SEMERU'

* Try:
> Run with --stacktrace option to get the stack trace.
> Run with --info or --debug option to get more log output.
> Run with --scan to generate a Build Scan (powered by Develocity).
> Get more help at https://help.gradle.org.

BUILD FAILED in 24s

Starting a Gradle Daemon, 3 busy and 29 stopped Daemons could not be reused, use --status for details

Command 58 FAILED (Duration: 25.35s)

[59/240] Starting command 59...
Executing: ./gradlew runGrasp -PinstancePath="instances/density=LOW_nInventory=15_nHours=4_seed=3.json" -PoutputPath="output/singleThreadGrasp" -PtimeLimit=300 -PsearchMode="BEST_IMPROVEMENT" -PskipProbability=0.25 -PlocalSearchMoves="insert,outOfPool,interSwap,shift,transfer,intraSwap" -Pseed=0 -PalphaType="UNIFORM" -PminAlpha=0.1 -PmaxAlpha=0.5
Command failed with return code: 1
Error: WARNING: A restricted method in java.lang.System has been called
WARNING: java.lang.System::load has been called by net.rubygrapefruit.platform.internal.NativeLibraryLoader in an unnamed module (file:/cta/users/ulvi.findik/.gradle/wrapper/dists/gradle-9.2.1-bin/2t0n5ozlw9xmuyvbp7dnzaxug/gradle-9.2.1/lib/native-platform-0.22-milestone-29.jar)
WARNING: Use --enable-native-access=ALL-UNNAMED to avoid a warning for callers in this module
WARNING: Restricted methods will be blocked in a future release unless native access is enabled


FAILURE: Build failed with an exception.

* What went wrong:
Class org.gradle.jvm.toolchain.JvmVendorSpec does not have member field 'org.gradle.jvm.toolchain.JvmVendorSpec IBM_SEMERU'

* Try:
> Run with --stacktrace option to get the stack trace.
> Run with --info or --debug option to get more log output.
> Run with --scan to generate a Build Scan (powered by Develocity).
> Get more help at https://help.gradle.org.

BUILD FAILED in 23s

Starting a Gradle Daemon, 36 stopped Daemons could not be reused, use --status for details

Command 59 FAILED (Duration: 24.71s)

[60/240] Starting command 60...
Executing: ./gradlew runGrasp -PinstancePath="instances/density=LOW_nInventory=15_nHours=4_seed=3.json" -PoutputPath="output/singleThreadGrasp" -PtimeLimit=300 -PsearchMode="BEST_IMPROVEMENT" -PskipProbability=0.5 -PlocalSearchMoves="insert,outOfPool,interSwap,shift,transfer,intraSwap" -Pseed=0 -PalphaType="UNIFORM" -PminAlpha=0.1 -PmaxAlpha=0.5
Command failed with return code: 1
Error: WARNING: A restricted method in java.lang.System has been called
WARNING: java.lang.System::load has been called by net.rubygrapefruit.platform.internal.NativeLibraryLoader in an unnamed module (file:/cta/users/ulvi.findik/.gradle/wrapper/dists/gradle-9.2.1-bin/2t0n5ozlw9xmuyvbp7dnzaxug/gradle-9.2.1/lib/native-platform-0.22-milestone-29.jar)
WARNING: Use --enable-native-access=ALL-UNNAMED to avoid a warning for callers in this module
WARNING: Restricted methods will be blocked in a future release unless native access is enabled


FAILURE: Build failed with an exception.

* What went wrong:
Could not initialize class org.gradle.toolchains.foojay.DistributionsKt
> Exception java.lang.NoSuchFieldError: Class org.gradle.jvm.toolchain.JvmVendorSpec does not have member field 'org.gradle.jvm.toolchain.JvmVendorSpec IBM_SEMERU' [in thread "Daemon worker"]

* Try:
> Run with --stacktrace option to get the stack trace.
> Run with --info or --debug option to get more log output.
> Run with --scan to generate a Build Scan (powered by Develocity).
> Get more help at https://help.gradle.org.

BUILD FAILED in 5s


Command 60 FAILED (Duration: 6.02s)

[61/240] Starting command 61...
Executing: ./gradlew runGrasp -PinstancePath="instances/density=LOW_nInventory=15_nHours=4_seed=3.json" -PoutputPath="output/singleThreadGrasp" -PtimeLimit=300 -PsearchMode="FIRST_IMPROVEMENT" -PskipProbability=0 -PlocalSearchMoves="insert,outOfPool,interSwap,shift,transfer,intraSwap" -Pseed=0 -PalphaType="FIXED" -Palpha=0.25
Command failed with return code: 1
Error: WARNING: A restricted method in java.lang.System has been called
WARNING: java.lang.System::load has been called by net.rubygrapefruit.platform.internal.NativeLibraryLoader in an unnamed module (file:/cta/users/ulvi.findik/.gradle/wrapper/dists/gradle-9.2.1-bin/2t0n5ozlw9xmuyvbp7dnzaxug/gradle-9.2.1/lib/native-platform-0.22-milestone-29.jar)
WARNING: Use --enable-native-access=ALL-UNNAMED to avoid a warning for callers in this module
WARNING: Restricted methods will be blocked in a future release unless native access is enabled


FAILURE: Build failed with an exception.

* What went wrong:
Class org.gradle.jvm.toolchain.JvmVendorSpec does not have member field 'org.gradle.jvm.toolchain.JvmVendorSpec IBM_SEMERU'

* Try:
> Run with --stacktrace option to get the stack trace.
> Run with --info or --debug option to get more log output.
> Run with --scan to generate a Build Scan (powered by Develocity).
> Get more help at https://help.gradle.org.

BUILD FAILED in 24s

Starting a Gradle Daemon, 2 busy and 1 incompatible and 11 stopped Daemons could not be reused, use --status for details
Daemon will be stopped at the end of the build after the daemon was no longer found in the daemon registry

Command 61 FAILED (Duration: 24.95s)

[62/240] Starting command 62...
Executing: ./gradlew runGrasp -PinstancePath="instances/density=LOW_nInventory=15_nHours=4_seed=3.json" -PoutputPath="output/singleThreadGrasp" -PtimeLimit=300 -PsearchMode="FIRST_IMPROVEMENT" -PskipProbability=0.25 -PlocalSearchMoves="insert,outOfPool,interSwap,shift,transfer,intraSwap" -Pseed=0 -PalphaType="FIXED" -Palpha=0.25
Command failed with return code: 1
Error: WARNING: A restricted method in java.lang.System has been called
WARNING: java.lang.System::load has been called by net.rubygrapefruit.platform.internal.NativeLibraryLoader in an unnamed module (file:/cta/users/ulvi.findik/.gradle/wrapper/dists/gradle-9.2.1-bin/2t0n5ozlw9xmuyvbp7dnzaxug/gradle-9.2.1/lib/native-platform-0.22-milestone-29.jar)
WARNING: Use --enable-native-access=ALL-UNNAMED to avoid a warning for callers in this module
WARNING: Restricted methods will be blocked in a future release unless native access is enabled


FAILURE: Build failed with an exception.

* What went wrong:
Class org.gradle.jvm.toolchain.JvmVendorSpec does not have member field 'org.gradle.jvm.toolchain.JvmVendorSpec IBM_SEMERU'

* Try:
> Run with --stacktrace option to get the stack trace.
> Run with --info or --debug option to get more log output.
> Run with --scan to generate a Build Scan (powered by Develocity).
> Get more help at https://help.gradle.org.

BUILD FAILED in 23s

Starting a Gradle Daemon, 1 busy and 1 incompatible and 9 stopped Daemons could not be reused, use --status for details

Command 62 FAILED (Duration: 24.40s)

[63/240] Starting command 63...
Executing: ./gradlew runGrasp -PinstancePath="instances/density=LOW_nInventory=15_nHours=4_seed=3.json" -PoutputPath="output/singleThreadGrasp" -PtimeLimit=300 -PsearchMode="FIRST_IMPROVEMENT" -PskipProbability=0.5 -PlocalSearchMoves="insert,outOfPool,interSwap,shift,transfer,intraSwap" -Pseed=0 -PalphaType="FIXED" -Palpha=0.25
Command failed with return code: 1
Error: WARNING: A restricted method in java.lang.System has been called
WARNING: java.lang.System::load has been called by net.rubygrapefruit.platform.internal.NativeLibraryLoader in an unnamed module (file:/cta/users/ulvi.findik/.gradle/wrapper/dists/gradle-9.2.1-bin/2t0n5ozlw9xmuyvbp7dnzaxug/gradle-9.2.1/lib/native-platform-0.22-milestone-29.jar)
WARNING: Use --enable-native-access=ALL-UNNAMED to avoid a warning for callers in this module
WARNING: Restricted methods will be blocked in a future release unless native access is enabled


FAILURE: Build failed with an exception.

* What went wrong:
Class org.gradle.jvm.toolchain.JvmVendorSpec does not have member field 'org.gradle.jvm.toolchain.JvmVendorSpec IBM_SEMERU'

* Try:
> Run with --stacktrace option to get the stack trace.
> Run with --info or --debug option to get more log output.
> Run with --scan to generate a Build Scan (powered by Develocity).
> Get more help at https://help.gradle.org.

BUILD FAILED in 24s

Starting a Gradle Daemon, 15 stopped Daemons could not be reused, use --status for details

Command 63 FAILED (Duration: 24.96s)

[64/240] Starting command 64...
Executing: ./gradlew runGrasp -PinstancePath="instances/density=LOW_nInventory=15_nHours=4_seed=3.json" -PoutputPath="output/singleThreadGrasp" -PtimeLimit=300 -PsearchMode="FIRST_IMPROVEMENT" -PskipProbability=0 -PlocalSearchMoves="insert,outOfPool,interSwap,shift,transfer,intraSwap" -Pseed=0 -PalphaType="FIXED" -Palpha=0.5
Command failed with return code: 1
Error: WARNING: A restricted method in java.lang.System has been called
WARNING: java.lang.System::load has been called by net.rubygrapefruit.platform.internal.NativeLibraryLoader in an unnamed module (file:/cta/users/ulvi.findik/.gradle/wrapper/dists/gradle-9.2.1-bin/2t0n5ozlw9xmuyvbp7dnzaxug/gradle-9.2.1/lib/native-platform-0.22-milestone-29.jar)
WARNING: Use --enable-native-access=ALL-UNNAMED to avoid a warning for callers in this module
WARNING: Restricted methods will be blocked in a future release unless native access is enabled


FAILURE: Build failed with an exception.

* What went wrong:
Class org.gradle.jvm.toolchain.JvmVendorSpec does not have member field 'org.gradle.jvm.toolchain.JvmVendorSpec IBM_SEMERU'

* Try:
> Run with --stacktrace option to get the stack trace.
> Run with --info or --debug option to get more log output.
> Run with --scan to generate a Build Scan (powered by Develocity).
> Get more help at https://help.gradle.org.

BUILD FAILED in 24s

Starting a Gradle Daemon, 1 busy and 21 stopped Daemons could not be reused, use --status for details

Command 64 FAILED (Duration: 24.94s)

[65/240] Starting command 65...
Executing: ./gradlew runGrasp -PinstancePath="instances/density=LOW_nInventory=15_nHours=4_seed=3.json" -PoutputPath="output/singleThreadGrasp" -PtimeLimit=300 -PsearchMode="FIRST_IMPROVEMENT" -PskipProbability=0.25 -PlocalSearchMoves="insert,outOfPool,interSwap,shift,transfer,intraSwap" -Pseed=0 -PalphaType="FIXED" -Palpha=0.5
Command failed with return code: 1
Error: WARNING: A restricted method in java.lang.System has been called
WARNING: java.lang.System::load has been called by net.rubygrapefruit.platform.internal.NativeLibraryLoader in an unnamed module (file:/cta/users/ulvi.findik/.gradle/wrapper/dists/gradle-9.2.1-bin/2t0n5ozlw9xmuyvbp7dnzaxug/gradle-9.2.1/lib/native-platform-0.22-milestone-29.jar)
WARNING: Use --enable-native-access=ALL-UNNAMED to avoid a warning for callers in this module
WARNING: Restricted methods will be blocked in a future release unless native access is enabled


FAILURE: Build failed with an exception.

* What went wrong:
Class org.gradle.jvm.toolchain.JvmVendorSpec does not have member field 'org.gradle.jvm.toolchain.JvmVendorSpec IBM_SEMERU'

* Try:
> Run with --stacktrace option to get the stack trace.
> Run with --info or --debug option to get more log output.
> Run with --scan to generate a Build Scan (powered by Develocity).
> Get more help at https://help.gradle.org.

BUILD FAILED in 23s

Starting a Gradle Daemon, 27 stopped Daemons could not be reused, use --status for details

Command 65 FAILED (Duration: 24.68s)

[66/240] Starting command 66...
Executing: ./gradlew runGrasp -PinstancePath="instances/density=LOW_nInventory=15_nHours=4_seed=3.json" -PoutputPath="output/singleThreadGrasp" -PtimeLimit=300 -PsearchMode="FIRST_IMPROVEMENT" -PskipProbability=0.5 -PlocalSearchMoves="insert,outOfPool,interSwap,shift,transfer,intraSwap" -Pseed=0 -PalphaType="FIXED" -Palpha=0.5
Command failed with return code: 1
Error: WARNING: A restricted method in java.lang.System has been called
WARNING: java.lang.System::load has been called by net.rubygrapefruit.platform.internal.NativeLibraryLoader in an unnamed module (file:/cta/users/ulvi.findik/.gradle/wrapper/dists/gradle-9.2.1-bin/2t0n5ozlw9xmuyvbp7dnzaxug/gradle-9.2.1/lib/native-platform-0.22-milestone-29.jar)
WARNING: Use --enable-native-access=ALL-UNNAMED to avoid a warning for callers in this module
WARNING: Restricted methods will be blocked in a future release unless native access is enabled


FAILURE: Build failed with an exception.

* What went wrong:
Could not initialize class org.gradle.toolchains.foojay.DistributionsKt
> Exception java.lang.NoSuchFieldError: Class org.gradle.jvm.toolchain.JvmVendorSpec does not have member field 'org.gradle.jvm.toolchain.JvmVendorSpec IBM_SEMERU' [in thread "Daemon worker"]

* Try:
> Run with --stacktrace option to get the stack trace.
> Run with --info or --debug option to get more log output.
> Run with --scan to generate a Build Scan (powered by Develocity).
> Get more help at https://help.gradle.org.

BUILD FAILED in 5s


Command 66 FAILED (Duration: 5.48s)

[67/240] Starting command 67...
Executing: ./gradlew runGrasp -PinstancePath="instances/density=LOW_nInventory=15_nHours=4_seed=3.json" -PoutputPath="output/singleThreadGrasp" -PtimeLimit=300 -PsearchMode="FIRST_IMPROVEMENT" -PskipProbability=0 -PlocalSearchMoves="insert,outOfPool,interSwap,shift,transfer,intraSwap" -Pseed=0 -PalphaType="UNIFORM" -PminAlpha=0.1 -PmaxAlpha=1.0
Command failed with return code: 1
Error: WARNING: A restricted method in java.lang.System has been called
WARNING: java.lang.System::load has been called by net.rubygrapefruit.platform.internal.NativeLibraryLoader in an unnamed module (file:/cta/users/ulvi.findik/.gradle/wrapper/dists/gradle-9.2.1-bin/2t0n5ozlw9xmuyvbp7dnzaxug/gradle-9.2.1/lib/native-platform-0.22-milestone-29.jar)
WARNING: Use --enable-native-access=ALL-UNNAMED to avoid a warning for callers in this module
WARNING: Restricted methods will be blocked in a future release unless native access is enabled


FAILURE: Build failed with an exception.

* What went wrong:
Class org.gradle.jvm.toolchain.JvmVendorSpec does not have member field 'org.gradle.jvm.toolchain.JvmVendorSpec IBM_SEMERU'

* Try:
> Run with --stacktrace option to get the stack trace.
> Run with --info or --debug option to get more log output.
> Run with --scan to generate a Build Scan (powered by Develocity).
> Get more help at https://help.gradle.org.

BUILD FAILED in 23s

Starting a Gradle Daemon, 2 busy and 1 incompatible and 33 stopped Daemons could not be reused, use --status for details
Daemon will be stopped at the end of the build after the daemon was no longer found in the daemon registry

Command 67 FAILED (Duration: 24.51s)

[68/240] Starting command 68...
Executing: ./gradlew runGrasp -PinstancePath="instances/density=LOW_nInventory=15_nHours=4_seed=3.json" -PoutputPath="output/singleThreadGrasp" -PtimeLimit=300 -PsearchMode="FIRST_IMPROVEMENT" -PskipProbability=0.25 -PlocalSearchMoves="insert,outOfPool,interSwap,shift,transfer,intraSwap" -Pseed=0 -PalphaType="UNIFORM" -PminAlpha=0.1 -PmaxAlpha=1.0
Command failed with return code: 1
Error: WARNING: A restricted method in java.lang.System has been called
WARNING: java.lang.System::load has been called by net.rubygrapefruit.platform.internal.NativeLibraryLoader in an unnamed module (file:/cta/users/ulvi.findik/.gradle/wrapper/dists/gradle-9.2.1-bin/2t0n5ozlw9xmuyvbp7dnzaxug/gradle-9.2.1/lib/native-platform-0.22-milestone-29.jar)
WARNING: Use --enable-native-access=ALL-UNNAMED to avoid a warning for callers in this module
WARNING: Restricted methods will be blocked in a future release unless native access is enabled


FAILURE: Build failed with an exception.

* What went wrong:
Class org.gradle.jvm.toolchain.JvmVendorSpec does not have member field 'org.gradle.jvm.toolchain.JvmVendorSpec IBM_SEMERU'

* Try:
> Run with --stacktrace option to get the stack trace.
> Run with --info or --debug option to get more log output.
> Run with --scan to generate a Build Scan (powered by Develocity).
> Get more help at https://help.gradle.org.

BUILD FAILED in 23s

Starting a Gradle Daemon, 3 busy and 7 stopped Daemons could not be reused, use --status for details

Command 68 FAILED (Duration: 24.79s)

[69/240] Starting command 69...
Executing: ./gradlew runGrasp -PinstancePath="instances/density=LOW_nInventory=15_nHours=4_seed=3.json" -PoutputPath="output/singleThreadGrasp" -PtimeLimit=300 -PsearchMode="FIRST_IMPROVEMENT" -PskipProbability=0.5 -PlocalSearchMoves="insert,outOfPool,interSwap,shift,transfer,intraSwap" -Pseed=0 -PalphaType="UNIFORM" -PminAlpha=0.1 -PmaxAlpha=1.0
Command failed with return code: 1
